#
# There is insufficient memory for the Java Runtime Environment to continue.
# Native memory allocation (malloc) failed to allocate 32784 bytes for Chunk::new
# Possible reasons:
#   The system is out of physical RAM or swap space
#   In 32 bit mode, the process size limit was hit
# Possible solutions:
#   Reduce memory load on the system
#   Increase physical memory or swap space
#   Check if swap backing store is full
#   Use 64 bit Java on a 64 bit OS
#   Decrease Java heap size (-Xmx/-Xms)
#   Decrease number of Java threads
#   Decrease Java thread stack sizes (-Xss)
#   Set larger code cache with -XX:ReservedCodeCacheSize=
# This output file may be truncated or incomplete.
#
#  Out of Memory Error (allocation.cpp:390), pid=5412, tid=0x000000000000284c
#
# JRE version: Java(TM) SE Runtime Environment (8.0_92-b14) (build 1.8.0_92-b14)
# Java VM: Java HotSpot(TM) 64-Bit Server VM (25.92-b14 mixed mode windows-amd64 compressed oops)
# Failed to write core dump. Minidumps are not enabled by default on client versions of Windows
#

---------------  T H R E A D  ---------------

Current thread (0x00000000172a6000):  JavaThread "C2 CompilerThread0" daemon [_thread_in_native, id=10316, stack(0x0000000017920000,0x0000000017a20000)]

Stack: [0x0000000017920000,0x0000000017a20000]
[error occurred during error reporting (printing stack bounds), id 0xc0000005]

Native frames: (J=compiled Java code, j=interpreted, Vv=VM code, C=native code)


Current CompileTask:
C2: 241631 11750       4       org.gradle.messaging.dispatch.ProxyDispatchAdapter$DispatchingInvocationHandler::invoke (179 bytes)


---------------  P R O C E S S  ---------------

Java Threads: ( => current thread )
  0x000000001ec08800 JavaThread "Run command 'C:\Program Files\Java\jdk1.8.0_92\bin\java.exe'" [_thread_blocked, id=10536, stack(0x0000000031570000,0x0000000031670000)]
  0x000000001ec0d800 JavaThread "Forward streams with process: command 'C:\Program Files\Java\jdk1.8.0_92\bin\java.exe' Thread 3" [_thread_blocked, id=12352, stack(0x0000000030b70000,0x0000000030c70000)]
  0x000000001ec07000 JavaThread "Forward streams with process: command 'C:\Program Files\Java\jdk1.8.0_92\bin\java.exe' Thread 2" [_thread_blocked, id=8908, stack(0x0000000030a70000,0x0000000030b70000)]
  0x000000001ec0d000 JavaThread "Forward streams with process: command 'C:\Program Files\Java\jdk1.8.0_92\bin\java.exe'" [_thread_blocked, id=12056, stack(0x0000000030970000,0x0000000030a70000)]
  0x000000001ec0c000 JavaThread "Run command 'C:\Program Files\Java\jdk1.8.0_92\bin\java.exe'" [_thread_blocked, id=1852, stack(0x0000000030370000,0x0000000030470000)]
  0x000000001ec0f000 JavaThread "Forward streams with process: command 'C:\Program Files\Java\jdk1.8.0_92\bin\java.exe' Thread 3" [_thread_in_native, id=13228, stack(0x000000002f170000,0x000000002f270000)]
  0x000000001ec07800 JavaThread "Forward streams with process: command 'C:\Program Files\Java\jdk1.8.0_92\bin\java.exe' Thread 2" [_thread_in_native, id=13224, stack(0x000000002f070000,0x000000002f170000)]
  0x000000001ec0e800 JavaThread "Forward streams with process: command 'C:\Program Files\Java\jdk1.8.0_92\bin\java.exe'" [_thread_blocked, id=13220, stack(0x000000002ef70000,0x000000002f070000)]
  0x000000001d242800 JavaThread "Run command 'C:\Program Files\Java\jdk1.8.0_92\bin\java.exe'" [_thread_in_native, id=13088, stack(0x000000002de70000,0x000000002df70000)]
  0x000000001d0ed000 JavaThread "pool-3-thread-3" [_thread_blocked, id=12816, stack(0x000000002c970000,0x000000002ca70000)]
  0x000000001d0ee800 JavaThread "pool-3-thread-1" [_thread_blocked, id=12812, stack(0x000000002c870000,0x000000002c970000)]
  0x000000001d0f1000 JavaThread "pool-3-thread-4" [_thread_blocked, id=12808, stack(0x000000002c770000,0x000000002c870000)]
  0x000000001d0f4000 JavaThread "pool-3-thread-2" [_thread_blocked, id=12804, stack(0x000000002c670000,0x000000002c770000)]
  0x000000001d249800 JavaThread "pool-2-thread-8" [_thread_blocked, id=12060, stack(0x0000000027f70000,0x0000000028070000)]
  0x000000001d248000 JavaThread "pool-2-thread-4" [_thread_blocked, id=5008, stack(0x0000000027b70000,0x0000000027c70000)]
  0x000000001d240800 JavaThread "pool-2-thread-3" [_thread_blocked, id=10344, stack(0x0000000027a70000,0x0000000027b70000)]
  0x000000001d23e000 JavaThread "Daemon worker Thread 2" [_thread_blocked, id=8756, stack(0x0000000027670000,0x0000000027770000)]
  0x000000001d242000 JavaThread "Cancel handler" [_thread_blocked, id=2320, stack(0x0000000027570000,0x0000000027670000)]
  0x000000001d23d800 JavaThread "Handler for socket connection from /127.0.0.1:60567 to /127.0.0.1:60809" [_thread_in_native, id=10084, stack(0x0000000027470000,0x0000000027570000)]
  0x000000001d23f000 JavaThread "Daemon Thread 2" [_thread_blocked, id=7420, stack(0x0000000027370000,0x0000000027470000)]
  0x000000001d0f2800 JavaThread "File lock request listener" [_thread_in_native, id=8156, stack(0x0000000020530000,0x0000000020630000)]
  0x0000000018e2d800 JavaThread "Incoming local TCP Connector on port 60567" [_thread_in_native, id=6860, stack(0x0000000018720000,0x0000000018820000)]
  0x0000000017350000 JavaThread "Service Thread" daemon [_thread_blocked, id=12116, stack(0x0000000017d20000,0x0000000017e20000)]
  0x00000000172b9000 JavaThread "C1 CompilerThread3" daemon [_thread_in_native, id=4732, stack(0x0000000017c20000,0x0000000017d20000)]
  0x00000000172ab000 JavaThread "C2 CompilerThread2" daemon [_thread_in_native, id=4480, stack(0x0000000017b20000,0x0000000017c20000)]
  0x00000000172a8800 JavaThread "C2 CompilerThread1" daemon [_thread_in_native, id=11100, stack(0x0000000017a20000,0x0000000017b20000)]
=>0x00000000172a6000 JavaThread "C2 CompilerThread0" daemon [_thread_in_native, id=10316, stack(0x0000000017920000,0x0000000017a20000)]
  0x00000000172a4800 JavaThread "Attach Listener" daemon [_thread_blocked, id=8524, stack(0x0000000017820000,0x0000000017920000)]
  0x0000000017259000 JavaThread "Signal Dispatcher" daemon [_thread_blocked, id=5836, stack(0x0000000017720000,0x0000000017820000)]
  0x0000000017240800 JavaThread "Finalizer" daemon [_thread_blocked, id=2500, stack(0x0000000017620000,0x0000000017720000)]
  0x000000001533d800 JavaThread "Reference Handler" daemon [_thread_blocked, id=11220, stack(0x0000000017120000,0x0000000017220000)]
  0x0000000002722800 JavaThread "main" [_thread_blocked, id=8260, stack(0x0000000002620000,0x0000000002720000)]

Other Threads:
  0x0000000015338800 VMThread [stack: 0x0000000017020000,0x0000000017120000] [id=8760]
  0x00000000173b1000 WatcherThread [stack: 0x0000000017e20000,0x0000000017f20000] [id=8892]

VM state:at safepoint (normal execution)

VM Mutex/Monitor currently owned by a thread:  ([mutex/lock_event])
[0x00000000021de2b0] Threads_lock - owner thread: 0x0000000015338800
[0x00000000021dd930] Heap_lock - owner thread: 0x000000001d23e000

Heap:
 PSYoungGen      total 304128K, used 12956K [0x00000000eab00000, 0x00000000ffa00000, 0x0000000100000000)
  eden space 268288K, 0% used [0x00000000eab00000,0x00000000eab00000,0x00000000fb100000)
  from space 35840K, 36% used [0x00000000fd700000,0x00000000fe3a7198,0x00000000ffa00000)
  to   space 37376K, 0% used [0x00000000fb100000,0x00000000fb100000,0x00000000fd580000)
 ParOldGen       total 138240K, used 34319K [0x00000000c0000000, 0x00000000c8700000, 0x00000000eab00000)
  object space 138240K, 24% used [0x00000000c0000000,0x00000000c2183d38,0x00000000c8700000)
 Metaspace       used 56319K, capacity 57792K, committed 58112K, reserved 1099776K
  class space    used 7454K, capacity 7846K, committed 7936K, reserved 1048576K

Card table byte_map: [0x0000000011be0000,0x0000000011df0000] byte_map_base: 0x00000000115e0000

Marking Bits: (ParMarkBitMap*) 0x000000005c2864f0
 Begin Bits: [0x0000000012750000, 0x0000000013750000)
 End Bits:   [0x0000000013750000, 0x0000000014750000)

Polling page: 0x0000000000990000

CodeCache: size=245760Kb used=33786Kb max_used=35403Kb free=211973Kb
 bounds [0x0000000002820000, 0x0000000004af0000, 0x0000000011820000]
 total_blobs=10216 nmethods=9487 adapters=640
 compilation: enabled

Compilation events (10 events):
Event: 241.445 Thread 0x00000000172a8800 11768       4       java.util.Arrays::copyOf (13 bytes)
Event: 241.446 Thread 0x00000000172b9000 11767       3       org.gradle.logging.internal.ProgressLogEventGenerator::doOutput (52 bytes)
Event: 241.446 Thread 0x00000000172b9000 nmethod 11767 0x00000000044d0dd0 code [0x00000000044d0fa0, 0x00000000044d1698]
Event: 241.448 Thread 0x00000000172a8800 nmethod 11768 0x000000000446e990 code [0x000000000446eac0, 0x000000000446ec58]
Event: 241.448 Thread 0x00000000172b9000 11769       3       org.gradle.logging.internal.AbstractStyledTextOutput::println (13 bytes)
Event: 241.449 Thread 0x00000000172b9000 nmethod 11769 0x0000000002edf090 code [0x0000000002edf260, 0x0000000002edf9b8]
Event: 241.450 Thread 0x00000000172b9000 11770       3       java.text.DecimalFormat::subformat (1238 bytes)
Event: 241.461 Thread 0x00000000172a8800 11771       4       java.io.File::delete (33 bytes)
Event: 241.470 Thread 0x00000000172a8800 nmethod 11771 0x0000000003cc8750 code [0x0000000003cc88e0, 0x0000000003cc9108]
Event: 241.471 Thread 0x00000000172a8800 11773   !   4       sun.nio.cs.ext.DoubleByte$Encoder::encodeArrayLoop (409 bytes)

GC Heap History (10 events):
Event: 29.240 GC heap before
{Heap before GC invocations=14 (full 2):
 PSYoungGen      total 200704K, used 198879K [0x00000000eab00000, 0x00000000fbb80000, 0x0000000100000000)
  eden space 175616K, 100% used [0x00000000eab00000,0x00000000f5680000,0x00000000f5680000)
  from space 25088K, 92% used [0x00000000f5680000,0x00000000f6d37f58,0x00000000f6f00000)
  to   space 27648K, 0% used [0x00000000fa080000,0x00000000fa080000,0x00000000fbb80000)
 ParOldGen       total 138240K, used 33524K [0x00000000c0000000, 0x00000000c8700000, 0x00000000eab00000)
  object space 138240K, 24% used [0x00000000c0000000,0x00000000c20bd3a0,0x00000000c8700000)
 Metaspace       used 47625K, capacity 48588K, committed 48768K, reserved 1091584K
  class space    used 6465K, capacity 6724K, committed 6784K, reserved 1048576K
Event: 29.262 GC heap after
Heap after GC invocations=14 (full 2):
 PSYoungGen      total 248832K, used 24513K [0x00000000eab00000, 0x00000000fbe00000, 0x0000000100000000)
  eden space 221184K, 0% used [0x00000000eab00000,0x00000000eab00000,0x00000000f8300000)
  from space 27648K, 88% used [0x00000000fa080000,0x00000000fb8705d0,0x00000000fbb80000)
  to   space 30208K, 0% used [0x00000000f8300000,0x00000000f8300000,0x00000000fa080000)
 ParOldGen       total 138240K, used 33532K [0x00000000c0000000, 0x00000000c8700000, 0x00000000eab00000)
  object space 138240K, 24% used [0x00000000c0000000,0x00000000c20bf3a0,0x00000000c8700000)
 Metaspace       used 47625K, capacity 48588K, committed 48768K, reserved 1091584K
  class space    used 6465K, capacity 6724K, committed 6784K, reserved 1048576K
}
Event: 34.038 GC heap before
{Heap before GC invocations=15 (full 2):
 PSYoungGen      total 248832K, used 245697K [0x00000000eab00000, 0x00000000fbe00000, 0x0000000100000000)
  eden space 221184K, 100% used [0x00000000eab00000,0x00000000f8300000,0x00000000f8300000)
  from space 27648K, 88% used [0x00000000fa080000,0x00000000fb8705d0,0x00000000fbb80000)
  to   space 30208K, 0% used [0x00000000f8300000,0x00000000f8300000,0x00000000fa080000)
 ParOldGen       total 138240K, used 33532K [0x00000000c0000000, 0x00000000c8700000, 0x00000000eab00000)
  object space 138240K, 24% used [0x00000000c0000000,0x00000000c20bf3a0,0x00000000c8700000)
 Metaspace       used 48780K, capacity 49746K, committed 49920K, reserved 1091584K
  class space    used 6584K, capacity 6853K, committed 6912K, reserved 1048576K
Event: 34.074 GC heap after
Heap after GC invocations=15 (full 2):
 PSYoungGen      total 251392K, used 30199K [0x00000000eab00000, 0x0000000100000000, 0x0000000100000000)
  eden space 221184K, 0% used [0x00000000eab00000,0x00000000eab00000,0x00000000f8300000)
  from space 30208K, 99% used [0x00000000f8300000,0x00000000fa07dec0,0x00000000fa080000)
  to   space 41472K, 0% used [0x00000000fd780000,0x00000000fd780000,0x0000000100000000)
 ParOldGen       total 138240K, used 52384K [0x00000000c0000000, 0x00000000c8700000, 0x00000000eab00000)
  object space 138240K, 37% used [0x00000000c0000000,0x00000000c33281e0,0x00000000c8700000)
 Metaspace       used 48780K, capacity 49746K, committed 49920K, reserved 1091584K
  class space    used 6584K, capacity 6853K, committed 6912K, reserved 1048576K
}
Event: 36.849 GC heap before
{Heap before GC invocations=16 (full 2):
 PSYoungGen      total 251392K, used 90447K [0x00000000eab00000, 0x0000000100000000, 0x0000000100000000)
  eden space 221184K, 27% used [0x00000000eab00000,0x00000000ee5d5ea0,0x00000000f8300000)
  from space 30208K, 99% used [0x00000000f8300000,0x00000000fa07dec0,0x00000000fa080000)
  to   space 41472K, 0% used [0x00000000fd780000,0x00000000fd780000,0x0000000100000000)
 ParOldGen       total 138240K, used 52384K [0x00000000c0000000, 0x00000000c8700000, 0x00000000eab00000)
  object space 138240K, 37% used [0x00000000c0000000,0x00000000c33281e0,0x00000000c8700000)
 Metaspace       used 49150K, capacity 50150K, committed 50432K, reserved 1093632K
  class space    used 6623K, capacity 6867K, committed 6912K, reserved 1048576K
Event: 36.864 GC heap after
Heap after GC invocations=16 (full 2):
 PSYoungGen      total 309760K, used 16498K [0x00000000eab00000, 0x0000000100000000, 0x0000000100000000)
  eden space 268288K, 0% used [0x00000000eab00000,0x00000000eab00000,0x00000000fb100000)
  from space 41472K, 39% used [0x00000000fd780000,0x00000000fe79ca80,0x0000000100000000)
  to   space 39424K, 0% used [0x00000000fb100000,0x00000000fb100000,0x00000000fd780000)
 ParOldGen       total 138240K, used 60420K [0x00000000c0000000, 0x00000000c8700000, 0x00000000eab00000)
  object space 138240K, 43% used [0x00000000c0000000,0x00000000c3b01148,0x00000000c8700000)
 Metaspace       used 49150K, capacity 50150K, committed 50432K, reserved 1093632K
  class space    used 6623K, capacity 6867K, committed 6912K, reserved 1048576K
}
Event: 36.864 GC heap before
{Heap before GC invocations=17 (full 3):
 PSYoungGen      total 309760K, used 16498K [0x00000000eab00000, 0x0000000100000000, 0x0000000100000000)
  eden space 268288K, 0% used [0x00000000eab00000,0x00000000eab00000,0x00000000fb100000)
  from space 41472K, 39% used [0x00000000fd780000,0x00000000fe79ca80,0x0000000100000000)
  to   space 39424K, 0% used [0x00000000fb100000,0x00000000fb100000,0x00000000fd780000)
 ParOldGen       total 138240K, used 60420K [0x00000000c0000000, 0x00000000c8700000, 0x00000000eab00000)
  object space 138240K, 43% used [0x00000000c0000000,0x00000000c3b01148,0x00000000c8700000)
 Metaspace       used 49150K, capacity 50150K, committed 50432K, reserved 1093632K
  class space    used 6623K, capacity 6867K, committed 6912K, reserved 1048576K
Event: 37.102 GC heap after
Heap after GC invocations=17 (full 3):
 PSYoungGen      total 309760K, used 0K [0x00000000eab00000, 0x0000000100000000, 0x0000000100000000)
  eden space 268288K, 0% used [0x00000000eab00000,0x00000000eab00000,0x00000000fb100000)
  from space 41472K, 0% used [0x00000000fd780000,0x00000000fd780000,0x0000000100000000)
  to   space 39424K, 0% used [0x00000000fb100000,0x00000000fb100000,0x00000000fd780000)
 ParOldGen       total 138240K, used 34303K [0x00000000c0000000, 0x00000000c8700000, 0x00000000eab00000)
  object space 138240K, 24% used [0x00000000c0000000,0x00000000c217fd38,0x00000000c8700000)
 Metaspace       used 49150K, capacity 50150K, committed 50432K, reserved 1093632K
  class space    used 6623K, capacity 6867K, committed 6912K, reserved 1048576K
}
Event: 232.121 GC heap before
{Heap before GC invocations=18 (full 3):
 PSYoungGen      total 309760K, used 268288K [0x00000000eab00000, 0x0000000100000000, 0x0000000100000000)
  eden space 268288K, 100% used [0x00000000eab00000,0x00000000fb100000,0x00000000fb100000)
  from space 41472K, 0% used [0x00000000fd780000,0x00000000fd780000,0x0000000100000000)
  to   space 39424K, 0% used [0x00000000fb100000,0x00000000fb100000,0x00000000fd780000)
 ParOldGen       total 138240K, used 34303K [0x00000000c0000000, 0x00000000c8700000, 0x00000000eab00000)
  object space 138240K, 24% used [0x00000000c0000000,0x00000000c217fd38,0x00000000c8700000)
 Metaspace       used 50038K, capacity 51354K, committed 51712K, reserved 1093632K
  class space    used 6723K, capacity 7047K, committed 7168K, reserved 1048576K
Event: 232.136 GC heap after
Heap after GC invocations=18 (full 3):
 PSYoungGen      total 276480K, used 8112K [0x00000000eab00000, 0x00000000ffd00000, 0x0000000100000000)
  eden space 268288K, 0% used [0x00000000eab00000,0x00000000eab00000,0x00000000fb100000)
  from space 8192K, 99% used [0x00000000fb100000,0x00000000fb8ec010,0x00000000fb900000)
  to   space 38912K, 0% used [0x00000000fd700000,0x00000000fd700000,0x00000000ffd00000)
 ParOldGen       total 138240K, used 34311K [0x00000000c0000000, 0x00000000c8700000, 0x00000000eab00000)
  object space 138240K, 24% used [0x00000000c0000000,0x00000000c2181d38,0x00000000c8700000)
 Metaspace       used 50038K, capacity 51354K, committed 51712K, reserved 1093632K
  class space    used 6723K, capacity 7047K, committed 7168K, reserved 1048576K
}

Deoptimization events (10 events):
Event: 241.422 Thread 0x000000001d0ee800 Uncommon trap: reason=class_check action=maybe_recompile pc=0x0000000002a4acec method=com.google.gson.stream.JsonWriter.open(ILjava/lang/String;)Lcom/google/gson/stream/JsonWriter; @ 15
Event: 241.422 Thread 0x000000001d0ee800 Uncommon trap: reason=unstable_if action=reinterpret pc=0x0000000003d9fe28 method=com.android.ide.common.blame.SourceFilePositionJsonSerializer.write(Lcom/google/gson/stream/JsonWriter;Lcom/android/ide/common/blame/SourceFilePosition;)V @ 17
Event: 241.422 Thread 0x000000001d0ee800 Uncommon trap: reason=unstable_if action=reinterpret pc=0x00000000029bb6fc method=com.google.gson.stream.JsonWriter.close(IILjava/lang/String;)Lcom/google/gson/stream/JsonWriter; @ 9
Event: 241.422 Thread 0x000000001d0ee800 Uncommon trap: reason=unstable_if action=reinterpret pc=0x00000000038f2f4c method=com.google.gson.stream.JsonWriter.newline()V @ 4
Event: 241.423 Thread 0x000000001d0ee800 Uncommon trap: reason=class_check action=maybe_recompile pc=0x0000000002a4acec method=com.google.gson.stream.JsonWriter.open(ILjava/lang/String;)Lcom/google/gson/stream/JsonWriter; @ 15
Event: 241.423 Thread 0x000000001d0ee800 Uncommon trap: reason=unstable_if action=reinterpret pc=0x0000000003021c24 method=com.google.gson.stream.JsonWriter.newline()V @ 4
Event: 241.423 Thread 0x000000001d0ee800 Uncommon trap: reason=class_check action=maybe_recompile pc=0x00000000032bc668 method=com.google.gson.stream.JsonWriter.beforeValue(Z)V @ 132
Event: 241.423 Thread 0x000000001d0ee800 Uncommon trap: reason=class_check action=maybe_recompile pc=0x0000000002a4acec method=com.google.gson.stream.JsonWriter.open(ILjava/lang/String;)Lcom/google/gson/stream/JsonWriter; @ 15
Event: 241.445 Thread 0x000000001ec09000 Uncommon trap: reason=unstable_if action=reinterpret pc=0x0000000003897b9c method=java.lang.Integer.toString(I)Ljava/lang/String; @ 10
Event: 241.445 Thread 0x000000001ec09000 Uncommon trap: reason=unstable_if action=reinterpret pc=0x0000000003402ea4 method=java.lang.Integer.getChars(II[C)V @ 7

Internal exceptions (10 events):
Event: 229.613 Thread 0x000000001d23e000 Implicit null exception at 0x00000000031f65ed to 0x00000000031f72e9
Event: 229.613 Thread 0x000000001d23e000 Implicit null exception at 0x000000000307ddd5 to 0x000000000307e929
Event: 232.163 Thread 0x000000001d23e000 Implicit null exception at 0x0000000003fdc198 to 0x0000000003fded99
Event: 239.192 Thread 0x000000001d23e000 Implicit null exception at 0x0000000004042c1d to 0x00000000040435c9
Event: 239.216 Thread 0x000000001d23e000 Implicit null exception at 0x00000000040475dd to 0x0000000004047f89
Event: 239.217 Thread 0x000000001d23e000 Implicit null exception at 0x0000000004039140 to 0x0000000004039735
Event: 239.218 Thread 0x000000001d23e000 Implicit null exception at 0x000000000403647d to 0x00000000040368dd
Event: 240.562 Thread 0x000000001d23e000 Implicit null exception at 0x0000000004a7a341 to 0x0000000004a7b2f9
Event: 240.562 Thread 0x000000001d23e000 Implicit null exception at 0x0000000004072304 to 0x00000000040725a1
Event: 241.341 Thread 0x000000001d23e000 Exception <a 'java/lang/reflect/InvocationTargetException'> (0x00000000f2d2e518) thrown at [D:\re\workspace\8-2-build-windows-amd64-cygwin\jdk8u92\6642\hotspot\src\share\vm\runtime\reflection.cpp, line 1092]

Events (10 events):
Event: 241.445 Thread 0x000000001ec09000 DEOPT UNPACKING pc=0x000000000286582a sp=0x000000002f96ee88 mode 2
Event: 241.445 Thread 0x000000001ec09000 Thread exited: 0x000000001ec09000
Event: 241.448 Thread 0x000000001ec10000 Thread added: 0x000000001ec10000
Event: 241.460 Executing VM operation: RevokeBias
Event: 241.460 Executing VM operation: RevokeBias done
Event: 241.460 Thread 0x000000001ec0d000 Thread exited: 0x000000001ec0d000
Event: 241.460 Thread 0x000000001ec0b800 Thread exited: 0x000000001ec0b800
Event: 241.460 Thread 0x000000001ec0c000 Thread exited: 0x000000001ec0c000
Event: 241.460 Thread 0x000000001ec07000 Thread exited: 0x000000001ec07000
Event: 241.463 Thread 0x000000001ec0a800 Thread added: 0x000000001ec0a800


Dynamic libraries:
0x00007ff7081a0000 - 0x00007ff7081d7000 	C:\Program Files\Java\jdk1.8.0_92\bin\java.exe
0x00007ff892780000 - 0x00007ff892941000 	C:\WINDOWS\SYSTEM32\ntdll.dll
0x00007ff8926d0000 - 0x00007ff89277d000 	C:\WINDOWS\system32\KERNEL32.DLL
0x00007ff88eee0000 - 0x00007ff88f0c8000 	C:\WINDOWS\system32\KERNELBASE.dll
0x00007ff891740000 - 0x00007ff8917e7000 	C:\WINDOWS\system32\ADVAPI32.dll
0x00007ff892570000 - 0x00007ff89260d000 	C:\WINDOWS\system32\msvcrt.dll
0x00007ff891bf0000 - 0x00007ff891c4b000 	C:\WINDOWS\system32\sechost.dll
0x00007ff891f40000 - 0x00007ff89205c000 	C:\WINDOWS\system32\RPCRT4.dll
0x00007ff891980000 - 0x00007ff891ad6000 	C:\WINDOWS\system32\USER32.dll
0x00007ff891c50000 - 0x00007ff891dd6000 	C:\WINDOWS\system32\GDI32.dll
0x00007ff884540000 - 0x00007ff8847b4000 	C:\WINDOWS\WinSxS\amd64_microsoft.windows.common-controls_6595b64144ccf1df_6.0.10586.0_none_8c15ae12515e1c22\COMCTL32.dll
0x00007ff892140000 - 0x00007ff8923bd000 	C:\WINDOWS\system32\combase.dll
0x00007ff88f240000 - 0x00007ff88f2aa000 	C:\WINDOWS\system32\bcryptPrimitives.dll
0x00007ff892680000 - 0x00007ff8926bb000 	C:\WINDOWS\system32\IMM32.DLL
0x000000005b540000 - 0x000000005b612000 	C:\Program Files\Java\jdk1.8.0_92\jre\bin\msvcr100.dll
0x000000005ba70000 - 0x000000005c306000 	C:\Program Files\Java\jdk1.8.0_92\jre\bin\server\jvm.dll
0x00007ff892060000 - 0x00007ff892068000 	C:\WINDOWS\system32\PSAPI.DLL
0x00007ff8850e0000 - 0x00007ff8850ea000 	C:\WINDOWS\SYSTEM32\VERSION.dll
0x00007ff88c840000 - 0x00007ff88c863000 	C:\WINDOWS\SYSTEM32\WINMM.dll
0x00007ff8839e0000 - 0x00007ff8839e9000 	C:\WINDOWS\SYSTEM32\WSOCK32.dll
0x00007ff892610000 - 0x00007ff89267b000 	C:\WINDOWS\system32\WS2_32.dll
0x00007ff88c810000 - 0x00007ff88c83c000 	C:\WINDOWS\SYSTEM32\WINMMBASE.dll
0x00007ff88ee30000 - 0x00007ff88ee73000 	C:\WINDOWS\system32\cfgmgr32.dll
0x000000005e7e0000 - 0x000000005e7ef000 	C:\Program Files\Java\jdk1.8.0_92\jre\bin\verify.dll
0x000000005e350000 - 0x000000005e379000 	C:\Program Files\Java\jdk1.8.0_92\jre\bin\java.dll
0x000000005e7c0000 - 0x000000005e7d6000 	C:\Program Files\Java\jdk1.8.0_92\jre\bin\zip.dll
0x00007ff88fd50000 - 0x00007ff8912ac000 	C:\WINDOWS\system32\SHELL32.dll
0x00007ff88f2b0000 - 0x00007ff88f8f4000 	C:\WINDOWS\system32\windows.storage.dll
0x00007ff8916e0000 - 0x00007ff891732000 	C:\WINDOWS\system32\shlwapi.dll
0x00007ff88ee00000 - 0x00007ff88ee0f000 	C:\WINDOWS\system32\kernel.appcore.dll
0x00007ff88f180000 - 0x00007ff88f235000 	C:\WINDOWS\system32\shcore.dll
0x00007ff88eda0000 - 0x00007ff88edeb000 	C:\WINDOWS\system32\powrprof.dll
0x00007ff88ee10000 - 0x00007ff88ee24000 	C:\WINDOWS\system32\profapi.dll
0x000000005e790000 - 0x000000005e7aa000 	C:\Program Files\Java\jdk1.8.0_92\jre\bin\net.dll
0x00007ff88e6d0000 - 0x00007ff88e72c000 	C:\WINDOWS\system32\mswsock.dll
0x000000005b970000 - 0x000000005b981000 	C:\Program Files\Java\jdk1.8.0_92\jre\bin\nio.dll
0x00007ff88c5f0000 - 0x00007ff88c602000 	C:\Users\Wicker\.gradle\native\19\windows-amd64\native-platform.dll
0x00007ff88c130000 - 0x00007ff88c168000 	C:\WINDOWS\SYSTEM32\IPHLPAPI.DLL
0x00007ff8917f0000 - 0x00007ff8917f8000 	C:\WINDOWS\system32\NSI.dll
0x00007ff8857c0000 - 0x00007ff8857d6000 	C:\WINDOWS\SYSTEM32\dhcpcsvc6.DLL
0x00007ff884b70000 - 0x00007ff884b8a000 	C:\WINDOWS\SYSTEM32\dhcpcsvc.DLL
0x00007ff88e780000 - 0x00007ff88e797000 	C:\WINDOWS\SYSTEM32\CRYPTSP.dll
0x00007ff88e410000 - 0x00007ff88e444000 	C:\WINDOWS\system32\rsaenh.dll
0x00007ff88e9a0000 - 0x00007ff88e9c9000 	C:\WINDOWS\SYSTEM32\bcrypt.dll
0x00007ff88e560000 - 0x00007ff88e57f000 	C:\WINDOWS\SYSTEM32\USERENV.dll
0x00007ff88e8a0000 - 0x00007ff88e8ab000 	C:\WINDOWS\SYSTEM32\CRYPTBASE.dll
0x000000005b770000 - 0x000000005b77d000 	C:\Program Files\Java\jdk1.8.0_92\jre\bin\management.dll

VM Arguments:
jvm_args: -XX:MaxPermSize=256m -XX:+HeapDumpOnOutOfMemoryError -Xmx1024m -Dfile.encoding=GBK -Duser.country=CN -Duser.language=zh -Duser.variant 
java_command: org.gradle.launcher.daemon.bootstrap.GradleDaemon 2.10
java_class_path (initial): C:\Program Files\Android\Android Studio\gradle\gradle-2.10\lib\gradle-launcher-2.10.jar
Launcher Type: SUN_STANDARD

Environment Variables:
JAVA_HOME=C:\Program Files\Java\jdk1.8.0_92
CLASSPATH=.C:\Program Files\Java\jdk1.8.0_92\lib;C:\Program Files\Java\jdk1.8.0_92\lib\tools.jar;
PATH=C:\ProgramData\Oracle\Java\javapath;C:\Program Files (x86)\Common Files\Intel\Shared Libraries\redist\intel64\compiler;C:\WINDOWS\system32;C:\WINDOWS;C:\WINDOWS\System32\Wbem;C:\WINDOWS\System32\WindowsPowerShell\v1.0\;C:\Program Files (x86)\QuickTime\QTSystem\;C:\Program Files\Java\jdk1.7.0_80\bin;C:\Users\Wicker\.dnx\bin;C:\Program Files\Microsoft DNX\Dnvm\;C:\Program Files (x86)\Windows Kits\8.1\Windows Performance Toolkit\;C:\Program Files (x86)\NVIDIA Corporation\PhysX\Common;D:\opencv\build\x86\mingw\bin;D:\opencv\build\x86\vc10\bin;D:\opencv\build\x64\mingw\bin;D:\opencv\build\x64\vc10\bin;D:\gradle-2.10-all\gradle-2.10\bin
USERNAME=Wicker
OS=Windows_NT
PROCESSOR_IDENTIFIER=Intel64 Family 6 Model 60 Stepping 3, GenuineIntel



---------------  S Y S T E M  ---------------

OS: Windows 10.0 , 64 bit Build 10586 (10.0.10586.0)

CPU:total 8 (4 cores per cpu, 2 threads per core) family 6 model 60 stepping 3, cmov, cx8, fxsr, mmx, sse, sse2, sse3, ssse3, sse4.1, sse4.2, popcnt, avx, avx2, aes, clmul, erms, lzcnt, ht, tsc, tscinvbit, bmi1, bmi2

Memory: 4k page, physical 12500872k(2248764k free), swap 13287304k(6268k free)

vm_info: Java HotSpot(TM) 64-Bit Server VM (25.92-b14) for windows-amd64 JRE (1.8.0_92-b14), built on Mar 31 2016 21:03:04 by "java_re" with MS VC++ 10.0 (VS2010)

time: Wed Jun 08 20:27:28 2016
elapsed time: 241 seconds (0d 0h 4m 1s)

