#
# There is insufficient memory for the Java Runtime Environment to continue.
# Native memory allocation (malloc) failed to allocate 32744 bytes for ChunkPool::allocate
# Possible reasons:
#   The system is out of physical RAM or swap space
#   In 32 bit mode, the process size limit was hit
# Possible solutions:
#   Reduce memory load on the system
#   Increase physical memory or swap space
#   Check if swap backing store is full
#   Use 64 bit Java on a 64 bit OS
#   Decrease Java heap size (-Xmx/-Xms)
#   Decrease number of Java threads
#   Decrease Java thread stack sizes (-Xss)
#   Set larger code cache with -XX:ReservedCodeCacheSize=
# This output file may be truncated or incomplete.
#
#  Out of Memory Error (allocation.cpp:273), pid=8344, tid=0x0000000000003048
#
# JRE version: Java(TM) SE Runtime Environment (8.0_92-b14) (build 1.8.0_92-b14)
# Java VM: Java HotSpot(TM) 64-Bit Server VM (25.92-b14 mixed mode windows-amd64 compressed oops)
# Failed to write core dump. Minidumps are not enabled by default on client versions of Windows
#

---------------  T H R E A D  ---------------

Current thread (0x00000000171c4000):  JavaThread "C2 CompilerThread2" daemon [_thread_in_native, id=12360, stack(0x0000000017a30000,0x0000000017b30000)]

Stack: [0x0000000017a30000,0x0000000017b30000]
[error occurred during error reporting (printing stack bounds), id 0xc0000005]

Native frames: (J=compiled Java code, j=interpreted, Vv=VM code, C=native code)


Current CompileTask:
C2:  11670 4842       4       groovy.lang.MetaClassImpl$1MOPIter::methodNameAction (479 bytes)


---------------  P R O C E S S  ---------------

Java Threads: ( => current thread )
  0x000000001a621800 JavaThread "File lock request listener" [_thread_in_native, id=5780, stack(0x000000001ef30000,0x000000001f030000)]
  0x0000000018d78800 JavaThread "Stdin handler" [_thread_blocked, id=11980, stack(0x0000000019e00000,0x0000000019f00000)]
  0x0000000018c9d000 JavaThread "Daemon worker" [_thread_in_vm, id=12900, stack(0x0000000019cc0000,0x0000000019dc0000)]
  0x0000000018c98000 JavaThread "Cancel handler" [_thread_blocked, id=1720, stack(0x0000000019bc0000,0x0000000019cc0000)]
  0x0000000018abe800 JavaThread "Handler for socket connection from /127.0.0.1:62886 to /127.0.0.1:62888" [_thread_in_native, id=12276, stack(0x0000000019ac0000,0x0000000019bc0000)]
  0x0000000018abe000 JavaThread "Daemon" [_thread_blocked, id=8488, stack(0x00000000199c0000,0x0000000019ac0000)]
  0x0000000018a13800 JavaThread "Incoming local TCP Connector on port 62886" [_thread_in_native, id=10388, stack(0x0000000019660000,0x0000000019760000)]
  0x0000000017259800 JavaThread "Service Thread" daemon [_thread_blocked, id=11256, stack(0x0000000017c30000,0x0000000017d30000)]
  0x00000000171c6800 JavaThread "C1 CompilerThread3" daemon [_thread_in_native, id=12392, stack(0x0000000017b30000,0x0000000017c30000)]
=>0x00000000171c4000 JavaThread "C2 CompilerThread2" daemon [_thread_in_native, id=12360, stack(0x0000000017a30000,0x0000000017b30000)]
  0x00000000171bc000 JavaThread "C2 CompilerThread1" daemon [_thread_in_native, id=9204, stack(0x0000000017930000,0x0000000017a30000)]
  0x00000000171b9800 JavaThread "C2 CompilerThread0" daemon [_thread_in_native, id=13152, stack(0x0000000017830000,0x0000000017930000)]
  0x00000000171b3000 JavaThread "Attach Listener" daemon [_thread_blocked, id=4104, stack(0x0000000017730000,0x0000000017830000)]
  0x0000000017169000 JavaThread "Signal Dispatcher" daemon [_thread_blocked, id=11316, stack(0x0000000017630000,0x0000000017730000)]
  0x0000000017150800 JavaThread "Finalizer" daemon [_thread_blocked, id=4352, stack(0x0000000017530000,0x0000000017630000)]
  0x000000001522d800 JavaThread "Reference Handler" daemon [_thread_blocked, id=12368, stack(0x0000000017030000,0x0000000017130000)]
  0x0000000002612800 JavaThread "main" [_thread_blocked, id=13084, stack(0x0000000002510000,0x0000000002610000)]

Other Threads:
  0x0000000015229000 VMThread [stack: 0x0000000016f30000,0x0000000017030000] [id=12440]
  0x00000000172be800 WatcherThread [stack: 0x0000000017d30000,0x0000000017e30000] [id=4824]

VM state:not at safepoint (normal execution)

VM Mutex/Monitor currently owned by a thread: None

Heap:
 PSYoungGen      total 178176K, used 22664K [0x00000000eab00000, 0x00000000f6e00000, 0x0000000100000000)
  eden space 164864K, 5% used [0x00000000eab00000,0x00000000eb462c20,0x00000000f4c00000)
  from space 13312K, 98% used [0x00000000f6100000,0x00000000f6dbf488,0x00000000f6e00000)
  to   space 16896K, 0% used [0x00000000f4d00000,0x00000000f4d00000,0x00000000f5d80000)
 ParOldGen       total 126464K, used 19875K [0x00000000c0000000, 0x00000000c7b80000, 0x00000000eab00000)
  object space 126464K, 15% used [0x00000000c0000000,0x00000000c1368ee0,0x00000000c7b80000)
 Metaspace       used 42062K, capacity 43012K, committed 43264K, reserved 1087488K
  class space    used 5831K, capacity 6078K, committed 6144K, reserved 1048576K

Card table byte_map: [0x0000000011ad0000,0x0000000011ce0000] byte_map_base: 0x00000000114d0000

Marking Bits: (ParMarkBitMap*) 0x000000005c2864f0
 Begin Bits: [0x0000000012640000, 0x0000000013640000)
 End Bits:   [0x0000000013640000, 0x0000000014640000)

Polling page: 0x0000000000b20000

CodeCache: size=245760Kb used=16199Kb max_used=17421Kb free=229560Kb
 bounds [0x0000000002710000, 0x0000000003830000, 0x0000000011710000]
 total_blobs=5120 nmethods=4428 adapters=603
 compilation: enabled

Compilation events (10 events):
Event: 11.587 Thread 0x00000000171c6800 4969       3       org.apache.tools.ant.AntTypeDefinition::setName (6 bytes)
Event: 11.587 Thread 0x00000000171c6800 nmethod 4969 0x000000000302cb10 code [0x000000000302cc60, 0x000000000302cdd0]
Event: 11.589 Thread 0x00000000171c6800 4970       3       org.codehaus.groovy.runtime.metaclass.MetaMethodIndex::copyNonPrivateNonNewMetaMethods (171 bytes)
Event: 11.607 Thread 0x00000000171c6800 nmethod 4970 0x00000000032ce390 code [0x00000000032ce5c0, 0x00000000032cf558]
Event: 11.610 Thread 0x00000000171c6800 4971       3       java.lang.String::replace (127 bytes)
Event: 11.611 Thread 0x00000000171c6800 nmethod 4971 0x0000000002af3c50 code [0x0000000002af3e00, 0x0000000002af44b0]
Event: 11.616 Thread 0x00000000171c6800 4972       3       java.lang.reflect.Field::getFieldAccessor (35 bytes)
Event: 11.616 Thread 0x00000000171c6800 nmethod 4972 0x0000000002a74650 code [0x0000000002a747c0, 0x0000000002a74a08]
Event: 11.635 Thread 0x00000000171c6800 4973       3       groovy.lang.MetaBeanProperty::setSetter (6 bytes)
Event: 11.635 Thread 0x00000000171c6800 nmethod 4973 0x0000000003349190 code [0x00000000033492e0, 0x0000000003349450]

GC Heap History (10 events):
Event: 8.847 GC heap before
{Heap before GC invocations=6 (full 1):
 PSYoungGen      total 79360K, used 79011K [0x00000000eab00000, 0x00000000f1880000, 0x0000000100000000)
  eden space 73728K, 100% used [0x00000000eab00000,0x00000000ef300000,0x00000000ef300000)
  from space 5632K, 93% used [0x00000000f1300000,0x00000000f1828db0,0x00000000f1880000)
  to   space 8192K, 0% used [0x00000000f0880000,0x00000000f0880000,0x00000000f1080000)
 ParOldGen       total 88064K, used 9625K [0x00000000c0000000, 0x00000000c5600000, 0x00000000eab00000)
  object space 88064K, 10% used [0x00000000c0000000,0x00000000c0966400,0x00000000c5600000)
 Metaspace       used 28297K, capacity 28712K, committed 28800K, reserved 1075200K
  class space    used 3811K, capacity 3954K, committed 3968K, reserved 1048576K
Event: 8.855 GC heap after
Heap after GC invocations=6 (full 1):
 PSYoungGen      total 103936K, used 6352K [0x00000000eab00000, 0x00000000f2a80000, 0x0000000100000000)
  eden space 95744K, 0% used [0x00000000eab00000,0x00000000eab00000,0x00000000f0880000)
  from space 8192K, 77% used [0x00000000f0880000,0x00000000f0eb4010,0x00000000f1080000)
  to   space 12288K, 0% used [0x00000000f1e80000,0x00000000f1e80000,0x00000000f2a80000)
 ParOldGen       total 88064K, used 9705K [0x00000000c0000000, 0x00000000c5600000, 0x00000000eab00000)
  object space 88064K, 11% used [0x00000000c0000000,0x00000000c097a410,0x00000000c5600000)
 Metaspace       used 28297K, capacity 28712K, committed 28800K, reserved 1075200K
  class space    used 3811K, capacity 3954K, committed 3968K, reserved 1048576K
}
Event: 9.789 GC heap before
{Heap before GC invocations=7 (full 1):
 PSYoungGen      total 103936K, used 102096K [0x00000000eab00000, 0x00000000f2a80000, 0x0000000100000000)
  eden space 95744K, 100% used [0x00000000eab00000,0x00000000f0880000,0x00000000f0880000)
  from space 8192K, 77% used [0x00000000f0880000,0x00000000f0eb4010,0x00000000f1080000)
  to   space 12288K, 0% used [0x00000000f1e80000,0x00000000f1e80000,0x00000000f2a80000)
 ParOldGen       total 88064K, used 9705K [0x00000000c0000000, 0x00000000c5600000, 0x00000000eab00000)
  object space 88064K, 11% used [0x00000000c0000000,0x00000000c097a410,0x00000000c5600000)
 Metaspace       used 33263K, capacity 33906K, committed 34176K, reserved 1079296K
  class space    used 4478K, capacity 4676K, committed 4736K, reserved 1048576K
Event: 9.805 GC heap after
Heap after GC invocations=7 (full 1):
 PSYoungGen      total 115712K, used 12267K [0x00000000eab00000, 0x00000000f5300000, 0x0000000100000000)
  eden space 103424K, 0% used [0x00000000eab00000,0x00000000eab00000,0x00000000f1000000)
  from space 12288K, 99% used [0x00000000f1e80000,0x00000000f2a7ae90,0x00000000f2a80000)
  to   space 14848K, 0% used [0x00000000f1000000,0x00000000f1000000,0x00000000f1e80000)
 ParOldGen       total 88064K, used 11086K [0x00000000c0000000, 0x00000000c5600000, 0x00000000eab00000)
  object space 88064K, 12% used [0x00000000c0000000,0x00000000c0ad3a88,0x00000000c5600000)
 Metaspace       used 33263K, capacity 33906K, committed 34176K, reserved 1079296K
  class space    used 4478K, capacity 4676K, committed 4736K, reserved 1048576K
}
Event: 9.958 GC heap before
{Heap before GC invocations=8 (full 1):
 PSYoungGen      total 115712K, used 29665K [0x00000000eab00000, 0x00000000f5300000, 0x0000000100000000)
  eden space 103424K, 16% used [0x00000000eab00000,0x00000000ebbfd5c8,0x00000000f1000000)
  from space 12288K, 99% used [0x00000000f1e80000,0x00000000f2a7ae90,0x00000000f2a80000)
  to   space 14848K, 0% used [0x00000000f1000000,0x00000000f1000000,0x00000000f1e80000)
 ParOldGen       total 88064K, used 11086K [0x00000000c0000000, 0x00000000c5600000, 0x00000000eab00000)
  object space 88064K, 12% used [0x00000000c0000000,0x00000000c0ad3a88,0x00000000c5600000)
 Metaspace       used 34610K, capacity 35284K, committed 35456K, reserved 1079296K
  class space    used 4690K, capacity 4902K, committed 4992K, reserved 1048576K
Event: 9.966 GC heap after
Heap after GC invocations=8 (full 1):
 PSYoungGen      total 118272K, used 12066K [0x00000000eab00000, 0x00000000f7080000, 0x0000000100000000)
  eden space 103424K, 0% used [0x00000000eab00000,0x00000000eab00000,0x00000000f1000000)
  from space 14848K, 81% used [0x00000000f1000000,0x00000000f1bc89d8,0x00000000f1e80000)
  to   space 15872K, 0% used [0x00000000f6100000,0x00000000f6100000,0x00000000f7080000)
 ParOldGen       total 88064K, used 11094K [0x00000000c0000000, 0x00000000c5600000, 0x00000000eab00000)
  object space 88064K, 12% used [0x00000000c0000000,0x00000000c0ad5a88,0x00000000c5600000)
 Metaspace       used 34610K, capacity 35284K, committed 35456K, reserved 1079296K
  class space    used 4690K, capacity 4902K, committed 4992K, reserved 1048576K
}
Event: 9.966 GC heap before
{Heap before GC invocations=9 (full 2):
 PSYoungGen      total 118272K, used 12066K [0x00000000eab00000, 0x00000000f7080000, 0x0000000100000000)
  eden space 103424K, 0% used [0x00000000eab00000,0x00000000eab00000,0x00000000f1000000)
  from space 14848K, 81% used [0x00000000f1000000,0x00000000f1bc89d8,0x00000000f1e80000)
  to   space 15872K, 0% used [0x00000000f6100000,0x00000000f6100000,0x00000000f7080000)
 ParOldGen       total 88064K, used 11094K [0x00000000c0000000, 0x00000000c5600000, 0x00000000eab00000)
  object space 88064K, 12% used [0x00000000c0000000,0x00000000c0ad5a88,0x00000000c5600000)
 Metaspace       used 34610K, capacity 35284K, committed 35456K, reserved 1079296K
  class space    used 4690K, capacity 4902K, committed 4992K, reserved 1048576K
Event: 10.057 GC heap after
Heap after GC invocations=9 (full 2):
 PSYoungGen      total 118272K, used 0K [0x00000000eab00000, 0x00000000f7080000, 0x0000000100000000)
  eden space 103424K, 0% used [0x00000000eab00000,0x00000000eab00000,0x00000000f1000000)
  from space 14848K, 0% used [0x00000000f1000000,0x00000000f1000000,0x00000000f1e80000)
  to   space 15872K, 0% used [0x00000000f6100000,0x00000000f6100000,0x00000000f7080000)
 ParOldGen       total 126464K, used 19867K [0x00000000c0000000, 0x00000000c7b80000, 0x00000000eab00000)
  object space 126464K, 15% used [0x00000000c0000000,0x00000000c1366ee0,0x00000000c7b80000)
 Metaspace       used 34610K, capacity 35284K, committed 35456K, reserved 1079296K
  class space    used 4690K, capacity 4902K, committed 4992K, reserved 1048576K
}
Event: 11.589 GC heap before
{Heap before GC invocations=10 (full 2):
 PSYoungGen      total 118272K, used 103424K [0x00000000eab00000, 0x00000000f7080000, 0x0000000100000000)
  eden space 103424K, 100% used [0x00000000eab00000,0x00000000f1000000,0x00000000f1000000)
  from space 14848K, 0% used [0x00000000f1000000,0x00000000f1000000,0x00000000f1e80000)
  to   space 15872K, 0% used [0x00000000f6100000,0x00000000f6100000,0x00000000f7080000)
 ParOldGen       total 126464K, used 19867K [0x00000000c0000000, 0x00000000c7b80000, 0x00000000eab00000)
  object space 126464K, 15% used [0x00000000c0000000,0x00000000c1366ee0,0x00000000c7b80000)
 Metaspace       used 41837K, capacity 42628K, committed 42880K, reserved 1085440K
  class space    used 5792K, capacity 6014K, committed 6016K, reserved 1048576K
Event: 11.606 GC heap after
Heap after GC invocations=10 (full 2):
 PSYoungGen      total 178176K, used 13053K [0x00000000eab00000, 0x00000000f6e00000, 0x0000000100000000)
  eden space 164864K, 0% used [0x00000000eab00000,0x00000000eab00000,0x00000000f4c00000)
  from space 13312K, 98% used [0x00000000f6100000,0x00000000f6dbf488,0x00000000f6e00000)
  to   space 16896K, 0% used [0x00000000f4d00000,0x00000000f4d00000,0x00000000f5d80000)
 ParOldGen       total 126464K, used 19875K [0x00000000c0000000, 0x00000000c7b80000, 0x00000000eab00000)
  object space 126464K, 15% used [0x00000000c0000000,0x00000000c1368ee0,0x00000000c7b80000)
 Metaspace       used 41837K, capacity 42628K, committed 42880K, reserved 1085440K
  class space    used 5792K, capacity 6014K, committed 6016K, reserved 1048576K
}

Deoptimization events (10 events):
Event: 11.335 Thread 0x0000000018c9d000 Uncommon trap: reason=unstable_if action=reinterpret pc=0x00000000037b33d8 method=java.lang.reflect.Executable.sharedToGenericString(IZ)Ljava/lang/String; @ 282
Event: 11.424 Thread 0x0000000018c9d000 Uncommon trap: reason=unstable_if action=reinterpret pc=0x00000000037600bc method=java.util.TreeMap.put(Ljava/lang/Object;Ljava/lang/Object;)Ljava/lang/Object; @ 163
Event: 11.429 Thread 0x0000000018c9d000 Uncommon trap: reason=bimorphic action=maybe_recompile pc=0x0000000002fb87b8 method=org.codehaus.groovy.runtime.metaclass.MetaMethodIndex.addMethodToList(Ljava/lang/Object;Lgroovy/lang/MetaMethod;)Ljava/lang/Object; @ 91
Event: 11.570 Thread 0x0000000018c9d000 Uncommon trap: reason=class_check action=maybe_recompile pc=0x0000000003034644 method=java.util.Hashtable.get(Ljava/lang/Object;)Ljava/lang/Object; @ 6
Event: 11.570 Thread 0x0000000018c9d000 Uncommon trap: reason=class_check action=maybe_recompile pc=0x0000000003034644 method=java.util.Hashtable.get(Ljava/lang/Object;)Ljava/lang/Object; @ 6
Event: 11.570 Thread 0x0000000018c9d000 Uncommon trap: reason=class_check action=maybe_recompile pc=0x0000000003034644 method=java.util.Hashtable.get(Ljava/lang/Object;)Ljava/lang/Object; @ 6
Event: 11.570 Thread 0x0000000018c9d000 Uncommon trap: reason=class_check action=maybe_recompile pc=0x0000000003034644 method=java.util.Hashtable.get(Ljava/lang/Object;)Ljava/lang/Object; @ 6
Event: 11.587 Thread 0x0000000018c9d000 Uncommon trap: reason=unstable_if action=reinterpret pc=0x00000000028b98e8 method=java.lang.String.replace(CC)Ljava/lang/String; @ 2
Event: 11.589 Thread 0x0000000018c9d000 Uncommon trap: reason=bimorphic action=maybe_recompile pc=0x0000000002fb87b8 method=org.codehaus.groovy.runtime.metaclass.MetaMethodIndex.addMethodToList(Ljava/lang/Object;Lgroovy/lang/MetaMethod;)Ljava/lang/Object; @ 91
Event: 11.589 Thread 0x0000000018c9d000 Uncommon trap: reason=unstable_if action=reinterpret pc=0x0000000003366444 method=org.codehaus.groovy.runtime.metaclass.MetaMethodIndex.copyNonPrivateNonNewMetaMethods(Lorg/codehaus/groovy/runtime/metaclass/MetaMethodIndex$Entry;Lorg/codehaus/groovy/runtimá‚,SZ«&@

Internal exceptions (10 events):
Event: 11.612 Thread 0x0000000018c9d000 Exception <a 'java/lang/ClassNotFoundException': groovy/util/BuilderSupportBeanInfo> (0x00000000eab6b0e8) thrown at [D:\re\workspace\8-2-build-windows-amd64-cygwin\jdk8u92\6642\hotspot\src\share\vm\classfile\systemDictionary.cpp, line 210]
Event: 11.612 Thread 0x0000000018c9d000 Exception <a 'java/lang/ClassNotFoundException': groovy/util/BuilderSupportCustomizer> (0x00000000eab77d60) thrown at [D:\re\workspace\8-2-build-windows-amd64-cygwin\jdk8u92\6642\hotspot\src\share\vm\classfile\systemDictionary.cpp, line 210]
Event: 11.612 Thread 0x0000000018c9d000 Exception <a 'java/lang/ClassNotFoundException': groovy/util/AntBuilderCustomizer> (0x00000000eab86c48) thrown at [D:\re\workspace\8-2-build-windows-amd64-cygwin\jdk8u92\6642\hotspot\src\share\vm\classfile\systemDictionary.cpp, line 210]
Event: 11.613 Thread 0x0000000018c9d000 Exception <a 'java/lang/ClassNotFoundException': org/gradle/api/AntBuilderCustomizer> (0x00000000eab99710) thrown at [D:\re\workspace\8-2-build-windows-amd64-cygwin\jdk8u92\6642\hotspot\src\share\vm\classfile\systemDictionary.cpp, line 210]
Event: 11.613 Thread 0x0000000018c9d000 Exception <a 'java/lang/ClassNotFoundException': org/gradle/api/internal/project/ant/BasicAntBuilderCustomizer> (0x00000000eabb3e58) thrown at [D:\re\workspace\8-2-build-windows-amd64-cygwin\jdk8u92\6642\hotspot\src\share\vm\classfile\systemDictionary.cpp,‹Õ&ó6:'@
Event: 11.614 Thread 0x0000000018c9d000 Exception <a 'java/lang/ClassNotFoundException': org/gradle/api/internal/project/DefaultAntBuilderCustomizer> (0x00000000eabd3658) thrown at [D:\re\workspace\8-2-build-windows-amd64-cygwin\jdk8u92\6642\hotspot\src\share\vm\classfile\systemDictionary.cpp, l#ò×ÙB'@
Event: 11.631 Thread 0x0000000018c9d000 Exception <a 'java/lang/ClassNotFoundException': com/android/build/gradle/internal/tasks/DeviceProviderInstrumentTestTask_DecoratedBeanInfo> (0x00000000ead4ea08) thrown at [D:\re\workspace\8-2-build-windows-amd64-cygwin\jdk8u92\6642\hotspot\src\share\vm\clX1G'C'@
Event: 11.631 Thread 0x0000000018c9d000 Exception <a 'java/lang/ClassNotFoundException': com/android/build/gradle/internal/tasks/DeviceProviderInstrumentTestTaskBeanInfo> (0x00000000ead63c28) thrown at [D:\re\workspace\8-2-build-windows-amd64-cygwin\jdk8u92\6642\hotspot\src\share\vm\classfile\sy
Event: 11.632 Thread 0x0000000018c9d000 Exception <a 'java/lang/ClassNotFoundException': com/android/build/gradle/internal/tasks/DeviceProviderInstrumentTestTaskCustomizer> (0x00000000ead79088) thrown at [D:\re\workspace\8-2-build-windows-amd64-cygwin\jdk8u92\6642\hotspot\src\share\vm\classfile\
.v,D'@
Event: 11.633 Thread 0x0000000018c9d000 Exception <a 'java/lang/ClassNotFoundException': com/android/build/gradle/internal/tasks/DeviceProviderInstrumentTestTask_DecoratedCustomizer> (0x00000000eadbfde0) thrown at [D:\re\workspace\8-2-build-windows-amd64-cygwin\jdk8u92\6642\hotspot\src\share\vm\ƒ—Ý#9'@

Events (10 events):
Event: 11.642 loading class com/android/build/gradle/internal/tasks/SigningReportTask
Event: 11.642 loading class com/android/build/gradle/internal/tasks/SigningReportTask done
Event: 11.642 loading class java/security/cert/CertificateEncodingException
Event: 11.642 loading class java/security/cert/CertificateEncodingException done
Event: 11.643 loading class com/android/build/gradle/internal/tasks/SigningReportTask$SigningInfo
Event: 11.643 loading class com/android/build/gradle/internal/tasks/SigningReportTask$SigningInfo done
Event: 11.645 loading class com/android/build/gradle/internal/ApiObjectFactory
Event: 11.645 loading class com/android/build/gradle/internal/ApiObjectFactory done
Event: 11.645 loading class com/android/build/gradle/internal/api/TestVariantImpl
Event: 11.645 loading class com/android/build/gradle/internal/api/TestVariantImpl done


Dynamic libraries:
0x00007ff7081a0000 - 0x00007ff7081d7000 	C:\Program Files\Java\jdk1.8.0_92\bin\java.exe
0x00007ff892780000 - 0x00007ff892941000 	C:\WINDOWS\SYSTEM32\ntdll.dll
0x00007ff8926d0000 - 0x00007ff89277d000 	C:\WINDOWS\system32\KERNEL32.DLL
0x00007ff88eee0000 - 0x00007ff88f0c8000 	C:\WINDOWS\system32\KERNELBASE.dll
0x00007ff891740000 - 0x00007ff8917e7000 	C:\WINDOWS\system32\ADVAPI32.dll
0x00007ff892570000 - 0x00007ff89260d000 	C:\WINDOWS\system32\msvcrt.dll
0x00007ff891bf0000 - 0x00007ff891c4b000 	C:\WINDOWS\system32\sechost.dll
0x00007ff891f40000 - 0x00007ff89205c000 	C:\WINDOWS\system32\RPCRT4.dll
0x00007ff891980000 - 0x00007ff891ad6000 	C:\WINDOWS\system32\USER32.dll
0x00007ff891c50000 - 0x00007ff891dd6000 	C:\WINDOWS\system32\GDI32.dll
0x00007ff884540000 - 0x00007ff8847b4000 	C:\WINDOWS\WinSxS\amd64_microsoft.windows.common-controls_6595b64144ccf1df_6.0.10586.0_none_8c15ae12515e1c22\COMCTL32.dll
0x00007ff892140000 - 0x00007ff8923bd000 	C:\WINDOWS\system32\combase.dll
0x00007ff88f240000 - 0x00007ff88f2aa000 	C:\WINDOWS\system32\bcryptPrimitives.dll
0x00007ff892680000 - 0x00007ff8926bb000 	C:\WINDOWS\system32\IMM32.DLL
0x000000005b540000 - 0x000000005b612000 	C:\Program Files\Java\jdk1.8.0_92\jre\bin\msvcr100.dll
0x000000005ba70000 - 0x000000005c306000 	C:\Program Files\Java\jdk1.8.0_92\jre\bin\server\jvm.dll
0x00007ff892060000 - 0x00007ff892068000 	C:\WINDOWS\system32\PSAPI.DLL
0x00007ff8839e0000 - 0x00007ff8839e9000 	C:\WINDOWS\SYSTEM32\WSOCK32.dll
0x00007ff8850e0000 - 0x00007ff8850ea000 	C:\WINDOWS\SYSTEM32\VERSION.dll
0x00007ff88c840000 - 0x00007ff88c863000 	C:\WINDOWS\SYSTEM32\WINMM.dll
0x00007ff892610000 - 0x00007ff89267b000 	C:\WINDOWS\system32\WS2_32.dll
0x0000000000af0000 - 0x0000000000b1c000 	C:\WINDOWS\SYSTEM32\WINMMBASE.dll
0x00007ff88ee30000 - 0x00007ff88ee73000 	C:\WINDOWS\system32\cfgmgr32.dll
0x000000005e7e0000 - 0x000000005e7ef000 	C:\Program Files\Java\jdk1.8.0_92\jre\bin\verify.dll
0x000000005e350000 - 0x000000005e379000 	C:\Program Files\Java\jdk1.8.0_92\jre\bin\java.dll
0x000000005e7c0000 - 0x000000005e7d6000 	C:\Program Files\Java\jdk1.8.0_92\jre\bin\zip.dll
0x00007ff88fd50000 - 0x00007ff8912ac000 	C:\WINDOWS\system32\SHELL32.dll
0x00007ff88f2b0000 - 0x00007ff88f8f4000 	C:\WINDOWS\system32\windows.storage.dll
0x00007ff8916e0000 - 0x00007ff891732000 	C:\WINDOWS\system32\shlwapi.dll
0x00007ff88ee00000 - 0x00007ff88ee0f000 	C:\WINDOWS\system32\kernel.appcore.dll
0x00007ff88f180000 - 0x00007ff88f235000 	C:\WINDOWS\system32\shcore.dll
0x00007ff88eda0000 - 0x00007ff88edeb000 	C:\WINDOWS\system32\powrprof.dll
0x00007ff88ee10000 - 0x00007ff88ee24000 	C:\WINDOWS\system32\profapi.dll
0x000000005e790000 - 0x000000005e7aa000 	C:\Program Files\Java\jdk1.8.0_92\jre\bin\net.dll
0x00007ff88e6d0000 - 0x00007ff88e72c000 	C:\WINDOWS\system32\mswsock.dll
0x000000005b970000 - 0x000000005b981000 	C:\Program Files\Java\jdk1.8.0_92\jre\bin\nio.dll
0x00007ff88c5f0000 - 0x00007ff88c602000 	C:\Users\Wicker\.gradle\native\19\windows-amd64\native-platform.dll
0x00007ff88c130000 - 0x00007ff88c168000 	C:\WINDOWS\SYSTEM32\IPHLPAPI.DLL
0x00007ff8917f0000 - 0x00007ff8917f8000 	C:\WINDOWS\system32\NSI.dll
0x00007ff8857c0000 - 0x00007ff8857d6000 	C:\WINDOWS\SYSTEM32\dhcpcsvc6.DLL
0x00007ff884b70000 - 0x00007ff884b8a000 	C:\WINDOWS\SYSTEM32\dhcpcsvc.DLL
0x00007ff88e780000 - 0x00007ff88e797000 	C:\WINDOWS\SYSTEM32\CRYPTSP.dll
0x00007ff88e410000 - 0x00007ff88e444000 	C:\WINDOWS\system32\rsaenh.dll
0x00007ff88e9a0000 - 0x00007ff88e9c9000 	C:\WINDOWS\SYSTEM32\bcrypt.dll
0x00007ff88e560000 - 0x00007ff88e57f000 	C:\WINDOWS\SYSTEM32\USERENV.dll
0x00007ff88e8a0000 - 0x00007ff88e8ab000 	C:\WINDOWS\SYSTEM32\CRYPTBASE.dll
0x000000005b770000 - 0x000000005b77d000 	C:\Program Files\Java\jdk1.8.0_92\jre\bin\management.dll

VM Arguments:
jvm_args: -XX:MaxPermSize=256m -XX:+HeapDumpOnOutOfMemoryError -Xmx1024m -Dfile.encoding=GBK -Duser.country=CN -Duser.language=zh -Duser.variant 
java_command: org.gradle.launcher.daemon.bootstrap.GradleDaemon 2.10
java_class_path (initial): C:\Program Files\Android\Android Studio\gradle\gradle-2.10\lib\gradle-launcher-2.10.jar
Launcher Type: SUN_STANDARD

Environment Variables:
JAVA_HOME=C:\Program Files\Java\jdk1.8.0_92
CLASSPATH=.C:\Program Files\Java\jdk1.8.0_92\lib;C:\Program Files\Java\jdk1.8.0_92\lib\tools.jar;
PATH=C:\ProgramData\Oracle\Java\javapath;C:\Program Files (x86)\Common Files\Intel\Shared Libraries\redist\intel64\compiler;C:\WINDOWS\system32;C:\WINDOWS;C:\WINDOWS\System32\Wbem;C:\WINDOWS\System32\WindowsPowerShell\v1.0\;C:\Program Files (x86)\QuickTime\QTSystem\;C:\Program Files\Java\jdk1.7.0_80\bin;C:\Users\Wicker\.dnx\bin;C:\Program Files\Microsoft DNX\Dnvm\;C:\Program Files (x86)\Windows Kits\8.1\Windows Performance Toolkit\;C:\Program Files (x86)\NVIDIA Corporation\PhysX\Common;D:\opencv\build\x86\mingw\bin;D:\opencv\build\x86\vc10\bin;D:\opencv\build\x64\mingw\bin;D:\opencv\build\x64\vc10\bin;D:\gradle-2.10-all\gradle-2.10\bin
USERNAME=Wicker
OS=Windows_NT
PROCESSOR_IDENTIFIER=Intel64 Family 6 Model 60 Stepping 3, GenuineIntel



---------------  S Y S T E M  ---------------

OS: Windows 10.0 , 64 bit Build 10586 (10.0.10586.0)

CPU:total 8 (4 cores per cpu, 2 threads per core) family 6 model 60 stepping 3, cmov, cx8, fxsr, mmx, sse, sse2, sse3, ssse3, sse4.1, sse4.2, popcnt, avx, avx2, aes, clmul, erms, lzcnt, ht, tsc, tscinvbit, bmi1, bmi2

Memory: 4k page, physical 12500872k(2559640k free), swap 13287304k(4092k free)

vm_info: Java HotSpot(TM) 64-Bit Server VM (25.92-b14) for windows-amd64 JRE (1.8.0_92-b14), built on Mar 31 2016 21:03:04 by "java_re" with MS VC++ 10.0 (VS2010)

time: Wed Jun 08 20:32:29 2016
elapsed time: 11 seconds (0d 0h 0m 11s)

