#
# There is insufficient memory for the Java Runtime Environment to continue.
# Native memory allocation (malloc) failed to allocate 323696 bytes for Chunk::new
# Possible reasons:
#   The system is out of physical RAM or swap space
#   In 32 bit mode, the process size limit was hit
# Possible solutions:
#   Reduce memory load on the system
#   Increase physical memory or swap space
#   Check if swap backing store is full
#   Use 64 bit Java on a 64 bit OS
#   Decrease Java heap size (-Xmx/-Xms)
#   Decrease number of Java threads
#   Decrease Java thread stack sizes (-Xss)
#   Set larger code cache with -XX:ReservedCodeCacheSize=
# This output file may be truncated or incomplete.
#
#  Out of Memory Error (allocation.cpp:390), pid=64364, tid=0x000000000000b5a8
#
# JRE version: Java(TM) SE Runtime Environment (8.0_92-b14) (build 1.8.0_92-b14)
# Java VM: Java HotSpot(TM) 64-Bit Server VM (25.92-b14 mixed mode windows-amd64 compressed oops)
# Failed to write core dump. Minidumps are not enabled by default on client versions of Windows
#

---------------  T H R E A D  ---------------

Current thread (0x0000000017109000):  JavaThread "C2 CompilerThread1" daemon [_thread_in_native, id=46504, stack(0x0000000017980000,0x0000000017a80000)]

Stack: [0x0000000017980000,0x0000000017a80000]
[error occurred during error reporting (printing stack bounds), id 0xc0000005]

Native frames: (J=compiled Java code, j=interpreted, Vv=VM code, C=native code)


Current CompileTask:
C2:    935 1318       4       com.android.dx.ssa.back.FirstFitLocalCombiningAllocator$1::processInsn (169 bytes)


---------------  P R O C E S S  ---------------

Java Threads: ( => current thread )
  0x00000000171b9000 JavaThread "Service Thread" daemon [_thread_blocked, id=32504, stack(0x0000000017c80000,0x0000000017d80000)]
  0x0000000017121800 JavaThread "C1 CompilerThread3" daemon [_thread_in_native, id=58636, stack(0x0000000017b80000,0x0000000017c80000)]
  0x000000001710e000 JavaThread "C2 CompilerThread2" daemon [_thread_in_native, id=69232, stack(0x0000000017a80000,0x0000000017b80000)]
=>0x0000000017109000 JavaThread "C2 CompilerThread1" daemon [_thread_in_native, id=46504, stack(0x0000000017980000,0x0000000017a80000)]
  0x0000000017104800 JavaThread "C2 CompilerThread0" daemon [_thread_in_native, id=63572, stack(0x0000000017880000,0x0000000017980000)]
  0x0000000017101000 JavaThread "Attach Listener" daemon [_thread_blocked, id=68572, stack(0x0000000017780000,0x0000000017880000)]
  0x00000000170b7000 JavaThread "Signal Dispatcher" daemon [_thread_blocked, id=61176, stack(0x0000000017680000,0x0000000017780000)]
  0x0000000002698800 JavaThread "Finalizer" daemon [_thread_blocked, id=50444, stack(0x0000000017480000,0x0000000017580000)]
  0x0000000002697000 JavaThread "Reference Handler" daemon [_thread_blocked, id=57624, stack(0x0000000016f80000,0x0000000017080000)]
  0x000000000259e000 JavaThread "main" [_thread_in_Java, id=57652, stack(0x00000000023d0000,0x00000000024d0000)]

Other Threads:
  0x00000000151b9000 VMThread [stack: 0x0000000016e80000,0x0000000016f80000] [id=57020]
  0x0000000017216800 WatcherThread [stack: 0x0000000017d80000,0x0000000017e80000] [id=47016]

VM state:not at safepoint (normal execution)

VM Mutex/Monitor currently owned by a thread: None

Heap:
 PSYoungGen      total 57344K, used 13840K [0x00000000eab00000, 0x00000000eeb00000, 0x0000000100000000)
  eden space 49152K, 11% used [0x00000000eab00000,0x00000000eb087be0,0x00000000edb00000)
  from space 8192K, 99% used [0x00000000edb00000,0x00000000ee2fc4d0,0x00000000ee300000)
  to   space 8192K, 0% used [0x00000000ee300000,0x00000000ee300000,0x00000000eeb00000)
 ParOldGen       total 131072K, used 983K [0x00000000c0000000, 0x00000000c8000000, 0x00000000eab00000)
  object space 131072K, 0% used [0x00000000c0000000,0x00000000c00f5eb0,0x00000000c8000000)
 Metaspace       used 6238K, capacity 7064K, committed 7424K, reserved 1056768K
  class space    used 613K, capacity 656K, committed 768K, reserved 1048576K

Card table byte_map: [0x0000000011a60000,0x0000000011c70000] byte_map_base: 0x0000000011460000

Marking Bits: (ParMarkBitMap*) 0x000000006d3c64f0
 Begin Bits: [0x00000000125d0000, 0x00000000135d0000)
 End Bits:   [0x00000000135d0000, 0x00000000145d0000)

Polling page: 0x00000000008a0000

CodeCache: size=245760Kb used=5395Kb max_used=5395Kb free=240364Kb
 bounds [0x00000000026a0000, 0x0000000002bf0000, 0x00000000116a0000]
 total_blobs=1672 nmethods=1401 adapters=184
 compilation: enabled

Compilation events (10 events):
Event: 0.932 Thread 0x0000000017121800 1413       3       com.android.dx.rop.type.Prototype::compareTo (120 bytes)
Event: 0.933 Thread 0x0000000017121800 nmethod 1413 0x0000000002be5b50 code [0x0000000002be5d60, 0x0000000002be6bf8]
Event: 0.933 Thread 0x0000000017121800 1414       3       com.android.dx.rop.type.Prototype::compareTo (9 bytes)
Event: 0.933 Thread 0x0000000017121800 nmethod 1414 0x0000000002be7310 code [0x0000000002be7480, 0x0000000002be7768]
Event: 0.933 Thread 0x0000000017121800 1416       1       com.android.dx.dex.file.MemberIdItem::getRef (5 bytes)
Event: 0.933 Thread 0x0000000017121800 nmethod 1416 0x0000000002be7810 code [0x0000000002be7960, 0x0000000002be7a70]
Event: 0.933 Thread 0x0000000017121800 1415       3       com.android.dx.util.ByteArray::<init> (9 bytes)
Event: 0.933 Thread 0x0000000017121800 nmethod 1415 0x0000000002be7ad0 code [0x0000000002be7c40, 0x0000000002be7dc8]
Event: 0.933 Thread 0x0000000017121800 1417       1       com.android.dx.dex.file.DexFile::getProtoIds (5 bytes)
Event: 0.933 Thread 0x0000000017121800 nmethod 1417 0x0000000002be7e90 code [0x0000000002be7fe0, 0x0000000002be80f0]

GC Heap History (2 events):
Event: 0.826 GC heap before
{Heap before GC invocations=1 (full 0):
 PSYoungGen      total 57344K, used 49152K [0x00000000eab00000, 0x00000000eeb00000, 0x0000000100000000)
  eden space 49152K, 100% used [0x00000000eab00000,0x00000000edb00000,0x00000000edb00000)
  from space 8192K, 0% used [0x00000000ee300000,0x00000000ee300000,0x00000000eeb00000)
  to   space 8192K, 0% used [0x00000000edb00000,0x00000000edb00000,0x00000000ee300000)
 ParOldGen       total 131072K, used 0K [0x00000000c0000000, 0x00000000c8000000, 0x00000000eab00000)
  object space 131072K, 0% used [0x00000000c0000000,0x00000000c0000000,0x00000000c8000000)
 Metaspace       used 6123K, capacity 6966K, committed 7040K, reserved 1056768K
  class space    used 607K, capacity 622K, committed 640K, reserved 1048576K
Event: 0.870 GC heap after
Heap after GC invocations=1 (full 0):
 PSYoungGen      total 57344K, used 8177K [0x00000000eab00000, 0x00000000eeb00000, 0x0000000100000000)
  eden space 49152K, 0% used [0x00000000eab00000,0x00000000eab00000,0x00000000edb00000)
  from space 8192K, 99% used [0x00000000edb00000,0x00000000ee2fc4d0,0x00000000ee300000)
  to   space 8192K, 0% used [0x00000000ee300000,0x00000000ee300000,0x00000000eeb00000)
 ParOldGen       total 131072K, used 983K [0x00000000c0000000, 0x00000000c8000000, 0x00000000eab00000)
  object space 131072K, 0% used [0x00000000c0000000,0x00000000c00f5eb0,0x00000000c8000000)
 Metaspace       used 6123K, capacity 6966K, committed 7040K, reserved 1056768K
  class space    used 607K, capacity 622K, committed 640K, reserved 1048576K
}

Deoptimization events (10 events):
Event: 0.898 Thread 0x000000000259e000 Uncommon trap: reason=class_check action=maybe_recompile pc=0x0000000002a30ef4 method=java.util.Arrays.hashCode([Ljava/lang/Object;)I @ 43
Event: 0.902 Thread 0x000000000259e000 Uncommon trap: reason=bimorphic action=maybe_recompile pc=0x0000000002947594 method=java.util.HashMap.getNode(ILjava/lang/Object;)Ljava/util/HashMap$Node; @ 126
Event: 0.902 Thread 0x000000000259e000 Uncommon trap: reason=bimorphic action=maybe_recompile pc=0x0000000002947594 method=java.util.HashMap.getNode(ILjava/lang/Object;)Ljava/util/HashMap$Node; @ 126
Event: 0.902 Thread 0x000000000259e000 Uncommon trap: reason=bimorphic action=maybe_recompile pc=0x0000000002947594 method=java.util.HashMap.getNode(ILjava/lang/Object;)Ljava/util/HashMap$Node; @ 126
Event: 0.902 Thread 0x000000000259e000 Uncommon trap: reason=bimorphic action=maybe_recompile pc=0x0000000002947594 method=java.util.HashMap.getNode(ILjava/lang/Object;)Ljava/util/HashMap$Node; @ 126
Event: 0.904 Thread 0x000000000259e000 Uncommon trap: reason=class_check action=maybe_recompile pc=0x0000000002a78668 method=java.util.HashMap.putVal(ILjava/lang/Object;Ljava/lang/Object;ZZ)Ljava/lang/Object; @ 203
Event: 0.905 Thread 0x000000000259e000 Uncommon trap: reason=class_check action=maybe_recompile pc=0x0000000002a78668 method=java.util.HashMap.putVal(ILjava/lang/Object;Ljava/lang/Object;ZZ)Ljava/lang/Object; @ 203
Event: 0.912 Thread 0x000000000259e000 Uncommon trap: reason=class_check action=maybe_recompile pc=0x0000000002a78668 method=java.util.HashMap.putVal(ILjava/lang/Object;Ljava/lang/Object;ZZ)Ljava/lang/Object; @ 203
Event: 0.916 Thread 0x000000000259e000 Uncommon trap: reason=class_check action=maybe_recompile pc=0x0000000002a78668 method=java.util.HashMap.putVal(ILjava/lang/Object;Ljava/lang/Object;ZZ)Ljava/lang/Object; @ 203
Event: 0.919 Thread 0x000000000259e000 Uncommon trap: reason=class_check action=maybe_recompile pc=0x0000000002a6b454 method=java.util.HashMap.putVal(ILjava/lang/Object;Ljava/lang/Object;ZZ)Ljava/lang/Object; @ 203

Internal exceptions (3 events):
Event: 0.069 Thread 0x000000000259e000 Exception <a 'java/lang/NoSuchMethodError': Method sun.misc.Unsafe.defineClass(Ljava/lang/String;[BII)Ljava/lang/Class; name or signature does not match> (0x00000000eab07cc0) thrown at [D:\re\workspace\8-2-build-windows-amd64-cygwin\jdk8u92\6642\hotspot\sr+ÛÅô¨±?
Event: 0.069 Thread 0x000000000259e000 Exception <a 'java/lang/NoSuchMethodError': Method sun.misc.Unsafe.prefetchRead(Ljava/lang/Object;J)V name or signature does not match> (0x00000000eab07fa8) thrown at [D:\re\workspace\8-2-build-windows-amd64-cygwin\jdk8u92\6642\hotspot\src\share\vm\prims\j‘¶wø‰?
Event: 0.648 Thread 0x00000000172e6800 Implicit null exception at 0x0000000002953b6e to 0x0000000002955339

Events (10 events):
Event: 0.912 Thread 0x000000000259e000 DEOPT PACKING pc=0x0000000002a78668 sp=0x00000000024ceda0
Event: 0.912 Thread 0x000000000259e000 DEOPT UNPACKING pc=0x00000000026e582a sp=0x00000000024cecb0 mode 2
Event: 0.916 Thread 0x000000000259e000 Uncommon trap: trap_request=0xffffffde fr.pc=0x0000000002a78668
Event: 0.918 Thread 0x000000000259e000 DEOPT PACKING pc=0x0000000002a78668 sp=0x00000000024ced50
Event: 0.919 Thread 0x000000000259e000 DEOPT UNPACKING pc=0x00000000026e582a sp=0x00000000024cec60 mode 2
Event: 0.919 Thread 0x000000000259e000 Uncommon trap: trap_request=0xffffffde fr.pc=0x0000000002a6b454
Event: 0.919 Thread 0x000000000259e000 DEOPT PACKING pc=0x0000000002a6b454 sp=0x00000000024ceca0
Event: 0.919 Thread 0x000000000259e000 DEOPT UNPACKING pc=0x00000000026e582a sp=0x00000000024cec58 mode 2
Event: 0.931 loading class com/android/dx/dex/file/ProtoIdItem
Event: 0.931 loading class com/android/dx/dex/file/ProtoIdItem done


Dynamic libraries:
0x00007ff6e5d30000 - 0x00007ff6e5d67000 	C:\Program Files\Java\jdk1.8.0_92\bin\java.exe
0x00007ffd25520000 - 0x00007ffd256e1000 	C:\WINDOWS\SYSTEM32\ntdll.dll
0x00007ffd22920000 - 0x00007ffd229cd000 	C:\WINDOWS\system32\KERNEL32.DLL
0x00007ffd21ed0000 - 0x00007ffd220b8000 	C:\WINDOWS\system32\KERNELBASE.dll
0x00007ffd20330000 - 0x00007ffd203a9000 	C:\WINDOWS\system32\apphelp.dll
0x00007ffd24e90000 - 0x00007ffd24f37000 	C:\WINDOWS\system32\ADVAPI32.dll
0x00007ffd247c0000 - 0x00007ffd2485d000 	C:\WINDOWS\system32\msvcrt.dll
0x00007ffd24e30000 - 0x00007ffd24e8b000 	C:\WINDOWS\system32\sechost.dll
0x00007ffd24d10000 - 0x00007ffd24e2c000 	C:\WINDOWS\system32\RPCRT4.dll
0x00007ffd24500000 - 0x00007ffd24656000 	C:\WINDOWS\system32\USER32.dll
0x00007ffd24240000 - 0x00007ffd243c6000 	C:\WINDOWS\system32\GDI32.dll
0x00007ffd125d0000 - 0x00007ffd12844000 	C:\WINDOWS\WinSxS\amd64_microsoft.windows.common-controls_6595b64144ccf1df_6.0.10586.0_none_8c15ae12515e1c22\COMCTL32.dll
0x00007ffd252a0000 - 0x00007ffd2551d000 	C:\WINDOWS\system32\combase.dll
0x00007ffd228b0000 - 0x00007ffd2291a000 	C:\WINDOWS\system32\bcryptPrimitives.dll
0x00007ffd25260000 - 0x00007ffd2529b000 	C:\WINDOWS\system32\IMM32.DLL
0x000000006c720000 - 0x000000006c7f2000 	C:\Program Files\Java\jdk1.8.0_92\jre\bin\msvcr100.dll
0x000000006cbb0000 - 0x000000006d446000 	C:\Program Files\Java\jdk1.8.0_92\jre\bin\server\jvm.dll
0x00007ffd229d0000 - 0x00007ffd229d8000 	C:\WINDOWS\system32\PSAPI.DLL
0x00007ffd16d10000 - 0x00007ffd16d19000 	C:\WINDOWS\SYSTEM32\WSOCK32.dll
0x00007ffd24860000 - 0x00007ffd248cb000 	C:\WINDOWS\system32\WS2_32.dll
0x00007ffd1fd70000 - 0x00007ffd1fd93000 	C:\WINDOWS\SYSTEM32\WINMM.dll
0x00007ffd13f70000 - 0x00007ffd13f7a000 	C:\WINDOWS\SYSTEM32\VERSION.dll
0x00007ffd1fbb0000 - 0x00007ffd1fbdc000 	C:\WINDOWS\SYSTEM32\WINMMBASE.dll
0x00007ffd22150000 - 0x00007ffd22193000 	C:\WINDOWS\system32\cfgmgr32.dll
0x000000006de60000 - 0x000000006de6f000 	C:\Program Files\Java\jdk1.8.0_92\jre\bin\verify.dll
0x000000006de30000 - 0x000000006de59000 	C:\Program Files\Java\jdk1.8.0_92\jre\bin\java.dll
0x000000006de10000 - 0x000000006de26000 	C:\Program Files\Java\jdk1.8.0_92\jre\bin\zip.dll
0x00007ffd22a90000 - 0x00007ffd23fec000 	C:\WINDOWS\system32\SHELL32.dll
0x00007ffd221a0000 - 0x00007ffd227e4000 	C:\WINDOWS\system32\windows.storage.dll
0x00007ffd243d0000 - 0x00007ffd24422000 	C:\WINDOWS\system32\shlwapi.dll
0x00007ffd21b40000 - 0x00007ffd21b4f000 	C:\WINDOWS\system32\kernel.appcore.dll
0x00007ffd227f0000 - 0x00007ffd228a5000 	C:\WINDOWS\system32\shcore.dll
0x00007ffd21b50000 - 0x00007ffd21b9b000 	C:\WINDOWS\system32\powrprof.dll
0x00007ffd21bb0000 - 0x00007ffd21bc4000 	C:\WINDOWS\system32\profapi.dll

VM Arguments:
jvm_args: -Djava.awt.headless=true -Xmx1024M -Dfile.encoding=GBK -Duser.country=CN -Duser.language=zh -Duser.variant 
java_command: com.android.dx.command.Main --dex --force-jumbo --num-threads=4 --output C:\Users\Wicker\Documents\GitHub_Clone\shopping\Shopping2\Shopping\app\build\intermediates\pre-dexed\debug\com.google.android.gms-play-services-base-8.4.0_80e590bd8dd014305b699afbc0e61492a3d95693.jar C:\Users\Wicker\Documents\GitHub_Clone\shopping\Shopping2\Shopping\app\build\intermediates\exploded-aar\com.google.android.gms\play-services-base\8.4.0\jars\classes.jar
java_class_path (initial): D:\Android\Sdk\build-tools\23.0.3\lib\dx.jar
Launcher Type: SUN_STANDARD

Environment Variables:
JAVA_HOME=C:\Program Files\Java\jdk1.8.0_92
CLASSPATH=.C:\Program Files\Java\jdk1.8.0_92\lib;C:\Program Files\Java\jdk1.8.0_92\lib\tools.jar;
PATH=C:\ProgramData\Oracle\Java\javapath;C:\Program Files (x86)\Common Files\Intel\Shared Libraries\redist\intel64\compiler;C:\WINDOWS\system32;C:\WINDOWS;C:\WINDOWS\System32\Wbem;C:\WINDOWS\System32\WindowsPowerShell\v1.0\;C:\Program Files (x86)\QuickTime\QTSystem\;C:\Program Files\Java\jdk1.7.0_80\bin;C:\Users\Wicker\.dnx\bin;C:\Program Files\Microsoft DNX\Dnvm\;C:\Program Files (x86)\Windows Kits\8.1\Windows Performance Toolkit\;C:\Program Files (x86)\NVIDIA Corporation\PhysX\Common;D:\opencv\build\x86\mingw\bin;D:\opencv\build\x86\vc10\bin;D:\opencv\build\x64\mingw\bin;D:\opencv\build\x64\vc10\bin;D:\gradle-2.10-all\gradle-2.10\bin
USERNAME=Wicker
OS=Windows_NT
PROCESSOR_IDENTIFIER=Intel64 Family 6 Model 60 Stepping 3, GenuineIntel



---------------  S Y S T E M  ---------------

OS: Windows 10.0 , 64 bit Build 10586 (10.0.10586.0)

CPU:total 8 (4 cores per cpu, 2 threads per core) family 6 model 60 stepping 3, cmov, cx8, fxsr, mmx, sse, sse2, sse3, ssse3, sse4.1, sse4.2, popcnt, avx, avx2, aes, clmul, erms, lzcnt, ht, tsc, tscinvbit, bmi1, bmi2

Memory: 4k page, physical 12500872k(2926716k free), swap 13287304k(5128k free)

vm_info: Java HotSpot(TM) 64-Bit Server VM (25.92-b14) for windows-amd64 JRE (1.8.0_92-b14), built on Mar 31 2016 21:03:04 by "java_re" with MS VC++ 10.0 (VS2010)

time: Tue Jun 14 23:47:34 2016
elapsed time: 0 seconds (0d 0h 0m 0s)

