#
# There is insufficient memory for the Java Runtime Environment to continue.
# Native memory allocation (malloc) failed to allocate 594816 bytes for Chunk::new
# Possible reasons:
#   The system is out of physical RAM or swap space
#   In 32 bit mode, the process size limit was hit
# Possible solutions:
#   Reduce memory load on the system
#   Increase physical memory or swap space
#   Check if swap backing store is full
#   Use 64 bit Java on a 64 bit OS
#   Decrease Java heap size (-Xmx/-Xms)
#   Decrease number of Java threads
#   Decrease Java thread stack sizes (-Xss)
#   Set larger code cache with -XX:ReservedCodeCacheSize=
# This output file may be truncated or incomplete.
#
#  Out of Memory Error (allocation.cpp:390), pid=15736, tid=0x0000000000002300
#
# JRE version: Java(TM) SE Runtime Environment (8.0_92-b14) (build 1.8.0_92-b14)
# Java VM: Java HotSpot(TM) 64-Bit Server VM (25.92-b14 mixed mode windows-amd64 compressed oops)
# Failed to write core dump. Minidumps are not enabled by default on client versions of Windows
#

---------------  T H R E A D  ---------------

Current thread (0x0000000017155800):  JavaThread "C2 CompilerThread2" daemon [_thread_in_native, id=8960, stack(0x0000000017a20000,0x0000000017b20000)]

Stack: [0x0000000017a20000,0x0000000017b20000]
[error occurred during error reporting (printing stack bounds), id 0xc0000005]

Native frames: (J=compiled Java code, j=interpreted, Vv=VM code, C=native code)


Current CompileTask:
C2:   6718 1999       4       com.android.dx.ssa.SCCP::simulatePhi (169 bytes)


---------------  P R O C E S S  ---------------

Java Threads: ( => current thread )
  0x00000000173f3800 JavaThread "pool-1-thread-4" [_thread_blocked, id=27988, stack(0x0000000018220000,0x0000000018320000)]
  0x00000000173c7800 JavaThread "pool-1-thread-3" [_thread_blocked, id=80236, stack(0x0000000018120000,0x0000000018220000)]
  0x00000000172b0000 JavaThread "pool-1-thread-2" [_thread_blocked, id=66452, stack(0x0000000018020000,0x0000000018120000)]
  0x00000000172a3800 JavaThread "pool-2-thread-1" [_thread_blocked, id=10144, stack(0x0000000017f20000,0x0000000018020000)]
  0x00000000172a3000 JavaThread "pool-1-thread-1" [_thread_blocked, id=28616, stack(0x0000000017e20000,0x0000000017f20000)]
  0x00000000171ef000 JavaThread "Service Thread" daemon [_thread_blocked, id=808, stack(0x0000000017c20000,0x0000000017d20000)]
  0x0000000017160000 JavaThread "C1 CompilerThread3" daemon [_thread_blocked, id=76392, stack(0x0000000017b20000,0x0000000017c20000)]
=>0x0000000017155800 JavaThread "C2 CompilerThread2" daemon [_thread_in_native, id=8960, stack(0x0000000017a20000,0x0000000017b20000)]
  0x0000000017151000 JavaThread "C2 CompilerThread1" daemon [_thread_in_native, id=10224, stack(0x0000000017920000,0x0000000017a20000)]
  0x000000001714b000 JavaThread "C2 CompilerThread0" daemon [_thread_in_native, id=83124, stack(0x0000000017820000,0x0000000017920000)]
  0x0000000017143800 JavaThread "Attach Listener" daemon [_thread_blocked, id=9540, stack(0x0000000017720000,0x0000000017820000)]
  0x00000000170f7800 JavaThread "Signal Dispatcher" daemon [_thread_blocked, id=8164, stack(0x0000000017620000,0x0000000017720000)]
  0x00000000170e0800 JavaThread "Finalizer" daemon [_thread_blocked, id=7872, stack(0x00000000174c0000,0x00000000175c0000)]
  0x00000000026b9000 JavaThread "Reference Handler" daemon [_thread_blocked, id=77584, stack(0x0000000016fc0000,0x00000000170c0000)]
  0x00000000024be000 JavaThread "main" [_thread_in_native, id=77804, stack(0x00000000024c0000,0x00000000025c0000)]

Other Threads:
  0x00000000151d9000 VMThread [stack: 0x0000000016ec0000,0x0000000016fc0000] [id=7928]
  0x000000001725a800 WatcherThread [stack: 0x0000000017d20000,0x0000000017e20000] [id=9144]

VM state:not at safepoint (normal execution)

VM Mutex/Monitor currently owned by a thread: None

Heap:
 PSYoungGen      total 204800K, used 11910K [0x00000000eab00000, 0x0000000100000000, 0x0000000100000000)
  eden space 196608K, 6% used [0x00000000eab00000,0x00000000eb6a1a88,0x00000000f6b00000)
  from space 8192K, 0% used [0x00000000f6b00000,0x00000000f6b00000,0x00000000f7300000)
  to   space 51712K, 0% used [0x00000000fcd80000,0x00000000fcd80000,0x0000000100000000)
 ParOldGen       total 197120K, used 71464K [0x00000000c0000000, 0x00000000cc080000, 0x00000000eab00000)
  object space 197120K, 36% used [0x00000000c0000000,0x00000000c45ca3f0,0x00000000cc080000)
 Metaspace       used 6158K, capacity 7152K, committed 7296K, reserved 1056768K
  class space    used 583K, capacity 616K, committed 640K, reserved 1048576K

Card table byte_map: [0x0000000011a80000,0x0000000011c90000] byte_map_base: 0x0000000011480000

Marking Bits: (ParMarkBitMap*) 0x000000006d3c64f0
 Begin Bits: [0x00000000125f0000, 0x00000000135f0000)
 End Bits:   [0x00000000135f0000, 0x00000000145f0000)

Polling page: 0x0000000002410000

CodeCache: size=245760Kb used=9595Kb max_used=9608Kb free=236164Kb
 bounds [0x00000000026c0000, 0x0000000003030000, 0x00000000116c0000]
 total_blobs=2327 nmethods=2062 adapters=177
 compilation: enabled

Compilation events (10 events):
Event: 5.099 Thread 0x0000000017155800 nmethod 1936% 0x0000000002fdc710 code [0x0000000002fdcde0, 0x0000000002fe2dd8]
Event: 5.100 Thread 0x0000000017155800 1999       4       com.android.dx.ssa.SCCP::simulatePhi (169 bytes)
Event: 5.121 Thread 0x0000000017160000 2097       2       com.android.dx.ssa.SetFactory::makeLivenessSet (26 bytes)
Event: 5.122 Thread 0x0000000017160000 nmethod 2097 0x0000000002fce2d0 code [0x0000000002fce480, 0x0000000002fce938]
Event: 5.138 Thread 0x000000001714b000 nmethod 2011 0x0000000002fd70d0 code [0x0000000002fd73a0, 0x0000000002fd9420]
Event: 5.138 Thread 0x000000001714b000 2007       4       com.android.dx.ssa.SCCP::simulateBranch (666 bytes)
Event: 6.403 Thread 0x0000000017160000 2106       2       java.io.FileInputStream::finalize (22 bytes)
Event: 6.404 Thread 0x0000000017160000 nmethod 2106 0x0000000002fcdf50 code [0x0000000002fce0c0, 0x0000000002fce248]
Event: 6.407 Thread 0x000000001714b000 nmethod 2007 0x0000000002ffa990 code [0x0000000002ffacc0, 0x0000000002ffcea0]
Event: 6.408 Thread 0x000000001714b000 2098 %     4       com.android.dx.ssa.back.IdenticalBlockCombiner::process @ 161 (323 bytes)

GC Heap History (10 events):
Event: 3.866 GC heap before
{Heap before GC invocations=2 (full 0):
 PSYoungGen      total 57344K, used 57329K [0x00000000eab00000, 0x00000000f1b00000, 0x0000000100000000)
  eden space 49152K, 100% used [0x00000000eab00000,0x00000000edb00000,0x00000000edb00000)
  from space 8192K, 99% used [0x00000000edb00000,0x00000000ee2fc728,0x00000000ee300000)
  to   space 8192K, 0% used [0x00000000f1300000,0x00000000f1300000,0x00000000f1b00000)
 ParOldGen       total 131072K, used 1234K [0x00000000c0000000, 0x00000000c8000000, 0x00000000eab00000)
  object space 131072K, 0% used [0x00000000c0000000,0x00000000c0134800,0x00000000c8000000)
 Metaspace       used 5945K, capacity 6960K, committed 7040K, reserved 1056768K
  class space    used 579K, capacity 616K, committed 640K, reserved 1048576K
Event: 3.882 GC heap after
Heap after GC invocations=2 (full 0):
 PSYoungGen      total 106496K, used 8190K [0x00000000eab00000, 0x00000000f1b00000, 0x0000000100000000)
  eden space 98304K, 0% used [0x00000000eab00000,0x00000000eab00000,0x00000000f0b00000)
  from space 8192K, 99% used [0x00000000f1300000,0x00000000f1aff938,0x00000000f1b00000)
  to   space 8192K, 0% used [0x00000000f0b00000,0x00000000f0b00000,0x00000000f1300000)
 ParOldGen       total 131072K, used 8630K [0x00000000c0000000, 0x00000000c8000000, 0x00000000eab00000)
  object space 131072K, 6% used [0x00000000c0000000,0x00000000c086daa8,0x00000000c8000000)
 Metaspace       used 5945K, capacity 6960K, committed 7040K, reserved 1056768K
  class space    used 579K, capacity 616K, committed 640K, reserved 1048576K
}
Event: 4.117 GC heap before
{Heap before GC invocations=3 (full 0):
 PSYoungGen      total 106496K, used 106494K [0x00000000eab00000, 0x00000000f1b00000, 0x0000000100000000)
  eden space 98304K, 100% used [0x00000000eab00000,0x00000000f0b00000,0x00000000f0b00000)
  from space 8192K, 99% used [0x00000000f1300000,0x00000000f1aff938,0x00000000f1b00000)
  to   space 8192K, 0% used [0x00000000f0b00000,0x00000000f0b00000,0x00000000f1300000)
 ParOldGen       total 131072K, used 8630K [0x00000000c0000000, 0x00000000c8000000, 0x00000000eab00000)
  object space 131072K, 6% used [0x00000000c0000000,0x00000000c086daa8,0x00000000c8000000)
 Metaspace       used 6067K, capacity 7088K, committed 7296K, reserved 1056768K
  class space    used 579K, capacity 616K, committed 640K, reserved 1048576K
Event: 4.166 GC heap after
Heap after GC invocations=3 (full 0):
 PSYoungGen      total 106496K, used 8180K [0x00000000eab00000, 0x00000000f7b00000, 0x0000000100000000)
  eden space 98304K, 0% used [0x00000000eab00000,0x00000000eab00000,0x00000000f0b00000)
  from space 8192K, 99% used [0x00000000f0b00000,0x00000000f12fd338,0x00000000f1300000)
  to   space 8192K, 0% used [0x00000000f7300000,0x00000000f7300000,0x00000000f7b00000)
 ParOldGen       total 131072K, used 24604K [0x00000000c0000000, 0x00000000c8000000, 0x00000000eab00000)
  object space 131072K, 18% used [0x00000000c0000000,0x00000000c1807258,0x00000000c8000000)
 Metaspace       used 6067K, capacity 7088K, committed 7296K, reserved 1056768K
  class space    used 579K, capacity 616K, committed 640K, reserved 1048576K
}
Event: 4.551 GC heap before
{Heap before GC invocations=4 (full 0):
 PSYoungGen      total 106496K, used 106484K [0x00000000eab00000, 0x00000000f7b00000, 0x0000000100000000)
  eden space 98304K, 100% used [0x00000000eab00000,0x00000000f0b00000,0x00000000f0b00000)
  from space 8192K, 99% used [0x00000000f0b00000,0x00000000f12fd338,0x00000000f1300000)
  to   space 8192K, 0% used [0x00000000f7300000,0x00000000f7300000,0x00000000f7b00000)
 ParOldGen       total 131072K, used 24604K [0x00000000c0000000, 0x00000000c8000000, 0x00000000eab00000)
  object space 131072K, 18% used [0x00000000c0000000,0x00000000c1807258,0x00000000c8000000)
 Metaspace       used 6123K, capacity 7088K, committed 7296K, reserved 1056768K
  class space    used 583K, capacity 616K, committed 640K, reserved 1048576K
Event: 4.575 GC heap after
Heap after GC invocations=4 (full 0):
 PSYoungGen      total 204800K, used 8177K [0x00000000eab00000, 0x00000000f7b00000, 0x0000000100000000)
  eden space 196608K, 0% used [0x00000000eab00000,0x00000000eab00000,0x00000000f6b00000)
  from space 8192K, 99% used [0x00000000f7300000,0x00000000f7afc678,0x00000000f7b00000)
  to   space 8192K, 0% used [0x00000000f6b00000,0x00000000f6b00000,0x00000000f7300000)
 ParOldGen       total 131072K, used 53284K [0x00000000c0000000, 0x00000000c8000000, 0x00000000eab00000)
  object space 131072K, 40% used [0x00000000c0000000,0x00000000c3409358,0x00000000c8000000)
 Metaspace       used 6123K, capacity 7088K, committed 7296K, reserved 1056768K
  class space    used 583K, capacity 616K, committed 640K, reserved 1048576K
}
Event: 5.220 GC heap before
{Heap before GC invocations=5 (full 0):
 PSYoungGen      total 204800K, used 204785K [0x00000000eab00000, 0x00000000f7b00000, 0x0000000100000000)
  eden space 196608K, 100% used [0x00000000eab00000,0x00000000f6b00000,0x00000000f6b00000)
  from space 8192K, 99% used [0x00000000f7300000,0x00000000f7afc678,0x00000000f7b00000)
  to   space 8192K, 0% used [0x00000000f6b00000,0x00000000f6b00000,0x00000000f7300000)
 ParOldGen       total 131072K, used 53284K [0x00000000c0000000, 0x00000000c8000000, 0x00000000eab00000)
  object space 131072K, 40% used [0x00000000c0000000,0x00000000c3409358,0x00000000c8000000)
 Metaspace       used 6153K, capacity 7152K, committed 7296K, reserved 1056768K
  class space    used 583K, capacity 616K, committed 640K, reserved 1048576K
Event: 5.325 GC heap after
Heap after GC invocations=5 (full 0):
 PSYoungGen      total 204800K, used 8164K [0x00000000eab00000, 0x0000000100000000, 0x0000000100000000)
  eden space 196608K, 0% used [0x00000000eab00000,0x00000000eab00000,0x00000000f6b00000)
  from space 8192K, 99% used [0x00000000f6b00000,0x00000000f72f9390,0x00000000f7300000)
  to   space 51712K, 0% used [0x00000000fcd80000,0x00000000fcd80000,0x0000000100000000)
 ParOldGen       total 131072K, used 87902K [0x00000000c0000000, 0x00000000c8000000, 0x00000000eab00000)
  object space 131072K, 67% used [0x00000000c0000000,0x00000000c55d7ae0,0x00000000c8000000)
 Metaspace       used 6153K, capacity 7152K, committed 7296K, reserved 1056768K
  class space    used 583K, capacity 616K, committed 640K, reserved 1048576K
}
Event: 5.325 GC heap before
{Heap before GC invocations=6 (full 1):
 PSYoungGen      total 204800K, used 8164K [0x00000000eab00000, 0x0000000100000000, 0x0000000100000000)
  eden space 196608K, 0% used [0x00000000eab00000,0x00000000eab00000,0x00000000f6b00000)
  from space 8192K, 99% used [0x00000000f6b00000,0x00000000f72f9390,0x00000000f7300000)
  to   space 51712K, 0% used [0x00000000fcd80000,0x00000000fcd80000,0x0000000100000000)
 ParOldGen       total 131072K, used 87902K [0x00000000c0000000, 0x00000000c8000000, 0x00000000eab00000)
  object space 131072K, 67% used [0x00000000c0000000,0x00000000c55d7ae0,0x00000000c8000000)
 Metaspace       used 6153K, capacity 7152K, committed 7296K, reserved 1056768K
  class space    used 583K, capacity 616K, committed 640K, reserved 1048576K
Event: 6.391 GC heap after
Heap after GC invocations=6 (full 1):
 PSYoungGen      total 204800K, used 0K [0x00000000eab00000, 0x0000000100000000, 0x0000000100000000)
  eden space 196608K, 0% used [0x00000000eab00000,0x00000000eab00000,0x00000000f6b00000)
  from space 8192K, 0% used [0x00000000f6b00000,0x00000000f6b00000,0x00000000f7300000)
  to   space 51712K, 0% used [0x00000000fcd80000,0x00000000fcd80000,0x0000000100000000)
 ParOldGen       total 197120K, used 71464K [0x00000000c0000000, 0x00000000cc080000, 0x00000000eab00000)
  object space 197120K, 36% used [0x00000000c0000000,0x00000000c45ca3f0,0x00000000cc080000)
 Metaspace       used 6153K, capacity 7152K, committed 7296K, reserved 1056768K
  class space    used 583K, capacity 616K, committed 640K, reserved 1048576K
}

Deoptimization events (10 events):
Event: 4.606 Thread 0x00000000172a3000 Uncommon trap: reason=class_check action=maybe_recompile pc=0x0000000002ddd8f8 method=com.android.dx.ssa.SsaConverter.placePhiFunctions(Lcom/android/dx/ssa/SsaMethod;Lcom/android/dx/ssa/LocalVariableInfo;I)V @ 257
Event: 4.629 Thread 0x00000000173c7800 Uncommon trap: reason=class_check action=maybe_recompile pc=0x0000000002d63024 method=com.android.dx.ssa.SsaConverter.placePhiFunctions(Lcom/android/dx/ssa/SsaMethod;Lcom/android/dx/ssa/LocalVariableInfo;I)V @ 257
Event: 4.704 Thread 0x00000000172b0000 Uncommon trap: reason=unstable_if action=reinterpret pc=0x0000000002e5fc5c method=com.android.dx.cf.code.BasicBlocker.getBlockList()Lcom/android/dx/cf/code/ByteBlockList; @ 70
Event: 4.710 Thread 0x00000000172b0000 Uncommon trap: reason=class_check action=maybe_recompile pc=0x0000000002b99bc0 method=com.android.dx.cf.code.BaseMachine.getLocalTarget(Z)Lcom/android/dx/rop/code/RegisterSpec; @ 70
Event: 4.711 Thread 0x00000000172b0000 Uncommon trap: reason=class_check action=maybe_recompile pc=0x0000000002b82404 method=com.android.dx.cf.code.BaseMachine.getLocalTarget(Z)Lcom/android/dx/rop/code/RegisterSpec; @ 70
Event: 4.711 Thread 0x00000000172b0000 Uncommon trap: reason=unstable_if action=reinterpret pc=0x0000000002e566e8 method=com.android.dx.cf.code.LocalVariableList$Item.matchesPcAndIndex(II)Z @ 26
Event: 4.843 Thread 0x00000000024be000 Uncommon trap: reason=bimorphic action=maybe_recompile pc=0x0000000002aff494 method=java.util.HashMap.getNode(ILjava/lang/Object;)Ljava/util/HashMap$Node; @ 126
Event: 4.843 Thread 0x00000000024be000 Uncommon trap: reason=unstable_if action=reinterpret pc=0x0000000002c40ff0 method=com.android.dx.ssa.back.FirstFitLocalCombiningAllocator.getAlignment(I)Lcom/android/dx/ssa/back/FirstFitLocalCombiningAllocator$Alignment; @ 16
Event: 4.844 Thread 0x00000000024be000 Uncommon trap: reason=unstable_if action=reinterpret pc=0x0000000002e5998c method=com.android.dx.ssa.back.IdenticalBlockCombiner.process()Lcom/android/dx/rop/code/RopMethod; @ 197
Event: 4.896 Thread 0x00000000173f3800 Uncommon trap: reason=bimorphic action=maybe_recompile pc=0x0000000002aff494 method=java.util.HashMap.getNode(ILjava/lang/Object;)Ljava/util/HashMap$Node; @ 126

Internal exceptions (2 events):
Event: 0.033 Thread 0x00000000024be000 Exception <a 'java/lang/NoSuchMethodError': Method sun.misc.Unsafe.defineClass(Ljava/lang/String;[BII)Ljava/lang/Class; name or signature does not match> (0x00000000eab07cc0) thrown at [D:\re\workspace\8-2-build-windows-amd64-cygwin\jdk8u92\6642\hotspot\srà›1ª°ö ?
Event: 0.033 Thread 0x00000000024be000 Exception <a 'java/lang/NoSuchMethodError': Method sun.misc.Unsafe.prefetchRead(Ljava/lang/Object;J)V name or signature does not match> (0x00000000eab07fa8) thrown at [D:\re\workspace\8-2-build-windows-amd64-cygwin\jdk8u92\6642\hotspot\src\share\vm\prims\j

Events (10 events):
Event: 6.403 Executing VM operation: RevokeBias
Event: 6.403 Executing VM operation: RevokeBias done
Event: 6.403 Executing VM operation: RevokeBias
Event: 6.403 Executing VM operation: RevokeBias done
Event: 6.403 Executing VM operation: RevokeBias
Event: 6.403 Executing VM operation: RevokeBias done
Event: 6.403 Executing VM operation: RevokeBias
Event: 6.403 Executing VM operation: RevokeBias done
Event: 6.403 Executing VM operation: BulkRevokeBias
Event: 6.403 Executing VM operation: BulkRevokeBias done


Dynamic libraries:
0x00007ff6e5d30000 - 0x00007ff6e5d67000 	C:\Program Files\Java\jdk1.8.0_92\bin\java.exe
0x00007ffd25520000 - 0x00007ffd256e1000 	C:\WINDOWS\SYSTEM32\ntdll.dll
0x00007ffd22920000 - 0x00007ffd229cd000 	C:\WINDOWS\system32\KERNEL32.DLL
0x00007ffd21ed0000 - 0x00007ffd220b8000 	C:\WINDOWS\system32\KERNELBASE.dll
0x00007ffd20330000 - 0x00007ffd203a9000 	C:\WINDOWS\system32\apphelp.dll
0x00007ffd24e90000 - 0x00007ffd24f37000 	C:\WINDOWS\system32\ADVAPI32.dll
0x00007ffd247c0000 - 0x00007ffd2485d000 	C:\WINDOWS\system32\msvcrt.dll
0x00007ffd24e30000 - 0x00007ffd24e8b000 	C:\WINDOWS\system32\sechost.dll
0x00007ffd24d10000 - 0x00007ffd24e2c000 	C:\WINDOWS\system32\RPCRT4.dll
0x00007ffd24500000 - 0x00007ffd24656000 	C:\WINDOWS\system32\USER32.dll
0x00007ffd24240000 - 0x00007ffd243c6000 	C:\WINDOWS\system32\GDI32.dll
0x00007ffd125d0000 - 0x00007ffd12844000 	C:\WINDOWS\WinSxS\amd64_microsoft.windows.common-controls_6595b64144ccf1df_6.0.10586.0_none_8c15ae12515e1c22\COMCTL32.dll
0x00007ffd252a0000 - 0x00007ffd2551d000 	C:\WINDOWS\system32\combase.dll
0x00007ffd228b0000 - 0x00007ffd2291a000 	C:\WINDOWS\system32\bcryptPrimitives.dll
0x00007ffd25260000 - 0x00007ffd2529b000 	C:\WINDOWS\system32\IMM32.DLL
0x000000006c720000 - 0x000000006c7f2000 	C:\Program Files\Java\jdk1.8.0_92\jre\bin\msvcr100.dll
0x000000006cbb0000 - 0x000000006d446000 	C:\Program Files\Java\jdk1.8.0_92\jre\bin\server\jvm.dll
0x00007ffd229d0000 - 0x00007ffd229d8000 	C:\WINDOWS\system32\PSAPI.DLL
0x00007ffd16d10000 - 0x00007ffd16d19000 	C:\WINDOWS\SYSTEM32\WSOCK32.dll
0x00007ffd1fd70000 - 0x00007ffd1fd93000 	C:\WINDOWS\SYSTEM32\WINMM.dll
0x00007ffd24860000 - 0x00007ffd248cb000 	C:\WINDOWS\system32\WS2_32.dll
0x00007ffd13f70000 - 0x00007ffd13f7a000 	C:\WINDOWS\SYSTEM32\VERSION.dll
0x00007ffd1fbb0000 - 0x00007ffd1fbdc000 	C:\WINDOWS\SYSTEM32\WINMMBASE.dll
0x00007ffd22150000 - 0x00007ffd22193000 	C:\WINDOWS\system32\cfgmgr32.dll
0x000000006de60000 - 0x000000006de6f000 	C:\Program Files\Java\jdk1.8.0_92\jre\bin\verify.dll
0x000000006de30000 - 0x000000006de59000 	C:\Program Files\Java\jdk1.8.0_92\jre\bin\java.dll
0x000000006de10000 - 0x000000006de26000 	C:\Program Files\Java\jdk1.8.0_92\jre\bin\zip.dll
0x00007ffd22a90000 - 0x00007ffd23fec000 	C:\WINDOWS\system32\SHELL32.dll
0x00007ffd221a0000 - 0x00007ffd227e4000 	C:\WINDOWS\system32\windows.storage.dll
0x00007ffd243d0000 - 0x00007ffd24422000 	C:\WINDOWS\system32\shlwapi.dll
0x00007ffd21b40000 - 0x00007ffd21b4f000 	C:\WINDOWS\system32\kernel.appcore.dll
0x00007ffd227f0000 - 0x00007ffd228a5000 	C:\WINDOWS\system32\shcore.dll
0x00007ffd21b50000 - 0x00007ffd21b9b000 	C:\WINDOWS\system32\powrprof.dll
0x00007ffd21bb0000 - 0x00007ffd21bc4000 	C:\WINDOWS\system32\profapi.dll

VM Arguments:
jvm_args: -Djava.awt.headless=true -Xmx1024M -Dfile.encoding=GBK -Duser.country=CN -Duser.language=zh -Duser.variant 
java_command: com.android.dx.command.Main --dex --force-jumbo --num-threads=4 --output C:\Users\Wicker\Documents\GitHub_Clone\shopping\Shopping2\Shopping\app\build\intermediates\pre-dexed\debug\main_aaa8b64b2eea147d053024e6b6d9e314951dd883.jar C:\Users\Wicker\Documents\GitHub_Clone\shopping\Shopping2\Shopping\app\build\intermediates\transforms\instantRun\debug\folders\1\5\main
java_class_path (initial): D:\Android\Sdk\build-tools\23.0.3\lib\dx.jar
Launcher Type: SUN_STANDARD

Environment Variables:
JAVA_HOME=C:\Program Files\Java\jdk1.8.0_92
CLASSPATH=.C:\Program Files\Java\jdk1.8.0_92\lib;C:\Program Files\Java\jdk1.8.0_92\lib\tools.jar;
PATH=C:\ProgramData\Oracle\Java\javapath;C:\Program Files (x86)\Common Files\Intel\Shared Libraries\redist\intel64\compiler;C:\WINDOWS\system32;C:\WINDOWS;C:\WINDOWS\System32\Wbem;C:\WINDOWS\System32\WindowsPowerShell\v1.0\;C:\Program Files (x86)\QuickTime\QTSystem\;C:\Program Files\Java\jdk1.7.0_80\bin;C:\Users\Wicker\.dnx\bin;C:\Program Files\Microsoft DNX\Dnvm\;C:\Program Files (x86)\Windows Kits\8.1\Windows Performance Toolkit\;C:\Program Files (x86)\NVIDIA Corporation\PhysX\Common;D:\opencv\build\x86\mingw\bin;D:\opencv\build\x86\vc10\bin;D:\opencv\build\x64\mingw\bin;D:\opencv\build\x64\vc10\bin;D:\gradle-2.10-all\gradle-2.10\bin
USERNAME=Wicker
OS=Windows_NT
PROCESSOR_IDENTIFIER=Intel64 Family 6 Model 60 Stepping 3, GenuineIntel



---------------  S Y S T E M  ---------------

OS: Windows 10.0 , 64 bit Build 10586 (10.0.10586.0)

CPU:total 8 (4 cores per cpu, 2 threads per core) family 6 model 60 stepping 3, cmov, cx8, fxsr, mmx, sse, sse2, sse3, ssse3, sse4.1, sse4.2, popcnt, avx, avx2, aes, clmul, erms, lzcnt, ht, tsc, tscinvbit, bmi1, bmi2

Memory: 4k page, physical 12500872k(2424272k free), swap 13287304k(2568k free)

vm_info: Java HotSpot(TM) 64-Bit Server VM (25.92-b14) for windows-amd64 JRE (1.8.0_92-b14), built on Mar 31 2016 21:03:04 by "java_re" with MS VC++ 10.0 (VS2010)

time: Tue Jun 14 22:29:30 2016
elapsed time: 6 seconds (0d 0h 0m 6s)

