#
# There is insufficient memory for the Java Runtime Environment to continue.
# Native memory allocation (malloc) failed to allocate 75056 bytes for Chunk::new
# Possible reasons:
#   The system is out of physical RAM or swap space
#   In 32 bit mode, the process size limit was hit
# Possible solutions:
#   Reduce memory load on the system
#   Increase physical memory or swap space
#   Check if swap backing store is full
#   Use 64 bit Java on a 64 bit OS
#   Decrease Java heap size (-Xmx/-Xms)
#   Decrease number of Java threads
#   Decrease Java thread stack sizes (-Xss)
#   Set larger code cache with -XX:ReservedCodeCacheSize=
# This output file may be truncated or incomplete.
#
#  Out of Memory Error (allocation.cpp:390), pid=9328, tid=0x00000000000028bc
#
# JRE version: Java(TM) SE Runtime Environment (8.0_92-b14) (build 1.8.0_92-b14)
# Java VM: Java HotSpot(TM) 64-Bit Server VM (25.92-b14 mixed mode windows-amd64 compressed oops)
# Failed to write core dump. Minidumps are not enabled by default on client versions of Windows
#

---------------  T H R E A D  ---------------

Current thread (0x000000001514b000):  JavaThread "C2 CompilerThread2" daemon [_thread_in_native, id=10428, stack(0x0000000017920000,0x0000000017a20000)]

Stack: [0x0000000017920000,0x0000000017a20000]
[error occurred during error reporting (printing stack bounds), id 0xc0000005]

Native frames: (J=compiled Java code, j=interpreted, Vv=VM code, C=native code)


Current CompileTask:
C2:   1795  990       4       java.util.HashMap::putVal (300 bytes)


---------------  P R O C E S S  ---------------

Java Threads: ( => current thread )
  0x0000000017154000 JavaThread "Service Thread" daemon [_thread_blocked, id=54704, stack(0x0000000017b20000,0x0000000017c20000)]
  0x00000000170bd800 JavaThread "C1 CompilerThread3" daemon [_thread_in_native, id=7800, stack(0x0000000017a20000,0x0000000017b20000)]
=>0x000000001514b000 JavaThread "C2 CompilerThread2" daemon [_thread_in_native, id=10428, stack(0x0000000017920000,0x0000000017a20000)]
  0x00000000170ae800 JavaThread "C2 CompilerThread1" daemon [_thread_in_native, id=7656, stack(0x0000000017820000,0x0000000017920000)]
  0x00000000170ac000 JavaThread "C2 CompilerThread0" daemon [_thread_in_native, id=10284, stack(0x0000000017720000,0x0000000017820000)]
  0x00000000170a9000 JavaThread "Attach Listener" daemon [_thread_blocked, id=11704, stack(0x0000000017620000,0x0000000017720000)]
  0x000000001705e000 JavaThread "Signal Dispatcher" daemon [_thread_blocked, id=79072, stack(0x0000000017520000,0x0000000017620000)]
  0x000000000261e000 JavaThread "Finalizer" daemon [_thread_blocked, id=67948, stack(0x0000000017420000,0x0000000017520000)]
  0x0000000002617000 JavaThread "Reference Handler" daemon [_thread_blocked, id=81048, stack(0x0000000016f20000,0x0000000017020000)]
  0x00000000007de000 JavaThread "main" [_thread_in_Java, id=43540, stack(0x0000000002320000,0x0000000002420000)]

Other Threads:
  0x0000000015139000 VMThread [stack: 0x0000000016e20000,0x0000000016f20000] [id=61788]
  0x000000001715c000 WatcherThread [stack: 0x0000000017c20000,0x0000000017d20000] [id=8472]

VM state:not at safepoint (normal execution)

VM Mutex/Monitor currently owned by a thread: None

Heap:
 PSYoungGen      total 57344K, used 46233K [0x00000000eab00000, 0x00000000eeb00000, 0x0000000100000000)
  eden space 49152K, 94% used [0x00000000eab00000,0x00000000ed8267d0,0x00000000edb00000)
  from space 8192K, 0% used [0x00000000ee300000,0x00000000ee300000,0x00000000eeb00000)
  to   space 8192K, 0% used [0x00000000edb00000,0x00000000edb00000,0x00000000ee300000)
 ParOldGen       total 131072K, used 0K [0x00000000c0000000, 0x00000000c8000000, 0x00000000eab00000)
  object space 131072K, 0% used [0x00000000c0000000,0x00000000c0000000,0x00000000c8000000)
 Metaspace       used 6050K, capacity 6936K, committed 7168K, reserved 1056768K
  class space    used 610K, capacity 656K, committed 768K, reserved 1048576K

Card table byte_map: [0x00000000119e0000,0x0000000011bf0000] byte_map_base: 0x00000000113e0000

Marking Bits: (ParMarkBitMap*) 0x000000006d3c64f0
 Begin Bits: [0x0000000012550000, 0x0000000013550000)
 End Bits:   [0x0000000013550000, 0x0000000014550000)

Polling page: 0x0000000000790000

CodeCache: size=245760Kb used=3631Kb max_used=3643Kb free=242129Kb
 bounds [0x0000000002620000, 0x00000000029c0000, 0x0000000011620000]
 total_blobs=1229 nmethods=958 adapters=184
 compilation: enabled

Compilation events (10 events):
Event: 1.683 Thread 0x00000000170bd800 nmethod 982 0x00000000029a0f10 code [0x00000000029a1080, 0x00000000029a1208]
Event: 1.683 Thread 0x00000000170bd800  999       3       com.android.dx.ssa.back.FirstFitLocalCombiningAllocator::getAlignment (32 bytes)
Event: 1.683 Thread 0x00000000170bd800 nmethod 999 0x00000000029a0a10 code [0x00000000029a0b80, 0x00000000029a0e50]
Event: 1.683 Thread 0x00000000170bd800  998       3       java.util.BitSet::set (124 bytes)
Event: 1.683 Thread 0x00000000170bd800 nmethod 998 0x00000000029aa250 code [0x00000000029aa420, 0x00000000029aa9e8]
Event: 1.683 Thread 0x00000000170bd800  983       3       com.android.dx.cf.code.ExecutionStack::copy (59 bytes)
Event: 1.684 Thread 0x00000000170bd800 nmethod 983 0x000000000299ff50 code [0x00000000029a0100, 0x00000000029a07b8]
Event: 1.684 Thread 0x00000000170bd800  985       3       com.android.dx.cf.code.BaseMachine::auxType (6 bytes)
Event: 1.684 Thread 0x00000000170bd800 nmethod 985 0x00000000029aadd0 code [0x00000000029aaf20, 0x00000000029ab090]
Event: 1.684 Thread 0x00000000170bd800 1002       3       com.android.dx.util.IntList::shrink (42 bytes)

GC Heap History (0 events):
No events

Deoptimization events (2 events):
Event: 1.359 Thread 0x00000000007de000 Uncommon trap: reason=unstable_if action=reinterpret pc=0x000000000282b9f0 method=java.util.BitSet.nextSetBit(I)I @ 87
Event: 1.679 Thread 0x0000000017271000 Uncommon trap: reason=unstable_if action=reinterpret pc=0x00000000029132dc method=com.android.dx.ssa.SsaMethod.updateOneDefinition(Lcom/android/dx/ssa/SsaInsn;Lcom/android/dx/rop/code/RegisterSpec;)V @ 4

Internal exceptions (2 events):
Event: 0.082 Thread 0x00000000007de000 Exception <a 'java/lang/NoSuchMethodError': Method sun.misc.Unsafe.defineClass(Ljava/lang/String;[BII)Ljava/lang/Class; name or signature does not match> (0x00000000eab07cc0) thrown at [D:\re\workspace\8-2-build-windows-amd64-cygwin\jdk8u92\6642\hotspot\srú‘þÃí´?
Event: 0.082 Thread 0x00000000007de000 Exception <a 'java/lang/NoSuchMethodError': Method sun.misc.Unsafe.prefetchRead(Ljava/lang/Object;J)V name or signature does not match> (0x00000000eab07fa8) thrown at [D:\re\workspace\8-2-build-windows-amd64-cygwin\jdk8u92\6642\hotspot\src\share\vm\prims\j

Events (10 events):
Event: 1.523 loading class java/util/HashMap$ValueIterator done
Event: 1.608 loading class com/android/dx/cf/attrib/AttConstantValue
Event: 1.608 loading class com/android/dx/cf/attrib/AttConstantValue done
Event: 1.641 loading class com/android/dx/cf/attrib/AttExceptions
Event: 1.641 loading class com/android/dx/cf/attrib/AttExceptions done
Event: 1.678 loading class com/android/dx/rop/code/RegOps
Event: 1.678 loading class com/android/dx/rop/code/RegOps done
Event: 1.679 Thread 0x0000000017271000 Uncommon trap: trap_request=0xffffff65 fr.pc=0x00000000029132dc
Event: 1.679 Thread 0x0000000017271000 DEOPT PACKING pc=0x00000000029132dc sp=0x000000001821e240
Event: 1.679 Thread 0x0000000017271000 DEOPT UNPACKING pc=0x000000000266582a sp=0x000000001821e1e8 mode 2


Dynamic libraries:
0x00007ff6e5d30000 - 0x00007ff6e5d67000 	C:\Program Files\Java\jdk1.8.0_92\bin\java.exe
0x00007ffd25520000 - 0x00007ffd256e1000 	C:\WINDOWS\SYSTEM32\ntdll.dll
0x00007ffd22920000 - 0x00007ffd229cd000 	C:\WINDOWS\system32\KERNEL32.DLL
0x00007ffd21ed0000 - 0x00007ffd220b8000 	C:\WINDOWS\system32\KERNELBASE.dll
0x00007ffd20330000 - 0x00007ffd203a9000 	C:\WINDOWS\system32\apphelp.dll
0x00007ffd24e90000 - 0x00007ffd24f37000 	C:\WINDOWS\system32\ADVAPI32.dll
0x00007ffd247c0000 - 0x00007ffd2485d000 	C:\WINDOWS\system32\msvcrt.dll
0x00007ffd24e30000 - 0x00007ffd24e8b000 	C:\WINDOWS\system32\sechost.dll
0x00007ffd24d10000 - 0x00007ffd24e2c000 	C:\WINDOWS\system32\RPCRT4.dll
0x00007ffd24500000 - 0x00007ffd24656000 	C:\WINDOWS\system32\USER32.dll
0x00007ffd24240000 - 0x00007ffd243c6000 	C:\WINDOWS\system32\GDI32.dll
0x00007ffd125d0000 - 0x00007ffd12844000 	C:\WINDOWS\WinSxS\amd64_microsoft.windows.common-controls_6595b64144ccf1df_6.0.10586.0_none_8c15ae12515e1c22\COMCTL32.dll
0x00007ffd252a0000 - 0x00007ffd2551d000 	C:\WINDOWS\system32\combase.dll
0x00007ffd228b0000 - 0x00007ffd2291a000 	C:\WINDOWS\system32\bcryptPrimitives.dll
0x00007ffd25260000 - 0x00007ffd2529b000 	C:\WINDOWS\system32\IMM32.DLL
0x000000006c720000 - 0x000000006c7f2000 	C:\Program Files\Java\jdk1.8.0_92\jre\bin\msvcr100.dll
0x000000006cbb0000 - 0x000000006d446000 	C:\Program Files\Java\jdk1.8.0_92\jre\bin\server\jvm.dll
0x00007ffd229d0000 - 0x00007ffd229d8000 	C:\WINDOWS\system32\PSAPI.DLL
0x00007ffd16d10000 - 0x00007ffd16d19000 	C:\WINDOWS\SYSTEM32\WSOCK32.dll
0x00007ffd24860000 - 0x00007ffd248cb000 	C:\WINDOWS\system32\WS2_32.dll
0x00007ffd1fd70000 - 0x00007ffd1fd93000 	C:\WINDOWS\SYSTEM32\WINMM.dll
0x00007ffd13f70000 - 0x00007ffd13f7a000 	C:\WINDOWS\SYSTEM32\VERSION.dll
0x00007ffd1fbb0000 - 0x00007ffd1fbdc000 	C:\WINDOWS\SYSTEM32\WINMMBASE.dll
0x00007ffd22150000 - 0x00007ffd22193000 	C:\WINDOWS\system32\cfgmgr32.dll
0x000000006de60000 - 0x000000006de6f000 	C:\Program Files\Java\jdk1.8.0_92\jre\bin\verify.dll
0x000000006de30000 - 0x000000006de59000 	C:\Program Files\Java\jdk1.8.0_92\jre\bin\java.dll
0x000000006de10000 - 0x000000006de26000 	C:\Program Files\Java\jdk1.8.0_92\jre\bin\zip.dll
0x00007ffd22a90000 - 0x00007ffd23fec000 	C:\WINDOWS\system32\SHELL32.dll
0x00007ffd221a0000 - 0x00007ffd227e4000 	C:\WINDOWS\system32\windows.storage.dll
0x00007ffd243d0000 - 0x00007ffd24422000 	C:\WINDOWS\system32\shlwapi.dll
0x00007ffd21b40000 - 0x00007ffd21b4f000 	C:\WINDOWS\system32\kernel.appcore.dll
0x00007ffd227f0000 - 0x00007ffd228a5000 	C:\WINDOWS\system32\shcore.dll
0x00007ffd21b50000 - 0x00007ffd21b9b000 	C:\WINDOWS\system32\powrprof.dll
0x00007ffd21bb0000 - 0x00007ffd21bc4000 	C:\WINDOWS\system32\profapi.dll

VM Arguments:
jvm_args: -Djava.awt.headless=true -Xmx1024M -Dfile.encoding=GBK -Duser.country=CN -Duser.language=zh -Duser.variant 
java_command: com.android.dx.command.Main --dex --force-jumbo --num-threads=4 --output C:\Users\Wicker\Documents\GitHub_Clone\shopping\Shopping2\Shopping\app\build\intermediates\pre-dexed\debug\com.google.android.gms-play-services-appindexing-8.4.0_613fbf2d4ac320c39ee8cd4aee51eebdffc5a4f0.jar C:\Users\Wicker\Documents\GitHub_Clone\shopping\Shopping2\Shopping\app\build\intermediates\exploded-aar\com.google.android.gms\play-services-appindexing\8.4.0\jars\classes.jar
java_class_path (initial): D:\Android\Sdk\build-tools\23.0.3\lib\dx.jar
Launcher Type: SUN_STANDARD

Environment Variables:
JAVA_HOME=C:\Program Files\Java\jdk1.8.0_92
CLASSPATH=.C:\Program Files\Java\jdk1.8.0_92\lib;C:\Program Files\Java\jdk1.8.0_92\lib\tools.jar;
PATH=C:\ProgramData\Oracle\Java\javapath;C:\Program Files (x86)\Common Files\Intel\Shared Libraries\redist\intel64\compiler;C:\WINDOWS\system32;C:\WINDOWS;C:\WINDOWS\System32\Wbem;C:\WINDOWS\System32\WindowsPowerShell\v1.0\;C:\Program Files (x86)\QuickTime\QTSystem\;C:\Program Files\Java\jdk1.7.0_80\bin;C:\Users\Wicker\.dnx\bin;C:\Program Files\Microsoft DNX\Dnvm\;C:\Program Files (x86)\Windows Kits\8.1\Windows Performance Toolkit\;C:\Program Files (x86)\NVIDIA Corporation\PhysX\Common;D:\opencv\build\x86\mingw\bin;D:\opencv\build\x86\vc10\bin;D:\opencv\build\x64\mingw\bin;D:\opencv\build\x64\vc10\bin;D:\gradle-2.10-all\gradle-2.10\bin
USERNAME=Wicker
OS=Windows_NT
PROCESSOR_IDENTIFIER=Intel64 Family 6 Model 60 Stepping 3, GenuineIntel



---------------  S Y S T E M  ---------------

OS: Windows 10.0 , 64 bit Build 10586 (10.0.10586.0)

CPU:total 8 (4 cores per cpu, 2 threads per core) family 6 model 60 stepping 3, cmov, cx8, fxsr, mmx, sse, sse2, sse3, ssse3, sse4.1, sse4.2, popcnt, avx, avx2, aes, clmul, erms, lzcnt, ht, tsc, tscinvbit, bmi1, bmi2

Memory: 4k page, physical 12500872k(2424272k free), swap 13287304k(2568k free)

vm_info: Java HotSpot(TM) 64-Bit Server VM (25.92-b14) for windows-amd64 JRE (1.8.0_92-b14), built on Mar 31 2016 21:03:04 by "java_re" with MS VC++ 10.0 (VS2010)

time: Tue Jun 14 22:29:30 2016
elapsed time: 1 seconds (0d 0h 0m 1s)

