#
# There is insufficient memory for the Java Runtime Environment to continue.
# Native memory allocation (malloc) failed to allocate 386304 bytes for Chunk::new
# Possible reasons:
#   The system is out of physical RAM or swap space
#   In 32 bit mode, the process size limit was hit
# Possible solutions:
#   Reduce memory load on the system
#   Increase physical memory or swap space
#   Check if swap backing store is full
#   Use 64 bit Java on a 64 bit OS
#   Decrease Java heap size (-Xmx/-Xms)
#   Decrease number of Java threads
#   Decrease Java thread stack sizes (-Xss)
#   Set larger code cache with -XX:ReservedCodeCacheSize=
# This output file may be truncated or incomplete.
#
#  Out of Memory Error (allocation.cpp:390), pid=82932, tid=0x000000000000fc80
#
# JRE version: Java(TM) SE Runtime Environment (8.0_92-b14) (build 1.8.0_92-b14)
# Java VM: Java HotSpot(TM) 64-Bit Server VM (25.92-b14 mixed mode windows-amd64 compressed oops)
# Failed to write core dump. Minidumps are not enabled by default on client versions of Windows
#

---------------  T H R E A D  ---------------

Current thread (0x0000000017235800):  JavaThread "C2 CompilerThread0" daemon [_thread_in_native, id=64640, stack(0x00000000178b0000,0x00000000179b0000)]

Stack: [0x00000000178b0000,0x00000000179b0000]
[error occurred during error reporting (printing stack bounds), id 0xc0000005]

Native frames: (J=compiled Java code, j=interpreted, Vv=VM code, C=native code)


Current CompileTask:
C2:  11880 2544 % !   4       com.android.dx.cf.code.Ropper::doit @ 21 (126 bytes)


---------------  P R O C E S S  ---------------

Java Threads: ( => current thread )
  0x00000000184bf000 JavaThread "pool-1-thread-4" [_thread_in_Java, id=77636, stack(0x0000000019a80000,0x0000000019b80000)]
  0x00000000174ea800 JavaThread "pool-1-thread-3" [_thread_in_Java, id=66324, stack(0x0000000019980000,0x0000000019a80000)]
  0x0000000017f15800 JavaThread "pool-1-thread-2" [_thread_in_Java, id=12388, stack(0x0000000019880000,0x0000000019980000)]
  0x00000000174bd800 JavaThread "pool-2-thread-1" [_thread_blocked, id=82388, stack(0x0000000019780000,0x0000000019880000)]
  0x00000000174bc800 JavaThread "pool-1-thread-1" [_thread_in_Java, id=21764, stack(0x0000000019680000,0x0000000019780000)]
  0x00000000172de000 JavaThread "Service Thread" daemon [_thread_blocked, id=78656, stack(0x0000000017cb0000,0x0000000017db0000)]
  0x0000000017247000 JavaThread "C1 CompilerThread3" daemon [_thread_blocked, id=50236, stack(0x0000000017bb0000,0x0000000017cb0000)]
  0x0000000017244800 JavaThread "C2 CompilerThread2" daemon [_thread_blocked, id=58796, stack(0x0000000017ab0000,0x0000000017bb0000)]
  0x000000001723c800 JavaThread "C2 CompilerThread1" daemon [_thread_blocked, id=63844, stack(0x00000000179b0000,0x0000000017ab0000)]
=>0x0000000017235800 JavaThread "C2 CompilerThread0" daemon [_thread_in_native, id=64640, stack(0x00000000178b0000,0x00000000179b0000)]
  0x00000000171e9800 JavaThread "Attach Listener" daemon [_thread_blocked, id=76112, stack(0x00000000177b0000,0x00000000178b0000)]
  0x00000000171e8000 JavaThread "Signal Dispatcher" daemon [_thread_blocked, id=74840, stack(0x00000000176b0000,0x00000000177b0000)]
  0x00000000027a9000 JavaThread "Finalizer" daemon [_thread_blocked, id=38816, stack(0x00000000175b0000,0x00000000176b0000)]
  0x00000000027a8000 JavaThread "Reference Handler" daemon [_thread_blocked, id=77532, stack(0x00000000170b0000,0x00000000171b0000)]
  0x0000000000a3e000 JavaThread "main" [_thread_in_Java, id=7108, stack(0x00000000021b0000,0x00000000022b0000)]

Other Threads:
  0x00000000152c9000 VMThread [stack: 0x0000000016fb0000,0x00000000170b0000] [id=24980]
  0x0000000017362800 WatcherThread [stack: 0x0000000017db0000,0x0000000017eb0000] [id=74964]

VM state:not at safepoint (normal execution)

VM Mutex/Monitor currently owned by a thread: None

Heap:
 PSYoungGen      total 204800K, used 158259K [0x00000000eab00000, 0x0000000100000000, 0x0000000100000000)
  eden space 196608K, 80% used [0x00000000eab00000,0x00000000f458ceb8,0x00000000f6b00000)
  from space 8192K, 0% used [0x00000000f6b00000,0x00000000f6b00000,0x00000000f7300000)
  to   space 67072K, 0% used [0x00000000fbe80000,0x00000000fbe80000,0x0000000100000000)
 ParOldGen       total 236032K, used 209028K [0x00000000c0000000, 0x00000000ce680000, 0x00000000eab00000)
  object space 236032K, 88% used [0x00000000c0000000,0x00000000ccc211e8,0x00000000ce680000)
 Metaspace       used 6601K, capacity 7256K, committed 7424K, reserved 1056768K
  class space    used 630K, capacity 656K, committed 768K, reserved 1048576K

Card table byte_map: [0x0000000011b70000,0x0000000011d80000] byte_map_base: 0x0000000011570000

Marking Bits: (ParMarkBitMap*) 0x000000006d3c64f0
 Begin Bits: [0x00000000126e0000, 0x00000000136e0000)
 End Bits:   [0x00000000136e0000, 0x00000000146e0000)

Polling page: 0x0000000000550000

CodeCache: size=245760Kb used=12412Kb max_used=12414Kb free=233347Kb
 bounds [0x00000000027b0000, 0x00000000033e0000, 0x00000000117b0000]
 total_blobs=2772 nmethods=2500 adapters=184
 compilation: enabled

Compilation events (10 events):
Event: 11.680 Thread 0x0000000017247000 2540       1       com.android.dx.cf.attrib.AttEnclosingMethod::byteLength (3 bytes)
Event: 11.681 Thread 0x0000000017247000 nmethod 2540 0x00000000033a33d0 code [0x00000000033a3520, 0x00000000033a3630]
Event: 11.700 Thread 0x0000000017244800 nmethod 2535 0x00000000033d6490 code [0x00000000033d6720, 0x00000000033d89a0]
Event: 11.730 Thread 0x0000000017247000 2541       3       com.android.dx.dex.file.AnnotationUtils::makeInnerClass (65 bytes)
Event: 11.731 Thread 0x0000000017247000 nmethod 2541 0x0000000003385390 code [0x00000000033855c0, 0x00000000033861d8]
Event: 11.772 Thread 0x000000001723c800 2542       4       com.android.dx.cf.iface.StdMember::<init> (69 bytes)
Event: 11.772 Thread 0x0000000017247000 2543   !   3       java.util.concurrent.ThreadPoolExecutor::addWorker (292 bytes)
Event: 11.773 Thread 0x000000001723c800 nmethod 2542 0x00000000033bfa10 code [0x00000000033bfb40, 0x00000000033bfc38]
Event: 11.774 Thread 0x0000000017247000 nmethod 2543 0x00000000033c6ed0 code [0x00000000033c71e0, 0x00000000033c8e08]
Event: 11.787 Thread 0x0000000017235800 2544 % !   4       com.android.dx.cf.code.Ropper::doit @ 21 (126 bytes)

GC Heap History (10 events):
Event: 9.162 GC heap before
{Heap before GC invocations=4 (full 0):
 PSYoungGen      total 106496K, used 106472K [0x00000000eab00000, 0x00000000f7b00000, 0x0000000100000000)
  eden space 98304K, 100% used [0x00000000eab00000,0x00000000f0b00000,0x00000000f0b00000)
  from space 8192K, 99% used [0x00000000f0b00000,0x00000000f12fa050,0x00000000f1300000)
  to   space 8192K, 0% used [0x00000000f7300000,0x00000000f7300000,0x00000000f7b00000)
 ParOldGen       total 131072K, used 17712K [0x00000000c0000000, 0x00000000c8000000, 0x00000000eab00000)
  object space 131072K, 13% used [0x00000000c0000000,0x00000000c114c040,0x00000000c8000000)
 Metaspace       used 6549K, capacity 7256K, committed 7424K, reserved 1056768K
  class space    used 628K, capacity 656K, committed 768K, reserved 1048576K
Event: 9.495 GC heap after
Heap after GC invocations=4 (full 0):
 PSYoungGen      total 204800K, used 8190K [0x00000000eab00000, 0x00000000f7b00000, 0x0000000100000000)
  eden space 196608K, 0% used [0x00000000eab00000,0x00000000eab00000,0x00000000f6b00000)
  from space 8192K, 99% used [0x00000000f7300000,0x00000000f7aff9b8,0x00000000f7b00000)
  to   space 8192K, 0% used [0x00000000f6b00000,0x00000000f6b00000,0x00000000f7300000)
 ParOldGen       total 131072K, used 42365K [0x00000000c0000000, 0x00000000c8000000, 0x00000000eab00000)
  object space 131072K, 32% used [0x00000000c0000000,0x00000000c295f778,0x00000000c8000000)
 Metaspace       used 6549K, capacity 7256K, committed 7424K, reserved 1056768K
  class space    used 628K, capacity 656K, committed 768K, reserved 1048576K
}
Event: 10.106 GC heap before
{Heap before GC invocations=5 (full 0):
 PSYoungGen      total 204800K, used 204798K [0x00000000eab00000, 0x00000000f7b00000, 0x0000000100000000)
  eden space 196608K, 100% used [0x00000000eab00000,0x00000000f6b00000,0x00000000f6b00000)
  from space 8192K, 99% used [0x00000000f7300000,0x00000000f7aff9b8,0x00000000f7b00000)
  to   space 8192K, 0% used [0x00000000f6b00000,0x00000000f6b00000,0x00000000f7300000)
 ParOldGen       total 131072K, used 42365K [0x00000000c0000000, 0x00000000c8000000, 0x00000000eab00000)
  object space 131072K, 32% used [0x00000000c0000000,0x00000000c295f778,0x00000000c8000000)
 Metaspace       used 6573K, capacity 7256K, committed 7424K, reserved 1056768K
  class space    used 628K, capacity 656K, committed 768K, reserved 1048576K
Event: 10.275 GC heap after
Heap after GC invocations=5 (full 0):
 PSYoungGen      total 204800K, used 204798K [0x00000000eab00000, 0x00000000f7b00000, 0x0000000100000000)
  eden space 196608K, 100% used [0x00000000eab00000,0x00000000f6b00000,0x00000000f6b00000)
  from space 8192K, 99% used [0x00000000f7300000,0x00000000f7aff9b8,0x00000000f7b00000)
  to   space 8192K, 99% used [0x00000000f6b00000,0x00000000f72fc1d8,0x00000000f7300000)
 ParOldGen       total 153088K, used 152928K [0x00000000c0000000, 0x00000000c9580000, 0x00000000eab00000)
  object space 153088K, 99% used [0x00000000c0000000,0x00000000c9558068,0x00000000c9580000)
 Metaspace       used 6573K, capacity 7256K, committed 7424K, reserved 1056768K
  class space    used 628K, capacity 656K, committed 768K, reserved 1048576K
}
Event: 10.275 GC heap before
{Heap before GC invocations=6 (full 1):
 PSYoungGen      total 204800K, used 204798K [0x00000000eab00000, 0x00000000f7b00000, 0x0000000100000000)
  eden space 196608K, 100% used [0x00000000eab00000,0x00000000f6b00000,0x00000000f6b00000)
  from space 8192K, 99% used [0x00000000f7300000,0x00000000f7aff9b8,0x00000000f7b00000)
  to   space 8192K, 99% used [0x00000000f6b00000,0x00000000f72fc1d8,0x00000000f7300000)
 ParOldGen       total 153088K, used 152928K [0x00000000c0000000, 0x00000000c9580000, 0x00000000eab00000)
  object space 153088K, 99% used [0x00000000c0000000,0x00000000c9558068,0x00000000c9580000)
 Metaspace       used 6573K, capacity 7256K, committed 7424K, reserved 1056768K
  class space    used 628K, capacity 656K, committed 768K, reserved 1048576K
Event: 10.854 GC heap after
Heap after GC invocations=6 (full 1):
 PSYoungGen      total 204800K, used 0K [0x00000000eab00000, 0x00000000f7b00000, 0x0000000100000000)
  eden space 196608K, 0% used [0x00000000eab00000,0x00000000eab00000,0x00000000f6b00000)
  from space 8192K, 0% used [0x00000000f7300000,0x00000000f7300000,0x00000000f7b00000)
  to   space 8192K, 0% used [0x00000000f6b00000,0x00000000f6b00000,0x00000000f7300000)
 ParOldGen       total 236032K, used 147988K [0x00000000c0000000, 0x00000000ce680000, 0x00000000eab00000)
  object space 236032K, 62% used [0x00000000c0000000,0x00000000c9085328,0x00000000ce680000)
 Metaspace       used 6573K, capacity 7256K, committed 7424K, reserved 1056768K
  class space    used 628K, capacity 656K, committed 768K, reserved 1048576K
}
Event: 11.127 GC heap before
{Heap before GC invocations=7 (full 1):
 PSYoungGen      total 204800K, used 196608K [0x00000000eab00000, 0x00000000f7b00000, 0x0000000100000000)
  eden space 196608K, 100% used [0x00000000eab00000,0x00000000f6b00000,0x00000000f6b00000)
  from space 8192K, 0% used [0x00000000f7300000,0x00000000f7300000,0x00000000f7b00000)
  to   space 8192K, 0% used [0x00000000f6b00000,0x00000000f6b00000,0x00000000f7300000)
 ParOldGen       total 236032K, used 147988K [0x00000000c0000000, 0x00000000ce680000, 0x00000000eab00000)
  object space 236032K, 62% used [0x00000000c0000000,0x00000000c9085328,0x00000000ce680000)
 Metaspace       used 6591K, capacity 7256K, committed 7424K, reserved 1056768K
  class space    used 630K, capacity 656K, committed 768K, reserved 1048576K
Event: 11.157 GC heap after
Heap after GC invocations=7 (full 1):
 PSYoungGen      total 204800K, used 8185K [0x00000000eab00000, 0x0000000100000000, 0x0000000100000000)
  eden space 196608K, 0% used [0x00000000eab00000,0x00000000eab00000,0x00000000f6b00000)
  from space 8192K, 99% used [0x00000000f6b00000,0x00000000f72fe540,0x00000000f7300000)
  to   space 67072K, 0% used [0x00000000fbe80000,0x00000000fbe80000,0x0000000100000000)
 ParOldGen       total 236032K, used 206369K [0x00000000c0000000, 0x00000000ce680000, 0x00000000eab00000)
  object space 236032K, 87% used [0x00000000c0000000,0x00000000cc988720,0x00000000ce680000)
 Metaspace       used 6591K, capacity 7256K, committed 7424K, reserved 1056768K
  class space    used 630K, capacity 656K, committed 768K, reserved 1048576K
}
Event: 11.157 GC heap before
{Heap before GC invocations=8 (full 2):
 PSYoungGen      total 204800K, used 8185K [0x00000000eab00000, 0x0000000100000000, 0x0000000100000000)
  eden space 196608K, 0% used [0x00000000eab00000,0x00000000eab00000,0x00000000f6b00000)
  from space 8192K, 99% used [0x00000000f6b00000,0x00000000f72fe540,0x00000000f7300000)
  to   space 67072K, 0% used [0x00000000fbe80000,0x00000000fbe80000,0x0000000100000000)
 ParOldGen       total 236032K, used 206369K [0x00000000c0000000, 0x00000000ce680000, 0x00000000eab00000)
  object space 236032K, 87% used [0x00000000c0000000,0x00000000cc988720,0x00000000ce680000)
 Metaspace       used 6591K, capacity 7256K, committed 7424K, reserved 1056768K
  class space    used 630K, capacity 656K, committed 768K, reserved 1048576K
Event: 11.416 GC heap after
Heap after GC invocations=8 (full 2):
 PSYoungGen      total 204800K, used 0K [0x00000000eab00000, 0x0000000100000000, 0x0000000100000000)
  eden space 196608K, 0% used [0x00000000eab00000,0x00000000eab00000,0x00000000f6b00000)
  from space 8192K, 0% used [0x00000000f6b00000,0x00000000f6b00000,0x00000000f7300000)
  to   space 67072K, 0% used [0x00000000fbe80000,0x00000000fbe80000,0x0000000100000000)
 ParOldGen       total 236032K, used 209028K [0x00000000c0000000, 0x00000000ce680000, 0x00000000eab00000)
  object space 236032K, 88% used [0x00000000c0000000,0x00000000ccc211e8,0x00000000ce680000)
 Metaspace       used 6591K, capacity 7256K, committed 7424K, reserved 1056768K
  class space    used 630K, capacity 656K, committed 768K, reserved 1048576K
}

Deoptimization events (10 events):
Event: 11.112 Thread 0x0000000017f15800 Uncommon trap: reason=class_check action=maybe_recompile pc=0x0000000002aed6c4 method=com.android.dx.ssa.back.InterferenceGraph.add(II)V @ 19
Event: 11.112 Thread 0x0000000017f15800 Uncommon trap: reason=class_check action=maybe_recompile pc=0x0000000002aed6c4 method=com.android.dx.ssa.back.InterferenceGraph.add(II)V @ 19
Event: 11.112 Thread 0x0000000017f15800 Uncommon trap: reason=class_check action=maybe_recompile pc=0x0000000002aed6c4 method=com.android.dx.ssa.back.InterferenceGraph.add(II)V @ 19
Event: 11.112 Thread 0x0000000017f15800 Uncommon trap: reason=class_check action=maybe_recompile pc=0x0000000002aed6c4 method=com.android.dx.ssa.back.InterferenceGraph.add(II)V @ 19
Event: 11.112 Thread 0x0000000017f15800 Uncommon trap: reason=class_check action=maybe_recompile pc=0x0000000002f54880 method=com.android.dx.ssa.back.InterferenceGraph.add(II)V @ 19
Event: 11.477 Thread 0x0000000017f15800 Uncommon trap: reason=class_check action=maybe_recompile pc=0x0000000002f5bf88 method=com.android.dx.ssa.back.InterferenceGraph.mergeInterferenceSet(ILcom/android/dx/util/IntSet;)V @ 20
Event: 11.478 Thread 0x0000000017f15800 Uncommon trap: reason=class_check action=maybe_recompile pc=0x0000000002f5bf88 method=com.android.dx.ssa.back.InterferenceGraph.mergeInterferenceSet(ILcom/android/dx/util/IntSet;)V @ 20
Event: 11.478 Thread 0x0000000017f15800 Uncommon trap: reason=class_check action=maybe_recompile pc=0x0000000002f5bf88 method=com.android.dx.ssa.back.InterferenceGraph.mergeInterferenceSet(ILcom/android/dx/util/IntSet;)V @ 20
Event: 11.486 Thread 0x0000000017f15800 Uncommon trap: reason=class_check action=maybe_recompile pc=0x0000000002f5bf88 method=com.android.dx.ssa.back.InterferenceGraph.mergeInterferenceSet(ILcom/android/dx/util/IntSet;)V @ 20
Event: 11.544 Thread 0x0000000000a3e000 Uncommon trap: reason=speculate_class_check action=maybe_recompile pc=0x0000000003158ab8 method=com.android.dx.rop.cst.TypedConstant.getBasicType()I @ 1

Internal exceptions (6 events):
Event: 0.027 Thread 0x0000000000a3e000 Exception <a 'java/lang/NoSuchMethodError': Method sun.misc.Unsafe.defineClass(Ljava/lang/String;[BII)Ljava/lang/Class; name or signature does not match> (0x00000000eab07cc0) thrown at [D:\re\workspace\8-2-build-windows-amd64-cygwin\jdk8u92\6642\hotspot\srè\ê¨ïõ?
Event: 0.027 Thread 0x0000000000a3e000 Exception <a 'java/lang/NoSuchMethodError': Method sun.misc.Unsafe.prefetchRead(Ljava/lang/Object;J)V name or signature does not match> (0x00000000eab07fa8) thrown at [D:\re\workspace\8-2-build-windows-amd64-cygwin\jdk8u92\6642\hotspot\src\share\vm\prims\jXsåÓ”˘?
Event: 1.614 Thread 0x0000000000a3e000 Implicit null exception at 0x0000000002a6e6e2 to 0x0000000002a6e7da
Event: 5.058 Thread 0x00000000174ea800 Exception <a 'java/lang/ArrayIndexOutOfBoundsException': 18> (0x00000000ec863820) thrown at [D:\re\workspace\8-2-build-windows-amd64-cygwin\jdk8u92\6642\hotspot\src\share\vm\interpreter\interpreterRuntime.cpp, line 366]
Event: 5.058 Thread 0x00000000174ea800 Exception <a 'java/lang/ArrayIndexOutOfBoundsException': 145> (0x00000000ec8653a0) thrown at [D:\re\workspace\8-2-build-windows-amd64-cygwin\jdk8u92\6642\hotspot\src\share\vm\interpreter\interpreterRuntime.cpp, line 366]
Event: 5.073 Thread 0x00000000174ea800 Exception <a 'java/lang/ArrayIndexOutOfBoundsException'> (0x00000000ec866688) thrown at [D:\re\workspace\8-2-build-windows-amd64-cygwin\jdk8u92\6642\hotspot\src\share\vm\runtime\sharedRuntime.cpp, line 605]

Events (10 events):
Event: 11.478 Thread 0x0000000017f15800 DEOPT UNPACKING pc=0x00000000027f582a sp=0x000000001997e8c0 mode 2
Event: 11.478 Thread 0x0000000017f15800 Uncommon trap: trap_request=0xffffffde fr.pc=0x0000000002f5bf88
Event: 11.478 Thread 0x0000000017f15800 DEOPT PACKING pc=0x0000000002f5bf88 sp=0x000000001997e920
Event: 11.478 Thread 0x0000000017f15800 DEOPT UNPACKING pc=0x00000000027f582a sp=0x000000001997e8c0 mode 2
Event: 11.486 Thread 0x0000000017f15800 Uncommon trap: trap_request=0xffffffde fr.pc=0x0000000002f5bf88
Event: 11.486 Thread 0x0000000017f15800 DEOPT PACKING pc=0x0000000002f5bf88 sp=0x000000001997e8f0
Event: 11.486 Thread 0x0000000017f15800 DEOPT UNPACKING pc=0x00000000027f582a sp=0x000000001997e890 mode 2
Event: 11.544 Thread 0x0000000000a3e000 Uncommon trap: trap_request=0xffffff76 fr.pc=0x0000000003158ab8
Event: 11.544 Thread 0x0000000000a3e000 DEOPT PACKING pc=0x0000000003158ab8 sp=0x00000000022ae1a0
Event: 11.544 Thread 0x0000000000a3e000 DEOPT UNPACKING pc=0x00000000027f582a sp=0x00000000022ae0c0 mode 2


Dynamic libraries:
0x00007ff6e5d30000 - 0x00007ff6e5d67000 	C:\Program Files\Java\jdk1.8.0_92\bin\java.exe
0x00007ffd25520000 - 0x00007ffd256e1000 	C:\WINDOWS\SYSTEM32\ntdll.dll
0x00007ffd22920000 - 0x00007ffd229cd000 	C:\WINDOWS\system32\KERNEL32.DLL
0x00007ffd21ed0000 - 0x00007ffd220b8000 	C:\WINDOWS\system32\KERNELBASE.dll
0x00007ffd20330000 - 0x00007ffd203a9000 	C:\WINDOWS\system32\apphelp.dll
0x00007ffd24e90000 - 0x00007ffd24f37000 	C:\WINDOWS\system32\ADVAPI32.dll
0x00007ffd247c0000 - 0x00007ffd2485d000 	C:\WINDOWS\system32\msvcrt.dll
0x00007ffd24e30000 - 0x00007ffd24e8b000 	C:\WINDOWS\system32\sechost.dll
0x00007ffd24d10000 - 0x00007ffd24e2c000 	C:\WINDOWS\system32\RPCRT4.dll
0x00007ffd24500000 - 0x00007ffd24656000 	C:\WINDOWS\system32\USER32.dll
0x00007ffd24240000 - 0x00007ffd243c6000 	C:\WINDOWS\system32\GDI32.dll
0x00007ffd125d0000 - 0x00007ffd12844000 	C:\WINDOWS\WinSxS\amd64_microsoft.windows.common-controls_6595b64144ccf1df_6.0.10586.0_none_8c15ae12515e1c22\COMCTL32.dll
0x00007ffd252a0000 - 0x00007ffd2551d000 	C:\WINDOWS\system32\combase.dll
0x00007ffd228b0000 - 0x00007ffd2291a000 	C:\WINDOWS\system32\bcryptPrimitives.dll
0x00007ffd25260000 - 0x00007ffd2529b000 	C:\WINDOWS\system32\IMM32.DLL
0x000000006c720000 - 0x000000006c7f2000 	C:\Program Files\Java\jdk1.8.0_92\jre\bin\msvcr100.dll
0x000000006cbb0000 - 0x000000006d446000 	C:\Program Files\Java\jdk1.8.0_92\jre\bin\server\jvm.dll
0x00007ffd229d0000 - 0x00007ffd229d8000 	C:\WINDOWS\system32\PSAPI.DLL
0x00007ffd16d10000 - 0x00007ffd16d19000 	C:\WINDOWS\SYSTEM32\WSOCK32.dll
0x00007ffd1fd70000 - 0x00007ffd1fd93000 	C:\WINDOWS\SYSTEM32\WINMM.dll
0x00007ffd13f70000 - 0x00007ffd13f7a000 	C:\WINDOWS\SYSTEM32\VERSION.dll
0x00007ffd24860000 - 0x00007ffd248cb000 	C:\WINDOWS\system32\WS2_32.dll
0x00007ffd1fbb0000 - 0x00007ffd1fbdc000 	C:\WINDOWS\SYSTEM32\WINMMBASE.dll
0x00007ffd22150000 - 0x00007ffd22193000 	C:\WINDOWS\system32\cfgmgr32.dll
0x000000006de60000 - 0x000000006de6f000 	C:\Program Files\Java\jdk1.8.0_92\jre\bin\verify.dll
0x000000006de30000 - 0x000000006de59000 	C:\Program Files\Java\jdk1.8.0_92\jre\bin\java.dll
0x000000006de10000 - 0x000000006de26000 	C:\Program Files\Java\jdk1.8.0_92\jre\bin\zip.dll
0x00007ffd22a90000 - 0x00007ffd23fec000 	C:\WINDOWS\system32\SHELL32.dll
0x00007ffd221a0000 - 0x00007ffd227e4000 	C:\WINDOWS\system32\windows.storage.dll
0x00007ffd243d0000 - 0x00007ffd24422000 	C:\WINDOWS\system32\shlwapi.dll
0x00007ffd21b40000 - 0x00007ffd21b4f000 	C:\WINDOWS\system32\kernel.appcore.dll
0x00007ffd227f0000 - 0x00007ffd228a5000 	C:\WINDOWS\system32\shcore.dll
0x00007ffd21b50000 - 0x00007ffd21b9b000 	C:\WINDOWS\system32\powrprof.dll
0x00007ffd21bb0000 - 0x00007ffd21bc4000 	C:\WINDOWS\system32\profapi.dll

VM Arguments:
jvm_args: -Djava.awt.headless=true -Xmx1024M -Dfile.encoding=GBK -Duser.country=CN -Duser.language=zh -Duser.variant 
java_command: com.android.dx.command.Main --dex --force-jumbo --num-threads=4 --output C:\Users\Wicker\Documents\GitHub_Clone\shopping\Shopping2\Shopping\app\build\intermediates\pre-dexed\debug\com.google.android.gms-play-services-ads-8.4.0_447a1547f6989476700550b1779ab2ba79d881a7.jar C:\Users\Wicker\Documents\GitHub_Clone\shopping\Shopping2\Shopping\app\build\intermediates\exploded-aar\com.google.android.gms\play-services-ads\8.4.0\jars\classes.jar
java_class_path (initial): D:\Android\Sdk\build-tools\23.0.3\lib\dx.jar
Launcher Type: SUN_STANDARD

Environment Variables:
JAVA_HOME=C:\Program Files\Java\jdk1.8.0_92
CLASSPATH=.C:\Program Files\Java\jdk1.8.0_92\lib;C:\Program Files\Java\jdk1.8.0_92\lib\tools.jar;
PATH=C:\ProgramData\Oracle\Java\javapath;C:\Program Files (x86)\Common Files\Intel\Shared Libraries\redist\intel64\compiler;C:\WINDOWS\system32;C:\WINDOWS;C:\WINDOWS\System32\Wbem;C:\WINDOWS\System32\WindowsPowerShell\v1.0\;C:\Program Files (x86)\QuickTime\QTSystem\;C:\Program Files\Java\jdk1.7.0_80\bin;C:\Users\Wicker\.dnx\bin;C:\Program Files\Microsoft DNX\Dnvm\;C:\Program Files (x86)\Windows Kits\8.1\Windows Performance Toolkit\;C:\Program Files (x86)\NVIDIA Corporation\PhysX\Common;D:\opencv\build\x86\mingw\bin;D:\opencv\build\x86\vc10\bin;D:\opencv\build\x64\mingw\bin;D:\opencv\build\x64\vc10\bin;D:\gradle-2.10-all\gradle-2.10\bin
USERNAME=Wicker
OS=Windows_NT
PROCESSOR_IDENTIFIER=Intel64 Family 6 Model 60 Stepping 3, GenuineIntel



---------------  S Y S T E M  ---------------

OS: Windows 10.0 , 64 bit Build 10586 (10.0.10586.0)

CPU:total 8 (4 cores per cpu, 2 threads per core) family 6 model 60 stepping 3, cmov, cx8, fxsr, mmx, sse, sse2, sse3, ssse3, sse4.1, sse4.2, popcnt, avx, avx2, aes, clmul, erms, lzcnt, ht, tsc, tscinvbit, bmi1, bmi2

Memory: 4k page, physical 12500872k(2342040k free), swap 13287304k(5140k free)

vm_info: Java HotSpot(TM) 64-Bit Server VM (25.92-b14) for windows-amd64 JRE (1.8.0_92-b14), built on Mar 31 2016 21:03:04 by "java_re" with MS VC++ 10.0 (VS2010)

time: Tue Jun 14 22:29:03 2016
elapsed time: 11 seconds (0d 0h 0m 11s)

