#
# There is insufficient memory for the Java Runtime Environment to continue.
# Native memory allocation (malloc) failed to allocate 32744 bytes for ChunkPool::allocate
# Possible reasons:
#   The system is out of physical RAM or swap space
#   In 32 bit mode, the process size limit was hit
# Possible solutions:
#   Reduce memory load on the system
#   Increase physical memory or swap space
#   Check if swap backing store is full
#   Use 64 bit Java on a 64 bit OS
#   Decrease Java heap size (-Xmx/-Xms)
#   Decrease number of Java threads
#   Decrease Java thread stack sizes (-Xss)
#   Set larger code cache with -XX:ReservedCodeCacheSize=
# This output file may be truncated or incomplete.
#
#  Out of Memory Error (allocation.cpp:273), pid=75584, tid=0x000000000000d8d0
#
# JRE version: Java(TM) SE Runtime Environment (8.0_92-b14) (build 1.8.0_92-b14)
# Java VM: Java HotSpot(TM) 64-Bit Server VM (25.92-b14 mixed mode windows-amd64 compressed oops)
# Failed to write core dump. Minidumps are not enabled by default on client versions of Windows
#

---------------  T H R E A D  ---------------

Current thread (0x000000001705f000):  JavaThread "C1 CompilerThread3" daemon [_thread_in_native, id=55504, stack(0x0000000017a30000,0x0000000017b30000)]

Stack: [0x0000000017a30000,0x0000000017b30000]
[error occurred during error reporting (printing stack bounds), id 0xc0000005]

Native frames: (J=compiled Java code, j=interpreted, Vv=VM code, C=native code)


Current CompileTask:
C1:   7282 2343       2       com.android.dx.dex.file.ClassDataItem::addContents (207 bytes)


---------------  P R O C E S S  ---------------

Java Threads: ( => current thread )
  0x000000001732c800 JavaThread "pool-1-thread-1" [_thread_in_Java, id=58440, stack(0x000000001a9d0000,0x000000001aad0000)]
  0x000000001706c800 JavaThread "Service Thread" daemon [_thread_blocked, id=57336, stack(0x0000000017b30000,0x0000000017c30000)]
=>0x000000001705f000 JavaThread "C1 CompilerThread3" daemon [_thread_in_native, id=55504, stack(0x0000000017a30000,0x0000000017b30000)]
  0x000000001705a000 JavaThread "C2 CompilerThread2" daemon [_thread_in_native, id=61660, stack(0x0000000017930000,0x0000000017a30000)]
  0x0000000017057800 JavaThread "C2 CompilerThread1" daemon [_thread_in_native, id=56444, stack(0x0000000017830000,0x0000000017930000)]
  0x0000000017055000 JavaThread "C2 CompilerThread0" daemon [_thread_in_native, id=57868, stack(0x0000000017730000,0x0000000017830000)]
  0x0000000017051000 JavaThread "Attach Listener" daemon [_thread_blocked, id=61064, stack(0x0000000017630000,0x0000000017730000)]
  0x0000000017007000 JavaThread "Signal Dispatcher" daemon [_thread_blocked, id=59756, stack(0x0000000017530000,0x0000000017630000)]
  0x00000000025d8800 JavaThread "Finalizer" daemon [_thread_blocked, id=55824, stack(0x00000000173d0000,0x00000000174d0000)]
  0x00000000025d7000 JavaThread "Reference Handler" daemon [_thread_blocked, id=57992, stack(0x0000000016ed0000,0x0000000016fd0000)]
  0x000000000203e000 JavaThread "main" [_thread_blocked, id=60268, stack(0x0000000001ec0000,0x0000000001fc0000)]

Other Threads:
  0x00000000150f9000 VMThread [stack: 0x0000000016dd0000,0x0000000016ed0000] [id=58184]
  0x00000000170d0000 WatcherThread [stack: 0x0000000017c30000,0x0000000017d30000] [id=57340]

VM state:not at safepoint (normal execution)

VM Mutex/Monitor currently owned by a thread: None

Heap:
 PSYoungGen      total 204800K, used 61021K [0x00000000eab00000, 0x0000000100000000, 0x0000000100000000)
  eden space 196608K, 26% used [0x00000000eab00000,0x00000000ede9b3a8,0x00000000f6b00000)
  from space 8192K, 99% used [0x00000000f6b00000,0x00000000f72fc138,0x00000000f7300000)
  to   space 42496K, 0% used [0x00000000fd680000,0x00000000fd680000,0x0000000100000000)
 ParOldGen       total 131072K, used 65472K [0x00000000c0000000, 0x00000000c8000000, 0x00000000eab00000)
  object space 131072K, 49% used [0x00000000c0000000,0x00000000c3ff03b8,0x00000000c8000000)
 Metaspace       used 6680K, capacity 7320K, committed 7680K, reserved 1056768K
  class space    used 634K, capacity 656K, committed 768K, reserved 1048576K

Card table byte_map: [0x00000000119a0000,0x0000000011bb0000] byte_map_base: 0x00000000113a0000

Marking Bits: (ParMarkBitMap*) 0x00000000589964f0
 Begin Bits: [0x0000000012510000, 0x0000000013510000)
 End Bits:   [0x0000000013510000, 0x0000000014510000)

Polling page: 0x0000000001fc0000

CodeCache: size=245760Kb used=9356Kb max_used=9356Kb free=236403Kb
 bounds [0x00000000025e0000, 0x0000000002f10000, 0x00000000115e0000]
 total_blobs=2481 nmethods=2209 adapters=184
 compilation: enabled

Compilation events (10 events):
Event: 7.276 Thread 0x000000001705f000 nmethod 2339 0x0000000002f08110 code [0x0000000002f082e0, 0x0000000002f08758]
Event: 7.276 Thread 0x000000001705f000 2338       2       java.util.Collections::sort (8 bytes)
Event: 7.276 Thread 0x000000001705f000 nmethod 2338 0x0000000002f08bd0 code [0x0000000002f08d40, 0x0000000002f08ea8]
Event: 7.276 Thread 0x000000001705f000 2340       2       com.android.dx.dex.file.EncodedField::addContents (15 bytes)
Event: 7.276 Thread 0x000000001705f000 nmethod 2340 0x0000000002f08f50 code [0x0000000002f090c0, 0x0000000002f09248]
Event: 7.276 Thread 0x000000001705f000 2341       2       com.android.dx.dex.file.ClassDataItem::getStaticValuesConstant (30 bytes)
Event: 7.276 Thread 0x000000001705f000 nmethod 2341 0x0000000002f09350 code [0x0000000002f094c0, 0x0000000002f09688]
Event: 7.277 Thread 0x000000001705f000 2342       2       java.util.ComparableTimSort::countRunAndMakeAscending (123 bytes)
Event: 7.278 Thread 0x000000001705f000 nmethod 2342 0x0000000002f09750 code [0x0000000002f09920, 0x0000000002f09f68]
Event: 7.278 Thread 0x000000001705f000 2343       2       com.android.dx.dex.file.ClassDataItem::addContents (207 bytes)

GC Heap History (10 events):
Event: 2.364 GC heap before
{Heap before GC invocations=1 (full 0):
 PSYoungGen      total 57344K, used 49152K [0x00000000eab00000, 0x00000000eeb00000, 0x0000000100000000)
  eden space 49152K, 100% used [0x00000000eab00000,0x00000000edb00000,0x00000000edb00000)
  from space 8192K, 0% used [0x00000000ee300000,0x00000000ee300000,0x00000000eeb00000)
  to   space 8192K, 0% used [0x00000000edb00000,0x00000000edb00000,0x00000000ee300000)
 ParOldGen       total 131072K, used 0K [0x00000000c0000000, 0x00000000c8000000, 0x00000000eab00000)
  object space 131072K, 0% used [0x00000000c0000000,0x00000000c0000000,0x00000000c8000000)
 Metaspace       used 6119K, capacity 6966K, committed 7040K, reserved 1056768K
  class space    used 608K, capacity 622K, committed 640K, reserved 1048576K
Event: 2.480 GC heap after
Heap after GC invocations=1 (full 0):
 PSYoungGen      total 57344K, used 7442K [0x00000000eab00000, 0x00000000f1b00000, 0x0000000100000000)
  eden space 49152K, 0% used [0x00000000eab00000,0x00000000eab00000,0x00000000edb00000)
  from space 8192K, 90% used [0x00000000edb00000,0x00000000ee244970,0x00000000ee300000)
  to   space 8192K, 0% used [0x00000000f1300000,0x00000000f1300000,0x00000000f1b00000)
 ParOldGen       total 131072K, used 16K [0x00000000c0000000, 0x00000000c8000000, 0x00000000eab00000)
  object space 131072K, 0% used [0x00000000c0000000,0x00000000c0004000,0x00000000c8000000)
 Metaspace       used 6119K, capacity 6966K, committed 7040K, reserved 1056768K
  class space    used 608K, capacity 622K, committed 640K, reserved 1048576K
}
Event: 2.766 GC heap before
{Heap before GC invocations=2 (full 0):
 PSYoungGen      total 57344K, used 56594K [0x00000000eab00000, 0x00000000f1b00000, 0x0000000100000000)
  eden space 49152K, 100% used [0x00000000eab00000,0x00000000edb00000,0x00000000edb00000)
  from space 8192K, 90% used [0x00000000edb00000,0x00000000ee244970,0x00000000ee300000)
  to   space 8192K, 0% used [0x00000000f1300000,0x00000000f1300000,0x00000000f1b00000)
 ParOldGen       total 131072K, used 16K [0x00000000c0000000, 0x00000000c8000000, 0x00000000eab00000)
  object space 131072K, 0% used [0x00000000c0000000,0x00000000c0004000,0x00000000c8000000)
 Metaspace       used 6271K, capacity 7094K, committed 7296K, reserved 1056768K
  class space    used 609K, capacity 622K, committed 640K, reserved 1048576K
Event: 2.834 GC heap after
Heap after GC invocations=2 (full 0):
 PSYoungGen      total 106496K, used 8176K [0x00000000eab00000, 0x00000000f1b00000, 0x0000000100000000)
  eden space 98304K, 0% used [0x00000000eab00000,0x00000000eab00000,0x00000000f0b00000)
  from space 8192K, 99% used [0x00000000f1300000,0x00000000f1afc310,0x00000000f1b00000)
  to   space 8192K, 0% used [0x00000000f0b00000,0x00000000f0b00000,0x00000000f1300000)
 ParOldGen       total 131072K, used 5484K [0x00000000c0000000, 0x00000000c8000000, 0x00000000eab00000)
  object space 131072K, 4% used [0x00000000c0000000,0x00000000c055b278,0x00000000c8000000)
 Metaspace       used 6271K, capacity 7094K, committed 7296K, reserved 1056768K
  class space    used 609K, capacity 622K, committed 640K, reserved 1048576K
}
Event: 3.541 GC heap before
{Heap before GC invocations=3 (full 0):
 PSYoungGen      total 106496K, used 106480K [0x00000000eab00000, 0x00000000f1b00000, 0x0000000100000000)
  eden space 98304K, 100% used [0x00000000eab00000,0x00000000f0b00000,0x00000000f0b00000)
  from space 8192K, 99% used [0x00000000f1300000,0x00000000f1afc310,0x00000000f1b00000)
  to   space 8192K, 0% used [0x00000000f0b00000,0x00000000f0b00000,0x00000000f1300000)
 ParOldGen       total 131072K, used 5484K [0x00000000c0000000, 0x00000000c8000000, 0x00000000eab00000)
  object space 131072K, 4% used [0x00000000c0000000,0x00000000c055b278,0x00000000c8000000)
 Metaspace       used 6378K, capacity 7158K, committed 7296K, reserved 1056768K
  class space    used 609K, capacity 622K, committed 640K, reserved 1048576K
Event: 3.616 GC heap after
Heap after GC invocations=3 (full 0):
 PSYoungGen      total 106496K, used 8178K [0x00000000eab00000, 0x00000000f7b00000, 0x0000000100000000)
  eden space 98304K, 0% used [0x00000000eab00000,0x00000000eab00000,0x00000000f0b00000)
  from space 8192K, 99% used [0x00000000f0b00000,0x00000000f12fc9d8,0x00000000f1300000)
  to   space 8192K, 0% used [0x00000000f7300000,0x00000000f7300000,0x00000000f7b00000)
 ParOldGen       total 131072K, used 19482K [0x00000000c0000000, 0x00000000c8000000, 0x00000000eab00000)
  object space 131072K, 14% used [0x00000000c0000000,0x00000000c1306a10,0x00000000c8000000)
 Metaspace       used 6378K, capacity 7158K, committed 7296K, reserved 1056768K
  class space    used 609K, capacity 622K, committed 640K, reserved 1048576K
}
Event: 4.096 GC heap before
{Heap before GC invocations=4 (full 0):
 PSYoungGen      total 106496K, used 106482K [0x00000000eab00000, 0x00000000f7b00000, 0x0000000100000000)
  eden space 98304K, 100% used [0x00000000eab00000,0x00000000f0b00000,0x00000000f0b00000)
  from space 8192K, 99% used [0x00000000f0b00000,0x00000000f12fc9d8,0x00000000f1300000)
  to   space 8192K, 0% used [0x00000000f7300000,0x00000000f7300000,0x00000000f7b00000)
 ParOldGen       total 131072K, used 19482K [0x00000000c0000000, 0x00000000c8000000, 0x00000000eab00000)
  object space 131072K, 14% used [0x00000000c0000000,0x00000000c1306a10,0x00000000c8000000)
 Metaspace       used 6449K, capacity 7222K, committed 7296K, reserved 1056768K
  class space    used 609K, capacity 622K, committed 640K, reserved 1048576K
Event: 4.528 GC heap after
Heap after GC invocations=4 (full 0):
 PSYoungGen      total 204800K, used 8189K [0x00000000eab00000, 0x00000000f7b00000, 0x0000000100000000)
  eden space 196608K, 0% used [0x00000000eab00000,0x00000000eab00000,0x00000000f6b00000)
  from space 8192K, 99% used [0x00000000f7300000,0x00000000f7aff450,0x00000000f7b00000)
  to   space 8192K, 0% used [0x00000000f6b00000,0x00000000f6b00000,0x00000000f7300000)
 ParOldGen       total 131072K, used 35527K [0x00000000c0000000, 0x00000000c8000000, 0x00000000eab00000)
  object space 131072K, 27% used [0x00000000c0000000,0x00000000c22b1d18,0x00000000c8000000)
 Metaspace       used 6449K, capacity 7222K, committed 7296K, reserved 1056768K
  class space    used 609K, capacity 622K, committed 640K, reserved 1048576K
}
Event: 6.251 GC heap before
{Heap before GC invocations=5 (full 0):
 PSYoungGen      total 204800K, used 204797K [0x00000000eab00000, 0x00000000f7b00000, 0x0000000100000000)
  eden space 196608K, 100% used [0x00000000eab00000,0x00000000f6b00000,0x00000000f6b00000)
  from space 8192K, 99% used [0x00000000f7300000,0x00000000f7aff450,0x00000000f7b00000)
  to   space 8192K, 0% used [0x00000000f6b00000,0x00000000f6b00000,0x00000000f7300000)
 ParOldGen       total 131072K, used 35527K [0x00000000c0000000, 0x00000000c8000000, 0x00000000eab00000)
  object space 131072K, 27% used [0x00000000c0000000,0x00000000c22b1d18,0x00000000c8000000)
 Metaspace       used 6613K, capacity 7256K, committed 7424K, reserved 1056768K
  class space    used 628K, capacity 656K, committed 768K, reserved 1048576K
Event: 6.509 GC heap after
Heap after GC invocations=5 (full 0):
 PSYoungGen      total 204800K, used 8176K [0x00000000eab00000, 0x0000000100000000, 0x0000000100000000)
  eden space 196608K, 0% used [0x00000000eab00000,0x00000000eab00000,0x00000000f6b00000)
  from space 8192K, 99% used [0x00000000f6b00000,0x00000000f72fc138,0x00000000f7300000)
  to   space 42496K, 0% used [0x00000000fd680000,0x00000000fd680000,0x0000000100000000)
 ParOldGen       total 131072K, used 65472K [0x00000000c0000000, 0x00000000c8000000, 0x00000000eab00000)
  object space 131072K, 49% used [0x00000000c0000000,0x00000000c3ff03b8,0x00000000c8000000)
 Metaspace       used 6613K, capacity 7256K, committed 7424K, reserved 1056768K
  class space    used 628K, capacity 656K, committed 768K, reserved 1048576K
}

Deoptimization events (10 events):
Event: 5.152 Thread 0x0000000017d39000 Uncommon trap: reason=bimorphic action=maybe_recompile pc=0x0000000002e17c28 method=com.android.dx.cf.code.BytecodeArray.parseInstruction(ILcom/android/dx/cf/code/BytecodeArray$Visitor;)I @ 971
Event: 5.152 Thread 0x0000000017d39000 Uncommon trap: reason=bimorphic action=maybe_recompile pc=0x0000000002e17c28 method=com.android.dx.cf.code.BytecodeArray.parseInstruction(ILcom/android/dx/cf/code/BytecodeArray$Visitor;)I @ 971
Event: 5.934 Thread 0x000000001738f000 Uncommon trap: reason=unstable_if action=reinterpret pc=0x0000000002c336a0 method=java.util.HashMap.resize()[Ljava/util/HashMap$Node; @ 206
Event: 6.710 Thread 0x0000000017d36800 Uncommon trap: reason=bimorphic action=maybe_recompile pc=0x0000000002e68480 method=com.android.dx.cf.code.BytecodeArray.parseInstruction(ILcom/android/dx/cf/code/BytecodeArray$Visitor;)I @ 1287
Event: 6.710 Thread 0x0000000017d36800 Uncommon trap: reason=bimorphic action=maybe_recompile pc=0x0000000002e68480 method=com.android.dx.cf.code.BytecodeArray.parseInstruction(ILcom/android/dx/cf/code/BytecodeArray$Visitor;)I @ 1287
Event: 7.265 Thread 0x000000001732c800 Uncommon trap: reason=class_check action=maybe_recompile pc=0x0000000002ace848 method=java.util.Arrays.hashCode([Ljava/lang/Object;)I @ 43
Event: 7.265 Thread 0x000000001732c800 Uncommon trap: reason=class_check action=maybe_recompile pc=0x0000000002ace848 method=java.util.Arrays.hashCode([Ljava/lang/Object;)I @ 43
Event: 7.265 Thread 0x000000001732c800 Uncommon trap: reason=class_check action=maybe_recompile pc=0x0000000002ace848 method=java.util.Arrays.hashCode([Ljava/lang/Object;)I @ 43
Event: 7.265 Thread 0x000000001732c800 Uncommon trap: reason=class_check action=maybe_recompile pc=0x0000000002ace848 method=java.util.Arrays.hashCode([Ljava/lang/Object;)I @ 43
Event: 7.265 Thread 0x000000001732c800 Uncommon trap: reason=class_check action=maybe_recompile pc=0x0000000002a8f174 method=java.util.Arrays.hashCode([Ljava/lang/Object;)I @ 43

Internal exceptions (7 events):
Event: 0.216 Thread 0x000000000203e000 Exception <a 'java/lang/NoSuchMethodError': Method sun.misc.Unsafe.defineClass(Ljava/lang/String;[BII)Ljava/lang/Class; name or signature does not match> (0x00000000eab07cc0) thrown at [D:\re\workspace\8-2-build-windows-amd64-cygwin\jdk8u92\6642\hotspot\srμν‹Ά®Λ?
Event: 0.216 Thread 0x000000000203e000 Exception <a 'java/lang/NoSuchMethodError': Method sun.misc.Unsafe.prefetchRead(Ljava/lang/Object;J)V name or signature does not match> (0x00000000eab07fa8) thrown at [D:\re\workspace\8-2-build-windows-amd64-cygwin\jdk8u92\6642\hotspot\src\share\vm\prims\j{Ί%Ε®@
Event: 2.210 Thread 0x0000000017d39000 Implicit null exception at 0x00000000028c9da2 to 0x00000000028c9ea9
Event: 2.533 Thread 0x000000001732d800 Implicit null exception at 0x00000000028d993a to 0x00000000028dba89
Event: 4.581 Thread 0x0000000017d36800 Exception <a 'java/lang/ArrayIndexOutOfBoundsException': 18> (0x00000000ead05320) thrown at [D:\re\workspace\8-2-build-windows-amd64-cygwin\jdk8u92\6642\hotspot\src\share\vm\interpreter\interpreterRuntime.cpp, line 366]
Event: 4.581 Thread 0x0000000017d36800 Exception <a 'java/lang/ArrayIndexOutOfBoundsException': 145> (0x00000000ead06ea0) thrown at [D:\re\workspace\8-2-build-windows-amd64-cygwin\jdk8u92\6642\hotspot\src\share\vm\interpreter\interpreterRuntime.cpp, line 366]
Event: 4.582 Thread 0x0000000017d36800 Exception <a 'java/lang/ArrayIndexOutOfBoundsException': 40> (0x00000000ead08188) thrown at [D:\re\workspace\8-2-build-windows-amd64-cygwin\jdk8u92\6642\hotspot\src\share\vm\interpreter\interpreterRuntime.cpp, line 366]

Events (10 events):
Event: 7.265 Thread 0x000000001732c800 DEOPT PACKING pc=0x0000000002ace848 sp=0x000000001aacf080
Event: 7.265 Thread 0x000000001732c800 DEOPT UNPACKING pc=0x000000000262582a sp=0x000000001aacefb0 mode 2
Event: 7.265 Thread 0x000000001732c800 Uncommon trap: trap_request=0xffffffde fr.pc=0x0000000002ace848
Event: 7.265 Thread 0x000000001732c800 DEOPT PACKING pc=0x0000000002ace848 sp=0x000000001aacf030
Event: 7.265 Thread 0x000000001732c800 DEOPT UNPACKING pc=0x000000000262582a sp=0x000000001aacef60 mode 2
Event: 7.265 Thread 0x000000001732c800 Uncommon trap: trap_request=0xffffffde fr.pc=0x0000000002a8f174
Event: 7.265 Thread 0x000000001732c800 DEOPT PACKING pc=0x0000000002a8f174 sp=0x000000001aaced00
Event: 7.265 Thread 0x000000001732c800 DEOPT UNPACKING pc=0x000000000262582a sp=0x000000001aacec88 mode 2
Event: 7.265 loading class com/android/dx/rop/cst/Zeroes
Event: 7.265 loading class com/android/dx/rop/cst/Zeroes done


Dynamic libraries:
0x00007ff646d50000 - 0x00007ff646d87000 	C:\Program Files\Java\jdk1.8.0_92\bin\java.exe
0x00007ffa84da0000 - 0x00007ffa84f61000 	C:\WINDOWS\SYSTEM32\ntdll.dll
0x00007ffa82480000 - 0x00007ffa8252d000 	C:\WINDOWS\system32\KERNEL32.DLL
0x00007ffa81c50000 - 0x00007ffa81e38000 	C:\WINDOWS\system32\KERNELBASE.dll
0x00007ffa7faf0000 - 0x00007ffa7fb69000 	C:\WINDOWS\system32\apphelp.dll
0x00007ffa82960000 - 0x00007ffa82a07000 	C:\WINDOWS\system32\ADVAPI32.dll
0x00007ffa82f50000 - 0x00007ffa82fed000 	C:\WINDOWS\system32\msvcrt.dll
0x00007ffa82b70000 - 0x00007ffa82bcb000 	C:\WINDOWS\system32\sechost.dll
0x00007ffa834a0000 - 0x00007ffa835bc000 	C:\WINDOWS\system32\RPCRT4.dll
0x00007ffa82a10000 - 0x00007ffa82b66000 	C:\WINDOWS\system32\USER32.dll
0x00007ffa83140000 - 0x00007ffa832c6000 	C:\WINDOWS\system32\GDI32.dll
0x00007ffa76500000 - 0x00007ffa76774000 	C:\WINDOWS\WinSxS\amd64_microsoft.windows.common-controls_6595b64144ccf1df_6.0.10586.0_none_8c15ae12515e1c22\COMCTL32.dll
0x00007ffa835c0000 - 0x00007ffa8383d000 	C:\WINDOWS\system32\combase.dll
0x00007ffa81be0000 - 0x00007ffa81c4a000 	C:\WINDOWS\system32\bcryptPrimitives.dll
0x00007ffa823e0000 - 0x00007ffa8241b000 	C:\WINDOWS\system32\IMM32.DLL
0x00000000576b0000 - 0x0000000057782000 	C:\Program Files\Java\jdk1.8.0_92\jre\bin\msvcr100.dll
0x0000000058180000 - 0x0000000058a16000 	C:\Program Files\Java\jdk1.8.0_92\jre\bin\server\jvm.dll
0x00007ffa82bd0000 - 0x00007ffa82bd8000 	C:\WINDOWS\system32\PSAPI.DLL
0x00007ffa7fbc0000 - 0x00007ffa7fbc9000 	C:\WINDOWS\SYSTEM32\WSOCK32.dll
0x00007ffa82d80000 - 0x00007ffa82deb000 	C:\WINDOWS\system32\WS2_32.dll
0x00007ffa7ef70000 - 0x00007ffa7ef93000 	C:\WINDOWS\SYSTEM32\WINMM.dll
0x00007ffa76bc0000 - 0x00007ffa76bca000 	C:\WINDOWS\SYSTEM32\VERSION.dll
0x00007ffa7ef40000 - 0x00007ffa7ef6c000 	C:\WINDOWS\SYSTEM32\WINMMBASE.dll
0x00007ffa82070000 - 0x00007ffa820b3000 	C:\WINDOWS\system32\cfgmgr32.dll
0x0000000058170000 - 0x000000005817f000 	C:\Program Files\Java\jdk1.8.0_92\jre\bin\verify.dll
0x0000000058060000 - 0x0000000058089000 	C:\Program Files\Java\jdk1.8.0_92\jre\bin\java.dll
0x0000000058040000 - 0x0000000058056000 	C:\Program Files\Java\jdk1.8.0_92\jre\bin\zip.dll
0x00007ffa83840000 - 0x00007ffa84d9c000 	C:\WINDOWS\system32\SHELL32.dll
0x00007ffa81450000 - 0x00007ffa81a94000 	C:\WINDOWS\system32\windows.storage.dll
0x00007ffa82420000 - 0x00007ffa82472000 	C:\WINDOWS\system32\shlwapi.dll
0x00007ffa81430000 - 0x00007ffa8143f000 	C:\WINDOWS\system32\kernel.appcore.dll
0x00007ffa820c0000 - 0x00007ffa82175000 	C:\WINDOWS\system32\shcore.dll
0x00007ffa813c0000 - 0x00007ffa8140b000 	C:\WINDOWS\system32\powrprof.dll
0x00007ffa81410000 - 0x00007ffa81424000 	C:\WINDOWS\system32\profapi.dll

VM Arguments:
jvm_args: -Djava.awt.headless=true -Xmx1024M -Dfile.encoding=GBK -Duser.country=CN -Duser.language=zh -Duser.variant 
java_command: com.android.dx.command.Main --dex --force-jumbo --num-threads=4 --multi-dex --output C:\Users\Wicker\Documents\GitHub_Clone\shopping\Shopping2\Shopping\app\build\intermediates\transforms\dex\debug\folders\1000\10\com.android.support-support-v4-24.0.0-alpha2_fe7ae6f88331ff38fc3ac62aa1d6196e78160be6 C:\Users\Wicker\Documents\GitHub_Clone\shopping\Shopping2\Shopping\app\build\intermediates\exploded-aar\com.android.support\support-v4\24.0.0-alpha2\jars\classes.jar
java_class_path (initial): D:\Android\Sdk\build-tools\23.0.3\lib\dx.jar
Launcher Type: SUN_STANDARD

Environment Variables:
JAVA_HOME=C:\Program Files\Java\jdk1.8.0_92
CLASSPATH=.C:\Program Files\Java\jdk1.8.0_92\lib;C:\Program Files\Java\jdk1.8.0_92\lib\tools.jar;
PATH=C:\ProgramData\Oracle\Java\javapath;C:\Program Files (x86)\Common Files\Intel\Shared Libraries\redist\intel64\compiler;C:\WINDOWS\system32;C:\WINDOWS;C:\WINDOWS\System32\Wbem;C:\WINDOWS\System32\WindowsPowerShell\v1.0\;C:\Program Files (x86)\QuickTime\QTSystem\;C:\Program Files\Java\jdk1.7.0_80\bin;C:\Users\Wicker\.dnx\bin;C:\Program Files\Microsoft DNX\Dnvm\;C:\Program Files (x86)\Windows Kits\8.1\Windows Performance Toolkit\;C:\Program Files (x86)\NVIDIA Corporation\PhysX\Common;D:\opencv\build\x86\mingw\bin;D:\opencv\build\x86\vc10\bin;D:\opencv\build\x64\mingw\bin;D:\opencv\build\x64\vc10\bin;D:\gradle-2.10-all\gradle-2.10\bin
USERNAME=Wicker
OS=Windows_NT
PROCESSOR_IDENTIFIER=Intel64 Family 6 Model 60 Stepping 3, GenuineIntel



---------------  S Y S T E M  ---------------

OS: Windows 10.0 , 64 bit Build 10586 (10.0.10586.0)

CPU:total 8 (4 cores per cpu, 2 threads per core) family 6 model 60 stepping 3, cmov, cx8, fxsr, mmx, sse, sse2, sse3, ssse3, sse4.1, sse4.2, popcnt, avx, avx2, aes, clmul, erms, lzcnt, ht, tsc, tscinvbit, bmi1, bmi2

Memory: 4k page, physical 12500872k(2729452k free), swap 13287304k(3680k free)

vm_info: Java HotSpot(TM) 64-Bit Server VM (25.92-b14) for windows-amd64 JRE (1.8.0_92-b14), built on Mar 31 2016 21:03:04 by "java_re" with MS VC++ 10.0 (VS2010)

time: Thu Jun 16 23:33:44 2016
elapsed time: 7 seconds (0d 0h 0m 7s)

