#
# There is insufficient memory for the Java Runtime Environment to continue.
# Native memory allocation (malloc) failed to allocate 277936 bytes for Chunk::new
# Possible reasons:
#   The system is out of physical RAM or swap space
#   In 32 bit mode, the process size limit was hit
# Possible solutions:
#   Reduce memory load on the system
#   Increase physical memory or swap space
#   Check if swap backing store is full
#   Use 64 bit Java on a 64 bit OS
#   Decrease Java heap size (-Xmx/-Xms)
#   Decrease number of Java threads
#   Decrease Java thread stack sizes (-Xss)
#   Set larger code cache with -XX:ReservedCodeCacheSize=
# This output file may be truncated or incomplete.
#
#  Out of Memory Error (allocation.cpp:390), pid=72092, tid=0x0000000000011474
#
# JRE version: Java(TM) SE Runtime Environment (8.0_92-b14) (build 1.8.0_92-b14)
# Java VM: Java HotSpot(TM) 64-Bit Server VM (25.92-b14 mixed mode windows-amd64 compressed oops)
# Failed to write core dump. Minidumps are not enabled by default on client versions of Windows
#

---------------  T H R E A D  ---------------

Current thread (0x000000001714c800):  JavaThread "C2 CompilerThread2" daemon [_thread_in_native, id=70772, stack(0x0000000017a20000,0x0000000017b20000)]

Stack: [0x0000000017a20000,0x0000000017b20000]
[error occurred during error reporting (printing stack bounds), id 0xc0000005]

Native frames: (J=compiled Java code, j=interpreted, Vv=VM code, C=native code)


Current CompileTask:
C2:   3177 1447       4       com.android.dx.ssa.back.SsaToRop::convertBasicBlock (126 bytes)


---------------  P R O C E S S  ---------------

Java Threads: ( => current thread )
  0x000000001742f800 JavaThread "pool-1-thread-4" [_thread_in_Java, id=32116, stack(0x0000000018a20000,0x0000000018b20000)]
  0x0000000017429800 JavaThread "pool-1-thread-3" [_thread_in_vm, id=70204, stack(0x0000000018920000,0x0000000018a20000)]
  0x0000000017423800 JavaThread "pool-1-thread-2" [_thread_blocked, id=68084, stack(0x0000000018820000,0x0000000018920000)]
  0x000000001740e000 JavaThread "pool-2-thread-1" [_thread_blocked, id=29052, stack(0x0000000018720000,0x0000000018820000)]
  0x0000000017e2f800 JavaThread "pool-1-thread-1" [_thread_in_Java, id=64588, stack(0x0000000018620000,0x0000000018720000)]
  0x00000000171fb800 JavaThread "Service Thread" daemon [_thread_blocked, id=69100, stack(0x0000000017c20000,0x0000000017d20000)]
  0x000000001714f800 JavaThread "C1 CompilerThread3" daemon [_thread_blocked, id=58692, stack(0x0000000017b20000,0x0000000017c20000)]
=>0x000000001714c800 JavaThread "C2 CompilerThread2" daemon [_thread_in_native, id=70772, stack(0x0000000017a20000,0x0000000017b20000)]
  0x00000000151dd800 JavaThread "C2 CompilerThread1" daemon [_thread_in_native, id=46280, stack(0x0000000017920000,0x0000000017a20000)]
  0x00000000151db000 JavaThread "C2 CompilerThread0" daemon [_thread_in_native, id=55488, stack(0x0000000017820000,0x0000000017920000)]
  0x00000000170fc000 JavaThread "Attach Listener" daemon [_thread_blocked, id=30760, stack(0x0000000017720000,0x0000000017820000)]
  0x0000000017148800 JavaThread "Signal Dispatcher" daemon [_thread_blocked, id=22252, stack(0x0000000017620000,0x0000000017720000)]
  0x00000000026ae000 JavaThread "Finalizer" daemon [_thread_blocked, id=60696, stack(0x00000000174c0000,0x00000000175c0000)]
  0x00000000026a7000 JavaThread "Reference Handler" daemon [_thread_blocked, id=52956, stack(0x0000000016fc0000,0x00000000170c0000)]
  0x000000000098e000 JavaThread "main" [_thread_blocked, id=71312, stack(0x00000000024b0000,0x00000000025b0000)]

Other Threads:
  0x00000000151c9000 VMThread [stack: 0x0000000016ec0000,0x0000000016fc0000] [id=46340]
  0x0000000017206000 WatcherThread [stack: 0x0000000017d20000,0x0000000017e20000] [id=30216]

VM state:not at safepoint (normal execution)

VM Mutex/Monitor currently owned by a thread:  ([mutex/lock_event])
[0x000000000098c5d0] CodeCache_lock - owner thread: 0x0000000000000000

Heap:
 PSYoungGen      total 57344K, used 25416K [0x00000000eab00000, 0x00000000eeb00000, 0x0000000100000000)
  eden space 49152K, 35% used [0x00000000eab00000,0x00000000ebbd4a60,0x00000000edb00000)
  from space 8192K, 99% used [0x00000000edb00000,0x00000000ee2fd898,0x00000000ee300000)
  to   space 8192K, 0% used [0x00000000ee300000,0x00000000ee300000,0x00000000eeb00000)
 ParOldGen       total 131072K, used 768K [0x00000000c0000000, 0x00000000c8000000, 0x00000000eab00000)
  object space 131072K, 0% used [0x00000000c0000000,0x00000000c00c0000,0x00000000c8000000)
 Metaspace       used 6224K, capacity 7094K, committed 7296K, reserved 1056768K
  class space    used 608K, capacity 622K, committed 640K, reserved 1048576K

Card table byte_map: [0x0000000011a70000,0x0000000011c80000] byte_map_base: 0x0000000011470000

Marking Bits: (ParMarkBitMap*) 0x000000006d3c64f0
 Begin Bits: [0x00000000125e0000, 0x00000000135e0000)
 End Bits:   [0x00000000135e0000, 0x00000000145e0000)

Polling page: 0x0000000000510000

CodeCache: size=245760Kb used=6322Kb max_used=6322Kb free=239437Kb
 bounds [0x00000000026b0000, 0x0000000002cf0000, 0x00000000116b0000]
 total_blobs=1784 nmethods=1513 adapters=184
 compilation: enabled

Compilation events (10 events):
Event: 3.164 Thread 0x000000001714f800 nmethod 1507 0x0000000002ccafd0 code [0x0000000002ccb1c0, 0x0000000002ccb9d8]
Event: 3.164 Thread 0x000000001714f800 1508   !   3       com.android.dx.cf.code.Ropper::convert (52 bytes)
Event: 3.165 Thread 0x000000001714f800 nmethod 1508 0x0000000002ccbe10 code [0x0000000002ccc040, 0x0000000002cccbc8]
Event: 3.165 Thread 0x000000001714f800 1509       3       com.android.dx.cf.code.Ropper::<init> (213 bytes)
Event: 3.166 Thread 0x000000001714f800 nmethod 1509 0x0000000002ccd150 code [0x0000000002ccd460, 0x0000000002cceef8]
Event: 3.166 Thread 0x000000001714f800 1513       3       com.android.dx.ssa.SsaConverter::convertToSsaMethod (41 bytes)
Event: 3.167 Thread 0x000000001714f800 nmethod 1513 0x0000000002ccfd50 code [0x0000000002ccffa0, 0x0000000002cd0b28]
Event: 3.167 Thread 0x000000001714f800 1514       3       com.android.dx.ssa.SsaRenamer::run (34 bytes)
Event: 3.167 Thread 0x000000001714f800 nmethod 1514 0x0000000002cd1110 code [0x0000000002cd12a0, 0x0000000002cd1908]
Event: 3.167 Thread 0x000000001714f800 1520       3       com.android.dx.ssa.ConstCollector::run (236 bytes)

GC Heap History (2 events):
Event: 2.648 GC heap before
{Heap before GC invocations=1 (full 0):
 PSYoungGen      total 57344K, used 49152K [0x00000000eab00000, 0x00000000eeb00000, 0x0000000100000000)
  eden space 49152K, 100% used [0x00000000eab00000,0x00000000edb00000,0x00000000edb00000)
  from space 8192K, 0% used [0x00000000ee300000,0x00000000ee300000,0x00000000eeb00000)
  to   space 8192K, 0% used [0x00000000edb00000,0x00000000edb00000,0x00000000ee300000)
 ParOldGen       total 131072K, used 0K [0x00000000c0000000, 0x00000000c8000000, 0x00000000eab00000)
  object space 131072K, 0% used [0x00000000c0000000,0x00000000c0000000,0x00000000c8000000)
 Metaspace       used 6118K, capacity 6966K, committed 7040K, reserved 1056768K
  class space    used 608K, capacity 622K, committed 640K, reserved 1048576K
Event: 2.907 GC heap after
Heap after GC invocations=1 (full 0):
 PSYoungGen      total 57344K, used 8182K [0x00000000eab00000, 0x00000000eeb00000, 0x0000000100000000)
  eden space 49152K, 0% used [0x00000000eab00000,0x00000000eab00000,0x00000000edb00000)
  from space 8192K, 99% used [0x00000000edb00000,0x00000000ee2fd898,0x00000000ee300000)
  to   space 8192K, 0% used [0x00000000ee300000,0x00000000ee300000,0x00000000eeb00000)
 ParOldGen       total 131072K, used 768K [0x00000000c0000000, 0x00000000c8000000, 0x00000000eab00000)
  object space 131072K, 0% used [0x00000000c0000000,0x00000000c00c0000,0x00000000c8000000)
 Metaspace       used 6118K, capacity 6966K, committed 7040K, reserved 1056768K
  class space    used 608K, capacity 622K, committed 640K, reserved 1048576K
}

Deoptimization events (10 events):
Event: 2.647 Thread 0x0000000017429800 Uncommon trap: reason=class_check action=maybe_recompile pc=0x0000000002c33f40 method=java.util.HashMap.putVal(ILjava/lang/Object;Ljava/lang/Object;ZZ)Ljava/lang/Object; @ 203
Event: 2.647 Thread 0x0000000017429800 Uncommon trap: reason=class_check action=maybe_recompile pc=0x0000000002c33f40 method=java.util.HashMap.putVal(ILjava/lang/Object;Ljava/lang/Object;ZZ)Ljava/lang/Object; @ 203
Event: 2.647 Thread 0x0000000017429800 Uncommon trap: reason=bimorphic action=maybe_recompile pc=0x0000000002a7a96c method=java.util.HashMap.getNode(ILjava/lang/Object;)Ljava/util/HashMap$Node; @ 126
Event: 2.919 Thread 0x0000000017423800 Uncommon trap: reason=unstable_if action=reinterpret pc=0x0000000002c3b274 method=com.android.dx.rop.code.RegisterSpecSet.put(Lcom/android/dx/rop/code/RegisterSpec;)V @ 77
Event: 2.919 Thread 0x0000000017423800 Uncommon trap: reason=unstable_if action=reinterpret pc=0x00000000029734ac method=com.android.dx.rop.code.RegisterSpecSet.put(Lcom/android/dx/rop/code/RegisterSpec;)V @ 77
Event: 2.919 Thread 0x0000000017423800 Uncommon trap: reason=unstable_if action=reinterpret pc=0x000000000293f3ac method=com.android.dx.rop.code.RegisterSpecSet.put(Lcom/android/dx/rop/code/RegisterSpec;)V @ 77
Event: 2.919 Thread 0x0000000017423800 Uncommon trap: reason=unstable_if action=reinterpret pc=0x0000000002be4ef4 method=com.android.dx.rop.code.RegisterSpecSet.put(Lcom/android/dx/rop/code/RegisterSpec;)V @ 77
Event: 3.127 Thread 0x0000000017429800 Uncommon trap: reason=class_check action=maybe_recompile pc=0x0000000002c33f40 method=java.util.HashMap.putVal(ILjava/lang/Object;Ljava/lang/Object;ZZ)Ljava/lang/Object; @ 203
Event: 3.150 Thread 0x000000001742f800 Uncommon trap: reason=bimorphic action=maybe_recompile pc=0x0000000002bc221c method=com.android.dx.cf.code.BytecodeArray.parseInstruction(ILcom/android/dx/cf/code/BytecodeArray$Visitor;)I @ 939
Event: 3.152 Thread 0x000000001742f800 Uncommon trap: reason=bimorphic action=maybe_recompile pc=0x0000000002bc221c method=com.android.dx.cf.code.BytecodeArray.parseInstruction(ILcom/android/dx/cf/code/BytecodeArray$Visitor;)I @ 939

Internal exceptions (4 events):
Event: 0.039 Thread 0x000000000098e000 Exception <a 'java/lang/NoSuchMethodError': Method sun.misc.Unsafe.defineClass(Ljava/lang/String;[BII)Ljava/lang/Class; name or signature does not match> (0x00000000eab07cc0) thrown at [D:\re\workspace\8-2-build-windows-amd64-cygwin\jdk8u92\6642\hotspot\srVtG´Õÿ£?
Event: 0.039 Thread 0x000000000098e000 Exception <a 'java/lang/NoSuchMethodError': Method sun.misc.Unsafe.prefetchRead(Ljava/lang/Object;J)V name or signature does not match> (0x00000000eab07fa8) thrown at [D:\re\workspace\8-2-build-windows-amd64-cygwin\jdk8u92\6642\hotspot\src\share\vm\prims\jÓe%%Žÿ?
Event: 1.972 Thread 0x000000001742f800 Implicit null exception at 0x0000000002a54162 to 0x0000000002a5425a
Event: 2.156 Thread 0x0000000017429800 Implicit null exception at 0x0000000002945364 to 0x00000000029475e1

Events (10 events):
Event: 2.919 Thread 0x0000000017423800 DEOPT UNPACKING pc=0x00000000026f582a sp=0x000000001891e648 mode 2
Event: 3.127 Thread 0x0000000017429800 Uncommon trap: trap_request=0xffffffde fr.pc=0x0000000002c33f40
Event: 3.127 Thread 0x0000000017429800 DEOPT PACKING pc=0x0000000002c33f40 sp=0x0000000018a1e6d0
Event: 3.127 Thread 0x0000000017429800 DEOPT UNPACKING pc=0x00000000026f582a sp=0x0000000018a1e658 mode 2
Event: 3.150 Thread 0x000000001742f800 Uncommon trap: trap_request=0xffffffc6 fr.pc=0x0000000002bc221c
Event: 3.150 Thread 0x000000001742f800 DEOPT PACKING pc=0x0000000002bc221c sp=0x0000000018b1eb60
Event: 3.151 Thread 0x000000001742f800 DEOPT UNPACKING pc=0x00000000026f582a sp=0x0000000018b1eae8 mode 2
Event: 3.152 Thread 0x000000001742f800 Uncommon trap: trap_request=0xffffffc6 fr.pc=0x0000000002bc221c
Event: 3.152 Thread 0x000000001742f800 DEOPT PACKING pc=0x0000000002bc221c sp=0x0000000018b1e930
Event: 3.152 Thread 0x000000001742f800 DEOPT UNPACKING pc=0x00000000026f582a sp=0x0000000018b1e8b8 mode 2


Dynamic libraries:
0x00007ff6e5d30000 - 0x00007ff6e5d67000 	C:\Program Files\Java\jdk1.8.0_92\bin\java.exe
0x00007ffd25520000 - 0x00007ffd256e1000 	C:\WINDOWS\SYSTEM32\ntdll.dll
0x00007ffd22920000 - 0x00007ffd229cd000 	C:\WINDOWS\system32\KERNEL32.DLL
0x00007ffd21ed0000 - 0x00007ffd220b8000 	C:\WINDOWS\system32\KERNELBASE.dll
0x00007ffd20330000 - 0x00007ffd203a9000 	C:\WINDOWS\system32\apphelp.dll
0x00007ffd24e90000 - 0x00007ffd24f37000 	C:\WINDOWS\system32\ADVAPI32.dll
0x00007ffd247c0000 - 0x00007ffd2485d000 	C:\WINDOWS\system32\msvcrt.dll
0x00007ffd24e30000 - 0x00007ffd24e8b000 	C:\WINDOWS\system32\sechost.dll
0x00007ffd24d10000 - 0x00007ffd24e2c000 	C:\WINDOWS\system32\RPCRT4.dll
0x00007ffd24500000 - 0x00007ffd24656000 	C:\WINDOWS\system32\USER32.dll
0x00007ffd24240000 - 0x00007ffd243c6000 	C:\WINDOWS\system32\GDI32.dll
0x00007ffd125d0000 - 0x00007ffd12844000 	C:\WINDOWS\WinSxS\amd64_microsoft.windows.common-controls_6595b64144ccf1df_6.0.10586.0_none_8c15ae12515e1c22\COMCTL32.dll
0x00007ffd252a0000 - 0x00007ffd2551d000 	C:\WINDOWS\system32\combase.dll
0x00007ffd228b0000 - 0x00007ffd2291a000 	C:\WINDOWS\system32\bcryptPrimitives.dll
0x00007ffd25260000 - 0x00007ffd2529b000 	C:\WINDOWS\system32\IMM32.DLL
0x000000006c720000 - 0x000000006c7f2000 	C:\Program Files\Java\jdk1.8.0_92\jre\bin\msvcr100.dll
0x000000006cbb0000 - 0x000000006d446000 	C:\Program Files\Java\jdk1.8.0_92\jre\bin\server\jvm.dll
0x00007ffd229d0000 - 0x00007ffd229d8000 	C:\WINDOWS\system32\PSAPI.DLL
0x00007ffd16d10000 - 0x00007ffd16d19000 	C:\WINDOWS\SYSTEM32\WSOCK32.dll
0x00007ffd1fd70000 - 0x00007ffd1fd93000 	C:\WINDOWS\SYSTEM32\WINMM.dll
0x00007ffd13f70000 - 0x00007ffd13f7a000 	C:\WINDOWS\SYSTEM32\VERSION.dll
0x00007ffd24860000 - 0x00007ffd248cb000 	C:\WINDOWS\system32\ws2_32.DLL
0x00007ffd1fbb0000 - 0x00007ffd1fbdc000 	C:\WINDOWS\SYSTEM32\WINMMBASE.dll
0x00007ffd22150000 - 0x00007ffd22193000 	C:\WINDOWS\system32\cfgmgr32.dll
0x000000006de60000 - 0x000000006de6f000 	C:\Program Files\Java\jdk1.8.0_92\jre\bin\verify.dll
0x000000006de30000 - 0x000000006de59000 	C:\Program Files\Java\jdk1.8.0_92\jre\bin\java.dll
0x000000006de10000 - 0x000000006de26000 	C:\Program Files\Java\jdk1.8.0_92\jre\bin\zip.dll
0x00007ffd22a90000 - 0x00007ffd23fec000 	C:\WINDOWS\system32\SHELL32.dll
0x00007ffd221a0000 - 0x00007ffd227e4000 	C:\WINDOWS\system32\windows.storage.dll
0x00007ffd243d0000 - 0x00007ffd24422000 	C:\WINDOWS\system32\shlwapi.dll
0x00007ffd21b40000 - 0x00007ffd21b4f000 	C:\WINDOWS\system32\kernel.appcore.dll
0x00007ffd227f0000 - 0x00007ffd228a5000 	C:\WINDOWS\system32\shcore.dll
0x00007ffd21b50000 - 0x00007ffd21b9b000 	C:\WINDOWS\system32\powrprof.dll
0x00007ffd21bb0000 - 0x00007ffd21bc4000 	C:\WINDOWS\system32\profapi.dll

VM Arguments:
jvm_args: -Djava.awt.headless=true -Xmx1024M -Dfile.encoding=GBK -Duser.country=CN -Duser.language=zh -Duser.variant 
java_command: com.android.dx.command.Main --dex --force-jumbo --num-threads=4 --output C:\Users\Wicker\Documents\GitHub_Clone\shopping\Shopping2\Shopping\app\build\intermediates\pre-dexed\debug\com.android.support-design-24.0.0-alpha2_2f6f188c64da3ed80a57a8e45953be6a7827f708.jar C:\Users\Wicker\Documents\GitHub_Clone\shopping\Shopping2\Shopping\app\build\intermediates\exploded-aar\com.android.support\design\24.0.0-alpha2\jars\classes.jar
java_class_path (initial): D:\Android\Sdk\build-tools\23.0.3\lib\dx.jar
Launcher Type: SUN_STANDARD

Environment Variables:
JAVA_HOME=C:\Program Files\Java\jdk1.8.0_92
CLASSPATH=.C:\Program Files\Java\jdk1.8.0_92\lib;C:\Program Files\Java\jdk1.8.0_92\lib\tools.jar;
PATH=C:\ProgramData\Oracle\Java\javapath;C:\Program Files (x86)\Common Files\Intel\Shared Libraries\redist\intel64\compiler;C:\WINDOWS\system32;C:\WINDOWS;C:\WINDOWS\System32\Wbem;C:\WINDOWS\System32\WindowsPowerShell\v1.0\;C:\Program Files (x86)\QuickTime\QTSystem\;C:\Program Files\Java\jdk1.7.0_80\bin;C:\Users\Wicker\.dnx\bin;C:\Program Files\Microsoft DNX\Dnvm\;C:\Program Files (x86)\Windows Kits\8.1\Windows Performance Toolkit\;C:\Program Files (x86)\NVIDIA Corporation\PhysX\Common;D:\opencv\build\x86\mingw\bin;D:\opencv\build\x86\vc10\bin;D:\opencv\build\x64\mingw\bin;D:\opencv\build\x64\vc10\bin;D:\gradle-2.10-all\gradle-2.10\bin
USERNAME=Wicker
OS=Windows_NT
PROCESSOR_IDENTIFIER=Intel64 Family 6 Model 60 Stepping 3, GenuineIntel



---------------  S Y S T E M  ---------------

OS: Windows 10.0 , 64 bit Build 10586 (10.0.10586.0)

CPU:total 8 (4 cores per cpu, 2 threads per core) family 6 model 60 stepping 3, cmov, cx8, fxsr, mmx, sse, sse2, sse3, ssse3, sse4.1, sse4.2, popcnt, avx, avx2, aes, clmul, erms, lzcnt, ht, tsc, tscinvbit, bmi1, bmi2

Memory: 4k page, physical 12500872k(1917956k free), swap 13287304k(5236k free)

vm_info: Java HotSpot(TM) 64-Bit Server VM (25.92-b14) for windows-amd64 JRE (1.8.0_92-b14), built on Mar 31 2016 21:03:04 by "java_re" with MS VC++ 10.0 (VS2010)

time: Tue Jun 14 17:51:33 2016
elapsed time: 3 seconds (0d 0h 0m 3s)

