#
# There is insufficient memory for the Java Runtime Environment to continue.
# Native memory allocation (malloc) failed to allocate 297136 bytes for Chunk::new
# Possible reasons:
#   The system is out of physical RAM or swap space
#   In 32 bit mode, the process size limit was hit
# Possible solutions:
#   Reduce memory load on the system
#   Increase physical memory or swap space
#   Check if swap backing store is full
#   Use 64 bit Java on a 64 bit OS
#   Decrease Java heap size (-Xmx/-Xms)
#   Decrease number of Java threads
#   Decrease Java thread stack sizes (-Xss)
#   Set larger code cache with -XX:ReservedCodeCacheSize=
# This output file may be truncated or incomplete.
#
#  Out of Memory Error (allocation.cpp:390), pid=229660, tid=0x0000000000038b0c
#
# JRE version: Java(TM) SE Runtime Environment (8.0_92-b14) (build 1.8.0_92-b14)
# Java VM: Java HotSpot(TM) 64-Bit Server VM (25.92-b14 mixed mode windows-amd64 compressed oops)
# Failed to write core dump. Minidumps are not enabled by default on client versions of Windows
#

---------------  T H R E A D  ---------------

Current thread (0x0000000017019800):  JavaThread "C2 CompilerThread1" daemon [_thread_in_native, id=232204, stack(0x0000000017800000,0x0000000017900000)]

Stack: [0x0000000017800000,0x0000000017900000]
[error occurred during error reporting (printing stack bounds), id 0xc0000005]

Native frames: (J=compiled Java code, j=interpreted, Vv=VM code, C=native code)


Current CompileTask:
C2:   4673 2004 %     4       com.android.dx.ssa.SsaConverter::placePhiFunctions @ 131 (394 bytes)


---------------  P R O C E S S  ---------------

Java Threads: ( => current thread )
  0x0000000017d03800 JavaThread "pool-1-thread-4" [_thread_blocked, id=235280, stack(0x00000000198d0000,0x00000000199d0000)]
  0x0000000017da8800 JavaThread "pool-1-thread-3" [_thread_blocked, id=221004, stack(0x00000000197d0000,0x00000000198d0000)]
  0x0000000017da7800 JavaThread "pool-1-thread-2" [_thread_blocked, id=230632, stack(0x00000000196d0000,0x00000000197d0000)]
  0x000000001814d000 JavaThread "pool-2-thread-1" [_thread_blocked, id=235652, stack(0x00000000195d0000,0x00000000196d0000)]
  0x000000001814c000 JavaThread "pool-1-thread-1" [_thread_blocked, id=233444, stack(0x00000000194d0000,0x00000000195d0000)]
  0x000000001707d000 JavaThread "Service Thread" daemon [_thread_blocked, id=233432, stack(0x0000000017b00000,0x0000000017c00000)]
  0x0000000017078000 JavaThread "C1 CompilerThread3" daemon [_thread_blocked, id=240964, stack(0x0000000017a00000,0x0000000017b00000)]
  0x0000000017075800 JavaThread "C2 CompilerThread2" daemon [_thread_in_native, id=231444, stack(0x0000000017900000,0x0000000017a00000)]
=>0x0000000017019800 JavaThread "C2 CompilerThread1" daemon [_thread_in_native, id=232204, stack(0x0000000017800000,0x0000000017900000)]
  0x0000000017016800 JavaThread "C2 CompilerThread0" daemon [_thread_in_native, id=233100, stack(0x0000000017700000,0x0000000017800000)]
  0x0000000017012800 JavaThread "Attach Listener" daemon [_thread_blocked, id=227024, stack(0x0000000017600000,0x0000000017700000)]
  0x0000000016fc7800 JavaThread "Signal Dispatcher" daemon [_thread_blocked, id=231428, stack(0x0000000017500000,0x0000000017600000)]
  0x0000000002538800 JavaThread "Finalizer" daemon [_thread_blocked, id=241316, stack(0x0000000017390000,0x0000000017490000)]
  0x0000000002537000 JavaThread "Reference Handler" daemon [_thread_blocked, id=195908, stack(0x0000000016e90000,0x0000000016f90000)]
  0x00000000008ae000 JavaThread "main" [_thread_in_Java, id=237804, stack(0x0000000002340000,0x0000000002440000)]

Other Threads:
  0x0000000015089000 VMThread [stack: 0x0000000016d90000,0x0000000016e90000] [id=232476]
  0x0000000017095800 WatcherThread [stack: 0x0000000017c00000,0x0000000017d00000] [id=228604]

VM state:not at safepoint (normal execution)

VM Mutex/Monitor currently owned by a thread: None

Heap:
 PSYoungGen      total 106496K, used 59327K [0x00000000eab00000, 0x00000000f7b00000, 0x0000000100000000)
  eden space 98304K, 52% used [0x00000000eab00000,0x00000000edcf1df8,0x00000000f0b00000)
  from space 8192K, 99% used [0x00000000f0b00000,0x00000000f12fe020,0x00000000f1300000)
  to   space 8192K, 0% used [0x00000000f7300000,0x00000000f7300000,0x00000000f7b00000)
 ParOldGen       total 131072K, used 17583K [0x00000000c0000000, 0x00000000c8000000, 0x00000000eab00000)
  object space 131072K, 13% used [0x00000000c0000000,0x00000000c112bc80,0x00000000c8000000)
 Metaspace       used 6520K, capacity 7192K, committed 7424K, reserved 1056768K
  class space    used 628K, capacity 656K, committed 768K, reserved 1048576K

Card table byte_map: [0x0000000011910000,0x0000000011b20000] byte_map_base: 0x0000000011310000

Marking Bits: (ParMarkBitMap*) 0x00000000589964f0
 Begin Bits: [0x0000000012480000, 0x0000000013480000)
 End Bits:   [0x0000000013480000, 0x0000000014480000)

Polling page: 0x00000000008b0000

CodeCache: size=245760Kb used=8347Kb max_used=8361Kb free=237412Kb
 bounds [0x0000000002550000, 0x0000000002d90000, 0x0000000011550000]
 total_blobs=2224 nmethods=1952 adapters=184
 compilation: enabled

Compilation events (10 events):
Event: 4.556 Thread 0x0000000017019800 1988       4       com.android.dx.ssa.back.FirstFitLocalCombiningAllocator::getAlignment (32 bytes)
Event: 4.556 Thread 0x0000000017078000 nmethod 1990 0x0000000002d35810 code [0x0000000002d35a00, 0x0000000002d36668]
Event: 4.556 Thread 0x0000000017019800 nmethod 1988 0x0000000002c777d0 code [0x0000000002c77900, 0x0000000002c77998]
Event: 4.556 Thread 0x0000000017019800 1986       4       com.android.dx.rop.cst.CstLiteral32::equals (35 bytes)
Event: 4.557 Thread 0x0000000017019800 nmethod 1986 0x0000000002d63850 code [0x0000000002d63980, 0x0000000002d63a58]
Event: 4.557 Thread 0x0000000017019800 1991       4       com.android.dx.util.LabeledList::<init> (57 bytes)
Event: 4.633 Thread 0x0000000017078000 2023       2       com.android.dx.ssa.back.FirstFitLocalCombiningAllocator$Alignment$2::nextClearBit (26 bytes)
Event: 4.633 Thread 0x0000000017078000 nmethod 2023 0x0000000002d62250 code [0x0000000002d623c0, 0x0000000002d625d8]
Event: 4.644 Thread 0x0000000017019800 nmethod 1991 0x0000000002d81cd0 code [0x0000000002d81e60, 0x0000000002d827d8]
Event: 4.645 Thread 0x0000000017019800 2004 %     4       com.android.dx.ssa.SsaConverter::placePhiFunctions @ 131 (394 bytes)

GC Heap History (6 events):
Event: 1.422 GC heap before
{Heap before GC invocations=1 (full 0):
 PSYoungGen      total 57344K, used 49152K [0x00000000eab00000, 0x00000000eeb00000, 0x0000000100000000)
  eden space 49152K, 100% used [0x00000000eab00000,0x00000000edb00000,0x00000000edb00000)
  from space 8192K, 0% used [0x00000000ee300000,0x00000000ee300000,0x00000000eeb00000)
  to   space 8192K, 0% used [0x00000000edb00000,0x00000000edb00000,0x00000000ee300000)
 ParOldGen       total 131072K, used 0K [0x00000000c0000000, 0x00000000c8000000, 0x00000000eab00000)
  object space 131072K, 0% used [0x00000000c0000000,0x00000000c0000000,0x00000000c8000000)
 Metaspace       used 5991K, capacity 6840K, committed 7040K, reserved 1056768K
  class space    used 604K, capacity 624K, committed 640K, reserved 1048576K
Event: 1.513 GC heap after
Heap after GC invocations=1 (full 0):
 PSYoungGen      total 57344K, used 6777K [0x00000000eab00000, 0x00000000f1b00000, 0x0000000100000000)
  eden space 49152K, 0% used [0x00000000eab00000,0x00000000eab00000,0x00000000edb00000)
  from space 8192K, 82% used [0x00000000edb00000,0x00000000ee19e668,0x00000000ee300000)
  to   space 8192K, 0% used [0x00000000f1300000,0x00000000f1300000,0x00000000f1b00000)
 ParOldGen       total 131072K, used 0K [0x00000000c0000000, 0x00000000c8000000, 0x00000000eab00000)
  object space 131072K, 0% used [0x00000000c0000000,0x00000000c0000000,0x00000000c8000000)
 Metaspace       used 5991K, capacity 6840K, committed 7040K, reserved 1056768K
  class space    used 604K, capacity 624K, committed 640K, reserved 1048576K
}
Event: 2.188 GC heap before
{Heap before GC invocations=2 (full 0):
 PSYoungGen      total 57344K, used 55929K [0x00000000eab00000, 0x00000000f1b00000, 0x0000000100000000)
  eden space 49152K, 100% used [0x00000000eab00000,0x00000000edb00000,0x00000000edb00000)
  from space 8192K, 82% used [0x00000000edb00000,0x00000000ee19e668,0x00000000ee300000)
  to   space 8192K, 0% used [0x00000000f1300000,0x00000000f1300000,0x00000000f1b00000)
 ParOldGen       total 131072K, used 0K [0x00000000c0000000, 0x00000000c8000000, 0x00000000eab00000)
  object space 131072K, 0% used [0x00000000c0000000,0x00000000c0000000,0x00000000c8000000)
 Metaspace       used 6292K, capacity 7096K, committed 7296K, reserved 1056768K
  class space    used 608K, capacity 624K, committed 640K, reserved 1048576K
Event: 2.214 GC heap after
Heap after GC invocations=2 (full 0):
 PSYoungGen      total 106496K, used 8191K [0x00000000eab00000, 0x00000000f1b00000, 0x0000000100000000)
  eden space 98304K, 0% used [0x00000000eab00000,0x00000000eab00000,0x00000000f0b00000)
  from space 8192K, 99% used [0x00000000f1300000,0x00000000f1affc90,0x00000000f1b00000)
  to   space 8192K, 0% used [0x00000000f0b00000,0x00000000f0b00000,0x00000000f1300000)
 ParOldGen       total 131072K, used 3656K [0x00000000c0000000, 0x00000000c8000000, 0x00000000eab00000)
  object space 131072K, 2% used [0x00000000c0000000,0x00000000c0392280,0x00000000c8000000)
 Metaspace       used 6292K, capacity 7096K, committed 7296K, reserved 1056768K
  class space    used 608K, capacity 624K, committed 640K, reserved 1048576K
}
Event: 3.694 GC heap before
{Heap before GC invocations=3 (full 0):
 PSYoungGen      total 106496K, used 106495K [0x00000000eab00000, 0x00000000f1b00000, 0x0000000100000000)
  eden space 98304K, 100% used [0x00000000eab00000,0x00000000f0b00000,0x00000000f0b00000)
  from space 8192K, 99% used [0x00000000f1300000,0x00000000f1affc90,0x00000000f1b00000)
  to   space 8192K, 0% used [0x00000000f0b00000,0x00000000f0b00000,0x00000000f1300000)
 ParOldGen       total 131072K, used 3656K [0x00000000c0000000, 0x00000000c8000000, 0x00000000eab00000)
  object space 131072K, 2% used [0x00000000c0000000,0x00000000c0392280,0x00000000c8000000)
 Metaspace       used 6508K, capacity 7192K, committed 7424K, reserved 1056768K
  class space    used 628K, capacity 656K, committed 768K, reserved 1048576K
Event: 3.927 GC heap after
Heap after GC invocations=3 (full 0):
 PSYoungGen      total 106496K, used 8184K [0x00000000eab00000, 0x00000000f7b00000, 0x0000000100000000)
  eden space 98304K, 0% used [0x00000000eab00000,0x00000000eab00000,0x00000000f0b00000)
  from space 8192K, 99% used [0x00000000f0b00000,0x00000000f12fe020,0x00000000f1300000)
  to   space 8192K, 0% used [0x00000000f7300000,0x00000000f7300000,0x00000000f7b00000)
 ParOldGen       total 131072K, used 17583K [0x00000000c0000000, 0x00000000c8000000, 0x00000000eab00000)
  object space 131072K, 13% used [0x00000000c0000000,0x00000000c112bc80,0x00000000c8000000)
 Metaspace       used 6508K, capacity 7192K, committed 7424K, reserved 1056768K
  class space    used 628K, capacity 656K, committed 768K, reserved 1048576K
}

Deoptimization events (10 events):
Event: 2.846 Thread 0x00000000008ae000 Uncommon trap: reason=bimorphic action=maybe_recompile pc=0x0000000002c2f454 method=com.android.dx.ssa.SCCP.simulatePhi(Lcom/android/dx/ssa/PhiInsn;)V @ 124
Event: 2.846 Thread 0x00000000008ae000 Uncommon trap: reason=bimorphic action=maybe_recompile pc=0x0000000002c43730 method=com.android.dx.ssa.SCCP.simulatePhi(Lcom/android/dx/ssa/PhiInsn;)V @ 124
Event: 2.896 Thread 0x0000000017d03800 Uncommon trap: reason=class_check action=maybe_recompile pc=0x0000000002bef994 method=com.android.dx.ssa.SCCP.simulateBranch(Lcom/android/dx/ssa/SsaInsn;)V @ 145
Event: 2.965 Thread 0x0000000017da8800 Uncommon trap: reason=class_check action=maybe_recompile pc=0x0000000002bef994 method=com.android.dx.ssa.SCCP.simulateBranch(Lcom/android/dx/ssa/SsaInsn;)V @ 145
Event: 3.262 Thread 0x000000001814c000 Uncommon trap: reason=unstable_if action=reinterpret pc=0x0000000002cabbec method=com.android.dx.cf.code.ByteCatchList.listFor(I)Lcom/android/dx/cf/code/ByteCatchList; @ 47
Event: 3.264 Thread 0x000000001814c000 Uncommon trap: reason=bimorphic action=maybe_recompile pc=0x0000000002c2f454 method=com.android.dx.ssa.SCCP.simulatePhi(Lcom/android/dx/ssa/PhiInsn;)V @ 124
Event: 3.332 Thread 0x0000000017da8800 Uncommon trap: reason=unstable_if action=reinterpret pc=0x000000000282f41c method=java.util.HashMap.putVal(ILjava/lang/Object;Ljava/lang/Object;ZZ)Ljava/lang/Object; @ 162
Event: 4.092 Thread 0x0000000017da7800 Uncommon trap: reason=class_check action=maybe_recompile pc=0x0000000002bef994 method=com.android.dx.ssa.SCCP.simulateBranch(Lcom/android/dx/ssa/SsaInsn;)V @ 145
Event: 4.179 Thread 0x000000001814c000 Uncommon trap: reason=unstable_if action=reinterpret pc=0x0000000002d1b318 method=java.util.HashMap.getNode(ILjava/lang/Object;)Ljava/util/HashMap$Node; @ 84
Event: 4.325 Thread 0x0000000017d03800 Uncommon trap: reason=unstable_if action=reinterpret pc=0x0000000002d3f4f0 method=java.util.HashMap.getNode(ILjava/lang/Object;)Ljava/util/HashMap$Node; @ 84

Internal exceptions (6 events):
Event: 0.243 Thread 0x00000000008ae000 Exception <a 'java/lang/NoSuchMethodError': Method sun.misc.Unsafe.defineClass(Ljava/lang/String;[BII)Ljava/lang/Class; name or signature does not match> (0x00000000eab07cc0) thrown at [D:\re\workspace\8-2-build-windows-amd64-cygwin\jdk8u92\6642\hotspot\srÁ¡.È%,Ï?
Event: 0.244 Thread 0x00000000008ae000 Exception <a 'java/lang/NoSuchMethodError': Method sun.misc.Unsafe.prefetchRead(Ljava/lang/Object;J)V name or signature does not match> (0x00000000eab07fa8) thrown at [D:\re\workspace\8-2-build-windows-amd64-cygwin\jdk8u92\6642\hotspot\src\share\vm\prims\j´á‹Lìò?
Event: 1.183 Thread 0x00000000008ae000 Implicit null exception at 0x00000000027e65a2 to 0x00000000027e669a
Event: 3.333 Thread 0x0000000017da8800 Exception <a 'java/lang/ArrayIndexOutOfBoundsException': 18> (0x00000000eef0a948) thrown at [D:\re\workspace\8-2-build-windows-amd64-cygwin\jdk8u92\6642\hotspot\src\share\vm\interpreter\interpreterRuntime.cpp, line 366]
Event: 3.334 Thread 0x0000000017da8800 Exception <a 'java/lang/ArrayIndexOutOfBoundsException': 145> (0x00000000eef0c4c8) thrown at [D:\re\workspace\8-2-build-windows-amd64-cygwin\jdk8u92\6642\hotspot\src\share\vm\interpreter\interpreterRuntime.cpp, line 366]
Event: 3.335 Thread 0x0000000017da8800 Exception <a 'java/lang/ArrayIndexOutOfBoundsException'> (0x00000000eef0d7b0) thrown at [D:\re\workspace\8-2-build-windows-amd64-cygwin\jdk8u92\6642\hotspot\src\share\vm\runtime\sharedRuntime.cpp, line 605]

Events (10 events):
Event: 4.179 Thread 0x000000001814c000 Uncommon trap: trap_request=0xffffff65 fr.pc=0x0000000002d1b318
Event: 4.179 Thread 0x000000001814c000 DEOPT PACKING pc=0x0000000002d1b318 sp=0x00000000195cdf90
Event: 4.179 Thread 0x000000001814c000 DEOPT UNPACKING pc=0x000000000259582a sp=0x00000000195cdd70 mode 2
Event: 4.210 Thread 0x000000001814c000 DEOPT PACKING pc=0x0000000002a51ec8 sp=0x00000000195cebb0
Event: 4.210 Thread 0x000000001814c000 DEOPT UNPACKING pc=0x000000000259787f sp=0x00000000195ce9e0 mode 0
Event: 4.325 Thread 0x0000000017d03800 Uncommon trap: trap_request=0xffffff65 fr.pc=0x0000000002d3f4f0
Event: 4.325 Thread 0x0000000017d03800 DEOPT PACKING pc=0x0000000002d3f4f0 sp=0x00000000199ce3e0
Event: 4.325 Thread 0x0000000017d03800 DEOPT UNPACKING pc=0x000000000259582a sp=0x00000000199ce198 mode 2
Event: 4.561 Executing VM operation: EnableBiasedLocking
Event: 4.581 Executing VM operation: EnableBiasedLocking done


Dynamic libraries:
0x00007ff646d50000 - 0x00007ff646d87000 	C:\Program Files\Java\jdk1.8.0_92\bin\java.exe
0x00007ffa84da0000 - 0x00007ffa84f61000 	C:\WINDOWS\SYSTEM32\ntdll.dll
0x00007ffa82480000 - 0x00007ffa8252d000 	C:\WINDOWS\system32\KERNEL32.DLL
0x00007ffa81c50000 - 0x00007ffa81e38000 	C:\WINDOWS\system32\KERNELBASE.dll
0x00007ffa7faf0000 - 0x00007ffa7fb69000 	C:\WINDOWS\system32\apphelp.dll
0x00007ffa82960000 - 0x00007ffa82a07000 	C:\WINDOWS\system32\ADVAPI32.dll
0x00007ffa82f50000 - 0x00007ffa82fed000 	C:\WINDOWS\system32\msvcrt.dll
0x00007ffa82b70000 - 0x00007ffa82bcb000 	C:\WINDOWS\system32\sechost.dll
0x00007ffa834a0000 - 0x00007ffa835bc000 	C:\WINDOWS\system32\RPCRT4.dll
0x00007ffa82a10000 - 0x00007ffa82b66000 	C:\WINDOWS\system32\USER32.dll
0x00007ffa83140000 - 0x00007ffa832c6000 	C:\WINDOWS\system32\GDI32.dll
0x00007ffa76500000 - 0x00007ffa76774000 	C:\WINDOWS\WinSxS\amd64_microsoft.windows.common-controls_6595b64144ccf1df_6.0.10586.0_none_8c15ae12515e1c22\COMCTL32.dll
0x00007ffa835c0000 - 0x00007ffa8383d000 	C:\WINDOWS\system32\combase.dll
0x00007ffa81be0000 - 0x00007ffa81c4a000 	C:\WINDOWS\system32\bcryptPrimitives.dll
0x00007ffa823e0000 - 0x00007ffa8241b000 	C:\WINDOWS\system32\IMM32.DLL
0x00000000576b0000 - 0x0000000057782000 	C:\Program Files\Java\jdk1.8.0_92\jre\bin\msvcr100.dll
0x0000000058180000 - 0x0000000058a16000 	C:\Program Files\Java\jdk1.8.0_92\jre\bin\server\jvm.dll
0x00007ffa82bd0000 - 0x00007ffa82bd8000 	C:\WINDOWS\system32\PSAPI.DLL
0x00007ffa7fbc0000 - 0x00007ffa7fbc9000 	C:\WINDOWS\SYSTEM32\WSOCK32.dll
0x00007ffa82d80000 - 0x00007ffa82deb000 	C:\WINDOWS\system32\WS2_32.dll
0x00007ffa7ef70000 - 0x00007ffa7ef93000 	C:\WINDOWS\SYSTEM32\WINMM.dll
0x00007ffa76bc0000 - 0x00007ffa76bca000 	C:\WINDOWS\SYSTEM32\VERSION.dll
0x00007ffa7ef40000 - 0x00007ffa7ef6c000 	C:\WINDOWS\SYSTEM32\WINMMBASE.dll
0x00007ffa82070000 - 0x00007ffa820b3000 	C:\WINDOWS\system32\cfgmgr32.dll
0x0000000058170000 - 0x000000005817f000 	C:\Program Files\Java\jdk1.8.0_92\jre\bin\verify.dll
0x0000000058060000 - 0x0000000058089000 	C:\Program Files\Java\jdk1.8.0_92\jre\bin\java.dll
0x0000000058040000 - 0x0000000058056000 	C:\Program Files\Java\jdk1.8.0_92\jre\bin\zip.dll
0x00007ffa83840000 - 0x00007ffa84d9c000 	C:\WINDOWS\system32\SHELL32.dll
0x00007ffa81450000 - 0x00007ffa81a94000 	C:\WINDOWS\system32\windows.storage.dll
0x00007ffa82420000 - 0x00007ffa82472000 	C:\WINDOWS\system32\shlwapi.dll
0x00007ffa81430000 - 0x00007ffa8143f000 	C:\WINDOWS\system32\kernel.appcore.dll
0x00007ffa820c0000 - 0x00007ffa82175000 	C:\WINDOWS\system32\shcore.dll
0x00007ffa813c0000 - 0x00007ffa8140b000 	C:\WINDOWS\system32\powrprof.dll
0x00007ffa81410000 - 0x00007ffa81424000 	C:\WINDOWS\system32\profapi.dll

VM Arguments:
jvm_args: -Djava.awt.headless=true -Xmx1024M -Dfile.encoding=GBK -Duser.country=CN -Duser.language=zh -Duser.variant 
java_command: com.android.dx.command.Main --dex --force-jumbo --num-threads=4 --output C:\Users\Wicker\Documents\GitHub_Clone\shopping\Shopping2\Shopping\app\build\intermediates\pre-dexed\debug\com.google.android.gms-play-services-ads-8.4.0_447a1547f6989476700550b1779ab2ba79d881a7.jar C:\Users\Wicker\Documents\GitHub_Clone\shopping\Shopping2\Shopping\app\build\intermediates\exploded-aar\com.google.android.gms\play-services-ads\8.4.0\jars\classes.jar
java_class_path (initial): D:\Android\Sdk\build-tools\23.0.3\lib\dx.jar
Launcher Type: SUN_STANDARD

Environment Variables:
JAVA_HOME=C:\Program Files\Java\jdk1.8.0_92
CLASSPATH=.C:\Program Files\Java\jdk1.8.0_92\lib;C:\Program Files\Java\jdk1.8.0_92\lib\tools.jar;
PATH=C:\ProgramData\Oracle\Java\javapath;C:\Program Files (x86)\Common Files\Intel\Shared Libraries\redist\intel64\compiler;C:\WINDOWS\system32;C:\WINDOWS;C:\WINDOWS\System32\Wbem;C:\WINDOWS\System32\WindowsPowerShell\v1.0\;C:\Program Files (x86)\QuickTime\QTSystem\;C:\Program Files\Java\jdk1.7.0_80\bin;C:\Users\Wicker\.dnx\bin;C:\Program Files\Microsoft DNX\Dnvm\;C:\Program Files (x86)\Windows Kits\8.1\Windows Performance Toolkit\;C:\Program Files (x86)\NVIDIA Corporation\PhysX\Common;D:\opencv\build\x86\mingw\bin;D:\opencv\build\x86\vc10\bin;D:\opencv\build\x64\mingw\bin;D:\opencv\build\x64\vc10\bin;D:\gradle-2.10-all\gradle-2.10\bin
USERNAME=Wicker
OS=Windows_NT
PROCESSOR_IDENTIFIER=Intel64 Family 6 Model 60 Stepping 3, GenuineIntel



---------------  S Y S T E M  ---------------

OS: Windows 10.0 , 64 bit Build 10586 (10.0.10586.0)

CPU:total 8 (4 cores per cpu, 2 threads per core) family 6 model 60 stepping 3, cmov, cx8, fxsr, mmx, sse, sse2, sse3, ssse3, sse4.1, sse4.2, popcnt, avx, avx2, aes, clmul, erms, lzcnt, ht, tsc, tscinvbit, bmi1, bmi2

Memory: 4k page, physical 12500872k(3861704k free), swap 13287304k(5120k free)

vm_info: Java HotSpot(TM) 64-Bit Server VM (25.92-b14) for windows-amd64 JRE (1.8.0_92-b14), built on Mar 31 2016 21:03:04 by "java_re" with MS VC++ 10.0 (VS2010)

time: Sat Jun 18 01:39:16 2016
elapsed time: 4 seconds (0d 0h 0m 4s)

