#
# There is insufficient memory for the Java Runtime Environment to continue.
# Native memory allocation (malloc) failed to allocate 65552 bytes for Chunk::new
# Possible reasons:
#   The system is out of physical RAM or swap space
#   In 32 bit mode, the process size limit was hit
# Possible solutions:
#   Reduce memory load on the system
#   Increase physical memory or swap space
#   Check if swap backing store is full
#   Use 64 bit Java on a 64 bit OS
#   Decrease Java heap size (-Xmx/-Xms)
#   Decrease number of Java threads
#   Decrease Java thread stack sizes (-Xss)
#   Set larger code cache with -XX:ReservedCodeCacheSize=
# This output file may be truncated or incomplete.
#
#  Out of Memory Error (allocation.cpp:390), pid=14640, tid=0x0000000000011258
#
# JRE version: Java(TM) SE Runtime Environment (8.0_92-b14) (build 1.8.0_92-b14)
# Java VM: Java HotSpot(TM) 64-Bit Server VM (25.92-b14 mixed mode windows-amd64 compressed oops)
# Failed to write core dump. Minidumps are not enabled by default on client versions of Windows
#

---------------  T H R E A D  ---------------

Current thread (0x000000001716b000):  JavaThread "C2 CompilerThread2" daemon [_thread_in_native, id=70232, stack(0x00000000179e0000,0x0000000017ae0000)]

Stack: [0x00000000179e0000,0x0000000017ae0000]
[error occurred during error reporting (printing stack bounds), id 0xc0000005]

Native frames: (J=compiled Java code, j=interpreted, Vv=VM code, C=native code)


Current CompileTask:
C2:    758 1135 %     4       com.android.dx.ssa.SsaMethod::deleteInsns @ 8 (239 bytes)


---------------  P R O C E S S  ---------------

Java Threads: ( => current thread )
  0x000000001720c000 JavaThread "Service Thread" daemon [_thread_blocked, id=71824, stack(0x0000000017be0000,0x0000000017ce0000)]
  0x0000000017171800 JavaThread "C1 CompilerThread3" daemon [_thread_in_native, id=74156, stack(0x0000000017ae0000,0x0000000017be0000)]
=>0x000000001716b000 JavaThread "C2 CompilerThread2" daemon [_thread_in_native, id=70232, stack(0x00000000179e0000,0x0000000017ae0000)]
  0x0000000017168800 JavaThread "C2 CompilerThread1" daemon [_thread_in_native, id=56624, stack(0x00000000178e0000,0x00000000179e0000)]
  0x0000000017166000 JavaThread "C2 CompilerThread0" daemon [_thread_in_native, id=73532, stack(0x00000000177e0000,0x00000000178e0000)]
  0x0000000017163000 JavaThread "Attach Listener" daemon [_thread_blocked, id=55420, stack(0x00000000176e0000,0x00000000177e0000)]
  0x000000001522e800 JavaThread "Signal Dispatcher" daemon [_thread_blocked, id=67508, stack(0x00000000175e0000,0x00000000176e0000)]
  0x0000000017100800 JavaThread "Finalizer" daemon [_thread_blocked, id=74408, stack(0x00000000174e0000,0x00000000175e0000)]
  0x000000001521d800 JavaThread "Reference Handler" daemon [_thread_blocked, id=75960, stack(0x0000000016fe0000,0x00000000170e0000)]
  0x00000000023fe000 JavaThread "main" [_thread_in_Java, id=41956, stack(0x0000000002500000,0x0000000002600000)]

Other Threads:
  0x0000000015218800 VMThread [stack: 0x0000000016ee0000,0x0000000016fe0000] [id=7964]
  0x000000001726c800 WatcherThread [stack: 0x0000000017ce0000,0x0000000017de0000] [id=71296]

VM state:not at safepoint (normal execution)

VM Mutex/Monitor currently owned by a thread: None

Heap:
 PSYoungGen      total 57344K, used 47222K [0x00000000eab00000, 0x00000000eeb00000, 0x0000000100000000)
  eden space 49152K, 96% used [0x00000000eab00000,0x00000000ed91d898,0x00000000edb00000)
  from space 8192K, 0% used [0x00000000ee300000,0x00000000ee300000,0x00000000eeb00000)
  to   space 8192K, 0% used [0x00000000edb00000,0x00000000edb00000,0x00000000ee300000)
 ParOldGen       total 131072K, used 0K [0x00000000c0000000, 0x00000000c8000000, 0x00000000eab00000)
  object space 131072K, 0% used [0x00000000c0000000,0x00000000c0000000,0x00000000c8000000)
 Metaspace       used 6145K, capacity 7000K, committed 7168K, reserved 1056768K
  class space    used 610K, capacity 656K, committed 768K, reserved 1048576K

Card table byte_map: [0x0000000011ac0000,0x0000000011cd0000] byte_map_base: 0x00000000114c0000

Marking Bits: (ParMarkBitMap*) 0x000000006d3c64f0
 Begin Bits: [0x0000000012630000, 0x0000000013630000)
 End Bits:   [0x0000000013630000, 0x0000000014630000)

Polling page: 0x0000000000750000

CodeCache: size=245760Kb used=5220Kb max_used=5220Kb free=240539Kb
 bounds [0x0000000002700000, 0x0000000002c20000, 0x0000000011700000]
 total_blobs=1559 nmethods=1288 adapters=184
 compilation: enabled

Compilation events (10 events):
Event: 0.755 Thread 0x0000000017171800 nmethod 1290 0x0000000002c18190 code [0x0000000002c18360, 0x0000000002c18d08]
Event: 0.755 Thread 0x0000000017171800 1294       3       java.util.TreeMap$Entry::hashCode (42 bytes)
Event: 0.755 Thread 0x0000000017171800 nmethod 1294 0x0000000002c07610 code [0x0000000002c077a0, 0x0000000002c07b38]
Event: 0.755 Thread 0x0000000017171800 1297       3       java.util.TreeMap::entrySet (27 bytes)
Event: 0.755 Thread 0x0000000017171800 nmethod 1297 0x0000000002c19110 code [0x0000000002c19280, 0x0000000002c19610]
Event: 0.755 Thread 0x0000000017171800 1298       3       java.util.TreeMap$EntrySet::iterator (19 bytes)
Event: 0.756 Thread 0x0000000017171800 nmethod 1298 0x0000000002c197d0 code [0x0000000002c19960, 0x0000000002c19e70]
Event: 0.756 Thread 0x0000000017171800 1299       3       java.util.TreeMap$EntryIterator::<init> (12 bytes)
Event: 0.756 Thread 0x0000000017171800 nmethod 1299 0x0000000002c1a0d0 code [0x0000000002c1a240, 0x0000000002c1a4b0]
Event: 0.756 Thread 0x0000000017171800 1288  s    3       com.android.dx.dex.file.FieldIdsSection::intern (55 bytes)

GC Heap History (0 events):
No events

Deoptimization events (10 events):
Event: 0.347 Thread 0x000000001741b800 Uncommon trap: reason=unstable_if action=reinterpret pc=0x00000000029b03e0 method=com.android.dx.rop.code.RegisterSpecSet.put(Lcom/android/dx/rop/code/RegisterSpec;)V @ 77
Event: 0.526 Thread 0x00000000023fe000 Uncommon trap: reason=unstable_if action=reinterpret pc=0x00000000029c1edc method=com.android.dx.ssa.SsaMethod.updateOneDefinition(Lcom/android/dx/ssa/SsaInsn;Lcom/android/dx/rop/code/RegisterSpec;)V @ 4
Event: 0.750 Thread 0x00000000023fe000 Uncommon trap: reason=class_check action=maybe_recompile pc=0x0000000002b4a6c8 method=java.util.Arrays.hashCode([Ljava/lang/Object;)I @ 43
Event: 0.750 Thread 0x00000000023fe000 Uncommon trap: reason=class_check action=maybe_recompile pc=0x0000000002b4a6c8 method=java.util.Arrays.hashCode([Ljava/lang/Object;)I @ 43
Event: 0.750 Thread 0x00000000023fe000 Uncommon trap: reason=class_check action=maybe_recompile pc=0x0000000002b4a6c8 method=java.util.Arrays.hashCode([Ljava/lang/Object;)I @ 43
Event: 0.751 Thread 0x00000000023fe000 Uncommon trap: reason=class_check action=maybe_recompile pc=0x0000000002b4a6c8 method=java.util.Arrays.hashCode([Ljava/lang/Object;)I @ 43
Event: 0.751 Thread 0x00000000023fe000 Uncommon trap: reason=class_check action=maybe_recompile pc=0x0000000002b38de8 method=java.util.Arrays.hashCode([Ljava/lang/Object;)I @ 43
Event: 0.753 Thread 0x00000000023fe000 Uncommon trap: reason=bimorphic action=maybe_recompile pc=0x00000000029331d4 method=java.util.HashMap.getNode(ILjava/lang/Object;)Ljava/util/HashMap$Node; @ 126
Event: 0.754 Thread 0x00000000023fe000 Uncommon trap: reason=bimorphic action=maybe_recompile pc=0x00000000029331d4 method=java.util.HashMap.getNode(ILjava/lang/Object;)Ljava/util/HashMap$Node; @ 126
Event: 0.754 Thread 0x00000000023fe000 Uncommon trap: reason=class_check action=maybe_recompile pc=0x0000000002b34244 method=java.util.HashMap.putVal(ILjava/lang/Object;Ljava/lang/Object;ZZ)Ljava/lang/Object; @ 203

Internal exceptions (2 events):
Event: 0.023 Thread 0x00000000023fe000 Exception <a 'java/lang/NoSuchMethodError': Method sun.misc.Unsafe.defineClass(Ljava/lang/String;[BII)Ljava/lang/Class; name or signature does not match> (0x00000000eab07cc0) thrown at [D:\re\workspace\8-2-build-windows-amd64-cygwin\jdk8u92\6642\hotspot\sr–%èÛ—š—?
Event: 0.023 Thread 0x00000000023fe000 Exception <a 'java/lang/NoSuchMethodError': Method sun.misc.Unsafe.prefetchRead(Ljava/lang/Object;J)V name or signature does not match> (0x00000000eab07fa8) thrown at [D:\re\workspace\8-2-build-windows-amd64-cygwin\jdk8u92\6642\hotspot\src\share\vm\prims\j

Events (10 events):
Event: 0.753 Thread 0x00000000023fe000 DEOPT PACKING pc=0x00000000029331d4 sp=0x00000000025ff060
Event: 0.753 Thread 0x00000000023fe000 DEOPT UNPACKING pc=0x000000000274582a sp=0x00000000025fef88 mode 2
Event: 0.754 Thread 0x00000000023fe000 Uncommon trap: trap_request=0xffffffc6 fr.pc=0x00000000029331d4
Event: 0.754 Thread 0x00000000023fe000 DEOPT PACKING pc=0x00000000029331d4 sp=0x00000000025ff0d0
Event: 0.754 Thread 0x00000000023fe000 DEOPT UNPACKING pc=0x000000000274582a sp=0x00000000025feff8 mode 2
Event: 0.754 Thread 0x00000000023fe000 Uncommon trap: trap_request=0xffffffde fr.pc=0x0000000002b34244
Event: 0.754 Thread 0x00000000023fe000 DEOPT PACKING pc=0x0000000002b34244 sp=0x00000000025ff060
Event: 0.754 Thread 0x00000000023fe000 DEOPT UNPACKING pc=0x000000000274582a sp=0x00000000025fefd8 mode 2
Event: 0.755 loading class com/android/dx/dex/file/CatchStructs
Event: 0.755 loading class com/android/dx/dex/file/CatchStructs done


Dynamic libraries:
0x00007ff6e5d30000 - 0x00007ff6e5d67000 	C:\Program Files\Java\jdk1.8.0_92\bin\java.exe
0x00007ffd25520000 - 0x00007ffd256e1000 	C:\WINDOWS\SYSTEM32\ntdll.dll
0x00007ffd22920000 - 0x00007ffd229cd000 	C:\WINDOWS\system32\KERNEL32.DLL
0x00007ffd21ed0000 - 0x00007ffd220b8000 	C:\WINDOWS\system32\KERNELBASE.dll
0x00007ffd20330000 - 0x00007ffd203a9000 	C:\WINDOWS\system32\apphelp.dll
0x00007ffd24e90000 - 0x00007ffd24f37000 	C:\WINDOWS\system32\ADVAPI32.dll
0x00007ffd247c0000 - 0x00007ffd2485d000 	C:\WINDOWS\system32\msvcrt.dll
0x00007ffd24e30000 - 0x00007ffd24e8b000 	C:\WINDOWS\system32\sechost.dll
0x00007ffd24d10000 - 0x00007ffd24e2c000 	C:\WINDOWS\system32\RPCRT4.dll
0x00007ffd24500000 - 0x00007ffd24656000 	C:\WINDOWS\system32\USER32.dll
0x00007ffd24240000 - 0x00007ffd243c6000 	C:\WINDOWS\system32\GDI32.dll
0x00007ffd125d0000 - 0x00007ffd12844000 	C:\WINDOWS\WinSxS\amd64_microsoft.windows.common-controls_6595b64144ccf1df_6.0.10586.0_none_8c15ae12515e1c22\COMCTL32.dll
0x00007ffd252a0000 - 0x00007ffd2551d000 	C:\WINDOWS\system32\combase.dll
0x00007ffd228b0000 - 0x00007ffd2291a000 	C:\WINDOWS\system32\bcryptPrimitives.dll
0x00007ffd25260000 - 0x00007ffd2529b000 	C:\WINDOWS\system32\IMM32.DLL
0x000000006c720000 - 0x000000006c7f2000 	C:\Program Files\Java\jdk1.8.0_92\jre\bin\msvcr100.dll
0x000000006cbb0000 - 0x000000006d446000 	C:\Program Files\Java\jdk1.8.0_92\jre\bin\server\jvm.dll
0x00007ffd229d0000 - 0x00007ffd229d8000 	C:\WINDOWS\system32\PSAPI.DLL
0x00007ffd16d10000 - 0x00007ffd16d19000 	C:\WINDOWS\SYSTEM32\WSOCK32.dll
0x00007ffd1fd70000 - 0x00007ffd1fd93000 	C:\WINDOWS\SYSTEM32\WINMM.dll
0x00007ffd13f70000 - 0x00007ffd13f7a000 	C:\WINDOWS\SYSTEM32\VERSION.dll
0x00007ffd24860000 - 0x00007ffd248cb000 	C:\WINDOWS\system32\WS2_32.dll
0x00007ffd1fbb0000 - 0x00007ffd1fbdc000 	C:\WINDOWS\SYSTEM32\WINMMBASE.dll
0x00007ffd22150000 - 0x00007ffd22193000 	C:\WINDOWS\system32\cfgmgr32.dll
0x000000006de60000 - 0x000000006de6f000 	C:\Program Files\Java\jdk1.8.0_92\jre\bin\verify.dll
0x000000006de30000 - 0x000000006de59000 	C:\Program Files\Java\jdk1.8.0_92\jre\bin\java.dll
0x000000006de10000 - 0x000000006de26000 	C:\Program Files\Java\jdk1.8.0_92\jre\bin\zip.dll
0x00007ffd22a90000 - 0x00007ffd23fec000 	C:\WINDOWS\system32\SHELL32.dll
0x00007ffd221a0000 - 0x00007ffd227e4000 	C:\WINDOWS\system32\windows.storage.dll
0x00007ffd243d0000 - 0x00007ffd24422000 	C:\WINDOWS\system32\shlwapi.dll
0x00007ffd21b40000 - 0x00007ffd21b4f000 	C:\WINDOWS\system32\kernel.appcore.dll
0x00007ffd227f0000 - 0x00007ffd228a5000 	C:\WINDOWS\system32\shcore.dll
0x00007ffd21b50000 - 0x00007ffd21b9b000 	C:\WINDOWS\system32\powrprof.dll
0x00007ffd21bb0000 - 0x00007ffd21bc4000 	C:\WINDOWS\system32\profapi.dll

VM Arguments:
jvm_args: -Djava.awt.headless=true -Xmx1024M -Dfile.encoding=GBK -Duser.country=CN -Duser.language=zh -Duser.variant 
java_command: com.android.dx.command.Main --dex --force-jumbo --num-threads=4 --output C:\Users\Wicker\Documents\GitHub_Clone\shopping\Shopping2\Shopping\app\build\intermediates\pre-dexed\debug\com.google.android.gms-play-services-gcm-8.4.0_0d23f7231b9711a8d109456335083fe21d80a570.jar C:\Users\Wicker\Documents\GitHub_Clone\shopping\Shopping2\Shopping\app\build\intermediates\exploded-aar\com.google.android.gms\play-services-gcm\8.4.0\jars\classes.jar
java_class_path (initial): D:\Android\Sdk\build-tools\23.0.3\lib\dx.jar
Launcher Type: SUN_STANDARD

Environment Variables:
JAVA_HOME=C:\Program Files\Java\jdk1.8.0_92
CLASSPATH=.C:\Program Files\Java\jdk1.8.0_92\lib;C:\Program Files\Java\jdk1.8.0_92\lib\tools.jar;
PATH=C:\ProgramData\Oracle\Java\javapath;C:\Program Files (x86)\Common Files\Intel\Shared Libraries\redist\intel64\compiler;C:\WINDOWS\system32;C:\WINDOWS;C:\WINDOWS\System32\Wbem;C:\WINDOWS\System32\WindowsPowerShell\v1.0\;C:\Program Files (x86)\QuickTime\QTSystem\;C:\Program Files\Java\jdk1.7.0_80\bin;C:\Users\Wicker\.dnx\bin;C:\Program Files\Microsoft DNX\Dnvm\;C:\Program Files (x86)\Windows Kits\8.1\Windows Performance Toolkit\;C:\Program Files (x86)\NVIDIA Corporation\PhysX\Common;D:\opencv\build\x86\mingw\bin;D:\opencv\build\x86\vc10\bin;D:\opencv\build\x64\mingw\bin;D:\opencv\build\x64\vc10\bin;D:\gradle-2.10-all\gradle-2.10\bin
USERNAME=Wicker
OS=Windows_NT
PROCESSOR_IDENTIFIER=Intel64 Family 6 Model 60 Stepping 3, GenuineIntel



---------------  S Y S T E M  ---------------

OS: Windows 10.0 , 64 bit Build 10586 (10.0.10586.0)

CPU:total 8 (4 cores per cpu, 2 threads per core) family 6 model 60 stepping 3, cmov, cx8, fxsr, mmx, sse, sse2, sse3, ssse3, sse4.1, sse4.2, popcnt, avx, avx2, aes, clmul, erms, lzcnt, ht, tsc, tscinvbit, bmi1, bmi2

Memory: 4k page, physical 12500872k(2921652k free), swap 13287304k(4976k free)

vm_info: Java HotSpot(TM) 64-Bit Server VM (25.92-b14) for windows-amd64 JRE (1.8.0_92-b14), built on Mar 31 2016 21:03:04 by "java_re" with MS VC++ 10.0 (VS2010)

time: Tue Jun 14 23:47:41 2016
elapsed time: 0 seconds (0d 0h 0m 0s)

