#
# There is insufficient memory for the Java Runtime Environment to continue.
# Native memory allocation (malloc) failed to allocate 704416 bytes for Chunk::new
# Possible reasons:
#   The system is out of physical RAM or swap space
#   In 32 bit mode, the process size limit was hit
# Possible solutions:
#   Reduce memory load on the system
#   Increase physical memory or swap space
#   Check if swap backing store is full
#   Use 64 bit Java on a 64 bit OS
#   Decrease Java heap size (-Xmx/-Xms)
#   Decrease number of Java threads
#   Decrease Java thread stack sizes (-Xss)
#   Set larger code cache with -XX:ReservedCodeCacheSize=
# This output file may be truncated or incomplete.
#
#  Out of Memory Error (allocation.cpp:390), pid=66656, tid=0x000000000000ff50
#
# JRE version: Java(TM) SE Runtime Environment (8.0_92-b14) (build 1.8.0_92-b14)
# Java VM: Java HotSpot(TM) 64-Bit Server VM (25.92-b14 mixed mode windows-amd64 compressed oops)
# Failed to write core dump. Minidumps are not enabled by default on client versions of Windows
#

---------------  T H R E A D  ---------------

Current thread (0x000000001519e000):  JavaThread "C2 CompilerThread1" daemon [_thread_in_native, id=65360, stack(0x00000000178c0000,0x00000000179c0000)]

Stack: [0x00000000178c0000,0x00000000179c0000]
[error occurred during error reporting (printing stack bounds), id 0xc0000005]

Native frames: (J=compiled Java code, j=interpreted, Vv=VM code, C=native code)


Current CompileTask:
C2:  18174 2593 % !   4       com.android.dx.cf.code.Ropper::processBlock @ 476 (1101 bytes)


---------------  P R O C E S S  ---------------

Java Threads: ( => current thread )
  0x0000000017335000 JavaThread "pool-2-thread-4" [_thread_in_Java, id=73556, stack(0x00000000189c0000,0x0000000018ac0000)]
  0x0000000017e0b000 JavaThread "pool-2-thread-3" [_thread_in_Java, id=69392, stack(0x00000000188c0000,0x00000000189c0000)]
  0x0000000018391800 JavaThread "pool-2-thread-2" [_thread_in_Java, id=70848, stack(0x00000000187c0000,0x00000000188c0000)]
  0x0000000017e0a800 JavaThread "pool-3-thread-1" [_thread_blocked, id=67352, stack(0x00000000186c0000,0x00000000187c0000)]
  0x00000000184b3000 JavaThread "pool-2-thread-1" [_thread_blocked, id=75880, stack(0x00000000185c0000,0x00000000186c0000)]
  0x0000000017145000 JavaThread "Service Thread" daemon [_thread_blocked, id=67196, stack(0x0000000017bc0000,0x0000000017cc0000)]
  0x0000000017133800 JavaThread "C1 CompilerThread3" daemon [_thread_blocked, id=73552, stack(0x0000000017ac0000,0x0000000017bc0000)]
  0x0000000017131000 JavaThread "C2 CompilerThread2" daemon [_thread_blocked, id=68592, stack(0x00000000179c0000,0x0000000017ac0000)]
=>0x000000001519e000 JavaThread "C2 CompilerThread1" daemon [_thread_in_native, id=65360, stack(0x00000000178c0000,0x00000000179c0000)]
  0x000000001519b800 JavaThread "C2 CompilerThread0" daemon [_thread_blocked, id=92536, stack(0x00000000177c0000,0x00000000178c0000)]
  0x000000001708d000 JavaThread "Attach Listener" daemon [_thread_blocked, id=68560, stack(0x00000000176c0000,0x00000000177c0000)]
  0x00000000170d8000 JavaThread "Signal Dispatcher" daemon [_thread_blocked, id=74848, stack(0x00000000175c0000,0x00000000176c0000)]
  0x000000000266e000 JavaThread "Finalizer" daemon [_thread_blocked, id=72788, stack(0x0000000017450000,0x0000000017550000)]
  0x0000000002667000 JavaThread "Reference Handler" daemon [_thread_blocked, id=72368, stack(0x0000000016f50000,0x0000000017050000)]
  0x000000000242e000 JavaThread "main" [_thread_blocked, id=87768, stack(0x0000000002470000,0x0000000002570000)]

Other Threads:
  0x0000000015189000 VMThread [stack: 0x0000000016e50000,0x0000000016f50000] [id=71156]
  0x00000000171b6000 WatcherThread [stack: 0x0000000017cc0000,0x0000000017dc0000] [id=78672]

VM state:not at safepoint (normal execution)

VM Mutex/Monitor currently owned by a thread: None

Heap:
 PSYoungGen      total 228864K, used 145390K [0x00000000eab00000, 0x0000000100000000, 0x0000000100000000)
  eden space 114688K, 27% used [0x00000000eab00000,0x00000000ec982728,0x00000000f1b00000)
  from space 114176K, 99% used [0x00000000f8c80000,0x00000000ffbf94a8,0x00000000ffc00000)
  to   space 116224K, 0% used [0x00000000f1b00000,0x00000000f1b00000,0x00000000f8c80000)
 ParOldGen       total 431104K, used 270275K [0x00000000c0000000, 0x00000000da500000, 0x00000000eab00000)
  object space 431104K, 62% used [0x00000000c0000000,0x00000000d07f0e00,0x00000000da500000)
 Metaspace       used 6616K, capacity 7256K, committed 7424K, reserved 1056768K
  class space    used 629K, capacity 656K, committed 768K, reserved 1048576K

Card table byte_map: [0x0000000011a30000,0x0000000011c40000] byte_map_base: 0x0000000011430000

Marking Bits: (ParMarkBitMap*) 0x00000000589964f0
 Begin Bits: [0x00000000125a0000, 0x00000000135a0000)
 End Bits:   [0x00000000135a0000, 0x00000000145a0000)

Polling page: 0x0000000000860000

CodeCache: size=245760Kb used=13201Kb max_used=13254Kb free=232558Kb
 bounds [0x0000000002670000, 0x0000000003380000, 0x0000000011670000]
 total_blobs=2743 nmethods=2471 adapters=184
 compilation: enabled

Compilation events (10 events):
Event: 17.854 Thread 0x000000001519b800 nmethod 2600 0x000000000279ce50 code [0x000000000279cfa0, 0x000000000279d058]
Event: 17.854 Thread 0x000000001519b800 2601   !   4       com.android.dx.cf.code.BytecodeArray::parseInstruction (2764 bytes)
Event: 17.882 Thread 0x0000000017133800 2603       3       com.android.dx.ssa.PhiTypeResolver::run (179 bytes)
Event: 17.883 Thread 0x0000000017133800 nmethod 2603 0x000000000277c510 code [0x000000000277c7a0, 0x000000000277d8e8]
Event: 17.889 Thread 0x0000000017133800 2604       3       com.android.dx.rop.code.Rop::<init> (15 bytes)
Event: 17.890 Thread 0x0000000017133800 nmethod 2604 0x0000000002786210 code [0x0000000002786380, 0x0000000002786528]
Event: 17.944 Thread 0x0000000017131000 nmethod 2599 0x00000000027a01d0 code [0x00000000027a0460, 0x00000000027a20f0]
Event: 17.944 Thread 0x0000000017131000 2602       4       com.android.dx.cf.code.Ropper::isSynchronized (21 bytes)
Event: 17.945 Thread 0x0000000017131000 nmethod 2602 0x0000000002812a50 code [0x0000000002812ba0, 0x0000000002812c58]
Event: 18.129 Thread 0x000000001519b800 nmethod 2601 0x000000000336bc50 code [0x000000000336d540, 0x00000000033746f8]

GC Heap History (10 events):
Event: 16.169 GC heap before
{Heap before GC invocations=15 (full 2):
 PSYoungGen      total 232960K, used 158561K [0x00000000eab00000, 0x0000000100000000, 0x0000000100000000)
  eden space 116736K, 100% used [0x00000000eab00000,0x00000000f1d00000,0x00000000f1d00000)
  from space 116224K, 35% used [0x00000000f8e80000,0x00000000fb7585c8,0x0000000100000000)
  to   space 116224K, 0% used [0x00000000f1d00000,0x00000000f1d00000,0x00000000f8e80000)
 ParOldGen       total 351744K, used 247247K [0x00000000c0000000, 0x00000000d5780000, 0x00000000eab00000)
  object space 351744K, 70% used [0x00000000c0000000,0x00000000cf173ce8,0x00000000d5780000)
 Metaspace       used 6614K, capacity 7256K, committed 7424K, reserved 1056768K
  class space    used 629K, capacity 656K, committed 768K, reserved 1048576K
Event: 16.324 GC heap after
Heap after GC invocations=15 (full 2):
 PSYoungGen      total 232960K, used 31323K [0x00000000eab00000, 0x0000000100000000, 0x0000000100000000)
  eden space 116736K, 0% used [0x00000000eab00000,0x00000000eab00000,0x00000000f1d00000)
  from space 116224K, 26% used [0x00000000f1d00000,0x00000000f3b96f40,0x00000000f8e80000)
  to   space 116224K, 0% used [0x00000000f8e80000,0x00000000f8e80000,0x0000000100000000)
 ParOldGen       total 351744K, used 287406K [0x00000000c0000000, 0x00000000d5780000, 0x00000000eab00000)
  object space 351744K, 81% used [0x00000000c0000000,0x00000000d18abb88,0x00000000d5780000)
 Metaspace       used 6614K, capacity 7256K, committed 7424K, reserved 1056768K
  class space    used 629K, capacity 656K, committed 768K, reserved 1048576K
}
Event: 16.324 GC heap before
{Heap before GC invocations=16 (full 3):
 PSYoungGen      total 232960K, used 31323K [0x00000000eab00000, 0x0000000100000000, 0x0000000100000000)
  eden space 116736K, 0% used [0x00000000eab00000,0x00000000eab00000,0x00000000f1d00000)
  from space 116224K, 26% used [0x00000000f1d00000,0x00000000f3b96f40,0x00000000f8e80000)
  to   space 116224K, 0% used [0x00000000f8e80000,0x00000000f8e80000,0x0000000100000000)
 ParOldGen       total 351744K, used 287406K [0x00000000c0000000, 0x00000000d5780000, 0x00000000eab00000)
  object space 351744K, 81% used [0x00000000c0000000,0x00000000d18abb88,0x00000000d5780000)
 Metaspace       used 6614K, capacity 7256K, committed 7424K, reserved 1056768K
  class space    used 629K, capacity 656K, committed 768K, reserved 1048576K
Event: 17.441 GC heap after
Heap after GC invocations=16 (full 3):
 PSYoungGen      total 232960K, used 0K [0x00000000eab00000, 0x0000000100000000, 0x0000000100000000)
  eden space 116736K, 0% used [0x00000000eab00000,0x00000000eab00000,0x00000000f1d00000)
  from space 116224K, 0% used [0x00000000f1d00000,0x00000000f1d00000,0x00000000f8e80000)
  to   space 116224K, 0% used [0x00000000f8e80000,0x00000000f8e80000,0x0000000100000000)
 ParOldGen       total 431104K, used 229462K [0x00000000c0000000, 0x00000000da500000, 0x00000000eab00000)
  object space 431104K, 53% used [0x00000000c0000000,0x00000000ce015850,0x00000000da500000)
 Metaspace       used 6614K, capacity 7256K, committed 7424K, reserved 1056768K
  class space    used 629K, capacity 656K, committed 768K, reserved 1048576K
}
Event: 17.670 GC heap before
{Heap before GC invocations=17 (full 3):
 PSYoungGen      total 232960K, used 116736K [0x00000000eab00000, 0x0000000100000000, 0x0000000100000000)
  eden space 116736K, 100% used [0x00000000eab00000,0x00000000f1d00000,0x00000000f1d00000)
  from space 116224K, 0% used [0x00000000f1d00000,0x00000000f1d00000,0x00000000f8e80000)
  to   space 116224K, 0% used [0x00000000f8e80000,0x00000000f8e80000,0x0000000100000000)
 ParOldGen       total 431104K, used 229462K [0x00000000c0000000, 0x00000000da500000, 0x00000000eab00000)
  object space 431104K, 53% used [0x00000000c0000000,0x00000000ce015850,0x00000000da500000)
 Metaspace       used 6616K, capacity 7256K, committed 7424K, reserved 1056768K
  class space    used 629K, capacity 656K, committed 768K, reserved 1048576K
Event: 17.702 GC heap after
Heap after GC invocations=17 (full 3):
 PSYoungGen      total 232960K, used 39389K [0x00000000eab00000, 0x0000000100000000, 0x0000000100000000)
  eden space 116736K, 0% used [0x00000000eab00000,0x00000000eab00000,0x00000000f1d00000)
  from space 116224K, 33% used [0x00000000f8e80000,0x00000000fb4f7590,0x0000000100000000)
  to   space 116224K, 0% used [0x00000000f1d00000,0x00000000f1d00000,0x00000000f8e80000)
 ParOldGen       total 431104K, used 229470K [0x00000000c0000000, 0x00000000da500000, 0x00000000eab00000)
  object space 431104K, 53% used [0x00000000c0000000,0x00000000ce017850,0x00000000da500000)
 Metaspace       used 6616K, capacity 7256K, committed 7424K, reserved 1056768K
  class space    used 629K, capacity 656K, committed 768K, reserved 1048576K
}
Event: 17.961 GC heap before
{Heap before GC invocations=18 (full 3):
 PSYoungGen      total 232960K, used 156125K [0x00000000eab00000, 0x0000000100000000, 0x0000000100000000)
  eden space 116736K, 100% used [0x00000000eab00000,0x00000000f1d00000,0x00000000f1d00000)
  from space 116224K, 33% used [0x00000000f8e80000,0x00000000fb4f7590,0x0000000100000000)
  to   space 116224K, 0% used [0x00000000f1d00000,0x00000000f1d00000,0x00000000f8e80000)
 ParOldGen       total 431104K, used 229470K [0x00000000c0000000, 0x00000000da500000, 0x00000000eab00000)
  object space 431104K, 53% used [0x00000000c0000000,0x00000000ce017850,0x00000000da500000)
 Metaspace       used 6616K, capacity 7256K, committed 7424K, reserved 1056768K
  class space    used 629K, capacity 656K, committed 768K, reserved 1048576K
Event: 18.012 GC heap after
Heap after GC invocations=18 (full 3):
 PSYoungGen      total 162816K, used 45698K [0x00000000eab00000, 0x00000000ffc00000, 0x0000000100000000)
  eden space 116736K, 0% used [0x00000000eab00000,0x00000000eab00000,0x00000000f1d00000)
  from space 46080K, 99% used [0x00000000f1d00000,0x00000000f49a0988,0x00000000f4a00000)
  to   space 114176K, 0% used [0x00000000f8c80000,0x00000000f8c80000,0x00000000ffc00000)
 ParOldGen       total 431104K, used 268499K [0x00000000c0000000, 0x00000000da500000, 0x00000000eab00000)
  object space 431104K, 62% used [0x00000000c0000000,0x00000000d0634e00,0x00000000da500000)
 Metaspace       used 6616K, capacity 7256K, committed 7424K, reserved 1056768K
  class space    used 629K, capacity 656K, committed 768K, reserved 1048576K
}
Event: 18.069 GC heap before
{Heap before GC invocations=19 (full 3):
 PSYoungGen      total 162816K, used 162434K [0x00000000eab00000, 0x00000000ffc00000, 0x0000000100000000)
  eden space 116736K, 100% used [0x00000000eab00000,0x00000000f1d00000,0x00000000f1d00000)
  from space 46080K, 99% used [0x00000000f1d00000,0x00000000f49a0988,0x00000000f4a00000)
  to   space 114176K, 0% used [0x00000000f8c80000,0x00000000f8c80000,0x00000000ffc00000)
 ParOldGen       total 431104K, used 268499K [0x00000000c0000000, 0x00000000da500000, 0x00000000eab00000)
  object space 431104K, 62% used [0x00000000c0000000,0x00000000d0634e00,0x00000000da500000)
 Metaspace       used 6616K, capacity 7256K, committed 7424K, reserved 1056768K
  class space    used 629K, capacity 656K, committed 768K, reserved 1048576K
Event: 18.111 GC heap after
Heap after GC invocations=19 (full 3):
 PSYoungGen      total 228864K, used 114149K [0x00000000eab00000, 0x0000000100000000, 0x0000000100000000)
  eden space 114688K, 0% used [0x00000000eab00000,0x00000000eab00000,0x00000000f1b00000)
  from space 114176K, 99% used [0x00000000f8c80000,0x00000000ffbf94a8,0x00000000ffc00000)
  to   space 116224K, 0% used [0x00000000f1b00000,0x00000000f1b00000,0x00000000f8c80000)
 ParOldGen       total 431104K, used 270275K [0x00000000c0000000, 0x00000000da500000, 0x00000000eab00000)
  object space 431104K, 62% used [0x00000000c0000000,0x00000000d07f0e00,0x00000000da500000)
 Metaspace       used 6616K, capacity 7256K, committed 7424K, reserved 1056768K
  class space    used 629K, capacity 656K, committed 768K, reserved 1048576K
}

Deoptimization events (10 events):
Event: 17.585 Thread 0x000000000242e000 Uncommon trap: reason=class_check action=maybe_recompile pc=0x0000000003311f0c method=com.android.dx.cf.code.BytecodeArray.parseInstruction(ILcom/android/dx/cf/code/BytecodeArray$Visitor;)I @ 2002
Event: 17.585 Thread 0x000000000242e000 Uncommon trap: reason=class_check action=maybe_recompile pc=0x0000000003311f0c method=com.android.dx.cf.code.BytecodeArray.parseInstruction(ILcom/android/dx/cf/code/BytecodeArray$Visitor;)I @ 2002
Event: 17.621 Thread 0x000000000242e000 Uncommon trap: reason=unstable_if action=reinterpret pc=0x0000000002ffa6d0 method=com.android.dx.ssa.Dominators.run()V @ 346
Event: 17.818 Thread 0x000000000242e000 Uncommon trap: reason=class_check action=maybe_recompile pc=0x00000000031a8238 method=com.android.dx.cf.code.Ropper.processBlock(Lcom/android/dx/cf/code/ByteBlock;Lcom/android/dx/cf/code/Frame;[I)V @ 711
Event: 17.819 Thread 0x000000000242e000 Uncommon trap: reason=class_check action=maybe_recompile pc=0x00000000031a8238 method=com.android.dx.cf.code.Ropper.processBlock(Lcom/android/dx/cf/code/ByteBlock;Lcom/android/dx/cf/code/Frame;[I)V @ 711
Event: 17.819 Thread 0x000000000242e000 Uncommon trap: reason=class_check action=maybe_recompile pc=0x00000000031a8238 method=com.android.dx.cf.code.Ropper.processBlock(Lcom/android/dx/cf/code/ByteBlock;Lcom/android/dx/cf/code/Frame;[I)V @ 711
Event: 17.819 Thread 0x000000000242e000 Uncommon trap: reason=class_check action=maybe_recompile pc=0x00000000031a8238 method=com.android.dx.cf.code.Ropper.processBlock(Lcom/android/dx/cf/code/ByteBlock;Lcom/android/dx/cf/code/Frame;[I)V @ 711
Event: 17.853 Thread 0x000000000242e000 Uncommon trap: reason=bimorphic action=maybe_recompile pc=0x000000000335d56c method=com.android.dx.cf.code.BytecodeArray.parseInstruction(ILcom/android/dx/cf/code/BytecodeArray$Visitor;)I @ 1501
Event: 17.853 Thread 0x000000000242e000 Uncommon trap: reason=bimorphic action=maybe_recompile pc=0x000000000335d56c method=com.android.dx.cf.code.BytecodeArray.parseInstruction(ILcom/android/dx/cf/code/BytecodeArray$Visitor;)I @ 1501
Event: 17.876 Thread 0x00000000184b3000 Uncommon trap: reason=unstable_if action=reinterpret pc=0x0000000002fc2cbc method=com.android.dx.ssa.PhiTypeResolver.equalsHandlesNulls(Lcom/android/dx/rop/code/LocalItem;Lcom/android/dx/rop/code/LocalItem;)Z @ 2

Internal exceptions (5 events):
Event: 0.047 Thread 0x000000000242e000 Exception <a 'java/lang/NoSuchMethodError': Method sun.misc.Unsafe.defineClass(Ljava/lang/String;[BII)Ljava/lang/Class; name or signature does not match> (0x00000000eab07cc0) thrown at [D:\re\workspace\8-2-build-windows-amd64-cygwin\jdk8u92\6642\hotspot\sr¸ì¾Ëä¨?
Event: 0.047 Thread 0x000000000242e000 Exception <a 'java/lang/NoSuchMethodError': Method sun.misc.Unsafe.prefetchRead(Ljava/lang/Object;J)V name or signature does not match> (0x00000000eab07fa8) thrown at [D:\re\workspace\8-2-build-windows-amd64-cygwin\jdk8u92\6642\hotspot\src\share\vm\prims\j.E6ÁZP@
Event: 7.328 Thread 0x0000000017e0b000 Exception <a 'java/lang/ArrayIndexOutOfBoundsException': 18> (0x00000000ec5ec328) thrown at [D:\re\workspace\8-2-build-windows-amd64-cygwin\jdk8u92\6642\hotspot\src\share\vm\interpreter\interpreterRuntime.cpp, line 366]
Event: 7.329 Thread 0x0000000017e0b000 Exception <a 'java/lang/ArrayIndexOutOfBoundsException': 145> (0x00000000ec5edea8) thrown at [D:\re\workspace\8-2-build-windows-amd64-cygwin\jdk8u92\6642\hotspot\src\share\vm\interpreter\interpreterRuntime.cpp, line 366]
Event: 7.330 Thread 0x0000000017e0b000 Exception <a 'java/lang/ArrayIndexOutOfBoundsException'> (0x00000000ec5ef190) thrown at [D:\re\workspace\8-2-build-windows-amd64-cygwin\jdk8u92\6642\hotspot\src\share\vm\runtime\sharedRuntime.cpp, line 605]

Events (10 events):
Event: 18.130 Thread 0x000000001519b800 flushing nmethod 0x000000000277b2d0
Event: 18.130 Thread 0x000000001519b800 flushing nmethod 0x0000000002781390
Event: 18.130 Thread 0x000000001519b800 flushing nmethod 0x0000000002781c10
Event: 18.130 Thread 0x000000001519b800 flushing nmethod 0x0000000002784950
Event: 18.130 Thread 0x000000001519b800 flushing nmethod 0x000000000278a690
Event: 18.130 Thread 0x000000001519b800 flushing nmethod 0x000000000278b090
Event: 18.130 Thread 0x000000001519b800 flushing nmethod 0x00000000027a8f50
Event: 18.130 Thread 0x000000001519b800 flushing nmethod 0x00000000027a9e10
Event: 18.130 Thread 0x000000001519b800 flushing nmethod 0x00000000027b9dd0
Event: 18.130 Thread 0x000000001519b800 flushing nmethod 0x00000000027d1250


Dynamic libraries:
0x00007ff646d50000 - 0x00007ff646d87000 	C:\Program Files\Java\jdk1.8.0_92\bin\java.exe
0x00007ffa84da0000 - 0x00007ffa84f61000 	C:\WINDOWS\SYSTEM32\ntdll.dll
0x00007ffa82480000 - 0x00007ffa8252d000 	C:\WINDOWS\system32\KERNEL32.DLL
0x00007ffa81c50000 - 0x00007ffa81e38000 	C:\WINDOWS\system32\KERNELBASE.dll
0x00007ffa7faf0000 - 0x00007ffa7fb69000 	C:\WINDOWS\system32\apphelp.dll
0x00007ffa82960000 - 0x00007ffa82a07000 	C:\WINDOWS\system32\ADVAPI32.dll
0x00007ffa82f50000 - 0x00007ffa82fed000 	C:\WINDOWS\system32\msvcrt.dll
0x00007ffa82b70000 - 0x00007ffa82bcb000 	C:\WINDOWS\system32\sechost.dll
0x00007ffa834a0000 - 0x00007ffa835bc000 	C:\WINDOWS\system32\RPCRT4.dll
0x00007ffa82a10000 - 0x00007ffa82b66000 	C:\WINDOWS\system32\USER32.dll
0x00007ffa83140000 - 0x00007ffa832c6000 	C:\WINDOWS\system32\GDI32.dll
0x00007ffa76500000 - 0x00007ffa76774000 	C:\WINDOWS\WinSxS\amd64_microsoft.windows.common-controls_6595b64144ccf1df_6.0.10586.0_none_8c15ae12515e1c22\COMCTL32.dll
0x00007ffa835c0000 - 0x00007ffa8383d000 	C:\WINDOWS\system32\combase.dll
0x00007ffa81be0000 - 0x00007ffa81c4a000 	C:\WINDOWS\system32\bcryptPrimitives.dll
0x00007ffa823e0000 - 0x00007ffa8241b000 	C:\WINDOWS\system32\IMM32.DLL
0x00000000576b0000 - 0x0000000057782000 	C:\Program Files\Java\jdk1.8.0_92\jre\bin\msvcr100.dll
0x0000000058180000 - 0x0000000058a16000 	C:\Program Files\Java\jdk1.8.0_92\jre\bin\server\jvm.dll
0x00007ffa82bd0000 - 0x00007ffa82bd8000 	C:\WINDOWS\system32\PSAPI.DLL
0x00007ffa76bc0000 - 0x00007ffa76bca000 	C:\WINDOWS\SYSTEM32\VERSION.dll
0x00007ffa7ef70000 - 0x00007ffa7ef93000 	C:\WINDOWS\SYSTEM32\WINMM.dll
0x00007ffa7fbc0000 - 0x00007ffa7fbc9000 	C:\WINDOWS\SYSTEM32\WSOCK32.dll
0x00007ffa82d80000 - 0x00007ffa82deb000 	C:\WINDOWS\system32\WS2_32.dll
0x00007ffa7ef40000 - 0x00007ffa7ef6c000 	C:\WINDOWS\SYSTEM32\WINMMBASE.dll
0x00007ffa82070000 - 0x00007ffa820b3000 	C:\WINDOWS\system32\cfgmgr32.dll
0x0000000058170000 - 0x000000005817f000 	C:\Program Files\Java\jdk1.8.0_92\jre\bin\verify.dll
0x0000000058060000 - 0x0000000058089000 	C:\Program Files\Java\jdk1.8.0_92\jre\bin\java.dll
0x0000000058040000 - 0x0000000058056000 	C:\Program Files\Java\jdk1.8.0_92\jre\bin\zip.dll
0x00007ffa83840000 - 0x00007ffa84d9c000 	C:\WINDOWS\system32\SHELL32.dll
0x00007ffa81450000 - 0x00007ffa81a94000 	C:\WINDOWS\system32\windows.storage.dll
0x00007ffa82420000 - 0x00007ffa82472000 	C:\WINDOWS\system32\shlwapi.dll
0x00007ffa81430000 - 0x00007ffa8143f000 	C:\WINDOWS\system32\kernel.appcore.dll
0x00007ffa820c0000 - 0x00007ffa82175000 	C:\WINDOWS\system32\shcore.dll
0x00007ffa813c0000 - 0x00007ffa8140b000 	C:\WINDOWS\system32\powrprof.dll
0x00007ffa81410000 - 0x00007ffa81424000 	C:\WINDOWS\system32\profapi.dll

VM Arguments:
jvm_args: -Djava.awt.headless=true -Xmx1024M -Dfile.encoding=GBK -Duser.country=CN -Duser.language=zh -Duser.variant 
java_command: com.android.dx.command.Main --dex --force-jumbo --num-threads=4 --multi-dex --output C:\Users\Wicker\Documents\GitHub_Clone\shopping\Shopping2\Shopping\app\build\intermediates\transforms\dex\debug\folders\1000\10\com.google.android.gms-play-services-ads-8.4.0_447a1547f6989476700550b1779ab2ba79d881a7 C:\Users\Wicker\Documents\GitHub_Clone\shopping\Shopping2\Shopping\app\build\intermediates\exploded-aar\com.google.android.gms\play-services-ads\8.4.0\jars\classes.jar
java_class_path (initial): D:\Android\Sdk\build-tools\23.0.3\lib\dx.jar
Launcher Type: SUN_STANDARD

Environment Variables:
JAVA_HOME=C:\Program Files\Java\jdk1.8.0_92
CLASSPATH=.C:\Program Files\Java\jdk1.8.0_92\lib;C:\Program Files\Java\jdk1.8.0_92\lib\tools.jar;
PATH=C:\ProgramData\Oracle\Java\javapath;C:\Program Files (x86)\Common Files\Intel\Shared Libraries\redist\intel64\compiler;C:\WINDOWS\system32;C:\WINDOWS;C:\WINDOWS\System32\Wbem;C:\WINDOWS\System32\WindowsPowerShell\v1.0\;C:\Program Files (x86)\QuickTime\QTSystem\;C:\Program Files\Java\jdk1.7.0_80\bin;C:\Users\Wicker\.dnx\bin;C:\Program Files\Microsoft DNX\Dnvm\;C:\Program Files (x86)\Windows Kits\8.1\Windows Performance Toolkit\;C:\Program Files (x86)\NVIDIA Corporation\PhysX\Common;D:\opencv\build\x86\mingw\bin;D:\opencv\build\x86\vc10\bin;D:\opencv\build\x64\mingw\bin;D:\opencv\build\x64\vc10\bin;D:\gradle-2.10-all\gradle-2.10\bin
USERNAME=Wicker
OS=Windows_NT
PROCESSOR_IDENTIFIER=Intel64 Family 6 Model 60 Stepping 3, GenuineIntel



---------------  S Y S T E M  ---------------

OS: Windows 10.0 , 64 bit Build 10586 (10.0.10586.0)

CPU:total 8 (4 cores per cpu, 2 threads per core) family 6 model 60 stepping 3, cmov, cx8, fxsr, mmx, sse, sse2, sse3, ssse3, sse4.1, sse4.2, popcnt, avx, avx2, aes, clmul, erms, lzcnt, ht, tsc, tscinvbit, bmi1, bmi2

Memory: 4k page, physical 12500872k(2994148k free), swap 13287304k(5440k free)

vm_info: Java HotSpot(TM) 64-Bit Server VM (25.92-b14) for windows-amd64 JRE (1.8.0_92-b14), built on Mar 31 2016 21:03:04 by "java_re" with MS VC++ 10.0 (VS2010)

time: Thu Jun 16 23:35:24 2016
elapsed time: 18 seconds (0d 0h 0m 18s)

