#
# There is insufficient memory for the Java Runtime Environment to continue.
# Native memory allocation (malloc) failed to allocate 131088 bytes for Chunk::new
# Possible reasons:
#   The system is out of physical RAM or swap space
#   In 32 bit mode, the process size limit was hit
# Possible solutions:
#   Reduce memory load on the system
#   Increase physical memory or swap space
#   Check if swap backing store is full
#   Use 64 bit Java on a 64 bit OS
#   Decrease Java heap size (-Xmx/-Xms)
#   Decrease number of Java threads
#   Decrease Java thread stack sizes (-Xss)
#   Set larger code cache with -XX:ReservedCodeCacheSize=
# This output file may be truncated or incomplete.
#
#  Out of Memory Error (allocation.cpp:390), pid=47232, tid=0x0000000000003e78
#
# JRE version: Java(TM) SE Runtime Environment (8.0_92-b14) (build 1.8.0_92-b14)
# Java VM: Java HotSpot(TM) 64-Bit Server VM (25.92-b14 mixed mode windows-amd64 compressed oops)
# Failed to write core dump. Minidumps are not enabled by default on client versions of Windows
#

---------------  T H R E A D  ---------------

Current thread (0x00000000171f0800):  JavaThread "C2 CompilerThread1" daemon [_thread_in_native, id=15992, stack(0x0000000017960000,0x0000000017a60000)]

Stack: [0x0000000017960000,0x0000000017a60000]
[error occurred during error reporting (printing stack bounds), id 0xc0000005]

Native frames: (J=compiled Java code, j=interpreted, Vv=VM code, C=native code)


Current CompileTask:
C2:  13075 2568 %     4       com.android.dx.dex.code.OutputFinisher::getAllConstants @ 18 (47 bytes)


---------------  P R O C E S S  ---------------

Java Threads: ( => current thread )
  0x0000000017293800 JavaThread "Service Thread" daemon [_thread_blocked, id=48356, stack(0x0000000017c60000,0x0000000017d60000)]
  0x00000000171fd000 JavaThread "C1 CompilerThread3" daemon [_thread_blocked, id=9524, stack(0x0000000017b60000,0x0000000017c60000)]
  0x00000000152ad000 JavaThread "C2 CompilerThread2" daemon [_thread_in_native, id=16876, stack(0x0000000017a60000,0x0000000017b60000)]
=>0x00000000171f0800 JavaThread "C2 CompilerThread1" daemon [_thread_in_native, id=15992, stack(0x0000000017960000,0x0000000017a60000)]
  0x00000000171ed800 JavaThread "C2 CompilerThread0" daemon [_thread_in_native, id=46816, stack(0x0000000017860000,0x0000000017960000)]
  0x000000001719f000 JavaThread "Attach Listener" daemon [_thread_blocked, id=10676, stack(0x0000000017760000,0x0000000017860000)]
  0x000000001719e000 JavaThread "Signal Dispatcher" daemon [_thread_blocked, id=78368, stack(0x0000000017660000,0x0000000017760000)]
  0x000000000277e000 JavaThread "Finalizer" daemon [_thread_blocked, id=7772, stack(0x0000000017560000,0x0000000017660000)]
  0x0000000002777000 JavaThread "Reference Handler" daemon [_thread_blocked, id=49732, stack(0x0000000017060000,0x0000000017160000)]
  0x000000000267e000 JavaThread "main" [_thread_in_Java, id=12152, stack(0x00000000024e0000,0x00000000025e0000)]

Other Threads:
  0x0000000015299000 VMThread [stack: 0x0000000016f60000,0x0000000017060000] [id=81592]
  0x00000000172cf800 WatcherThread [stack: 0x0000000017d60000,0x0000000017e60000] [id=204]

VM state:not at safepoint (normal execution)

VM Mutex/Monitor currently owned by a thread: None

Heap:
 PSYoungGen      total 204800K, used 61061K [0x00000000eab00000, 0x0000000100000000, 0x0000000100000000)
  eden space 196608K, 26% used [0x00000000eab00000,0x00000000edea2a40,0x00000000f6b00000)
  from space 8192K, 99% used [0x00000000f6b00000,0x00000000f72fec90,0x00000000f7300000)
  to   space 43520K, 0% used [0x00000000fd580000,0x00000000fd580000,0x0000000100000000)
 ParOldGen       total 131072K, used 65584K [0x00000000c0000000, 0x00000000c8000000, 0x00000000eab00000)
  object space 131072K, 50% used [0x00000000c0000000,0x00000000c400c130,0x00000000c8000000)
 Metaspace       used 6921K, capacity 7544K, committed 7680K, reserved 1056768K
  class space    used 647K, capacity 688K, committed 768K, reserved 1048576K

Card table byte_map: [0x0000000011b40000,0x0000000011d50000] byte_map_base: 0x0000000011540000

Marking Bits: (ParMarkBitMap*) 0x000000006d3c64f0
 Begin Bits: [0x00000000126b0000, 0x00000000136b0000)
 End Bits:   [0x00000000136b0000, 0x00000000146b0000)

Polling page: 0x0000000000550000

CodeCache: size=245760Kb used=13527Kb max_used=13527Kb free=232232Kb
 bounds [0x0000000002780000, 0x00000000034c0000, 0x0000000011780000]
 total_blobs=3009 nmethods=2737 adapters=184
 compilation: enabled

Compilation events (10 events):
Event: 13.058 Thread 0x00000000171fd000 nmethod 2839 0x00000000034bc150 code [0x00000000034bc300, 0x00000000034bc698]
Event: 13.058 Thread 0x00000000171fd000 2840       2       com.android.dx.dex.code.DalvInsn::expandedVersion (20 bytes)
Event: 13.059 Thread 0x00000000171fd000 nmethod 2840 0x00000000034bca50 code [0x00000000034bcbc0, 0x00000000034bcd98]
Event: 13.061 Thread 0x00000000171fd000 2841       2       com.android.dx.dex.code.form.Form22t::isCompatible (72 bytes)
Event: 13.062 Thread 0x00000000171fd000 nmethod 2841 0x00000000034bced0 code [0x00000000034bd080, 0x00000000034bd5f8]
Event: 13.065 Thread 0x00000000171fd000 2842       2       com.android.dx.util.ByteArrayAnnotatedOutput::writeByte (51 bytes)
Event: 13.066 Thread 0x00000000171fd000 nmethod 2842 0x00000000034bda90 code [0x00000000034bdc00, 0x00000000034bde98]
Event: 13.066 Thread 0x00000000171fd000 2843       2       com.android.dx.dex.code.form.Form21s::isCompatible (89 bytes)
Event: 13.067 Thread 0x00000000171fd000 nmethod 2843 0x00000000034be050 code [0x00000000034be1e0, 0x00000000034be5a8]
Event: 13.067 Thread 0x00000000171fd000 2844       3       com.android.dx.rop.code.RegisterSpecSet::findMatchingLocal (49 bytes)

GC Heap History (10 events):
Event: 1.677 GC heap before
{Heap before GC invocations=1 (full 0):
 PSYoungGen      total 57344K, used 49152K [0x00000000eab00000, 0x00000000eeb00000, 0x0000000100000000)
  eden space 49152K, 100% used [0x00000000eab00000,0x00000000edb00000,0x00000000edb00000)
  from space 8192K, 0% used [0x00000000ee300000,0x00000000ee300000,0x00000000eeb00000)
  to   space 8192K, 0% used [0x00000000edb00000,0x00000000edb00000,0x00000000ee300000)
 ParOldGen       total 131072K, used 0K [0x00000000c0000000, 0x00000000c8000000, 0x00000000eab00000)
  object space 131072K, 0% used [0x00000000c0000000,0x00000000c0000000,0x00000000c8000000)
 Metaspace       used 6096K, capacity 6964K, committed 7040K, reserved 1056768K
  class space    used 606K, capacity 620K, committed 640K, reserved 1048576K
Event: 1.710 GC heap after
Heap after GC invocations=1 (full 0):
 PSYoungGen      total 57344K, used 7292K [0x00000000eab00000, 0x00000000f1b00000, 0x0000000100000000)
  eden space 49152K, 0% used [0x00000000eab00000,0x00000000eab00000,0x00000000edb00000)
  from space 8192K, 89% used [0x00000000edb00000,0x00000000ee21f160,0x00000000ee300000)
  to   space 8192K, 0% used [0x00000000f1300000,0x00000000f1300000,0x00000000f1b00000)
 ParOldGen       total 131072K, used 8K [0x00000000c0000000, 0x00000000c8000000, 0x00000000eab00000)
  object space 131072K, 0% used [0x00000000c0000000,0x00000000c0002000,0x00000000c8000000)
 Metaspace       used 6096K, capacity 6964K, committed 7040K, reserved 1056768K
  class space    used 606K, capacity 620K, committed 640K, reserved 1048576K
}
Event: 2.181 GC heap before
{Heap before GC invocations=2 (full 0):
 PSYoungGen      total 57344K, used 56444K [0x00000000eab00000, 0x00000000f1b00000, 0x0000000100000000)
  eden space 49152K, 100% used [0x00000000eab00000,0x00000000edb00000,0x00000000edb00000)
  from space 8192K, 89% used [0x00000000edb00000,0x00000000ee21f160,0x00000000ee300000)
  to   space 8192K, 0% used [0x00000000f1300000,0x00000000f1300000,0x00000000f1b00000)
 ParOldGen       total 131072K, used 8K [0x00000000c0000000, 0x00000000c8000000, 0x00000000eab00000)
  object space 131072K, 0% used [0x00000000c0000000,0x00000000c0002000,0x00000000c8000000)
 Metaspace       used 6249K, capacity 7094K, committed 7296K, reserved 1056768K
  class space    used 608K, capacity 622K, committed 640K, reserved 1048576K
Event: 2.256 GC heap after
Heap after GC invocations=2 (full 0):
 PSYoungGen      total 106496K, used 8188K [0x00000000eab00000, 0x00000000f1b00000, 0x0000000100000000)
  eden space 98304K, 0% used [0x00000000eab00000,0x00000000eab00000,0x00000000f0b00000)
  from space 8192K, 99% used [0x00000000f1300000,0x00000000f1aff158,0x00000000f1b00000)
  to   space 8192K, 0% used [0x00000000f0b00000,0x00000000f0b00000,0x00000000f1300000)
 ParOldGen       total 131072K, used 3695K [0x00000000c0000000, 0x00000000c8000000, 0x00000000eab00000)
  object space 131072K, 2% used [0x00000000c0000000,0x00000000c039bf40,0x00000000c8000000)
 Metaspace       used 6249K, capacity 7094K, committed 7296K, reserved 1056768K
  class space    used 608K, capacity 622K, committed 640K, reserved 1048576K
}
Event: 5.622 GC heap before
{Heap before GC invocations=3 (full 0):
 PSYoungGen      total 106496K, used 106492K [0x00000000eab00000, 0x00000000f1b00000, 0x0000000100000000)
  eden space 98304K, 100% used [0x00000000eab00000,0x00000000f0b00000,0x00000000f0b00000)
  from space 8192K, 99% used [0x00000000f1300000,0x00000000f1aff158,0x00000000f1b00000)
  to   space 8192K, 0% used [0x00000000f0b00000,0x00000000f0b00000,0x00000000f1300000)
 ParOldGen       total 131072K, used 3695K [0x00000000c0000000, 0x00000000c8000000, 0x00000000eab00000)
  object space 131072K, 2% used [0x00000000c0000000,0x00000000c039bf40,0x00000000c8000000)
 Metaspace       used 6397K, capacity 7158K, committed 7296K, reserved 1056768K
  class space    used 610K, capacity 622K, committed 640K, reserved 1048576K
Event: 5.765 GC heap after
Heap after GC invocations=3 (full 0):
 PSYoungGen      total 106496K, used 8175K [0x00000000eab00000, 0x00000000f7b00000, 0x0000000100000000)
  eden space 98304K, 0% used [0x00000000eab00000,0x00000000eab00000,0x00000000f0b00000)
  from space 8192K, 99% used [0x00000000f0b00000,0x00000000f12fbf88,0x00000000f1300000)
  to   space 8192K, 0% used [0x00000000f7300000,0x00000000f7300000,0x00000000f7b00000)
 ParOldGen       total 131072K, used 18970K [0x00000000c0000000, 0x00000000c8000000, 0x00000000eab00000)
  object space 131072K, 14% used [0x00000000c0000000,0x00000000c12868d8,0x00000000c8000000)
 Metaspace       used 6397K, capacity 7158K, committed 7296K, reserved 1056768K
  class space    used 610K, capacity 622K, committed 640K, reserved 1048576K
}
Event: 10.954 GC heap before
{Heap before GC invocations=4 (full 0):
 PSYoungGen      total 106496K, used 106479K [0x00000000eab00000, 0x00000000f7b00000, 0x0000000100000000)
  eden space 98304K, 100% used [0x00000000eab00000,0x00000000f0b00000,0x00000000f0b00000)
  from space 8192K, 99% used [0x00000000f0b00000,0x00000000f12fbf88,0x00000000f1300000)
  to   space 8192K, 0% used [0x00000000f7300000,0x00000000f7300000,0x00000000f7b00000)
 ParOldGen       total 131072K, used 18970K [0x00000000c0000000, 0x00000000c8000000, 0x00000000eab00000)
  object space 131072K, 14% used [0x00000000c0000000,0x00000000c12868d8,0x00000000c8000000)
 Metaspace       used 6578K, capacity 7256K, committed 7424K, reserved 1056768K
  class space    used 629K, capacity 656K, committed 768K, reserved 1048576K
Event: 11.093 GC heap after
Heap after GC invocations=4 (full 0):
 PSYoungGen      total 204800K, used 8173K [0x00000000eab00000, 0x00000000f7b00000, 0x0000000100000000)
  eden space 196608K, 0% used [0x00000000eab00000,0x00000000eab00000,0x00000000f6b00000)
  from space 8192K, 99% used [0x00000000f7300000,0x00000000f7afb6d0,0x00000000f7b00000)
  to   space 8192K, 0% used [0x00000000f6b00000,0x00000000f6b00000,0x00000000f7300000)
 ParOldGen       total 131072K, used 35207K [0x00000000c0000000, 0x00000000c8000000, 0x00000000eab00000)
  object space 131072K, 26% used [0x00000000c0000000,0x00000000c2261e38,0x00000000c8000000)
 Metaspace       used 6578K, capacity 7256K, committed 7424K, reserved 1056768K
  class space    used 629K, capacity 656K, committed 768K, reserved 1048576K
}
Event: 12.258 GC heap before
{Heap before GC invocations=5 (full 0):
 PSYoungGen      total 204800K, used 204781K [0x00000000eab00000, 0x00000000f7b00000, 0x0000000100000000)
  eden space 196608K, 100% used [0x00000000eab00000,0x00000000f6b00000,0x00000000f6b00000)
  from space 8192K, 99% used [0x00000000f7300000,0x00000000f7afb6d0,0x00000000f7b00000)
  to   space 8192K, 0% used [0x00000000f6b00000,0x00000000f6b00000,0x00000000f7300000)
 ParOldGen       total 131072K, used 35207K [0x00000000c0000000, 0x00000000c8000000, 0x00000000eab00000)
  object space 131072K, 26% used [0x00000000c0000000,0x00000000c2261e38,0x00000000c8000000)
 Metaspace       used 6605K, capacity 7256K, committed 7424K, reserved 1056768K
  class space    used 629K, capacity 656K, committed 768K, reserved 1048576K
Event: 12.499 GC heap after
Heap after GC invocations=5 (full 0):
 PSYoungGen      total 204800K, used 8187K [0x00000000eab00000, 0x0000000100000000, 0x0000000100000000)
  eden space 196608K, 0% used [0x00000000eab00000,0x00000000eab00000,0x00000000f6b00000)
  from space 8192K, 99% used [0x00000000f6b00000,0x00000000f72fec90,0x00000000f7300000)
  to   space 43520K, 0% used [0x00000000fd580000,0x00000000fd580000,0x0000000100000000)
 ParOldGen       total 131072K, used 65584K [0x00000000c0000000, 0x00000000c8000000, 0x00000000eab00000)
  object space 131072K, 50% used [0x00000000c0000000,0x00000000c400c130,0x00000000c8000000)
 Metaspace       used 6605K, capacity 7256K, committed 7424K, reserved 1056768K
  class space    used 629K, capacity 656K, committed 768K, reserved 1048576K
}

Deoptimization events (10 events):
Event: 12.605 Thread 0x000000000267e000 Uncommon trap: reason=class_check action=maybe_recompile pc=0x0000000002be9808 method=java.util.Arrays.hashCode([Ljava/lang/Object;)I @ 43
Event: 12.606 Thread 0x000000000267e000 Uncommon trap: reason=class_check action=maybe_recompile pc=0x0000000002be42b4 method=java.util.Arrays.hashCode([Ljava/lang/Object;)I @ 43
Event: 12.894 Thread 0x000000000267e000 Uncommon trap: reason=speculate_class_check action=maybe_recompile pc=0x0000000002ae65c0 method=com.android.dx.util.FixedSizeList.equals(Ljava/lang/Object;)Z @ 25
Event: 12.894 Thread 0x000000000267e000 Uncommon trap: reason=class_check action=maybe_recompile pc=0x0000000002ab1c84 method=java.util.Arrays.equals([Ljava/lang/Object;[Ljava/lang/Object;)Z @ 62
Event: 12.894 Thread 0x000000000267e000 Uncommon trap: reason=speculate_class_check action=maybe_recompile pc=0x0000000002ae65c0 method=com.android.dx.util.FixedSizeList.equals(Ljava/lang/Object;)Z @ 25
Event: 12.894 Thread 0x000000000267e000 Uncommon trap: reason=class_check action=maybe_recompile pc=0x0000000002ab1c84 method=java.util.Arrays.equals([Ljava/lang/Object;[Ljava/lang/Object;)Z @ 62
Event: 12.894 Thread 0x000000000267e000 Uncommon trap: reason=speculate_class_check action=maybe_recompile pc=0x0000000002ae65c0 method=com.android.dx.util.FixedSizeList.equals(Ljava/lang/Object;)Z @ 25
Event: 12.894 Thread 0x000000000267e000 Uncommon trap: reason=unstable_if action=reinterpret pc=0x0000000002ab1c5c method=java.util.Arrays.equals([Ljava/lang/Object;[Ljava/lang/Object;)Z @ 23
Event: 12.895 Thread 0x000000000267e000 Uncommon trap: reason=speculate_class_check action=maybe_recompile pc=0x0000000002ae65c0 method=com.android.dx.util.FixedSizeList.equals(Ljava/lang/Object;)Z @ 25
Event: 12.895 Thread 0x000000000267e000 Uncommon trap: reason=unstable_if action=reinterpret pc=0x0000000003011b60 method=java.util.TreeMap.put(Ljava/lang/Object;Ljava/lang/Object;)Ljava/lang/Object; @ 163

Internal exceptions (7 events):
Event: 0.029 Thread 0x000000000267e000 Exception <a 'java/lang/NoSuchMethodError': Method sun.misc.Unsafe.defineClass(Ljava/lang/String;[BII)Ljava/lang/Class; name or signature does not match> (0x00000000eab07cc0) thrown at [D:\re\workspace\8-2-build-windows-amd64-cygwin\jdk8u92\6642\hotspot\sred˜X+Âù?
Event: 0.029 Thread 0x000000000267e000 Exception <a 'java/lang/NoSuchMethodError': Method sun.misc.Unsafe.prefetchRead(Ljava/lang/Object;J)V name or signature does not match> (0x00000000eab07fa8) thrown at [D:\re\workspace\8-2-build-windows-amd64-cygwin\jdk8u92\6642\hotspot\src\share\vm\prims\j=ªq{ßÓ?
Event: 0.958 Thread 0x000000000267e000 Implicit null exception at 0x0000000002a6de62 to 0x0000000002a6df69
Event: 8.667 Thread 0x000000001748c000 Implicit null exception at 0x0000000002d0c7fb to 0x0000000002d0e61d
Event: 10.951 Thread 0x000000001748b000 Exception <a 'java/lang/ArrayIndexOutOfBoundsException': 18> (0x00000000f0a1c7e8) thrown at [D:\re\workspace\8-2-build-windows-amd64-cygwin\jdk8u92\6642\hotspot\src\share\vm\interpreter\interpreterRuntime.cpp, line 366]
Event: 10.951 Thread 0x000000001748b000 Exception <a 'java/lang/ArrayIndexOutOfBoundsException': 145> (0x00000000f0a1e368) thrown at [D:\re\workspace\8-2-build-windows-amd64-cygwin\jdk8u92\6642\hotspot\src\share\vm\interpreter\interpreterRuntime.cpp, line 366]
Event: 10.952 Thread 0x000000001748b000 Exception <a 'java/lang/ArrayIndexOutOfBoundsException'> (0x00000000f0a1f650) thrown at [D:\re\workspace\8-2-build-windows-amd64-cygwin\jdk8u92\6642\hotspot\src\share\vm\runtime\sharedRuntime.cpp, line 605]

Events (10 events):
Event: 12.944 Thread 0x000000000267e000 DEOPT PACKING pc=0x0000000003457899 sp=0x00000000025df0c0
Event: 12.944 Thread 0x000000000267e000 DEOPT UNPACKING pc=0x00000000027c787f sp=0x00000000025dee88 mode 0
Event: 12.944 Thread 0x000000000267e000 DEOPT PACKING pc=0x0000000003451d4d sp=0x00000000025df180
Event: 12.944 Thread 0x000000000267e000 DEOPT UNPACKING pc=0x00000000027c787f sp=0x00000000025deed8 mode 0
Event: 12.946 Thread 0x000000000267e000 DEOPT PACKING pc=0x000000000345d991 sp=0x00000000025df200
Event: 12.946 Thread 0x000000000267e000 DEOPT UNPACKING pc=0x00000000027c787f sp=0x00000000025def88 mode 0
Event: 12.950 Thread 0x000000000267e000 DEOPT PACKING pc=0x000000000344d618 sp=0x00000000025df0e0
Event: 12.950 Thread 0x000000000267e000 DEOPT UNPACKING pc=0x00000000027c787f sp=0x00000000025dee40 mode 0
Event: 12.961 Thread 0x000000000267e000 DEOPT PACKING pc=0x00000000034543b8 sp=0x00000000025def70
Event: 12.961 Thread 0x000000000267e000 DEOPT UNPACKING pc=0x00000000027c787f sp=0x00000000025decf0 mode 0


Dynamic libraries:
0x00007ff6e5d30000 - 0x00007ff6e5d67000 	C:\Program Files\Java\jdk1.8.0_92\bin\java.exe
0x00007ffd25520000 - 0x00007ffd256e1000 	C:\WINDOWS\SYSTEM32\ntdll.dll
0x00007ffd22920000 - 0x00007ffd229cd000 	C:\WINDOWS\system32\KERNEL32.DLL
0x00007ffd21ed0000 - 0x00007ffd220b8000 	C:\WINDOWS\system32\KERNELBASE.dll
0x00007ffd20330000 - 0x00007ffd203a9000 	C:\WINDOWS\system32\apphelp.dll
0x00007ffd24e90000 - 0x00007ffd24f37000 	C:\WINDOWS\system32\ADVAPI32.dll
0x00007ffd247c0000 - 0x00007ffd2485d000 	C:\WINDOWS\system32\msvcrt.dll
0x00007ffd24e30000 - 0x00007ffd24e8b000 	C:\WINDOWS\system32\sechost.dll
0x00007ffd24d10000 - 0x00007ffd24e2c000 	C:\WINDOWS\system32\RPCRT4.dll
0x00007ffd24500000 - 0x00007ffd24656000 	C:\WINDOWS\system32\USER32.dll
0x00007ffd24240000 - 0x00007ffd243c6000 	C:\WINDOWS\system32\GDI32.dll
0x00007ffd125d0000 - 0x00007ffd12844000 	C:\WINDOWS\WinSxS\amd64_microsoft.windows.common-controls_6595b64144ccf1df_6.0.10586.0_none_8c15ae12515e1c22\COMCTL32.dll
0x00007ffd252a0000 - 0x00007ffd2551d000 	C:\WINDOWS\system32\combase.dll
0x00007ffd228b0000 - 0x00007ffd2291a000 	C:\WINDOWS\system32\bcryptPrimitives.dll
0x00007ffd25260000 - 0x00007ffd2529b000 	C:\WINDOWS\system32\IMM32.DLL
0x000000006c720000 - 0x000000006c7f2000 	C:\Program Files\Java\jdk1.8.0_92\jre\bin\msvcr100.dll
0x000000006cbb0000 - 0x000000006d446000 	C:\Program Files\Java\jdk1.8.0_92\jre\bin\server\jvm.dll
0x00007ffd229d0000 - 0x00007ffd229d8000 	C:\WINDOWS\system32\PSAPI.DLL
0x00007ffd16d10000 - 0x00007ffd16d19000 	C:\WINDOWS\SYSTEM32\WSOCK32.dll
0x00007ffd1fd70000 - 0x00007ffd1fd93000 	C:\WINDOWS\SYSTEM32\WINMM.dll
0x00007ffd13f70000 - 0x00007ffd13f7a000 	C:\WINDOWS\SYSTEM32\VERSION.dll
0x00007ffd24860000 - 0x00007ffd248cb000 	C:\WINDOWS\system32\WS2_32.dll
0x00000000020f0000 - 0x000000000211c000 	C:\WINDOWS\SYSTEM32\WINMMBASE.dll
0x00007ffd22150000 - 0x00007ffd22193000 	C:\WINDOWS\system32\cfgmgr32.dll
0x000000006de60000 - 0x000000006de6f000 	C:\Program Files\Java\jdk1.8.0_92\jre\bin\verify.dll
0x000000006de30000 - 0x000000006de59000 	C:\Program Files\Java\jdk1.8.0_92\jre\bin\java.dll
0x000000006de10000 - 0x000000006de26000 	C:\Program Files\Java\jdk1.8.0_92\jre\bin\zip.dll
0x00007ffd22a90000 - 0x00007ffd23fec000 	C:\WINDOWS\system32\SHELL32.dll
0x00007ffd221a0000 - 0x00007ffd227e4000 	C:\WINDOWS\system32\windows.storage.dll
0x00007ffd243d0000 - 0x00007ffd24422000 	C:\WINDOWS\system32\shlwapi.dll
0x00007ffd21b40000 - 0x00007ffd21b4f000 	C:\WINDOWS\system32\kernel.appcore.dll
0x00007ffd227f0000 - 0x00007ffd228a5000 	C:\WINDOWS\system32\shcore.dll
0x00007ffd21b50000 - 0x00007ffd21b9b000 	C:\WINDOWS\system32\powrprof.dll
0x00007ffd21bb0000 - 0x00007ffd21bc4000 	C:\WINDOWS\system32\profapi.dll

VM Arguments:
jvm_args: -Djava.awt.headless=true -Xmx1024M -Dfile.encoding=GBK -Duser.country=CN -Duser.language=zh -Duser.variant 
java_command: com.android.dx.command.Main --dex --force-jumbo --num-threads=4 --output C:\Users\Wicker\Documents\GitHub_Clone\shopping\Shopping2\Shopping\app\build\intermediates\pre-dexed\debug\com.android.support-support-v4-24.0.0-alpha2_fe7ae6f88331ff38fc3ac62aa1d6196e78160be6.jar C:\Users\Wicker\Documents\GitHub_Clone\shopping\Shopping2\Shopping\app\build\intermediates\exploded-aar\com.android.support\support-v4\24.0.0-alpha2\jars\classes.jar
java_class_path (initial): D:\Android\Sdk\build-tools\23.0.3\lib\dx.jar
Launcher Type: SUN_STANDARD

Environment Variables:
JAVA_HOME=C:\Program Files\Java\jdk1.8.0_92
CLASSPATH=.C:\Program Files\Java\jdk1.8.0_92\lib;C:\Program Files\Java\jdk1.8.0_92\lib\tools.jar;
PATH=C:\ProgramData\Oracle\Java\javapath;C:\Program Files (x86)\Common Files\Intel\Shared Libraries\redist\intel64\compiler;C:\WINDOWS\system32;C:\WINDOWS;C:\WINDOWS\System32\Wbem;C:\WINDOWS\System32\WindowsPowerShell\v1.0\;C:\Program Files (x86)\QuickTime\QTSystem\;C:\Program Files\Java\jdk1.7.0_80\bin;C:\Users\Wicker\.dnx\bin;C:\Program Files\Microsoft DNX\Dnvm\;C:\Program Files (x86)\Windows Kits\8.1\Windows Performance Toolkit\;C:\Program Files (x86)\NVIDIA Corporation\PhysX\Common;D:\opencv\build\x86\mingw\bin;D:\opencv\build\x86\vc10\bin;D:\opencv\build\x64\mingw\bin;D:\opencv\build\x64\vc10\bin;D:\gradle-2.10-all\gradle-2.10\bin
USERNAME=Wicker
OS=Windows_NT
PROCESSOR_IDENTIFIER=Intel64 Family 6 Model 60 Stepping 3, GenuineIntel



---------------  S Y S T E M  ---------------

OS: Windows 10.0 , 64 bit Build 10586 (10.0.10586.0)

CPU:total 8 (4 cores per cpu, 2 threads per core) family 6 model 60 stepping 3, cmov, cx8, fxsr, mmx, sse, sse2, sse3, ssse3, sse4.1, sse4.2, popcnt, avx, avx2, aes, clmul, erms, lzcnt, ht, tsc, tscinvbit, bmi1, bmi2

Memory: 4k page, physical 12500872k(3011140k free), swap 13287304k(261176k free)

vm_info: Java HotSpot(TM) 64-Bit Server VM (25.92-b14) for windows-amd64 JRE (1.8.0_92-b14), built on Mar 31 2016 21:03:04 by "java_re" with MS VC++ 10.0 (VS2010)

time: Tue Jun 14 22:31:56 2016
elapsed time: 13 seconds (0d 0h 0m 13s)

