#
# There is insufficient memory for the Java Runtime Environment to continue.
# Native memory allocation (malloc) failed to allocate 460736 bytes for Chunk::new
# Possible reasons:
#   The system is out of physical RAM or swap space
#   In 32 bit mode, the process size limit was hit
# Possible solutions:
#   Reduce memory load on the system
#   Increase physical memory or swap space
#   Check if swap backing store is full
#   Use 64 bit Java on a 64 bit OS
#   Decrease Java heap size (-Xmx/-Xms)
#   Decrease number of Java threads
#   Decrease Java thread stack sizes (-Xss)
#   Set larger code cache with -XX:ReservedCodeCacheSize=
# This output file may be truncated or incomplete.
#
#  Out of Memory Error (allocation.cpp:390), pid=44736, tid=0x000000000000fcb8
#
# JRE version: Java(TM) SE Runtime Environment (8.0_92-b14) (build 1.8.0_92-b14)
# Java VM: Java HotSpot(TM) 64-Bit Server VM (25.92-b14 mixed mode windows-amd64 compressed oops)
# Failed to write core dump. Minidumps are not enabled by default on client versions of Windows
#

---------------  T H R E A D  ---------------

Current thread (0x000000001531b000):  JavaThread "C2 CompilerThread0" daemon [_thread_in_native, id=64696, stack(0x0000000017910000,0x0000000017a10000)]

Stack: [0x0000000017910000,0x0000000017a10000]
[error occurred during error reporting (printing stack bounds), id 0xc0000005]

Native frames: (J=compiled Java code, j=interpreted, Vv=VM code, C=native code)


Current CompileTask:
C2:   1247 1773       4       com.android.dx.rop.code.LocalVariableExtractor::processBlock (327 bytes)


---------------  P R O C E S S  ---------------

Java Threads: ( => current thread )
  0x0000000017f3c800 JavaThread "pool-1-thread-4" [_thread_blocked, id=73444, stack(0x0000000018b10000,0x0000000018c10000)]
  0x0000000017f35800 JavaThread "pool-1-thread-3" [_thread_blocked, id=14776, stack(0x0000000018a10000,0x0000000018b10000)]
  0x0000000017f32800 JavaThread "pool-1-thread-2" [_thread_blocked, id=72936, stack(0x0000000018910000,0x0000000018a10000)]
  0x0000000017fbd800 JavaThread "pool-2-thread-1" [_thread_blocked, id=25616, stack(0x0000000018810000,0x0000000018910000)]
  0x0000000017fb8000 JavaThread "pool-1-thread-1" [_thread_blocked, id=69352, stack(0x0000000018710000,0x0000000018810000)]
  0x0000000017342800 JavaThread "Service Thread" daemon [_thread_blocked, id=72004, stack(0x0000000017d10000,0x0000000017e10000)]
  0x00000000172ab000 JavaThread "C1 CompilerThread3" daemon [_thread_blocked, id=59048, stack(0x0000000017c10000,0x0000000017d10000)]
  0x00000000172a8000 JavaThread "C2 CompilerThread2" daemon [_thread_in_native, id=54444, stack(0x0000000017b10000,0x0000000017c10000)]
  0x000000001729a000 JavaThread "C2 CompilerThread1" daemon [_thread_in_native, id=72240, stack(0x0000000017a10000,0x0000000017b10000)]
=>0x000000001531b000 JavaThread "C2 CompilerThread0" daemon [_thread_in_native, id=64696, stack(0x0000000017910000,0x0000000017a10000)]
  0x000000001724c000 JavaThread "Attach Listener" daemon [_thread_blocked, id=59608, stack(0x0000000017810000,0x0000000017910000)]
  0x0000000017298800 JavaThread "Signal Dispatcher" daemon [_thread_blocked, id=33748, stack(0x0000000017710000,0x0000000017810000)]
  0x00000000027ee000 JavaThread "Finalizer" daemon [_thread_blocked, id=65116, stack(0x0000000017610000,0x0000000017710000)]
  0x00000000027e7000 JavaThread "Reference Handler" daemon [_thread_blocked, id=64748, stack(0x0000000017110000,0x0000000017210000)]
  0x00000000026ee000 JavaThread "main" [_thread_in_Java, id=27268, stack(0x00000000024f0000,0x00000000025f0000)]

Other Threads:
  0x0000000015309000 VMThread [stack: 0x0000000017010000,0x0000000017110000] [id=70308]
  0x000000001739f000 WatcherThread [stack: 0x0000000017e10000,0x0000000017f10000] [id=72840]

VM state:not at safepoint (normal execution)

VM Mutex/Monitor currently owned by a thread: None

Heap:
 PSYoungGen      total 57344K, used 32091K [0x00000000eab00000, 0x00000000eeb00000, 0x0000000100000000)
  eden space 49152K, 48% used [0x00000000eab00000,0x00000000ec2571f8,0x00000000edb00000)
  from space 8192K, 99% used [0x00000000edb00000,0x00000000ee2ffb10,0x00000000ee300000)
  to   space 8192K, 0% used [0x00000000ee300000,0x00000000ee300000,0x00000000eeb00000)
 ParOldGen       total 131072K, used 13076K [0x00000000c0000000, 0x00000000c8000000, 0x00000000eab00000)
  object space 131072K, 9% used [0x00000000c0000000,0x00000000c0cc5270,0x00000000c8000000)
 Metaspace       used 6443K, capacity 7192K, committed 7424K, reserved 1056768K
  class space    used 628K, capacity 656K, committed 768K, reserved 1048576K

Card table byte_map: [0x0000000011bb0000,0x0000000011dc0000] byte_map_base: 0x00000000115b0000

Marking Bits: (ParMarkBitMap*) 0x000000006d3c64f0
 Begin Bits: [0x0000000012720000, 0x0000000013720000)
 End Bits:   [0x0000000013720000, 0x0000000014720000)

Polling page: 0x0000000000460000

CodeCache: size=245760Kb used=6715Kb max_used=6728Kb free=239044Kb
 bounds [0x00000000027f0000, 0x0000000002e90000, 0x00000000117f0000]
 total_blobs=1991 nmethods=1719 adapters=184
 compilation: enabled

Compilation events (10 events):
Event: 1.182 Thread 0x00000000172ab000 1774   !   2       com.android.dx.dex.cf.CfTranslator::processMethods (583 bytes)
Event: 1.187 Thread 0x00000000172ab000 nmethod 1774 0x0000000002e75990 code [0x0000000002e75e40, 0x0000000002e774c8]
Event: 1.187 Thread 0x00000000172ab000 1775 %     3       com.android.dx.ssa.SCCP::simulateBranch @ 615 (666 bytes)
Event: 1.190 Thread 0x00000000172ab000 nmethod 1775% 0x0000000002e7b050 code [0x0000000002e7b500, 0x0000000002e7f118]
Event: 1.198 Thread 0x00000000172ab000 1781       3       com.android.dx.ssa.SCCP::simulateBranch (666 bytes)
Event: 1.201 Thread 0x00000000172ab000 nmethod 1781 0x0000000002e80d90 code [0x0000000002e81240, 0x0000000002e84dd8]
Event: 1.201 Thread 0x00000000172ab000 1782       2       com.android.dx.ssa.SsaMethod$1::visitMoveInsn (17 bytes)
Event: 1.202 Thread 0x00000000172ab000 nmethod 1782 0x0000000002e608d0 code [0x0000000002e60a40, 0x0000000002e60c50]
Event: 1.203 Thread 0x000000001531b000 nmethod 1763 0x0000000002e86a10 code [0x0000000002e86bc0, 0x0000000002e87538]
Event: 1.203 Thread 0x000000001531b000 1773       4       com.android.dx.rop.code.LocalVariableExtractor::processBlock (327 bytes)

GC Heap History (6 events):
Event: 0.564 GC heap before
{Heap before GC invocations=1 (full 0):
 PSYoungGen      total 57344K, used 49152K [0x00000000eab00000, 0x00000000eeb00000, 0x0000000100000000)
  eden space 49152K, 100% used [0x00000000eab00000,0x00000000edb00000,0x00000000edb00000)
  from space 8192K, 0% used [0x00000000ee300000,0x00000000ee300000,0x00000000eeb00000)
  to   space 8192K, 0% used [0x00000000edb00000,0x00000000edb00000,0x00000000ee300000)
 ParOldGen       total 131072K, used 0K [0x00000000c0000000, 0x00000000c8000000, 0x00000000eab00000)
  object space 131072K, 0% used [0x00000000c0000000,0x00000000c0000000,0x00000000c8000000)
 Metaspace       used 6085K, capacity 6966K, committed 7040K, reserved 1056768K
  class space    used 607K, capacity 622K, committed 640K, reserved 1048576K
Event: 0.572 GC heap after
Heap after GC invocations=1 (full 0):
 PSYoungGen      total 57344K, used 8175K [0x00000000eab00000, 0x00000000eeb00000, 0x0000000100000000)
  eden space 49152K, 0% used [0x00000000eab00000,0x00000000eab00000,0x00000000edb00000)
  from space 8192K, 99% used [0x00000000edb00000,0x00000000ee2fbf60,0x00000000ee300000)
  to   space 8192K, 0% used [0x00000000ee300000,0x00000000ee300000,0x00000000eeb00000)
 ParOldGen       total 131072K, used 267K [0x00000000c0000000, 0x00000000c8000000, 0x00000000eab00000)
  object space 131072K, 0% used [0x00000000c0000000,0x00000000c0042fe0,0x00000000c8000000)
 Metaspace       used 6085K, capacity 6966K, committed 7040K, reserved 1056768K
  class space    used 607K, capacity 622K, committed 640K, reserved 1048576K
}
Event: 0.914 GC heap before
{Heap before GC invocations=2 (full 0):
 PSYoungGen      total 57344K, used 57327K [0x00000000eab00000, 0x00000000eeb00000, 0x0000000100000000)
  eden space 49152K, 100% used [0x00000000eab00000,0x00000000edb00000,0x00000000edb00000)
  from space 8192K, 99% used [0x00000000edb00000,0x00000000ee2fbf60,0x00000000ee300000)
  to   space 8192K, 0% used [0x00000000ee300000,0x00000000ee300000,0x00000000eeb00000)
 ParOldGen       total 131072K, used 267K [0x00000000c0000000, 0x00000000c8000000, 0x00000000eab00000)
  object space 131072K, 0% used [0x00000000c0000000,0x00000000c0042fe0,0x00000000c8000000)
 Metaspace       used 6283K, capacity 7094K, committed 7296K, reserved 1056768K
  class space    used 607K, capacity 622K, committed 640K, reserved 1048576K
Event: 0.928 GC heap after
Heap after GC invocations=2 (full 0):
 PSYoungGen      total 57344K, used 8167K [0x00000000eab00000, 0x00000000eeb00000, 0x0000000100000000)
  eden space 49152K, 0% used [0x00000000eab00000,0x00000000eab00000,0x00000000edb00000)
  from space 8192K, 99% used [0x00000000ee300000,0x00000000eeaf9ff8,0x00000000eeb00000)
  to   space 8192K, 0% used [0x00000000edb00000,0x00000000edb00000,0x00000000ee300000)
 ParOldGen       total 131072K, used 5794K [0x00000000c0000000, 0x00000000c8000000, 0x00000000eab00000)
  object space 131072K, 4% used [0x00000000c0000000,0x00000000c05a8918,0x00000000c8000000)
 Metaspace       used 6283K, capacity 7094K, committed 7296K, reserved 1056768K
  class space    used 607K, capacity 622K, committed 640K, reserved 1048576K
}
Event: 1.094 GC heap before
{Heap before GC invocations=3 (full 0):
 PSYoungGen      total 57344K, used 57319K [0x00000000eab00000, 0x00000000eeb00000, 0x0000000100000000)
  eden space 49152K, 100% used [0x00000000eab00000,0x00000000edb00000,0x00000000edb00000)
  from space 8192K, 99% used [0x00000000ee300000,0x00000000eeaf9ff8,0x00000000eeb00000)
  to   space 8192K, 0% used [0x00000000edb00000,0x00000000edb00000,0x00000000ee300000)
 ParOldGen       total 131072K, used 5794K [0x00000000c0000000, 0x00000000c8000000, 0x00000000eab00000)
  object space 131072K, 4% used [0x00000000c0000000,0x00000000c05a8918,0x00000000c8000000)
 Metaspace       used 6346K, capacity 7158K, committed 7296K, reserved 1056768K
  class space    used 608K, capacity 622K, committed 640K, reserved 1048576K
Event: 1.116 GC heap after
Heap after GC invocations=3 (full 0):
 PSYoungGen      total 57344K, used 8190K [0x00000000eab00000, 0x00000000eeb00000, 0x0000000100000000)
  eden space 49152K, 0% used [0x00000000eab00000,0x00000000eab00000,0x00000000edb00000)
  from space 8192K, 99% used [0x00000000edb00000,0x00000000ee2ffb10,0x00000000ee300000)
  to   space 8192K, 0% used [0x00000000ee300000,0x00000000ee300000,0x00000000eeb00000)
 ParOldGen       total 131072K, used 13076K [0x00000000c0000000, 0x00000000c8000000, 0x00000000eab00000)
  object space 131072K, 9% used [0x00000000c0000000,0x00000000c0cc5270,0x00000000c8000000)
 Metaspace       used 6346K, capacity 7158K, committed 7296K, reserved 1056768K
  class space    used 608K, capacity 622K, committed 640K, reserved 1048576K
}

Deoptimization events (10 events):
Event: 0.763 Thread 0x0000000017fb8000 Uncommon trap: reason=uninitialized action=reinterpret pc=0x0000000002ccbc00 method=com.android.dx.cf.code.BytecodeArray.parseInstruction(ILcom/android/dx/cf/code/BytecodeArray$Visitor;)I @ 1095
Event: 0.785 Thread 0x00000000026ee000 Uncommon trap: reason=unstable_if action=reinterpret pc=0x00000000029dfde8 method=java.lang.String.<init>([CII)V @ 18
Event: 0.828 Thread 0x0000000017f3c800 Uncommon trap: reason=bimorphic action=maybe_recompile pc=0x0000000002beb5cc method=java.util.HashMap.putVal(ILjava/lang/Object;Ljava/lang/Object;ZZ)Ljava/lang/Object; @ 203
Event: 0.856 Thread 0x00000000026ee000 Uncommon trap: reason=unstable_if action=reinterpret pc=0x0000000002ae2a3c method=com.android.dx.util.IntList.binarysearch(I)I @ 105
Event: 0.880 Thread 0x0000000017f3c800 Uncommon trap: reason=unstable_if action=reinterpret pc=0x0000000002ce2fac method=com.android.dx.ssa.SCCP.simulateStmt(Lcom/android/dx/ssa/SsaInsn;)V @ 53
Event: 1.012 Thread 0x0000000017f3c800 Uncommon trap: reason=unstable_if action=reinterpret pc=0x0000000002de3298 method=com.android.dx.ssa.SCCP.simulateBranch(Lcom/android/dx/ssa/SsaInsn;)V @ 64
Event: 1.012 Thread 0x0000000017f3c800 Uncommon trap: reason=unstable_if action=reinterpret pc=0x0000000002dca520 method=com.android.dx.ssa.LiteralOpUpgrader$1.visitNonMoveInsn(Lcom/android/dx/ssa/NormalSsaInsn;)V @ 55
Event: 1.012 Thread 0x0000000017f3c800 Uncommon trap: reason=unstable_if action=reinterpret pc=0x0000000002a85b9c method=com.android.dx.ssa.SsaMethod.updateOneDefinition(Lcom/android/dx/ssa/SsaInsn;Lcom/android/dx/rop/code/RegisterSpec;)V @ 4
Event: 1.155 Thread 0x0000000017f32800 Uncommon trap: reason=unstable_if action=reinterpret pc=0x0000000002aa5f14 method=java.util.HashMap.putVal(ILjava/lang/Object;Ljava/lang/Object;ZZ)Ljava/lang/Object; @ 162
Event: 1.175 Thread 0x0000000017f3c800 Uncommon trap: reason=unstable_if action=reinterpret pc=0x0000000002a3f154 method=java.util.HashMap.getNode(ILjava/lang/Object;)Ljava/util/HashMap$Node; @ 84

Internal exceptions (5 events):
Event: 0.035 Thread 0x00000000026ee000 Exception <a 'java/lang/NoSuchMethodError': Method sun.misc.Unsafe.defineClass(Ljava/lang/String;[BII)Ljava/lang/Class; name or signature does not match> (0x00000000eab07cc0) thrown at [D:\re\workspace\8-2-build-windows-amd64-cygwin\jdk8u92\6642\hotspot\srGáUÉ
Event: 0.035 Thread 0x00000000026ee000 Exception <a 'java/lang/NoSuchMethodError': Method sun.misc.Unsafe.prefetchRead(Ljava/lang/Object;J)V name or signature does not match> (0x00000000eab07fa8) thrown at [D:\re\workspace\8-2-build-windows-amd64-cygwin\jdk8u92\6642\hotspot\src\share\vm\prims\j1`šø»žò?
Event: 1.164 Thread 0x0000000017f32800 Exception <a 'java/lang/ArrayIndexOutOfBoundsException': 18> (0x00000000eb7de520) thrown at [D:\re\workspace\8-2-build-windows-amd64-cygwin\jdk8u92\6642\hotspot\src\share\vm\interpreter\interpreterRuntime.cpp, line 366]
Event: 1.164 Thread 0x0000000017f32800 Exception <a 'java/lang/ArrayIndexOutOfBoundsException': 145> (0x00000000eb7e00a0) thrown at [D:\re\workspace\8-2-build-windows-amd64-cygwin\jdk8u92\6642\hotspot\src\share\vm\interpreter\interpreterRuntime.cpp, line 366]
Event: 1.165 Thread 0x0000000017f32800 Exception <a 'java/lang/ArrayIndexOutOfBoundsException'> (0x00000000eb7e1388) thrown at [D:\re\workspace\8-2-build-windows-amd64-cygwin\jdk8u92\6642\hotspot\src\share\vm\runtime\sharedRuntime.cpp, line 605]

Events (10 events):
Event: 1.165 loading class sun/reflect/generics/reflectiveObjects/LazyReflectiveObjectGenerator
Event: 1.165 loading class sun/reflect/generics/reflectiveObjects/LazyReflectiveObjectGenerator done
Event: 1.165 loading class sun/reflect/generics/reflectiveObjects/TypeVariableImpl done
Event: 1.175 Thread 0x0000000017f3c800 DEOPT PACKING pc=0x0000000002aee42e sp=0x0000000018c0dac0
Event: 1.175 Thread 0x0000000017f3c800 DEOPT UNPACKING pc=0x000000000283787f sp=0x0000000018c0d7e0 mode 0
Event: 1.175 Thread 0x0000000017f3c800 Uncommon trap: trap_request=0xffffff65 fr.pc=0x0000000002a3f154
Event: 1.175 Thread 0x0000000017f3c800 DEOPT PACKING pc=0x0000000002a3f154 sp=0x0000000018c0da00
Event: 1.175 Thread 0x0000000017f3c800 DEOPT UNPACKING pc=0x000000000283582a sp=0x0000000018c0d978 mode 2
Event: 1.191 Thread 0x00000000026ee000 DEOPT PACKING pc=0x0000000002aee42e sp=0x00000000025ed5b0
Event: 1.191 Thread 0x00000000026ee000 DEOPT UNPACKING pc=0x000000000283787f sp=0x00000000025ed2d0 mode 0


Dynamic libraries:
0x00007ff6e5d30000 - 0x00007ff6e5d67000 	C:\Program Files\Java\jdk1.8.0_92\bin\java.exe
0x00007ffd25520000 - 0x00007ffd256e1000 	C:\WINDOWS\SYSTEM32\ntdll.dll
0x00007ffd22920000 - 0x00007ffd229cd000 	C:\WINDOWS\system32\KERNEL32.DLL
0x00007ffd21ed0000 - 0x00007ffd220b8000 	C:\WINDOWS\system32\KERNELBASE.dll
0x00007ffd20330000 - 0x00007ffd203a9000 	C:\WINDOWS\system32\apphelp.dll
0x00007ffd24e90000 - 0x00007ffd24f37000 	C:\WINDOWS\system32\ADVAPI32.dll
0x00007ffd247c0000 - 0x00007ffd2485d000 	C:\WINDOWS\system32\msvcrt.dll
0x00007ffd24e30000 - 0x00007ffd24e8b000 	C:\WINDOWS\system32\sechost.dll
0x00007ffd24d10000 - 0x00007ffd24e2c000 	C:\WINDOWS\system32\RPCRT4.dll
0x00007ffd24500000 - 0x00007ffd24656000 	C:\WINDOWS\system32\USER32.dll
0x00007ffd24240000 - 0x00007ffd243c6000 	C:\WINDOWS\system32\GDI32.dll
0x00007ffd125d0000 - 0x00007ffd12844000 	C:\WINDOWS\WinSxS\amd64_microsoft.windows.common-controls_6595b64144ccf1df_6.0.10586.0_none_8c15ae12515e1c22\COMCTL32.dll
0x00007ffd252a0000 - 0x00007ffd2551d000 	C:\WINDOWS\system32\combase.dll
0x00007ffd228b0000 - 0x00007ffd2291a000 	C:\WINDOWS\system32\bcryptPrimitives.dll
0x00007ffd25260000 - 0x00007ffd2529b000 	C:\WINDOWS\system32\IMM32.DLL
0x000000006c720000 - 0x000000006c7f2000 	C:\Program Files\Java\jdk1.8.0_92\jre\bin\msvcr100.dll
0x000000006cbb0000 - 0x000000006d446000 	C:\Program Files\Java\jdk1.8.0_92\jre\bin\server\jvm.dll
0x00007ffd229d0000 - 0x00007ffd229d8000 	C:\WINDOWS\system32\PSAPI.DLL
0x00007ffd16d10000 - 0x00007ffd16d19000 	C:\WINDOWS\SYSTEM32\WSOCK32.dll
0x00007ffd24860000 - 0x00007ffd248cb000 	C:\WINDOWS\system32\WS2_32.dll
0x00007ffd1fd70000 - 0x00007ffd1fd93000 	C:\WINDOWS\SYSTEM32\WINMM.dll
0x00007ffd13f70000 - 0x00007ffd13f7a000 	C:\WINDOWS\SYSTEM32\VERSION.dll
0x00007ffd1fbb0000 - 0x00007ffd1fbdc000 	C:\WINDOWS\SYSTEM32\WINMMBASE.dll
0x00007ffd22150000 - 0x00007ffd22193000 	C:\WINDOWS\system32\cfgmgr32.dll
0x000000006de60000 - 0x000000006de6f000 	C:\Program Files\Java\jdk1.8.0_92\jre\bin\verify.dll
0x000000006de30000 - 0x000000006de59000 	C:\Program Files\Java\jdk1.8.0_92\jre\bin\java.dll
0x000000006de10000 - 0x000000006de26000 	C:\Program Files\Java\jdk1.8.0_92\jre\bin\zip.dll
0x00007ffd22a90000 - 0x00007ffd23fec000 	C:\WINDOWS\system32\SHELL32.dll
0x00007ffd221a0000 - 0x00007ffd227e4000 	C:\WINDOWS\system32\windows.storage.dll
0x00007ffd243d0000 - 0x00007ffd24422000 	C:\WINDOWS\system32\shlwapi.dll
0x00007ffd21b40000 - 0x00007ffd21b4f000 	C:\WINDOWS\system32\kernel.appcore.dll
0x00007ffd227f0000 - 0x00007ffd228a5000 	C:\WINDOWS\system32\shcore.dll
0x00007ffd21b50000 - 0x00007ffd21b9b000 	C:\WINDOWS\system32\powrprof.dll
0x00007ffd21bb0000 - 0x00007ffd21bc4000 	C:\WINDOWS\system32\profapi.dll

VM Arguments:
jvm_args: -Djava.awt.headless=true -Xmx1024M -Dfile.encoding=GBK -Duser.country=CN -Duser.language=zh -Duser.variant 
java_command: com.android.dx.command.Main --dex --force-jumbo --num-threads=4 --output C:\Users\Wicker\Documents\GitHub_Clone\shopping\Shopping2\Shopping\app\build\intermediates\pre-dexed\debug\com.android.support-appcompat-v7-24.0.0-alpha2_a7948a994c028f9eb78323f51498a4a6d4f45d0a.jar C:\Users\Wicker\Documents\GitHub_Clone\shopping\Shopping2\Shopping\app\build\intermediates\exploded-aar\com.android.support\appcompat-v7\24.0.0-alpha2\jars\classes.jar
java_class_path (initial): D:\Android\Sdk\build-tools\23.0.3\lib\dx.jar
Launcher Type: SUN_STANDARD

Environment Variables:
JAVA_HOME=C:\Program Files\Java\jdk1.8.0_92
CLASSPATH=.C:\Program Files\Java\jdk1.8.0_92\lib;C:\Program Files\Java\jdk1.8.0_92\lib\tools.jar;
PATH=C:\ProgramData\Oracle\Java\javapath;C:\Program Files (x86)\Common Files\Intel\Shared Libraries\redist\intel64\compiler;C:\WINDOWS\system32;C:\WINDOWS;C:\WINDOWS\System32\Wbem;C:\WINDOWS\System32\WindowsPowerShell\v1.0\;C:\Program Files (x86)\QuickTime\QTSystem\;C:\Program Files\Java\jdk1.7.0_80\bin;C:\Users\Wicker\.dnx\bin;C:\Program Files\Microsoft DNX\Dnvm\;C:\Program Files (x86)\Windows Kits\8.1\Windows Performance Toolkit\;C:\Program Files (x86)\NVIDIA Corporation\PhysX\Common;D:\opencv\build\x86\mingw\bin;D:\opencv\build\x86\vc10\bin;D:\opencv\build\x64\mingw\bin;D:\opencv\build\x64\vc10\bin;D:\gradle-2.10-all\gradle-2.10\bin
USERNAME=Wicker
OS=Windows_NT
PROCESSOR_IDENTIFIER=Intel64 Family 6 Model 60 Stepping 3, GenuineIntel



---------------  S Y S T E M  ---------------

OS: Windows 10.0 , 64 bit Build 10586 (10.0.10586.0)

CPU:total 8 (4 cores per cpu, 2 threads per core) family 6 model 60 stepping 3, cmov, cx8, fxsr, mmx, sse, sse2, sse3, ssse3, sse4.1, sse4.2, popcnt, avx, avx2, aes, clmul, erms, lzcnt, ht, tsc, tscinvbit, bmi1, bmi2

Memory: 4k page, physical 12500872k(2894444k free), swap 13287304k(5412k free)

vm_info: Java HotSpot(TM) 64-Bit Server VM (25.92-b14) for windows-amd64 JRE (1.8.0_92-b14), built on Mar 31 2016 21:03:04 by "java_re" with MS VC++ 10.0 (VS2010)

time: Tue Jun 14 23:47:38 2016
elapsed time: 1 seconds (0d 0h 0m 1s)

