#
# There is insufficient memory for the Java Runtime Environment to continue.
# Native memory allocation (malloc) failed to allocate 2364656 bytes for Chunk::new
# Possible reasons:
#   The system is out of physical RAM or swap space
#   In 32 bit mode, the process size limit was hit
# Possible solutions:
#   Reduce memory load on the system
#   Increase physical memory or swap space
#   Check if swap backing store is full
#   Use 64 bit Java on a 64 bit OS
#   Decrease Java heap size (-Xmx/-Xms)
#   Decrease number of Java threads
#   Decrease Java thread stack sizes (-Xss)
#   Set larger code cache with -XX:ReservedCodeCacheSize=
# This output file may be truncated or incomplete.
#
#  Out of Memory Error (allocation.cpp:390), pid=8692, tid=0x0000000000013e90
#
# JRE version: Java(TM) SE Runtime Environment (8.0_92-b14) (build 1.8.0_92-b14)
# Java VM: Java HotSpot(TM) 64-Bit Server VM (25.92-b14 mixed mode windows-amd64 compressed oops)
# Failed to write core dump. Minidumps are not enabled by default on client versions of Windows
#

---------------  T H R E A D  ---------------

Current thread (0x000000001523b000):  JavaThread "C2 CompilerThread0" daemon [_thread_in_native, id=81552, stack(0x0000000017820000,0x0000000017920000)]

Stack: [0x0000000017820000,0x0000000017920000]
[error occurred during error reporting (printing stack bounds), id 0xc0000005]

Native frames: (J=compiled Java code, j=interpreted, Vv=VM code, C=native code)


Current CompileTask:
C2:   2649 1688   !   4       com.android.dx.cf.cst.ConstantPoolParser::parse0 (731 bytes)


---------------  P R O C E S S  ---------------

Java Threads: ( => current thread )
  0x0000000018036800 JavaThread "pool-2-thread-4" [_thread_blocked, id=17088, stack(0x0000000018a20000,0x0000000018b20000)]
  0x0000000017452000 JavaThread "pool-2-thread-3" [_thread_blocked, id=17888, stack(0x0000000018920000,0x0000000018a20000)]
  0x0000000017451000 JavaThread "pool-2-thread-2" [_thread_blocked, id=12032, stack(0x0000000018820000,0x0000000018920000)]
  0x0000000017ed3000 JavaThread "pool-3-thread-1" [_thread_blocked, id=17456, stack(0x0000000018720000,0x0000000018820000)]
  0x000000001751c800 JavaThread "pool-2-thread-1" [_thread_blocked, id=65920, stack(0x0000000018620000,0x0000000018720000)]
  0x0000000017242800 JavaThread "Service Thread" daemon [_thread_blocked, id=83656, stack(0x0000000017c20000,0x0000000017d20000)]
  0x0000000017204000 JavaThread "C1 CompilerThread3" daemon [_thread_blocked, id=14960, stack(0x0000000017b20000,0x0000000017c20000)]
  0x0000000017201000 JavaThread "C2 CompilerThread2" daemon [_thread_in_native, id=81392, stack(0x0000000017a20000,0x0000000017b20000)]
  0x000000001523e000 JavaThread "C2 CompilerThread1" daemon [_thread_in_native, id=15976, stack(0x0000000017920000,0x0000000017a20000)]
=>0x000000001523b000 JavaThread "C2 CompilerThread0" daemon [_thread_in_native, id=81552, stack(0x0000000017820000,0x0000000017920000)]
  0x000000001715c000 JavaThread "Attach Listener" daemon [_thread_blocked, id=15548, stack(0x0000000017720000,0x0000000017820000)]
  0x00000000171a8800 JavaThread "Signal Dispatcher" daemon [_thread_blocked, id=16196, stack(0x0000000017620000,0x0000000017720000)]
  0x000000000270e000 JavaThread "Finalizer" daemon [_thread_blocked, id=2696, stack(0x0000000017520000,0x0000000017620000)]
  0x0000000002707000 JavaThread "Reference Handler" daemon [_thread_blocked, id=16604, stack(0x0000000017020000,0x0000000017120000)]
  0x0000000000a6e000 JavaThread "main" [_thread_blocked, id=47668, stack(0x0000000002510000,0x0000000002610000)]

Other Threads:
  0x0000000015229000 VMThread [stack: 0x0000000016f20000,0x0000000017020000] [id=51508]
  0x00000000172d4800 WatcherThread [stack: 0x0000000017d20000,0x0000000017e20000] [id=8936]

VM state:not at safepoint (normal execution)

VM Mutex/Monitor currently owned by a thread: None

Heap:
 PSYoungGen      total 57344K, used 14977K [0x00000000eab00000, 0x00000000eeb00000, 0x0000000100000000)
  eden space 49152K, 13% used [0x00000000eab00000,0x00000000eb1a6728,0x00000000edb00000)
  from space 8192K, 99% used [0x00000000edb00000,0x00000000ee2fa040,0x00000000ee300000)
  to   space 8192K, 0% used [0x00000000ee300000,0x00000000ee300000,0x00000000eeb00000)
 ParOldGen       total 131072K, used 25199K [0x00000000c0000000, 0x00000000c8000000, 0x00000000eab00000)
  object space 131072K, 19% used [0x00000000c0000000,0x00000000c189bf18,0x00000000c8000000)
 Metaspace       used 6534K, capacity 7192K, committed 7424K, reserved 1056768K
  class space    used 627K, capacity 656K, committed 768K, reserved 1048576K

Card table byte_map: [0x0000000011ad0000,0x0000000011ce0000] byte_map_base: 0x00000000114d0000

Marking Bits: (ParMarkBitMap*) 0x000000006d3c64f0
 Begin Bits: [0x0000000012640000, 0x0000000013640000)
 End Bits:   [0x0000000013640000, 0x0000000014640000)

Polling page: 0x0000000000510000

CodeCache: size=245760Kb used=7838Kb max_used=7843Kb free=237921Kb
 bounds [0x0000000002710000, 0x0000000002ed0000, 0x0000000011710000]
 total_blobs=2212 nmethods=1940 adapters=184
 compilation: enabled

Compilation events (10 events):
Event: 2.463 Thread 0x000000001523e000 nmethod 1958 0x0000000002eae5d0 code [0x0000000002eae820, 0x0000000002eb03b8]
Event: 2.464 Thread 0x0000000017201000 nmethod 1957 0x0000000002eb2b50 code [0x0000000002eb2e20, 0x0000000002eb5310]
Event: 2.514 Thread 0x0000000017204000 1965       3       java.util.concurrent.locks.LockSupport::park (23 bytes)
Event: 2.514 Thread 0x0000000017204000 nmethod 1965 0x0000000002e98090 code [0x0000000002e98200, 0x0000000002e98548]
Event: 2.546 Thread 0x000000001523e000 1968 %     4       com.android.dx.ssa.SsaMethod::makeExitBlock @ 69 (134 bytes)
Event: 2.547 Thread 0x0000000017201000 1969 %     4       com.android.dx.ssa.back.SsaToRop::convertBasicBlocks @ 69 (151 bytes)
Event: 2.573 Thread 0x000000001523e000 nmethod 1968% 0x0000000002eaa590 code [0x0000000002eaa740, 0x0000000002eab4d8]
Event: 2.573 Thread 0x0000000017204000 1970       3       java.util.zip.ZipUtils::dosToJavaTime (71 bytes)
Event: 2.574 Thread 0x0000000017204000 nmethod 1970 0x0000000002e97510 code [0x0000000002e976a0, 0x0000000002e97b58]
Event: 2.574 Thread 0x000000001523e000 1971   !   4       com.android.dx.rop.type.Type::intern (319 bytes)

GC Heap History (10 events):
Event: 0.918 GC heap before
{Heap before GC invocations=1 (full 0):
 PSYoungGen      total 57344K, used 49152K [0x00000000eab00000, 0x00000000eeb00000, 0x0000000100000000)
  eden space 49152K, 100% used [0x00000000eab00000,0x00000000edb00000,0x00000000edb00000)
  from space 8192K, 0% used [0x00000000ee300000,0x00000000ee300000,0x00000000eeb00000)
  to   space 8192K, 0% used [0x00000000edb00000,0x00000000edb00000,0x00000000ee300000)
 ParOldGen       total 131072K, used 0K [0x00000000c0000000, 0x00000000c8000000, 0x00000000eab00000)
  object space 131072K, 0% used [0x00000000c0000000,0x00000000c0000000,0x00000000c8000000)
 Metaspace       used 5920K, capacity 6772K, committed 7040K, reserved 1056768K
  class space    used 601K, capacity 620K, committed 640K, reserved 1048576K
Event: 0.924 GC heap after
Heap after GC invocations=1 (full 0):
 PSYoungGen      total 57344K, used 6152K [0x00000000eab00000, 0x00000000eeb00000, 0x0000000100000000)
  eden space 49152K, 0% used [0x00000000eab00000,0x00000000eab00000,0x00000000edb00000)
  from space 8192K, 75% used [0x00000000edb00000,0x00000000ee102350,0x00000000ee300000)
  to   space 8192K, 0% used [0x00000000ee300000,0x00000000ee300000,0x00000000eeb00000)
 ParOldGen       total 131072K, used 16K [0x00000000c0000000, 0x00000000c8000000, 0x00000000eab00000)
  object space 131072K, 0% used [0x00000000c0000000,0x00000000c0004000,0x00000000c8000000)
 Metaspace       used 5920K, capacity 6772K, committed 7040K, reserved 1056768K
  class space    used 601K, capacity 620K, committed 640K, reserved 1048576K
}
Event: 1.317 GC heap before
{Heap before GC invocations=2 (full 0):
 PSYoungGen      total 57344K, used 55304K [0x00000000eab00000, 0x00000000eeb00000, 0x0000000100000000)
  eden space 49152K, 100% used [0x00000000eab00000,0x00000000edb00000,0x00000000edb00000)
  from space 8192K, 75% used [0x00000000edb00000,0x00000000ee102350,0x00000000ee300000)
  to   space 8192K, 0% used [0x00000000ee300000,0x00000000ee300000,0x00000000eeb00000)
 ParOldGen       total 131072K, used 16K [0x00000000c0000000, 0x00000000c8000000, 0x00000000eab00000)
  object space 131072K, 0% used [0x00000000c0000000,0x00000000c0004000,0x00000000c8000000)
 Metaspace       used 6281K, capacity 7094K, committed 7296K, reserved 1056768K
  class space    used 606K, capacity 622K, committed 640K, reserved 1048576K
Event: 1.328 GC heap after
Heap after GC invocations=2 (full 0):
 PSYoungGen      total 57344K, used 8175K [0x00000000eab00000, 0x00000000eeb00000, 0x0000000100000000)
  eden space 49152K, 0% used [0x00000000eab00000,0x00000000eab00000,0x00000000edb00000)
  from space 8192K, 99% used [0x00000000ee300000,0x00000000eeafbc98,0x00000000eeb00000)
  to   space 8192K, 0% used [0x00000000edb00000,0x00000000edb00000,0x00000000ee300000)
 ParOldGen       total 131072K, used 3494K [0x00000000c0000000, 0x00000000c8000000, 0x00000000eab00000)
  object space 131072K, 2% used [0x00000000c0000000,0x00000000c0369b10,0x00000000c8000000)
 Metaspace       used 6281K, capacity 7094K, committed 7296K, reserved 1056768K
  class space    used 606K, capacity 622K, committed 640K, reserved 1048576K
}
Event: 1.440 GC heap before
{Heap before GC invocations=3 (full 0):
 PSYoungGen      total 57344K, used 57327K [0x00000000eab00000, 0x00000000eeb00000, 0x0000000100000000)
  eden space 49152K, 100% used [0x00000000eab00000,0x00000000edb00000,0x00000000edb00000)
  from space 8192K, 99% used [0x00000000ee300000,0x00000000eeafbc98,0x00000000eeb00000)
  to   space 8192K, 0% used [0x00000000edb00000,0x00000000edb00000,0x00000000ee300000)
 ParOldGen       total 131072K, used 3494K [0x00000000c0000000, 0x00000000c8000000, 0x00000000eab00000)
  object space 131072K, 2% used [0x00000000c0000000,0x00000000c0369b10,0x00000000c8000000)
 Metaspace       used 6444K, capacity 7192K, committed 7424K, reserved 1056768K
  class space    used 627K, capacity 656K, committed 768K, reserved 1048576K
Event: 1.459 GC heap after
Heap after GC invocations=3 (full 0):
 PSYoungGen      total 57344K, used 8168K [0x00000000eab00000, 0x00000000eeb00000, 0x0000000100000000)
  eden space 49152K, 0% used [0x00000000eab00000,0x00000000eab00000,0x00000000edb00000)
  from space 8192K, 99% used [0x00000000edb00000,0x00000000ee2fa048,0x00000000ee300000)
  to   space 8192K, 0% used [0x00000000ee300000,0x00000000ee300000,0x00000000eeb00000)
 ParOldGen       total 131072K, used 10625K [0x00000000c0000000, 0x00000000c8000000, 0x00000000eab00000)
  object space 131072K, 8% used [0x00000000c0000000,0x00000000c0a60408,0x00000000c8000000)
 Metaspace       used 6444K, capacity 7192K, committed 7424K, reserved 1056768K
  class space    used 627K, capacity 656K, committed 768K, reserved 1048576K
}
Event: 1.589 GC heap before
{Heap before GC invocations=4 (full 0):
 PSYoungGen      total 57344K, used 57320K [0x00000000eab00000, 0x00000000eeb00000, 0x0000000100000000)
  eden space 49152K, 100% used [0x00000000eab00000,0x00000000edb00000,0x00000000edb00000)
  from space 8192K, 99% used [0x00000000edb00000,0x00000000ee2fa048,0x00000000ee300000)
  to   space 8192K, 0% used [0x00000000ee300000,0x00000000ee300000,0x00000000eeb00000)
 ParOldGen       total 131072K, used 10625K [0x00000000c0000000, 0x00000000c8000000, 0x00000000eab00000)
  object space 131072K, 8% used [0x00000000c0000000,0x00000000c0a60408,0x00000000c8000000)
 Metaspace       used 6500K, capacity 7192K, committed 7424K, reserved 1056768K
  class space    used 627K, capacity 656K, committed 768K, reserved 1048576K
Event: 1.650 GC heap after
Heap after GC invocations=4 (full 0):
 PSYoungGen      total 57344K, used 8168K [0x00000000eab00000, 0x00000000eeb00000, 0x0000000100000000)
  eden space 49152K, 0% used [0x00000000eab00000,0x00000000eab00000,0x00000000edb00000)
  from space 8192K, 99% used [0x00000000ee300000,0x00000000eeafa048,0x00000000eeb00000)
  to   space 8192K, 0% used [0x00000000edb00000,0x00000000edb00000,0x00000000ee300000)
 ParOldGen       total 131072K, used 17594K [0x00000000c0000000, 0x00000000c8000000, 0x00000000eab00000)
  object space 131072K, 13% used [0x00000000c0000000,0x00000000c112eb00,0x00000000c8000000)
 Metaspace       used 6500K, capacity 7192K, committed 7424K, reserved 1056768K
  class space    used 627K, capacity 656K, committed 768K, reserved 1048576K
}
Event: 1.843 GC heap before
{Heap before GC invocations=5 (full 0):
 PSYoungGen      total 57344K, used 57320K [0x00000000eab00000, 0x00000000eeb00000, 0x0000000100000000)
  eden space 49152K, 100% used [0x00000000eab00000,0x00000000edb00000,0x00000000edb00000)
  from space 8192K, 99% used [0x00000000ee300000,0x00000000eeafa048,0x00000000eeb00000)
  to   space 8192K, 0% used [0x00000000edb00000,0x00000000edb00000,0x00000000ee300000)
 ParOldGen       total 131072K, used 17594K [0x00000000c0000000, 0x00000000c8000000, 0x00000000eab00000)
  object space 131072K, 13% used [0x00000000c0000000,0x00000000c112eb00,0x00000000c8000000)
 Metaspace       used 6526K, capacity 7192K, committed 7424K, reserved 1056768K
  class space    used 627K, capacity 656K, committed 768K, reserved 1048576K
Event: 1.965 GC heap after
Heap after GC invocations=5 (full 0):
 PSYoungGen      total 57344K, used 8168K [0x00000000eab00000, 0x00000000eeb00000, 0x0000000100000000)
  eden space 49152K, 0% used [0x00000000eab00000,0x00000000eab00000,0x00000000edb00000)
  from space 8192K, 99% used [0x00000000edb00000,0x00000000ee2fa040,0x00000000ee300000)
  to   space 8192K, 0% used [0x00000000ee300000,0x00000000ee300000,0x00000000eeb00000)
 ParOldGen       total 131072K, used 25199K [0x00000000c0000000, 0x00000000c8000000, 0x00000000eab00000)
  object space 131072K, 19% used [0x00000000c0000000,0x00000000c189bf18,0x00000000c8000000)
 Metaspace       used 6526K, capacity 7192K, committed 7424K, reserved 1056768K
  class space    used 627K, capacity 656K, committed 768K, reserved 1048576K
}

Deoptimization events (10 events):
Event: 1.311 Thread 0x0000000017452000 Uncommon trap: reason=unstable_if action=reinterpret pc=0x0000000002cebf58 method=com.android.dx.ssa.SCCP.simulateBranch(Lcom/android/dx/ssa/SsaInsn;)V @ 548
Event: 1.328 Thread 0x0000000017452000 Uncommon trap: reason=unstable_if action=reinterpret pc=0x0000000002a03f9c method=com.android.dx.ssa.SsaMethod.updateOneDefinition(Lcom/android/dx/ssa/SsaInsn;Lcom/android/dx/rop/code/RegisterSpec;)V @ 4
Event: 1.358 Thread 0x000000001751c800 Uncommon trap: reason=unstable_if action=reinterpret pc=0x0000000002a83d44 method=java.util.HashMap.putVal(ILjava/lang/Object;Ljava/lang/Object;ZZ)Ljava/lang/Object; @ 94
Event: 1.400 Thread 0x0000000018036800 Uncommon trap: reason=unstable_if action=reinterpret pc=0x00000000029c6e3c method=java.util.HashMap.putVal(ILjava/lang/Object;Ljava/lang/Object;ZZ)Ljava/lang/Object; @ 162
Event: 1.404 Thread 0x0000000018036800 Uncommon trap: reason=unstable_if action=reinterpret pc=0x0000000002938e8c method=java.util.HashMap.getNode(ILjava/lang/Object;)Ljava/util/HashMap$Node; @ 84
Event: 1.404 Thread 0x0000000018036800 Uncommon trap: reason=unstable_if action=reinterpret pc=0x00000000029541d0 method=java.util.HashMap.getNode(ILjava/lang/Object;)Ljava/util/HashMap$Node; @ 84
Event: 1.685 Thread 0x000000001751c800 Uncommon trap: reason=bimorphic action=maybe_recompile pc=0x0000000002e12374 method=com.android.dx.ssa.SCCP.simulatePhi(Lcom/android/dx/ssa/PhiInsn;)V @ 124
Event: 1.685 Thread 0x000000001751c800 Uncommon trap: reason=bimorphic action=maybe_recompile pc=0x0000000002e12374 method=com.android.dx.ssa.SCCP.simulatePhi(Lcom/android/dx/ssa/PhiInsn;)V @ 124
Event: 1.685 Thread 0x000000001751c800 Uncommon trap: reason=bimorphic action=maybe_recompile pc=0x0000000002e12374 method=com.android.dx.ssa.SCCP.simulatePhi(Lcom/android/dx/ssa/PhiInsn;)V @ 124
Event: 1.726 Thread 0x0000000000a6e000 Uncommon trap: reason=bimorphic action=maybe_recompile pc=0x0000000002e12374 method=com.android.dx.ssa.SCCP.simulatePhi(Lcom/android/dx/ssa/PhiInsn;)V @ 124

Internal exceptions (6 events):
Event: 0.054 Thread 0x0000000000a6e000 Exception <a 'java/lang/NoSuchMethodError': Method sun.misc.Unsafe.defineClass(Ljava/lang/String;[BII)Ljava/lang/Class; name or signature does not match> (0x00000000eab07cc0) thrown at [D:\re\workspace\8-2-build-windows-amd64-cygwin\jdk8u92\6642\hotspot\srâkñÚaè«?
Event: 0.055 Thread 0x0000000000a6e000 Exception <a 'java/lang/NoSuchMethodError': Method sun.misc.Unsafe.prefetchRead(Ljava/lang/Object;J)V name or signature does not match> (0x00000000eab07fa8) thrown at [D:\re\workspace\8-2-build-windows-amd64-cygwin\jdk8u92\6642\hotspot\src\share\vm\prims\jfb7¢“Yè?
Event: 0.761 Thread 0x0000000000a6e000 Implicit null exception at 0x0000000002990de2 to 0x0000000002990eda
Event: 1.402 Thread 0x0000000018036800 Exception <a 'java/lang/ArrayIndexOutOfBoundsException': 18> (0x00000000ecc0ee50) thrown at [D:\re\workspace\8-2-build-windows-amd64-cygwin\jdk8u92\6642\hotspot\src\share\vm\interpreter\interpreterRuntime.cpp, line 366]
Event: 1.402 Thread 0x0000000018036800 Exception <a 'java/lang/ArrayIndexOutOfBoundsException': 145> (0x00000000ecc109d0) thrown at [D:\re\workspace\8-2-build-windows-amd64-cygwin\jdk8u92\6642\hotspot\src\share\vm\interpreter\interpreterRuntime.cpp, line 366]
Event: 1.403 Thread 0x0000000018036800 Exception <a 'java/lang/ArrayIndexOutOfBoundsException'> (0x00000000ecc11cb8) thrown at [D:\re\workspace\8-2-build-windows-amd64-cygwin\jdk8u92\6642\hotspot\src\share\vm\runtime\sharedRuntime.cpp, line 605]

Events (10 events):
Event: 1.685 Thread 0x000000001751c800 Uncommon trap: trap_request=0xffffffc6 fr.pc=0x0000000002e12374
Event: 1.685 Thread 0x000000001751c800 DEOPT PACKING pc=0x0000000002e12374 sp=0x000000001871eb00
Event: 1.685 Thread 0x000000001751c800 DEOPT UNPACKING pc=0x000000000275582a sp=0x000000001871eac8 mode 2
Event: 1.726 Thread 0x0000000000a6e000 Uncommon trap: trap_request=0xffffffc6 fr.pc=0x0000000002e12374
Event: 1.726 Thread 0x0000000000a6e000 DEOPT PACKING pc=0x0000000002e12374 sp=0x000000000260e3b0
Event: 1.726 Thread 0x0000000000a6e000 DEOPT UNPACKING pc=0x000000000275582a sp=0x000000000260e378 mode 2
Event: 1.808 Thread 0x0000000017451000 DEOPT PACKING pc=0x0000000002d86fe3 sp=0x000000001891eed0
Event: 1.808 Thread 0x0000000017451000 DEOPT UNPACKING pc=0x000000000275787f sp=0x000000001891ecd8 mode 0
Event: 1.843 Executing VM operation: ParallelGCFailedAllocation
Event: 1.965 Executing VM operation: ParallelGCFailedAllocation done


Dynamic libraries:
0x00007ff6e5d30000 - 0x00007ff6e5d67000 	C:\Program Files\Java\jdk1.8.0_92\bin\java.exe
0x00007ffd25520000 - 0x00007ffd256e1000 	C:\WINDOWS\SYSTEM32\ntdll.dll
0x00007ffd22920000 - 0x00007ffd229cd000 	C:\WINDOWS\system32\KERNEL32.DLL
0x00007ffd21ed0000 - 0x00007ffd220b8000 	C:\WINDOWS\system32\KERNELBASE.dll
0x00007ffd20330000 - 0x00007ffd203a9000 	C:\WINDOWS\system32\apphelp.dll
0x00007ffd24e90000 - 0x00007ffd24f37000 	C:\WINDOWS\system32\ADVAPI32.dll
0x00007ffd247c0000 - 0x00007ffd2485d000 	C:\WINDOWS\system32\msvcrt.dll
0x00007ffd24e30000 - 0x00007ffd24e8b000 	C:\WINDOWS\system32\sechost.dll
0x00007ffd24d10000 - 0x00007ffd24e2c000 	C:\WINDOWS\system32\RPCRT4.dll
0x00007ffd24500000 - 0x00007ffd24656000 	C:\WINDOWS\system32\USER32.dll
0x00007ffd24240000 - 0x00007ffd243c6000 	C:\WINDOWS\system32\GDI32.dll
0x00007ffd125d0000 - 0x00007ffd12844000 	C:\WINDOWS\WinSxS\amd64_microsoft.windows.common-controls_6595b64144ccf1df_6.0.10586.0_none_8c15ae12515e1c22\COMCTL32.dll
0x00007ffd252a0000 - 0x00007ffd2551d000 	C:\WINDOWS\system32\combase.dll
0x00007ffd228b0000 - 0x00007ffd2291a000 	C:\WINDOWS\system32\bcryptPrimitives.dll
0x00007ffd25260000 - 0x00007ffd2529b000 	C:\WINDOWS\system32\IMM32.DLL
0x000000006c720000 - 0x000000006c7f2000 	C:\Program Files\Java\jdk1.8.0_92\jre\bin\msvcr100.dll
0x000000006cbb0000 - 0x000000006d446000 	C:\Program Files\Java\jdk1.8.0_92\jre\bin\server\jvm.dll
0x00007ffd229d0000 - 0x00007ffd229d8000 	C:\WINDOWS\system32\PSAPI.DLL
0x00007ffd16d10000 - 0x00007ffd16d19000 	C:\WINDOWS\SYSTEM32\WSOCK32.dll
0x00007ffd1fd70000 - 0x00007ffd1fd93000 	C:\WINDOWS\SYSTEM32\WINMM.dll
0x00007ffd24860000 - 0x00007ffd248cb000 	C:\WINDOWS\system32\WS2_32.dll
0x00007ffd13f70000 - 0x00007ffd13f7a000 	C:\WINDOWS\SYSTEM32\VERSION.dll
0x00007ffd1fbb0000 - 0x00007ffd1fbdc000 	C:\WINDOWS\SYSTEM32\WINMMBASE.dll
0x00007ffd22150000 - 0x00007ffd22193000 	C:\WINDOWS\system32\cfgmgr32.dll
0x000000006de60000 - 0x000000006de6f000 	C:\Program Files\Java\jdk1.8.0_92\jre\bin\verify.dll
0x000000006de30000 - 0x000000006de59000 	C:\Program Files\Java\jdk1.8.0_92\jre\bin\java.dll
0x000000006de10000 - 0x000000006de26000 	C:\Program Files\Java\jdk1.8.0_92\jre\bin\zip.dll
0x00007ffd22a90000 - 0x00007ffd23fec000 	C:\WINDOWS\system32\SHELL32.dll
0x00007ffd221a0000 - 0x00007ffd227e4000 	C:\WINDOWS\system32\windows.storage.dll
0x00007ffd243d0000 - 0x00007ffd24422000 	C:\WINDOWS\system32\shlwapi.dll
0x00007ffd21b40000 - 0x00007ffd21b4f000 	C:\WINDOWS\system32\kernel.appcore.dll
0x00007ffd227f0000 - 0x00007ffd228a5000 	C:\WINDOWS\system32\shcore.dll
0x00007ffd21b50000 - 0x00007ffd21b9b000 	C:\WINDOWS\system32\powrprof.dll
0x00007ffd21bb0000 - 0x00007ffd21bc4000 	C:\WINDOWS\system32\profapi.dll

VM Arguments:
jvm_args: -Djava.awt.headless=true -Xmx1024M -Dfile.encoding=GBK -Duser.country=CN -Duser.language=zh -Duser.variant 
java_command: com.android.dx.command.Main --dex --force-jumbo --num-threads=4 --multi-dex --output C:\Users\Wicker\Documents\GitHub_Clone\shopping\Shopping2\Shopping\app\build\intermediates\transforms\dex\debug\folders\1000\10\com.google.android.gms-play-services-ads-8.4.0_447a1547f6989476700550b1779ab2ba79d881a7 C:\Users\Wicker\Documents\GitHub_Clone\shopping\Shopping2\Shopping\app\build\intermediates\exploded-aar\com.google.android.gms\play-services-ads\8.4.0\jars\classes.jar
java_class_path (initial): D:\Android\Sdk\build-tools\23.0.3\lib\dx.jar
Launcher Type: SUN_STANDARD

Environment Variables:
JAVA_HOME=C:\Program Files\Java\jdk1.8.0_92
CLASSPATH=.C:\Program Files\Java\jdk1.8.0_92\lib;C:\Program Files\Java\jdk1.8.0_92\lib\tools.jar;
PATH=C:\ProgramData\Oracle\Java\javapath;C:\Program Files (x86)\Common Files\Intel\Shared Libraries\redist\intel64\compiler;C:\WINDOWS\system32;C:\WINDOWS;C:\WINDOWS\System32\Wbem;C:\WINDOWS\System32\WindowsPowerShell\v1.0\;C:\Program Files (x86)\QuickTime\QTSystem\;C:\Program Files\Java\jdk1.7.0_80\bin;C:\Users\Wicker\.dnx\bin;C:\Program Files\Microsoft DNX\Dnvm\;C:\Program Files (x86)\Windows Kits\8.1\Windows Performance Toolkit\;C:\Program Files (x86)\NVIDIA Corporation\PhysX\Common;D:\opencv\build\x86\mingw\bin;D:\opencv\build\x86\vc10\bin;D:\opencv\build\x64\mingw\bin;D:\opencv\build\x64\vc10\bin;D:\gradle-2.10-all\gradle-2.10\bin
USERNAME=Wicker
OS=Windows_NT
PROCESSOR_IDENTIFIER=Intel64 Family 6 Model 60 Stepping 3, GenuineIntel



---------------  S Y S T E M  ---------------

OS: Windows 10.0 , 64 bit Build 10586 (10.0.10586.0)

CPU:total 8 (4 cores per cpu, 2 threads per core) family 6 model 60 stepping 3, cmov, cx8, fxsr, mmx, sse, sse2, sse3, ssse3, sse4.1, sse4.2, popcnt, avx, avx2, aes, clmul, erms, lzcnt, ht, tsc, tscinvbit, bmi1, bmi2

Memory: 4k page, physical 12500872k(2810384k free), swap 13287304k(6396k free)

vm_info: Java HotSpot(TM) 64-Bit Server VM (25.92-b14) for windows-amd64 JRE (1.8.0_92-b14), built on Mar 31 2016 21:03:04 by "java_re" with MS VC++ 10.0 (VS2010)

time: Tue Jun 14 17:35:04 2016
elapsed time: 2 seconds (0d 0h 0m 2s)

