#
# There is insufficient memory for the Java Runtime Environment to continue.
# Native memory allocation (malloc) failed to allocate 446816 bytes for Chunk::new
# Possible reasons:
#   The system is out of physical RAM or swap space
#   In 32 bit mode, the process size limit was hit
# Possible solutions:
#   Reduce memory load on the system
#   Increase physical memory or swap space
#   Check if swap backing store is full
#   Use 64 bit Java on a 64 bit OS
#   Decrease Java heap size (-Xmx/-Xms)
#   Decrease number of Java threads
#   Decrease Java thread stack sizes (-Xss)
#   Set larger code cache with -XX:ReservedCodeCacheSize=
# This output file may be truncated or incomplete.
#
#  Out of Memory Error (allocation.cpp:390), pid=16240, tid=0x0000000000012170
#
# JRE version: Java(TM) SE Runtime Environment (8.0_92-b14) (build 1.8.0_92-b14)
# Java VM: Java HotSpot(TM) 64-Bit Server VM (25.92-b14 mixed mode windows-amd64 compressed oops)
# Failed to write core dump. Minidumps are not enabled by default on client versions of Windows
#

---------------  T H R E A D  ---------------

Current thread (0x0000000017175800):  JavaThread "C2 CompilerThread0" daemon [_thread_in_native, id=74096, stack(0x0000000017800000,0x0000000017900000)]

Stack: [0x0000000017800000,0x0000000017900000]
[error occurred during error reporting (printing stack bounds), id 0xc0000005]

Native frames: (J=compiled Java code, j=interpreted, Vv=VM code, C=native code)


Current CompileTask:
C2:   5150 1768       4       com.android.dx.ssa.SCCP::simulatePhi (169 bytes)


---------------  P R O C E S S  ---------------

Java Threads: ( => current thread )
  0x0000000018096800 JavaThread "pool-2-thread-4" [_thread_blocked, id=4496, stack(0x0000000018a00000,0x0000000018b00000)]
  0x00000000174d5000 JavaThread "pool-2-thread-3" [_thread_blocked, id=40284, stack(0x0000000018900000,0x0000000018a00000)]
  0x00000000174d3800 JavaThread "pool-2-thread-2" [_thread_blocked, id=75140, stack(0x0000000018800000,0x0000000018900000)]
  0x00000000173e5000 JavaThread "pool-3-thread-1" [_thread_blocked, id=16520, stack(0x0000000018700000,0x0000000018800000)]
  0x0000000017e7a000 JavaThread "pool-2-thread-1" [_thread_blocked, id=65516, stack(0x0000000018600000,0x0000000018700000)]
  0x000000001721b800 JavaThread "Service Thread" daemon [_thread_blocked, id=16500, stack(0x0000000017c00000,0x0000000017d00000)]
  0x000000001718d000 JavaThread "C1 CompilerThread3" daemon [_thread_blocked, id=16692, stack(0x0000000017b00000,0x0000000017c00000)]
  0x0000000017182000 JavaThread "C2 CompilerThread2" daemon [_thread_in_native, id=10180, stack(0x0000000017a00000,0x0000000017b00000)]
  0x000000001717e000 JavaThread "C2 CompilerThread1" daemon [_thread_in_native, id=8092, stack(0x0000000017900000,0x0000000017a00000)]
=>0x0000000017175800 JavaThread "C2 CompilerThread0" daemon [_thread_in_native, id=74096, stack(0x0000000017800000,0x0000000017900000)]
  0x0000000017172000 JavaThread "Attach Listener" daemon [_thread_blocked, id=4416, stack(0x0000000017700000,0x0000000017800000)]
  0x0000000017127800 JavaThread "Signal Dispatcher" daemon [_thread_blocked, id=15128, stack(0x0000000017600000,0x0000000017700000)]
  0x0000000017110800 JavaThread "Finalizer" daemon [_thread_blocked, id=2664, stack(0x00000000174f0000,0x00000000175f0000)]
  0x00000000026f7000 JavaThread "Reference Handler" daemon [_thread_blocked, id=15888, stack(0x0000000016ff0000,0x00000000170f0000)]
  0x00000000024fe000 JavaThread "main" [_thread_in_Java, id=17980, stack(0x0000000002500000,0x0000000002600000)]

Other Threads:
  0x0000000015219000 VMThread [stack: 0x0000000016ef0000,0x0000000016ff0000] [id=48684]
  0x0000000017297800 WatcherThread [stack: 0x0000000017d00000,0x0000000017e00000] [id=14380]

VM state:not at safepoint (normal execution)

VM Mutex/Monitor currently owned by a thread: None

Heap:
 PSYoungGen      total 57344K, used 10721K [0x00000000eab00000, 0x00000000eeb00000, 0x0000000100000000)
  eden space 49152K, 5% used [0x00000000eab00000,0x00000000ead7c7d0,0x00000000edb00000)
  from space 8192K, 99% used [0x00000000ee300000,0x00000000eeafbc98,0x00000000eeb00000)
  to   space 8192K, 0% used [0x00000000edb00000,0x00000000edb00000,0x00000000ee300000)
 ParOldGen       total 131072K, used 6189K [0x00000000c0000000, 0x00000000c8000000, 0x00000000eab00000)
  object space 131072K, 4% used [0x00000000c0000000,0x00000000c060b4f8,0x00000000c8000000)
 Metaspace       used 6321K, capacity 7094K, committed 7296K, reserved 1056768K
  class space    used 603K, capacity 622K, committed 640K, reserved 1048576K

Card table byte_map: [0x0000000011ac0000,0x0000000011cd0000] byte_map_base: 0x00000000114c0000

Marking Bits: (ParMarkBitMap*) 0x000000006d3c64f0
 Begin Bits: [0x0000000012630000, 0x0000000013630000)
 End Bits:   [0x0000000013630000, 0x0000000014630000)

Polling page: 0x0000000002440000

CodeCache: size=245760Kb used=7793Kb max_used=7818Kb free=237966Kb
 bounds [0x0000000002700000, 0x0000000002eb0000, 0x0000000011700000]
 total_blobs=2104 nmethods=1832 adapters=184
 compilation: enabled

Compilation events (10 events):
Event: 5.114 Thread 0x0000000017182000 nmethod 1830 0x0000000002e7e950 code [0x0000000002e7eaa0, 0x0000000002e7ebd8]
Event: 5.114 Thread 0x0000000017182000 1765       4       com.android.dx.rop.code.RegisterSpec::getBasicFrameType (10 bytes)
Event: 5.115 Thread 0x0000000017182000 nmethod 1765 0x0000000002e7e710 code [0x0000000002e7e840, 0x0000000002e7e8b8]
Event: 5.124 Thread 0x0000000017182000 1833       4       com.android.dx.cf.code.LocalVariableList::pcAndIndexToLocal (51 bytes)
Event: 5.125 Thread 0x000000001718d000 1835       3       com.android.dx.cf.code.SwitchList::getTarget (9 bytes)
Event: 5.125 Thread 0x000000001718d000 nmethod 1835 0x0000000002e7fe10 code [0x0000000002e7ff80, 0x0000000002e80188]
Event: 5.126 Thread 0x0000000017182000 nmethod 1833 0x0000000002e7f990 code [0x0000000002e7fae0, 0x0000000002e7fc58]
Event: 5.126 Thread 0x0000000017182000 1834       4       com.android.dx.util.LabeledList::getMaxLabel (47 bytes)
Event: 5.129 Thread 0x0000000017182000 nmethod 1834 0x0000000002e7f490 code [0x0000000002e7f5e0, 0x0000000002e7f7b8]
Event: 5.129 Thread 0x0000000017182000 1836       4       com.android.dx.ssa.DeadCodeRemover::run (194 bytes)

GC Heap History (4 events):
Event: 3.510 GC heap before
{Heap before GC invocations=1 (full 0):
 PSYoungGen      total 57344K, used 49152K [0x00000000eab00000, 0x00000000eeb00000, 0x0000000100000000)
  eden space 49152K, 100% used [0x00000000eab00000,0x00000000edb00000,0x00000000edb00000)
  from space 8192K, 0% used [0x00000000ee300000,0x00000000ee300000,0x00000000eeb00000)
  to   space 8192K, 0% used [0x00000000edb00000,0x00000000edb00000,0x00000000ee300000)
 ParOldGen       total 131072K, used 0K [0x00000000c0000000, 0x00000000c8000000, 0x00000000eab00000)
  object space 131072K, 0% used [0x00000000c0000000,0x00000000c0000000,0x00000000c8000000)
 Metaspace       used 6154K, capacity 6966K, committed 7040K, reserved 1056768K
  class space    used 602K, capacity 622K, committed 640K, reserved 1048576K
Event: 3.525 GC heap after
Heap after GC invocations=1 (full 0):
 PSYoungGen      total 57344K, used 8185K [0x00000000eab00000, 0x00000000eeb00000, 0x0000000100000000)
  eden space 49152K, 0% used [0x00000000eab00000,0x00000000eab00000,0x00000000edb00000)
  from space 8192K, 99% used [0x00000000edb00000,0x00000000ee2fe668,0x00000000ee300000)
  to   space 8192K, 0% used [0x00000000ee300000,0x00000000ee300000,0x00000000eeb00000)
 ParOldGen       total 131072K, used 235K [0x00000000c0000000, 0x00000000c8000000, 0x00000000eab00000)
  object space 131072K, 0% used [0x00000000c0000000,0x00000000c003ade0,0x00000000c8000000)
 Metaspace       used 6154K, capacity 6966K, committed 7040K, reserved 1056768K
  class space    used 602K, capacity 622K, committed 640K, reserved 1048576K
}
Event: 4.963 GC heap before
{Heap before GC invocations=2 (full 0):
 PSYoungGen      total 57344K, used 57337K [0x00000000eab00000, 0x00000000eeb00000, 0x0000000100000000)
  eden space 49152K, 100% used [0x00000000eab00000,0x00000000edb00000,0x00000000edb00000)
  from space 8192K, 99% used [0x00000000edb00000,0x00000000ee2fe668,0x00000000ee300000)
  to   space 8192K, 0% used [0x00000000ee300000,0x00000000ee300000,0x00000000eeb00000)
 ParOldGen       total 131072K, used 235K [0x00000000c0000000, 0x00000000c8000000, 0x00000000eab00000)
  object space 131072K, 0% used [0x00000000c0000000,0x00000000c003ade0,0x00000000c8000000)
 Metaspace       used 6320K, capacity 7094K, committed 7296K, reserved 1056768K
  class space    used 603K, capacity 622K, committed 640K, reserved 1048576K
Event: 5.113 GC heap after
Heap after GC invocations=2 (full 0):
 PSYoungGen      total 57344K, used 8175K [0x00000000eab00000, 0x00000000eeb00000, 0x0000000100000000)
  eden space 49152K, 0% used [0x00000000eab00000,0x00000000eab00000,0x00000000edb00000)
  from space 8192K, 99% used [0x00000000ee300000,0x00000000eeafbc98,0x00000000eeb00000)
  to   space 8192K, 0% used [0x00000000edb00000,0x00000000edb00000,0x00000000ee300000)
 ParOldGen       total 131072K, used 6189K [0x00000000c0000000, 0x00000000c8000000, 0x00000000eab00000)
  object space 131072K, 4% used [0x00000000c0000000,0x00000000c060b4f8,0x00000000c8000000)
 Metaspace       used 6320K, capacity 7094K, committed 7296K, reserved 1056768K
  class space    used 603K, capacity 622K, committed 640K, reserved 1048576K
}

Deoptimization events (10 events):
Event: 4.666 Thread 0x00000000174d5000 Uncommon trap: reason=bimorphic action=maybe_recompile pc=0x0000000002e0745c method=com.android.dx.ssa.SCCP.setLatticeValueTo(IILcom/android/dx/rop/cst/Constant;)Z @ 43
Event: 4.666 Thread 0x00000000174d5000 Uncommon trap: reason=bimorphic action=maybe_recompile pc=0x0000000002e0745c method=com.android.dx.ssa.SCCP.setLatticeValueTo(IILcom/android/dx/rop/cst/Constant;)Z @ 43
Event: 4.666 Thread 0x00000000174d5000 Uncommon trap: reason=bimorphic action=maybe_recompile pc=0x0000000002e0745c method=com.android.dx.ssa.SCCP.setLatticeValueTo(IILcom/android/dx/rop/cst/Constant;)Z @ 43
Event: 4.666 Thread 0x00000000174d5000 Uncommon trap: reason=bimorphic action=maybe_recompile pc=0x0000000002e0745c method=com.android.dx.ssa.SCCP.setLatticeValueTo(IILcom/android/dx/rop/cst/Constant;)Z @ 43
Event: 4.719 Thread 0x0000000017e7a000 Uncommon trap: reason=bimorphic action=maybe_recompile pc=0x0000000002d1c8d4 method=com.android.dx.ssa.LiteralOpUpgrader.tryReplacingWithConstant(Lcom/android/dx/ssa/NormalSsaInsn;)Z @ 62
Event: 4.720 Thread 0x0000000017e7a000 Uncommon trap: reason=unstable_if action=reinterpret pc=0x0000000002dbbaac method=com.android.dx.util.MutabilityControl.isImmutable()Z @ 4
Event: 4.724 Thread 0x0000000017e7a000 Uncommon trap: reason=bimorphic action=maybe_recompile pc=0x0000000002a8f760 method=java.util.HashMap.getNode(ILjava/lang/Object;)Ljava/util/HashMap$Node; @ 126
Event: 4.726 Thread 0x0000000017e7a000 Uncommon trap: reason=bimorphic action=maybe_recompile pc=0x0000000002d1c8d4 method=com.android.dx.ssa.LiteralOpUpgrader.tryReplacingWithConstant(Lcom/android/dx/ssa/NormalSsaInsn;)Z @ 62
Event: 4.726 Thread 0x0000000017e7a000 Uncommon trap: reason=unstable_if action=reinterpret pc=0x0000000002dafd44 method=com.android.dx.util.MutabilityControl.isImmutable()Z @ 4
Event: 4.732 Thread 0x0000000017e7a000 Uncommon trap: reason=bimorphic action=maybe_recompile pc=0x0000000002d1c8d4 method=com.android.dx.ssa.LiteralOpUpgrader.tryReplacingWithConstant(Lcom/android/dx/ssa/NormalSsaInsn;)Z @ 62

Internal exceptions (2 events):
Event: 0.055 Thread 0x00000000024fe000 Exception <a 'java/lang/NoSuchMethodError': Method sun.misc.Unsafe.defineClass(Ljava/lang/String;[BII)Ljava/lang/Class; name or signature does not match> (0x00000000eab07cc0) thrown at [D:\re\workspace\8-2-build-windows-amd64-cygwin\jdk8u92\6642\hotspot\sr4”VwÄR¬?
Event: 0.055 Thread 0x00000000024fe000 Exception <a 'java/lang/NoSuchMethodError': Method sun.misc.Unsafe.prefetchRead(Ljava/lang/Object;J)V name or signature does not match> (0x00000000eab07fa8) thrown at [D:\re\workspace\8-2-build-windows-amd64-cygwin\jdk8u92\6642\hotspot\src\share\vm\prims\j

Events (10 events):
Event: 4.726 Thread 0x0000000017e7a000 Uncommon trap: trap_request=0xffffff65 fr.pc=0x0000000002dafd44
Event: 4.726 Thread 0x0000000017e7a000 DEOPT PACKING pc=0x0000000002dafd44 sp=0x00000000186fed90
Event: 4.726 Thread 0x0000000017e7a000 DEOPT UNPACKING pc=0x000000000274582a sp=0x00000000186feb78 mode 2
Event: 4.732 Thread 0x0000000017e7a000 Uncommon trap: trap_request=0xffffffc6 fr.pc=0x0000000002d1c8d4
Event: 4.732 Thread 0x0000000017e7a000 DEOPT PACKING pc=0x0000000002d1c8d4 sp=0x00000000186feb30
Event: 4.732 Thread 0x0000000017e7a000 DEOPT UNPACKING pc=0x000000000274582a sp=0x00000000186feae0 mode 2
Event: 4.737 Thread 0x00000000174d5000 DEOPT PACKING pc=0x0000000002b81f7d sp=0x00000000189fe960
Event: 4.737 Thread 0x00000000174d5000 DEOPT UNPACKING pc=0x000000000274787f sp=0x00000000189fe698 mode 0
Event: 4.963 Executing VM operation: ParallelGCFailedAllocation
Event: 5.113 Executing VM operation: ParallelGCFailedAllocation done


Dynamic libraries:
0x00007ff6e5d30000 - 0x00007ff6e5d67000 	C:\Program Files\Java\jdk1.8.0_92\bin\java.exe
0x00007ffd25520000 - 0x00007ffd256e1000 	C:\WINDOWS\SYSTEM32\ntdll.dll
0x00007ffd22920000 - 0x00007ffd229cd000 	C:\WINDOWS\system32\KERNEL32.DLL
0x00007ffd21ed0000 - 0x00007ffd220b8000 	C:\WINDOWS\system32\KERNELBASE.dll
0x00007ffd20330000 - 0x00007ffd203a9000 	C:\WINDOWS\system32\apphelp.dll
0x00007ffd24e90000 - 0x00007ffd24f37000 	C:\WINDOWS\system32\ADVAPI32.dll
0x00007ffd247c0000 - 0x00007ffd2485d000 	C:\WINDOWS\system32\msvcrt.dll
0x00007ffd24e30000 - 0x00007ffd24e8b000 	C:\WINDOWS\system32\sechost.dll
0x00007ffd24d10000 - 0x00007ffd24e2c000 	C:\WINDOWS\system32\RPCRT4.dll
0x00007ffd24500000 - 0x00007ffd24656000 	C:\WINDOWS\system32\USER32.dll
0x00007ffd24240000 - 0x00007ffd243c6000 	C:\WINDOWS\system32\GDI32.dll
0x00007ffd125d0000 - 0x00007ffd12844000 	C:\WINDOWS\WinSxS\amd64_microsoft.windows.common-controls_6595b64144ccf1df_6.0.10586.0_none_8c15ae12515e1c22\COMCTL32.dll
0x00007ffd252a0000 - 0x00007ffd2551d000 	C:\WINDOWS\system32\combase.dll
0x00007ffd228b0000 - 0x00007ffd2291a000 	C:\WINDOWS\system32\bcryptPrimitives.dll
0x00007ffd25260000 - 0x00007ffd2529b000 	C:\WINDOWS\system32\IMM32.DLL
0x000000006c720000 - 0x000000006c7f2000 	C:\Program Files\Java\jdk1.8.0_92\jre\bin\msvcr100.dll
0x000000006cbb0000 - 0x000000006d446000 	C:\Program Files\Java\jdk1.8.0_92\jre\bin\server\jvm.dll
0x00007ffd229d0000 - 0x00007ffd229d8000 	C:\WINDOWS\system32\PSAPI.DLL
0x00007ffd16d10000 - 0x00007ffd16d19000 	C:\WINDOWS\SYSTEM32\WSOCK32.dll
0x00007ffd1fd70000 - 0x00007ffd1fd93000 	C:\WINDOWS\SYSTEM32\WINMM.dll
0x00007ffd24860000 - 0x00007ffd248cb000 	C:\WINDOWS\system32\WS2_32.dll
0x00007ffd13f70000 - 0x00007ffd13f7a000 	C:\WINDOWS\SYSTEM32\VERSION.dll
0x00000000023d0000 - 0x00000000023fc000 	C:\WINDOWS\SYSTEM32\WINMMBASE.dll
0x00007ffd22150000 - 0x00007ffd22193000 	C:\WINDOWS\system32\cfgmgr32.dll
0x000000006de60000 - 0x000000006de6f000 	C:\Program Files\Java\jdk1.8.0_92\jre\bin\verify.dll
0x000000006de30000 - 0x000000006de59000 	C:\Program Files\Java\jdk1.8.0_92\jre\bin\java.dll
0x000000006de10000 - 0x000000006de26000 	C:\Program Files\Java\jdk1.8.0_92\jre\bin\zip.dll
0x00007ffd22a90000 - 0x00007ffd23fec000 	C:\WINDOWS\system32\SHELL32.dll
0x00007ffd221a0000 - 0x00007ffd227e4000 	C:\WINDOWS\system32\windows.storage.dll
0x00007ffd243d0000 - 0x00007ffd24422000 	C:\WINDOWS\system32\shlwapi.dll
0x00007ffd21b40000 - 0x00007ffd21b4f000 	C:\WINDOWS\system32\kernel.appcore.dll
0x00007ffd227f0000 - 0x00007ffd228a5000 	C:\WINDOWS\system32\shcore.dll
0x00007ffd21b50000 - 0x00007ffd21b9b000 	C:\WINDOWS\system32\powrprof.dll
0x00007ffd21bb0000 - 0x00007ffd21bc4000 	C:\WINDOWS\system32\profapi.dll

VM Arguments:
jvm_args: -Djava.awt.headless=true -Xmx1024M -Dfile.encoding=GBK -Duser.country=CN -Duser.language=zh -Duser.variant 
java_command: com.android.dx.command.Main --dex --force-jumbo --num-threads=4 --multi-dex --output C:\Users\Wicker\Documents\GitHub_Clone\shopping\Shopping2\Shopping\app\build\intermediates\transforms\dex\debug\folders\1000\10\com.google.android.gms-play-services-drive-8.4.0_a1bfa2822ecbe01ca6155541263e2b1f46c91e60 C:\Users\Wicker\Documents\GitHub_Clone\shopping\Shopping2\Shopping\app\build\intermediates\exploded-aar\com.google.android.gms\play-services-drive\8.4.0\jars\classes.jar
java_class_path (initial): D:\Android\Sdk\build-tools\23.0.3\lib\dx.jar
Launcher Type: SUN_STANDARD

Environment Variables:
JAVA_HOME=C:\Program Files\Java\jdk1.8.0_92
CLASSPATH=.C:\Program Files\Java\jdk1.8.0_92\lib;C:\Program Files\Java\jdk1.8.0_92\lib\tools.jar;
PATH=C:\ProgramData\Oracle\Java\javapath;C:\Program Files (x86)\Common Files\Intel\Shared Libraries\redist\intel64\compiler;C:\WINDOWS\system32;C:\WINDOWS;C:\WINDOWS\System32\Wbem;C:\WINDOWS\System32\WindowsPowerShell\v1.0\;C:\Program Files (x86)\QuickTime\QTSystem\;C:\Program Files\Java\jdk1.7.0_80\bin;C:\Users\Wicker\.dnx\bin;C:\Program Files\Microsoft DNX\Dnvm\;C:\Program Files (x86)\Windows Kits\8.1\Windows Performance Toolkit\;C:\Program Files (x86)\NVIDIA Corporation\PhysX\Common;D:\opencv\build\x86\mingw\bin;D:\opencv\build\x86\vc10\bin;D:\opencv\build\x64\mingw\bin;D:\opencv\build\x64\vc10\bin;D:\gradle-2.10-all\gradle-2.10\bin
USERNAME=Wicker
OS=Windows_NT
PROCESSOR_IDENTIFIER=Intel64 Family 6 Model 60 Stepping 3, GenuineIntel



---------------  S Y S T E M  ---------------

OS: Windows 10.0 , 64 bit Build 10586 (10.0.10586.0)

CPU:total 8 (4 cores per cpu, 2 threads per core) family 6 model 60 stepping 3, cmov, cx8, fxsr, mmx, sse, sse2, sse3, ssse3, sse4.1, sse4.2, popcnt, avx, avx2, aes, clmul, erms, lzcnt, ht, tsc, tscinvbit, bmi1, bmi2

Memory: 4k page, physical 12500872k(3020884k free), swap 13287304k(80780k free)

vm_info: Java HotSpot(TM) 64-Bit Server VM (25.92-b14) for windows-amd64 JRE (1.8.0_92-b14), built on Mar 31 2016 21:03:04 by "java_re" with MS VC++ 10.0 (VS2010)

time: Tue Jun 14 17:35:07 2016
elapsed time: 5 seconds (0d 0h 0m 5s)

