#
# There is insufficient memory for the Java Runtime Environment to continue.
# Native memory allocation (malloc) failed to allocate 638896 bytes for Chunk::new
# Possible reasons:
#   The system is out of physical RAM or swap space
#   In 32 bit mode, the process size limit was hit
# Possible solutions:
#   Reduce memory load on the system
#   Increase physical memory or swap space
#   Check if swap backing store is full
#   Use 64 bit Java on a 64 bit OS
#   Decrease Java heap size (-Xmx/-Xms)
#   Decrease number of Java threads
#   Decrease Java thread stack sizes (-Xss)
#   Set larger code cache with -XX:ReservedCodeCacheSize=
# This output file may be truncated or incomplete.
#
#  Out of Memory Error (allocation.cpp:390), pid=28300, tid=0x0000000000013e10
#
# JRE version: Java(TM) SE Runtime Environment (8.0_92-b14) (build 1.8.0_92-b14)
# Java VM: Java HotSpot(TM) 64-Bit Server VM (25.92-b14 mixed mode windows-amd64 compressed oops)
# Failed to write core dump. Minidumps are not enabled by default on client versions of Windows
#

---------------  T H R E A D  ---------------

Current thread (0x0000000017147800):  JavaThread "C2 CompilerThread1" daemon [_thread_in_native, id=81424, stack(0x00000000178c0000,0x00000000179c0000)]

Stack: [0x00000000178c0000,0x00000000179c0000]
[error occurred during error reporting (printing stack bounds), id 0xc0000005]

Native frames: (J=compiled Java code, j=interpreted, Vv=VM code, C=native code)


Current CompileTask:
C2:   2778 1180       4       com.android.dx.ssa.SCCP::simulatePhi (169 bytes)


---------------  P R O C E S S  ---------------

Java Threads: ( => current thread )
  0x0000000017dff000 JavaThread "pool-2-thread-4" [_thread_in_Java, id=2844, stack(0x00000000189c0000,0x0000000018ac0000)]
  0x0000000017dfa800 JavaThread "pool-2-thread-3" [_thread_in_vm, id=65668, stack(0x00000000188c0000,0x00000000189c0000)]
  0x0000000017de0800 JavaThread "pool-2-thread-2" [_thread_in_Java, id=1328, stack(0x00000000187c0000,0x00000000188c0000)]
  0x00000000173e0800 JavaThread "pool-3-thread-1" [_thread_blocked, id=3004, stack(0x00000000186c0000,0x00000000187c0000)]
  0x00000000173de000 JavaThread "pool-2-thread-1" [_thread_in_Java, id=81788, stack(0x00000000185c0000,0x00000000186c0000)]
  0x00000000171f9800 JavaThread "Service Thread" daemon [_thread_blocked, id=27784, stack(0x0000000017bc0000,0x0000000017cc0000)]
  0x0000000017152800 JavaThread "C1 CompilerThread3" daemon [_thread_in_native, id=80916, stack(0x0000000017ac0000,0x0000000017bc0000)]
  0x000000001714f800 JavaThread "C2 CompilerThread2" daemon [_thread_in_native, id=41924, stack(0x00000000179c0000,0x0000000017ac0000)]
=>0x0000000017147800 JavaThread "C2 CompilerThread1" daemon [_thread_in_native, id=81424, stack(0x00000000178c0000,0x00000000179c0000)]
  0x0000000017145800 JavaThread "C2 CompilerThread0" daemon [_thread_in_native, id=70900, stack(0x00000000177c0000,0x00000000178c0000)]
  0x00000000170f9000 JavaThread "Attach Listener" daemon [_thread_blocked, id=67240, stack(0x00000000176c0000,0x00000000177c0000)]
  0x00000000170f8000 JavaThread "Signal Dispatcher" daemon [_thread_blocked, id=12252, stack(0x00000000175c0000,0x00000000176c0000)]
  0x00000000026d9800 JavaThread "Finalizer" daemon [_thread_blocked, id=63360, stack(0x00000000174c0000,0x00000000175c0000)]
  0x00000000026d8000 JavaThread "Reference Handler" daemon [_thread_blocked, id=77364, stack(0x0000000016fc0000,0x00000000170c0000)]
  0x00000000025de000 JavaThread "main" [_thread_in_Java, id=81660, stack(0x0000000002420000,0x0000000002520000)]

Other Threads:
  0x00000000151f9800 VMThread [stack: 0x0000000016ec0000,0x0000000016fc0000] [id=49252]
  0x0000000017284800 WatcherThread [stack: 0x0000000017cc0000,0x0000000017dc0000] [id=74860]

VM state:not at safepoint (normal execution)

VM Mutex/Monitor currently owned by a thread: None

Heap:
 PSYoungGen      total 57344K, used 17311K [0x00000000eab00000, 0x00000000eeb00000, 0x0000000100000000)
  eden space 49152K, 18% used [0x00000000eab00000,0x00000000eb3e8e88,0x00000000edb00000)
  from space 8192K, 99% used [0x00000000ee300000,0x00000000eeafefa0,0x00000000eeb00000)
  to   space 8192K, 0% used [0x00000000edb00000,0x00000000edb00000,0x00000000ee300000)
 ParOldGen       total 131072K, used 4754K [0x00000000c0000000, 0x00000000c8000000, 0x00000000eab00000)
  object space 131072K, 3% used [0x00000000c0000000,0x00000000c04a48c0,0x00000000c8000000)
 Metaspace       used 6268K, capacity 7094K, committed 7296K, reserved 1056768K
  class space    used 605K, capacity 622K, committed 640K, reserved 1048576K

Card table byte_map: [0x0000000011aa0000,0x0000000011cb0000] byte_map_base: 0x00000000114a0000

Marking Bits: (ParMarkBitMap*) 0x000000006d3c64f0
 Begin Bits: [0x0000000012610000, 0x0000000013610000)
 End Bits:   [0x0000000013610000, 0x0000000014610000)

Polling page: 0x00000000009a0000

CodeCache: size=245760Kb used=5760Kb max_used=5760Kb free=239999Kb
 bounds [0x00000000026e0000, 0x0000000002c90000, 0x00000000116e0000]
 total_blobs=1846 nmethods=1575 adapters=184
 compilation: enabled

Compilation events (10 events):
Event: 2.736 Thread 0x0000000017152800 nmethod 1550 0x0000000002c63250 code [0x0000000002c633a0, 0x0000000002c63510]
Event: 2.738 Thread 0x0000000017152800 1552       2       com.android.dx.dex.file.ClassDefItem::addVirtualMethod (9 bytes)
Event: 2.738 Thread 0x0000000017152800 nmethod 1552 0x0000000002c63590 code [0x0000000002c63720, 0x0000000002c63a58]
Event: 2.738 Thread 0x0000000017152800 1553       2       com.android.dx.dex.file.ClassDataItem::addVirtualMethod (24 bytes)
Event: 2.739 Thread 0x0000000017152800 nmethod 1553 0x0000000002c63d10 code [0x0000000002c63ea0, 0x0000000002c641f8]
Event: 2.739 Thread 0x0000000017152800 1556       2       sun.util.calendar.ZoneInfo::getTransitionIndex (156 bytes)
Event: 2.739 Thread 0x0000000017152800 nmethod 1556 0x0000000002c64490 code [0x0000000002c64600, 0x0000000002c64930]
Event: 2.739 Thread 0x0000000017152800 1554       2       java.util.Date::getCalendarSystem (15 bytes)
Event: 2.740 Thread 0x0000000017152800 nmethod 1554 0x0000000002c64cd0 code [0x0000000002c64e40, 0x0000000002c651c8]
Event: 2.740 Thread 0x0000000017152800 1562 %     3       com.android.dx.dex.file.AnnotationUtils::makeSignature @ 65 (251 bytes)

GC Heap History (2 events):
Event: 2.498 GC heap before
{Heap before GC invocations=1 (full 0):
 PSYoungGen      total 57344K, used 49152K [0x00000000eab00000, 0x00000000eeb00000, 0x0000000100000000)
  eden space 49152K, 100% used [0x00000000eab00000,0x00000000edb00000,0x00000000edb00000)
  from space 8192K, 0% used [0x00000000ee300000,0x00000000ee300000,0x00000000eeb00000)
  to   space 8192K, 0% used [0x00000000edb00000,0x00000000edb00000,0x00000000ee300000)
 ParOldGen       total 131072K, used 0K [0x00000000c0000000, 0x00000000c8000000, 0x00000000eab00000)
  object space 131072K, 0% used [0x00000000c0000000,0x00000000c0000000,0x00000000c8000000)
 Metaspace       used 5984K, capacity 6836K, committed 7040K, reserved 1056768K
  class space    used 599K, capacity 620K, committed 640K, reserved 1048576K
Event: 2.506 GC heap after
Heap after GC invocations=1 (full 0):
 PSYoungGen      total 57344K, used 6950K [0x00000000eab00000, 0x00000000eeb00000, 0x0000000100000000)
  eden space 49152K, 0% used [0x00000000eab00000,0x00000000eab00000,0x00000000edb00000)
  from space 8192K, 84% used [0x00000000edb00000,0x00000000ee1c9980,0x00000000ee300000)
  to   space 8192K, 0% used [0x00000000ee300000,0x00000000ee300000,0x00000000eeb00000)
 ParOldGen       total 131072K, used 16K [0x00000000c0000000, 0x00000000c8000000, 0x00000000eab00000)
  object space 131072K, 0% used [0x00000000c0000000,0x00000000c0004000,0x00000000c8000000)
 Metaspace       used 5984K, capacity 6836K, committed 7040K, reserved 1056768K
  class space    used 599K, capacity 620K, committed 640K, reserved 1048576K
}

Deoptimization events (8 events):
Event: 2.131 Thread 0x0000000017dff000 Uncommon trap: reason=unstable_if action=reinterpret pc=0x000000000290c5a0 method=java.util.HashMap.getNode(ILjava/lang/Object;)Ljava/util/HashMap$Node; @ 129
Event: 2.390 Thread 0x00000000173de000 Uncommon trap: reason=unstable_if action=reinterpret pc=0x0000000002947b34 method=java.util.BitSet.ensureCapacity(I)V @ 6
Event: 2.466 Thread 0x0000000017dff000 Uncommon trap: reason=bimorphic action=maybe_recompile pc=0x0000000002986228 method=java.util.HashMap.getNode(ILjava/lang/Object;)Ljava/util/HashMap$Node; @ 126
Event: 2.468 Thread 0x00000000173de000 Uncommon trap: reason=unstable_if action=reinterpret pc=0x000000000291199c method=com.android.dx.rop.cst.Constant.compareTo(Lcom/android/dx/rop/cst/Constant;)I @ 12
Event: 2.472 Thread 0x0000000017dfa800 Uncommon trap: reason=bimorphic action=maybe_recompile pc=0x0000000002986228 method=java.util.HashMap.getNode(ILjava/lang/Object;)Ljava/util/HashMap$Node; @ 126
Event: 2.472 Thread 0x0000000017dfa800 Uncommon trap: reason=bimorphic action=maybe_recompile pc=0x0000000002986228 method=java.util.HashMap.getNode(ILjava/lang/Object;)Ljava/util/HashMap$Node; @ 126
Event: 2.484 Thread 0x00000000173de000 Uncommon trap: reason=bimorphic action=maybe_recompile pc=0x0000000002986228 method=java.util.HashMap.getNode(ILjava/lang/Object;)Ljava/util/HashMap$Node; @ 126
Event: 2.492 Thread 0x0000000017de0800 Uncommon trap: reason=null_check action=make_not_entrant pc=0x00000000029be4e8 method=com.android.dx.rop.type.Type.equals(Ljava/lang/Object;)Z @ 8

Internal exceptions (3 events):
Event: 0.040 Thread 0x00000000025de000 Exception <a 'java/lang/NoSuchMethodError': Method sun.misc.Unsafe.defineClass(Ljava/lang/String;[BII)Ljava/lang/Class; name or signature does not match> (0x00000000eab07cc0) thrown at [D:\re\workspace\8-2-build-windows-amd64-cygwin\jdk8u92\6642\hotspot\srSHšóÐ“¤?
Event: 0.040 Thread 0x00000000025de000 Exception <a 'java/lang/NoSuchMethodError': Method sun.misc.Unsafe.prefetchRead(Ljava/lang/Object;J)V name or signature does not match> (0x00000000eab07fa8) thrown at [D:\re\workspace\8-2-build-windows-amd64-cygwin\jdk8u92\6642\hotspot\src\share\vm\prims\jRãª÷Œð@
Event: 2.492 Thread 0x0000000017de0800 Implicit null exception at 0x00000000029be3e2 to 0x00000000029be4da

Events (10 events):
Event: 2.667 loading class java/util/HashMap$ValueIterator done
Event: 2.669 Thread 0x0000000017de0800 DEOPT PACKING pc=0x00000000029f468a sp=0x00000000188be820
Event: 2.669 Thread 0x0000000017de0800 DEOPT UNPACKING pc=0x000000000272787f sp=0x00000000188be600 mode 0
Event: 2.689 loading class com/android/dx/dex/file/ParameterAnnotationStruct
Event: 2.689 loading class com/android/dx/dex/file/ParameterAnnotationStruct done
Event: 2.689 loading class com/android/dx/dex/file/UniformListItem
Event: 2.689 loading class com/android/dx/dex/file/UniformListItem done
Event: 2.690 loading class com/android/dx/dex/file/AnnotationSetRefItem
Event: 2.690 loading class com/android/dx/dex/file/AnnotationSetRefItem done
Event: 2.740 Executing VM operation: ParallelGCFailedAllocation


Dynamic libraries:
0x00007ff6e5d30000 - 0x00007ff6e5d67000 	C:\Program Files\Java\jdk1.8.0_92\bin\java.exe
0x00007ffd25520000 - 0x00007ffd256e1000 	C:\WINDOWS\SYSTEM32\ntdll.dll
0x00007ffd22920000 - 0x00007ffd229cd000 	C:\WINDOWS\system32\KERNEL32.DLL
0x00007ffd21ed0000 - 0x00007ffd220b8000 	C:\WINDOWS\system32\KERNELBASE.dll
0x00007ffd20330000 - 0x00007ffd203a9000 	C:\WINDOWS\system32\apphelp.dll
0x00007ffd24e90000 - 0x00007ffd24f37000 	C:\WINDOWS\system32\ADVAPI32.dll
0x00007ffd247c0000 - 0x00007ffd2485d000 	C:\WINDOWS\system32\msvcrt.dll
0x00007ffd24e30000 - 0x00007ffd24e8b000 	C:\WINDOWS\system32\sechost.dll
0x00007ffd24d10000 - 0x00007ffd24e2c000 	C:\WINDOWS\system32\RPCRT4.dll
0x00007ffd24500000 - 0x00007ffd24656000 	C:\WINDOWS\system32\USER32.dll
0x00007ffd24240000 - 0x00007ffd243c6000 	C:\WINDOWS\system32\GDI32.dll
0x00007ffd125d0000 - 0x00007ffd12844000 	C:\WINDOWS\WinSxS\amd64_microsoft.windows.common-controls_6595b64144ccf1df_6.0.10586.0_none_8c15ae12515e1c22\COMCTL32.dll
0x00007ffd252a0000 - 0x00007ffd2551d000 	C:\WINDOWS\system32\combase.dll
0x00007ffd228b0000 - 0x00007ffd2291a000 	C:\WINDOWS\system32\bcryptPrimitives.dll
0x00007ffd25260000 - 0x00007ffd2529b000 	C:\WINDOWS\system32\IMM32.DLL
0x000000006c720000 - 0x000000006c7f2000 	C:\Program Files\Java\jdk1.8.0_92\jre\bin\msvcr100.dll
0x000000006cbb0000 - 0x000000006d446000 	C:\Program Files\Java\jdk1.8.0_92\jre\bin\server\jvm.dll
0x00007ffd229d0000 - 0x00007ffd229d8000 	C:\WINDOWS\system32\PSAPI.DLL
0x00007ffd16d10000 - 0x00007ffd16d19000 	C:\WINDOWS\SYSTEM32\WSOCK32.dll
0x00007ffd24860000 - 0x00007ffd248cb000 	C:\WINDOWS\system32\WS2_32.dll
0x00007ffd1fd70000 - 0x00007ffd1fd93000 	C:\WINDOWS\SYSTEM32\WINMM.dll
0x00007ffd13f70000 - 0x00007ffd13f7a000 	C:\WINDOWS\SYSTEM32\VERSION.dll
0x00007ffd1fbb0000 - 0x00007ffd1fbdc000 	C:\WINDOWS\SYSTEM32\WINMMBASE.dll
0x00007ffd22150000 - 0x00007ffd22193000 	C:\WINDOWS\system32\cfgmgr32.dll
0x000000006de60000 - 0x000000006de6f000 	C:\Program Files\Java\jdk1.8.0_92\jre\bin\verify.dll
0x000000006de30000 - 0x000000006de59000 	C:\Program Files\Java\jdk1.8.0_92\jre\bin\java.dll
0x000000006de10000 - 0x000000006de26000 	C:\Program Files\Java\jdk1.8.0_92\jre\bin\zip.dll
0x00007ffd22a90000 - 0x00007ffd23fec000 	C:\WINDOWS\system32\SHELL32.dll
0x00007ffd221a0000 - 0x00007ffd227e4000 	C:\WINDOWS\system32\windows.storage.dll
0x00007ffd243d0000 - 0x00007ffd24422000 	C:\WINDOWS\system32\shlwapi.dll
0x00007ffd21b40000 - 0x00007ffd21b4f000 	C:\WINDOWS\system32\kernel.appcore.dll
0x00007ffd227f0000 - 0x00007ffd228a5000 	C:\WINDOWS\system32\shcore.dll
0x00007ffd21b50000 - 0x00007ffd21b9b000 	C:\WINDOWS\system32\powrprof.dll
0x00007ffd21bb0000 - 0x00007ffd21bc4000 	C:\WINDOWS\system32\profapi.dll

VM Arguments:
jvm_args: -Djava.awt.headless=true -Xmx1024M -Dfile.encoding=GBK -Duser.country=CN -Duser.language=zh -Duser.variant 
java_command: com.android.dx.command.Main --dex --force-jumbo --num-threads=4 --multi-dex --output C:\Users\Wicker\Documents\GitHub_Clone\shopping\Shopping2\Shopping\app\build\intermediates\transforms\dex\debug\folders\1000\10\com.google.android.gms-play-services-games-8.4.0_f94fabf7c0d37e060af81de321082c451b77e675 C:\Users\Wicker\Documents\GitHub_Clone\shopping\Shopping2\Shopping\app\build\intermediates\exploded-aar\com.google.android.gms\play-services-games\8.4.0\jars\classes.jar
java_class_path (initial): D:\Android\Sdk\build-tools\23.0.3\lib\dx.jar
Launcher Type: SUN_STANDARD

Environment Variables:
JAVA_HOME=C:\Program Files\Java\jdk1.8.0_92
CLASSPATH=.C:\Program Files\Java\jdk1.8.0_92\lib;C:\Program Files\Java\jdk1.8.0_92\lib\tools.jar;
PATH=C:\ProgramData\Oracle\Java\javapath;C:\Program Files (x86)\Common Files\Intel\Shared Libraries\redist\intel64\compiler;C:\WINDOWS\system32;C:\WINDOWS;C:\WINDOWS\System32\Wbem;C:\WINDOWS\System32\WindowsPowerShell\v1.0\;C:\Program Files (x86)\QuickTime\QTSystem\;C:\Program Files\Java\jdk1.7.0_80\bin;C:\Users\Wicker\.dnx\bin;C:\Program Files\Microsoft DNX\Dnvm\;C:\Program Files (x86)\Windows Kits\8.1\Windows Performance Toolkit\;C:\Program Files (x86)\NVIDIA Corporation\PhysX\Common;D:\opencv\build\x86\mingw\bin;D:\opencv\build\x86\vc10\bin;D:\opencv\build\x64\mingw\bin;D:\opencv\build\x64\vc10\bin;D:\gradle-2.10-all\gradle-2.10\bin
USERNAME=Wicker
OS=Windows_NT
PROCESSOR_IDENTIFIER=Intel64 Family 6 Model 60 Stepping 3, GenuineIntel



---------------  S Y S T E M  ---------------

OS: Windows 10.0 , 64 bit Build 10586 (10.0.10586.0)

CPU:total 8 (4 cores per cpu, 2 threads per core) family 6 model 60 stepping 3, cmov, cx8, fxsr, mmx, sse, sse2, sse3, ssse3, sse4.1, sse4.2, popcnt, avx, avx2, aes, clmul, erms, lzcnt, ht, tsc, tscinvbit, bmi1, bmi2

Memory: 4k page, physical 12500872k(2648068k free), swap 13287304k(302764k free)

vm_info: Java HotSpot(TM) 64-Bit Server VM (25.92-b14) for windows-amd64 JRE (1.8.0_92-b14), built on Mar 31 2016 21:03:04 by "java_re" with MS VC++ 10.0 (VS2010)

time: Tue Jun 14 19:40:26 2016
elapsed time: 2 seconds (0d 0h 0m 2s)

