#
# There is insufficient memory for the Java Runtime Environment to continue.
# Native memory allocation (malloc) failed to allocate 65552 bytes for Chunk::new
# Possible reasons:
#   The system is out of physical RAM or swap space
#   In 32 bit mode, the process size limit was hit
# Possible solutions:
#   Reduce memory load on the system
#   Increase physical memory or swap space
#   Check if swap backing store is full
#   Use 64 bit Java on a 64 bit OS
#   Decrease Java heap size (-Xmx/-Xms)
#   Decrease number of Java threads
#   Decrease Java thread stack sizes (-Xss)
#   Set larger code cache with -XX:ReservedCodeCacheSize=
# This output file may be truncated or incomplete.
#
#  Out of Memory Error (allocation.cpp:390), pid=44692, tid=0x0000000000014634
#
# JRE version: Java(TM) SE Runtime Environment (8.0_92-b14) (build 1.8.0_92-b14)
# Java VM: Java HotSpot(TM) 64-Bit Server VM (25.92-b14 mixed mode windows-amd64 compressed oops)
# Failed to write core dump. Minidumps are not enabled by default on client versions of Windows
#

---------------  T H R E A D  ---------------

Current thread (0x0000000017042000):  JavaThread "C2 CompilerThread1" daemon [_thread_in_native, id=83508, stack(0x00000000177c0000,0x00000000178c0000)]

Stack: [0x00000000177c0000,0x00000000178c0000]
[error occurred during error reporting (printing stack bounds), id 0xc0000005]

Native frames: (J=compiled Java code, j=interpreted, Vv=VM code, C=native code)


Current CompileTask:
C2:   2190 1342       4       com.android.dx.ssa.SCCP::simulatePhi (169 bytes)


---------------  P R O C E S S  ---------------

Java Threads: ( => current thread )
  0x000000001730c800 JavaThread "pool-1-thread-4" [_thread_in_vm, id=58108, stack(0x00000000188c0000,0x00000000189c0000)]
  0x000000001730b800 JavaThread "pool-1-thread-3" [_thread_in_Java, id=59444, stack(0x00000000187c0000,0x00000000188c0000)]
  0x0000000017308800 JavaThread "pool-1-thread-2" [_thread_in_vm, id=5788, stack(0x00000000186c0000,0x00000000187c0000)]
  0x0000000017267800 JavaThread "pool-2-thread-1" [_thread_blocked, id=8468, stack(0x00000000185c0000,0x00000000186c0000)]
  0x0000000017267000 JavaThread "pool-1-thread-1" [_thread_in_vm, id=79856, stack(0x00000000184c0000,0x00000000185c0000)]
  0x000000001704b800 JavaThread "Service Thread" daemon [_thread_blocked, id=10384, stack(0x0000000017ac0000,0x0000000017bc0000)]
  0x0000000017047000 JavaThread "C1 CompilerThread3" daemon [_thread_blocked, id=67780, stack(0x00000000179c0000,0x0000000017ac0000)]
  0x0000000017044000 JavaThread "C2 CompilerThread2" daemon [_thread_in_native, id=46560, stack(0x00000000178c0000,0x00000000179c0000)]
=>0x0000000017042000 JavaThread "C2 CompilerThread1" daemon [_thread_in_native, id=83508, stack(0x00000000177c0000,0x00000000178c0000)]
  0x0000000016fe4800 JavaThread "C2 CompilerThread0" daemon [_thread_in_native, id=9464, stack(0x00000000176c0000,0x00000000177c0000)]
  0x0000000016fe1000 JavaThread "Attach Listener" daemon [_thread_blocked, id=83768, stack(0x00000000175c0000,0x00000000176c0000)]
  0x0000000016f97000 JavaThread "Signal Dispatcher" daemon [_thread_blocked, id=6056, stack(0x00000000174c0000,0x00000000175c0000)]
  0x0000000002578800 JavaThread "Finalizer" daemon [_thread_blocked, id=8792, stack(0x0000000017360000,0x0000000017460000)]
  0x0000000002577000 JavaThread "Reference Handler" daemon [_thread_blocked, id=18712, stack(0x0000000016e60000,0x0000000016f60000)]
  0x0000000001ece000 JavaThread "main" [_thread_in_Java, id=10664, stack(0x0000000002280000,0x0000000002380000)]

Other Threads:
  0x0000000015099000 VMThread [stack: 0x0000000016d60000,0x0000000016e60000] [id=6780]
  0x00000000170d2800 WatcherThread [stack: 0x0000000017bc0000,0x0000000017cc0000] [id=7508]

VM state:not at safepoint (normal execution)

VM Mutex/Monitor currently owned by a thread: None

Heap:
 PSYoungGen      total 106496K, used 62879K [0x00000000eab00000, 0x00000000f1b00000, 0x0000000100000000)
  eden space 98304K, 55% used [0x00000000eab00000,0x00000000ee06a650,0x00000000f0b00000)
  from space 8192K, 99% used [0x00000000f1300000,0x00000000f1afd858,0x00000000f1b00000)
  to   space 8192K, 0% used [0x00000000f0b00000,0x00000000f0b00000,0x00000000f1300000)
 ParOldGen       total 131072K, used 7477K [0x00000000c0000000, 0x00000000c8000000, 0x00000000eab00000)
  object space 131072K, 5% used [0x00000000c0000000,0x00000000c074d650,0x00000000c8000000)
 Metaspace       used 6368K, capacity 7128K, committed 7424K, reserved 1056768K
  class space    used 628K, capacity 656K, committed 768K, reserved 1048576K

Card table byte_map: [0x0000000011940000,0x0000000011b50000] byte_map_base: 0x0000000011340000

Marking Bits: (ParMarkBitMap*) 0x000000006d3c64f0
 Begin Bits: [0x00000000124b0000, 0x00000000134b0000)
 End Bits:   [0x00000000134b0000, 0x00000000144b0000)

Polling page: 0x0000000001ed0000

CodeCache: size=245760Kb used=6317Kb max_used=6317Kb free=239442Kb
 bounds [0x0000000002580000, 0x0000000002bb0000, 0x0000000011580000]
 total_blobs=1885 nmethods=1613 adapters=184
 compilation: disabled (not enough contiguous free space left)

Compilation events (10 events):
Event: 1.875 Thread 0x0000000017047000 nmethod 1478 0x0000000002b431d0 code [0x0000000002b43340, 0x0000000002b43598]
Event: 1.875 Thread 0x0000000017047000 1481       2       com.android.dx.ssa.LocalVariableExtractor::<init> (61 bytes)
Event: 1.875 Thread 0x0000000017047000 nmethod 1481 0x0000000002b43710 code [0x0000000002b438a0, 0x0000000002b43c28]
Event: 1.875 Thread 0x0000000017047000 1486       2       com.android.dx.rop.code.RegisterSpec::withType (13 bytes)
Event: 1.875 Thread 0x0000000017047000 nmethod 1486 0x0000000002b43e10 code [0x0000000002b43f80, 0x0000000002b44108]
Event: 1.875 Thread 0x0000000017047000 1484       2       com.android.dx.ssa.Optimizer::runSsaFormSteps (117 bytes)
Event: 1.876 Thread 0x0000000017047000 nmethod 1484 0x0000000002b441d0 code [0x0000000002b44480, 0x0000000002b44ef8]
Event: 1.876 Thread 0x0000000017047000 1489       2       com.android.dx.ssa.PhiInsn::mapSourceRegisters (78 bytes)
Event: 1.877 Thread 0x0000000017047000 nmethod 1489 0x0000000002b45690 code [0x0000000002b45820, 0x0000000002b45be8]
Event: 1.877 Thread 0x0000000017047000 1482       2       com.android.dx.ssa.LocalVariableInfo::<init> (78 bytes)

GC Heap History (2 events):
Event: 1.489 GC heap before
{Heap before GC invocations=1 (full 0):
 PSYoungGen      total 57344K, used 49152K [0x00000000eab00000, 0x00000000eeb00000, 0x0000000100000000)
  eden space 49152K, 100% used [0x00000000eab00000,0x00000000edb00000,0x00000000edb00000)
  from space 8192K, 0% used [0x00000000ee300000,0x00000000ee300000,0x00000000eeb00000)
  to   space 8192K, 0% used [0x00000000edb00000,0x00000000edb00000,0x00000000ee300000)
 ParOldGen       total 131072K, used 0K [0x00000000c0000000, 0x00000000c8000000, 0x00000000eab00000)
  object space 131072K, 0% used [0x00000000c0000000,0x00000000c0000000,0x00000000c8000000)
 Metaspace       used 6058K, capacity 6966K, committed 7040K, reserved 1056768K
  class space    used 605K, capacity 622K, committed 640K, reserved 1048576K
Event: 1.548 GC heap after
Heap after GC invocations=1 (full 0):
 PSYoungGen      total 57344K, used 8175K [0x00000000eab00000, 0x00000000f1b00000, 0x0000000100000000)
  eden space 49152K, 0% used [0x00000000eab00000,0x00000000eab00000,0x00000000edb00000)
  from space 8192K, 99% used [0x00000000edb00000,0x00000000ee2fbf40,0x00000000ee300000)
  to   space 8192K, 0% used [0x00000000f1300000,0x00000000f1300000,0x00000000f1b00000)
 ParOldGen       total 131072K, used 1066K [0x00000000c0000000, 0x00000000c8000000, 0x00000000eab00000)
  object space 131072K, 0% used [0x00000000c0000000,0x00000000c010a958,0x00000000c8000000)
 Metaspace       used 6058K, capacity 6966K, committed 7040K, reserved 1056768K
  class space    used 605K, capacity 622K, committed 640K, reserved 1048576K
}

Deoptimization events (10 events):
Event: 1.179 Thread 0x000000001730b800 Uncommon trap: reason=bimorphic action=maybe_recompile pc=0x0000000002791724 method=java.util.HashMap.getNode(ILjava/lang/Object;)Ljava/util/HashMap$Node; @ 126
Event: 1.179 Thread 0x000000001730b800 Uncommon trap: reason=bimorphic action=maybe_recompile pc=0x00000000029180b4 method=java.util.HashMap.putVal(ILjava/lang/Object;Ljava/lang/Object;ZZ)Ljava/lang/Object; @ 203
Event: 1.179 Thread 0x000000001730b800 Uncommon trap: reason=bimorphic action=maybe_recompile pc=0x000000000277f260 method=java.util.HashMap.getNode(ILjava/lang/Object;)Ljava/util/HashMap$Node; @ 126
Event: 1.184 Thread 0x0000000017308800 Uncommon trap: reason=null_check action=make_not_entrant pc=0x0000000002849be8 method=com.android.dx.rop.type.Type.equals(Ljava/lang/Object;)Z @ 8
Event: 1.185 Thread 0x000000001730b800 Uncommon trap: reason=bimorphic action=maybe_recompile pc=0x00000000029180b4 method=java.util.HashMap.putVal(ILjava/lang/Object;Ljava/lang/Object;ZZ)Ljava/lang/Object; @ 203
Event: 1.185 Thread 0x000000001730b800 Uncommon trap: reason=bimorphic action=maybe_recompile pc=0x00000000029180b4 method=java.util.HashMap.putVal(ILjava/lang/Object;Ljava/lang/Object;ZZ)Ljava/lang/Object; @ 203
Event: 1.341 Thread 0x000000001730b800 Uncommon trap: reason=unstable_if action=reinterpret pc=0x000000000282db80 method=com.android.dx.rop.code.RegisterSpec.equals(ILcom/android/dx/rop/type/TypeBearer;Lcom/android/dx/rop/code/LocalItem;)Z @ 42
Event: 1.581 Thread 0x0000000001ece000 Uncommon trap: reason=unstable_if action=reinterpret pc=0x0000000002a5b3c8 method=com.android.dx.cf.code.BytecodeArray.parseInstruction(ILcom/android/dx/cf/code/BytecodeArray$Visitor;)I @ 1198
Event: 1.846 Thread 0x000000001730c800 Uncommon trap: reason=unstable_if action=reinterpret pc=0x000000000290b5f8 method=com.android.dx.cf.code.Ropper.labelToResultIndex(I)I @ 34
Event: 1.846 Thread 0x000000001730c800 Uncommon trap: reason=null_check action=make_not_entrant pc=0x000000000285c39c method=com.android.dx.ssa.SsaRenamer.getLocalForNewReg(I)Lcom/android/dx/rop/code/LocalItem; @ 19

Internal exceptions (4 events):
Event: 0.145 Thread 0x0000000001ece000 Exception <a 'java/lang/NoSuchMethodError': Method sun.misc.Unsafe.defineClass(Ljava/lang/String;[BII)Ljava/lang/Class; name or signature does not match> (0x00000000eab07cc0) thrown at [D:\re\workspace\8-2-build-windows-amd64-cygwin\jdk8u92\6642\hotspot\srÜÚÀª”‘Â?
Event: 0.145 Thread 0x0000000001ece000 Exception <a 'java/lang/NoSuchMethodError': Method sun.misc.Unsafe.prefetchRead(Ljava/lang/Object;J)V name or signature does not match> (0x00000000eab07fa8) thrown at [D:\re\workspace\8-2-build-windows-amd64-cygwin\jdk8u92\6642\hotspot\src\share\vm\prims\jG)òò?
Event: 1.184 Thread 0x0000000017308800 Implicit null exception at 0x0000000002849ae2 to 0x0000000002849bda
Event: 1.846 Thread 0x000000001730c800 Implicit null exception at 0x000000000285a173 to 0x000000000285c359

Events (10 events):
Event: 1.846 Thread 0x000000001730c800 Uncommon trap: trap_request=0xffffff65 fr.pc=0x000000000290b5f8
Event: 1.846 Thread 0x000000001730c800 DEOPT PACKING pc=0x000000000290b5f8 sp=0x00000000189beac0
Event: 1.846 Thread 0x000000001730c800 DEOPT UNPACKING pc=0x00000000025c582a sp=0x00000000189bea68 mode 2
Event: 1.846 Thread 0x000000001730c800 Uncommon trap: trap_request=0xfffffff4 fr.pc=0x000000000285c39c
Event: 1.846 Thread 0x000000001730c800 DEOPT PACKING pc=0x000000000285c39c sp=0x00000000189be8d0
Event: 1.846 Thread 0x000000001730c800 DEOPT UNPACKING pc=0x00000000025c582a sp=0x00000000189be728 mode 2
Event: 1.859 Thread 0x0000000017267000 DEOPT PACKING pc=0x0000000002935228 sp=0x00000000185be5a0
Event: 1.860 Thread 0x0000000017267000 DEOPT UNPACKING pc=0x00000000025c787f sp=0x00000000185be308 mode 0
Event: 1.862 Thread 0x0000000017267000 DEOPT PACKING pc=0x00000000029674ba sp=0x00000000185be660
Event: 1.862 Thread 0x0000000017267000 DEOPT UNPACKING pc=0x00000000025c787f sp=0x00000000185be428 mode 0


Dynamic libraries:
0x00007ff6e5d30000 - 0x00007ff6e5d67000 	C:\Program Files\Java\jdk1.8.0_92\bin\java.exe
0x00007ffd25520000 - 0x00007ffd256e1000 	C:\WINDOWS\SYSTEM32\ntdll.dll
0x00007ffd22920000 - 0x00007ffd229cd000 	C:\WINDOWS\system32\KERNEL32.DLL
0x00007ffd21ed0000 - 0x00007ffd220b8000 	C:\WINDOWS\system32\KERNELBASE.dll
0x00007ffd20330000 - 0x00007ffd203a9000 	C:\WINDOWS\system32\apphelp.dll
0x00007ffd24e90000 - 0x00007ffd24f37000 	C:\WINDOWS\system32\ADVAPI32.dll
0x00007ffd247c0000 - 0x00007ffd2485d000 	C:\WINDOWS\system32\msvcrt.dll
0x00007ffd24e30000 - 0x00007ffd24e8b000 	C:\WINDOWS\system32\sechost.dll
0x00007ffd24d10000 - 0x00007ffd24e2c000 	C:\WINDOWS\system32\RPCRT4.dll
0x00007ffd24500000 - 0x00007ffd24656000 	C:\WINDOWS\system32\USER32.dll
0x00007ffd24240000 - 0x00007ffd243c6000 	C:\WINDOWS\system32\GDI32.dll
0x00007ffd125d0000 - 0x00007ffd12844000 	C:\WINDOWS\WinSxS\amd64_microsoft.windows.common-controls_6595b64144ccf1df_6.0.10586.0_none_8c15ae12515e1c22\COMCTL32.dll
0x00007ffd252a0000 - 0x00007ffd2551d000 	C:\WINDOWS\system32\combase.dll
0x00007ffd228b0000 - 0x00007ffd2291a000 	C:\WINDOWS\system32\bcryptPrimitives.dll
0x00007ffd25260000 - 0x00007ffd2529b000 	C:\WINDOWS\system32\IMM32.DLL
0x000000006c720000 - 0x000000006c7f2000 	C:\Program Files\Java\jdk1.8.0_92\jre\bin\msvcr100.dll
0x000000006cbb0000 - 0x000000006d446000 	C:\Program Files\Java\jdk1.8.0_92\jre\bin\server\jvm.dll
0x00007ffd229d0000 - 0x00007ffd229d8000 	C:\WINDOWS\system32\PSAPI.DLL
0x00007ffd16d10000 - 0x00007ffd16d19000 	C:\WINDOWS\SYSTEM32\WSOCK32.dll
0x00007ffd24860000 - 0x00007ffd248cb000 	C:\WINDOWS\system32\WS2_32.dll
0x00007ffd1fd70000 - 0x00007ffd1fd93000 	C:\WINDOWS\SYSTEM32\WINMM.dll
0x00007ffd13f70000 - 0x00007ffd13f7a000 	C:\WINDOWS\SYSTEM32\VERSION.dll
0x00007ffd1fbb0000 - 0x00007ffd1fbdc000 	C:\WINDOWS\SYSTEM32\WINMMBASE.dll
0x00007ffd22150000 - 0x00007ffd22193000 	C:\WINDOWS\system32\cfgmgr32.dll
0x000000006de60000 - 0x000000006de6f000 	C:\Program Files\Java\jdk1.8.0_92\jre\bin\verify.dll
0x000000006de30000 - 0x000000006de59000 	C:\Program Files\Java\jdk1.8.0_92\jre\bin\java.dll
0x000000006de10000 - 0x000000006de26000 	C:\Program Files\Java\jdk1.8.0_92\jre\bin\zip.dll
0x00007ffd22a90000 - 0x00007ffd23fec000 	C:\WINDOWS\system32\SHELL32.dll
0x00007ffd221a0000 - 0x00007ffd227e4000 	C:\WINDOWS\system32\windows.storage.dll
0x00007ffd243d0000 - 0x00007ffd24422000 	C:\WINDOWS\system32\shlwapi.dll
0x00007ffd21b40000 - 0x00007ffd21b4f000 	C:\WINDOWS\system32\kernel.appcore.dll
0x00007ffd227f0000 - 0x00007ffd228a5000 	C:\WINDOWS\system32\shcore.dll
0x00007ffd21b50000 - 0x00007ffd21b9b000 	C:\WINDOWS\system32\powrprof.dll
0x00007ffd21bb0000 - 0x00007ffd21bc4000 	C:\WINDOWS\system32\profapi.dll

VM Arguments:
jvm_args: -Djava.awt.headless=true -Xmx1024M -Dfile.encoding=GBK -Duser.country=CN -Duser.language=zh -Duser.variant 
java_command: com.android.dx.command.Main --dex --force-jumbo --num-threads=4 --output C:\Users\Wicker\Documents\GitHub_Clone\shopping\Shopping2\Shopping\app\build\intermediates\pre-dexed\debug\com.android.support-recyclerview-v7-24.0.0-alpha2_5ea891619b9115dce258fc5dbe04a4a3142ea0ed.jar C:\Users\Wicker\Documents\GitHub_Clone\shopping\Shopping2\Shopping\app\build\intermediates\exploded-aar\com.android.support\recyclerview-v7\24.0.0-alpha2\jars\classes.jar
java_class_path (initial): D:\Android\Sdk\build-tools\23.0.3\lib\dx.jar
Launcher Type: SUN_STANDARD

Environment Variables:
JAVA_HOME=C:\Program Files\Java\jdk1.8.0_92
CLASSPATH=.C:\Program Files\Java\jdk1.8.0_92\lib;C:\Program Files\Java\jdk1.8.0_92\lib\tools.jar;
PATH=C:\ProgramData\Oracle\Java\javapath;C:\Program Files (x86)\Common Files\Intel\Shared Libraries\redist\intel64\compiler;C:\WINDOWS\system32;C:\WINDOWS;C:\WINDOWS\System32\Wbem;C:\WINDOWS\System32\WindowsPowerShell\v1.0\;C:\Program Files (x86)\QuickTime\QTSystem\;C:\Program Files\Java\jdk1.7.0_80\bin;C:\Users\Wicker\.dnx\bin;C:\Program Files\Microsoft DNX\Dnvm\;C:\Program Files (x86)\Windows Kits\8.1\Windows Performance Toolkit\;C:\Program Files (x86)\NVIDIA Corporation\PhysX\Common;D:\opencv\build\x86\mingw\bin;D:\opencv\build\x86\vc10\bin;D:\opencv\build\x64\mingw\bin;D:\opencv\build\x64\vc10\bin;D:\gradle-2.10-all\gradle-2.10\bin
USERNAME=Wicker
OS=Windows_NT
PROCESSOR_IDENTIFIER=Intel64 Family 6 Model 60 Stepping 3, GenuineIntel



---------------  S Y S T E M  ---------------

OS: Windows 10.0 , 64 bit Build 10586 (10.0.10586.0)

CPU:total 8 (4 cores per cpu, 2 threads per core) family 6 model 60 stepping 3, cmov, cx8, fxsr, mmx, sse, sse2, sse3, ssse3, sse4.1, sse4.2, popcnt, avx, avx2, aes, clmul, erms, lzcnt, ht, tsc, tscinvbit, bmi1, bmi2

Memory: 4k page, physical 12500872k(2424280k free), swap 13287304k(2568k free)

vm_info: Java HotSpot(TM) 64-Bit Server VM (25.92-b14) for windows-amd64 JRE (1.8.0_92-b14), built on Mar 31 2016 21:03:04 by "java_re" with MS VC++ 10.0 (VS2010)

time: Tue Jun 14 22:29:30 2016
elapsed time: 2 seconds (0d 0h 0m 2s)

