#
# There is insufficient memory for the Java Runtime Environment to continue.
# Native memory allocation (malloc) failed to allocate 32744 bytes for ChunkPool::allocate
# Possible reasons:
#   The system is out of physical RAM or swap space
#   In 32 bit mode, the process size limit was hit
# Possible solutions:
#   Reduce memory load on the system
#   Increase physical memory or swap space
#   Check if swap backing store is full
#   Use 64 bit Java on a 64 bit OS
#   Decrease Java heap size (-Xmx/-Xms)
#   Decrease number of Java threads
#   Decrease Java thread stack sizes (-Xss)
#   Set larger code cache with -XX:ReservedCodeCacheSize=
# This output file may be truncated or incomplete.
#
#  Out of Memory Error (allocation.cpp:273), pid=77108, tid=0x00000000000021f8
#
# JRE version: Java(TM) SE Runtime Environment (8.0_92-b14) (build 1.8.0_92-b14)
# Java VM: Java HotSpot(TM) 64-Bit Server VM (25.92-b14 mixed mode windows-amd64 compressed oops)
# Failed to write core dump. Minidumps are not enabled by default on client versions of Windows
#

---------------  T H R E A D  ---------------

Current thread (0x000000001717f000):  JavaThread "C1 CompilerThread3" daemon [_thread_in_native, id=8696, stack(0x0000000017af0000,0x0000000017bf0000)]

Stack: [0x0000000017af0000,0x0000000017bf0000]
[error occurred during error reporting (printing stack bounds), id 0xc0000005]

Native frames: (J=compiled Java code, j=interpreted, Vv=VM code, C=native code)


Current CompileTask:
C1:   1073  566   !   3       com.android.dx.cf.code.BytecodeArray::parseInstruction (2764 bytes)


---------------  P R O C E S S  ---------------

Java Threads: ( => current thread )
  0x0000000017327000 JavaThread "pool-1-thread-4" [_thread_new, id=75348, stack(0x0000000000000000,0x0000000000000000)]
  0x000000001731f000 JavaThread "pool-1-thread-3" [_thread_in_Java, id=28028, stack(0x00000000180f0000,0x00000000181f0000)]
  0x000000001731e000 JavaThread "pool-1-thread-2" [_thread_new, id=45568, stack(0x0000000000000000,0x0000000000000000)]
  0x000000001730c800 JavaThread "pool-2-thread-1" [_thread_blocked, id=18368, stack(0x0000000017ef0000,0x0000000017ff0000)]
  0x0000000017300000 JavaThread "pool-1-thread-1" [_thread_in_Java, id=77296, stack(0x0000000017df0000,0x0000000017ef0000)]
  0x000000001718d000 JavaThread "Service Thread" daemon [_thread_blocked, id=83504, stack(0x0000000017bf0000,0x0000000017cf0000)]
=>0x000000001717f000 JavaThread "C1 CompilerThread3" daemon [_thread_in_native, id=8696, stack(0x0000000017af0000,0x0000000017bf0000)]
  0x000000001717a000 JavaThread "C2 CompilerThread2" daemon [_thread_blocked, id=59244, stack(0x00000000179f0000,0x0000000017af0000)]
  0x0000000017177000 JavaThread "C2 CompilerThread1" daemon [_thread_blocked, id=34784, stack(0x00000000178f0000,0x00000000179f0000)]
  0x0000000017174800 JavaThread "C2 CompilerThread0" daemon [_thread_blocked, id=82680, stack(0x00000000177f0000,0x00000000178f0000)]
  0x0000000017171000 JavaThread "Attach Listener" daemon [_thread_blocked, id=3420, stack(0x00000000176f0000,0x00000000177f0000)]
  0x0000000017127000 JavaThread "Signal Dispatcher" daemon [_thread_blocked, id=31708, stack(0x00000000175f0000,0x00000000176f0000)]
  0x00000000026e8800 JavaThread "Finalizer" daemon [_thread_blocked, id=48312, stack(0x00000000174f0000,0x00000000175f0000)]
  0x00000000026e7000 JavaThread "Reference Handler" daemon [_thread_blocked, id=81424, stack(0x0000000016ff0000,0x00000000170f0000)]
  0x000000000096e000 JavaThread "main" [_thread_in_Java, id=79804, stack(0x0000000002100000,0x0000000002200000)]

Other Threads:
  0x0000000015209000 VMThread [stack: 0x0000000016ef0000,0x0000000016ff0000] [id=81788]
  0x00000000171f0000 WatcherThread [stack: 0x0000000017cf0000,0x0000000017df0000] [id=77752]

VM state:not at safepoint (normal execution)

VM Mutex/Monitor currently owned by a thread: None

Heap:
 PSYoungGen      total 57344K, used 12805K [0x00000000eab00000, 0x00000000eeb00000, 0x0000000100000000)
  eden space 49152K, 26% used [0x00000000eab00000,0x00000000eb7816c0,0x00000000edb00000)
  from space 8192K, 0% used [0x00000000ee300000,0x00000000ee300000,0x00000000eeb00000)
  to   space 8192K, 0% used [0x00000000edb00000,0x00000000edb00000,0x00000000ee300000)
 ParOldGen       total 131072K, used 0K [0x00000000c0000000, 0x00000000c8000000, 0x00000000eab00000)
  object space 131072K, 0% used [0x00000000c0000000,0x00000000c0000000,0x00000000c8000000)
 Metaspace       used 5574K, capacity 6516K, committed 6784K, reserved 1056768K
  class space    used 598K, capacity 620K, committed 640K, reserved 1048576K

Card table byte_map: [0x0000000011ab0000,0x0000000011cc0000] byte_map_base: 0x00000000114b0000

Marking Bits: (ParMarkBitMap*) 0x000000006d3c64f0
 Begin Bits: [0x0000000012620000, 0x0000000013620000)
 End Bits:   [0x0000000013620000, 0x0000000014620000)

Polling page: 0x0000000000950000

CodeCache: size=245760Kb used=2215Kb max_used=2226Kb free=243544Kb
 bounds [0x00000000026f0000, 0x0000000002960000, 0x00000000116f0000]
 total_blobs=833 nmethods=562 adapters=184
 compilation: enabled

Compilation events (10 events):
Event: 1.066 Thread 0x000000001717f000 nmethod 567 0x000000000290bf10 code [0x000000000290c060, 0x000000000290c190]
Event: 1.066 Thread 0x000000001717f000  557       3       java.util.AbstractSet::<init> (5 bytes)
Event: 1.066 Thread 0x000000001717f000 nmethod 557 0x000000000290bad0 code [0x000000000290bc40, 0x000000000290be50]
Event: 1.066 Thread 0x000000001717f000  565       3       com.android.dx.cf.code.ByteOps::opInfo (6 bytes)
Event: 1.066 Thread 0x000000001717f000 nmethod 565 0x000000000291a410 code [0x000000000291a560, 0x000000000291a6b0]
Event: 1.066 Thread 0x000000001717f000  566   !   3       com.android.dx.cf.code.BytecodeArray::parseInstruction (2764 bytes)
Event: 1.067 Thread 0x000000001717a000  570       4       java.util.BitSet::set (58 bytes)
Event: 1.068 Thread 0x0000000017177000  572       4       com.android.dx.ssa.NormalSsaInsn::accept (25 bytes)
Event: 1.069 Thread 0x000000001717a000 nmethod 570 0x0000000002919fd0 code [0x000000000291a120, 0x000000000291a2a8]
Event: 1.069 Thread 0x0000000017177000 nmethod 572 0x0000000002919bd0 code [0x0000000002919d20, 0x0000000002919e28]

GC Heap History (0 events):
No events

Deoptimization events (0 events):
No events

Internal exceptions (2 events):
Event: 0.089 Thread 0x000000000096e000 Exception <a 'java/lang/NoSuchMethodError': Method sun.misc.Unsafe.defineClass(Ljava/lang/String;[BII)Ljava/lang/Class; name or signature does not match> (0x00000000eab07cc0) thrown at [D:\re\workspace\8-2-build-windows-amd64-cygwin\jdk8u92\6642\hotspot\srê‡∂Ö¿∂?
Event: 0.089 Thread 0x000000000096e000 Exception <a 'java/lang/NoSuchMethodError': Method sun.misc.Unsafe.prefetchRead(Ljava/lang/Object;J)V name or signature does not match> (0x00000000eab07fa8) thrown at [D:\re\workspace\8-2-build-windows-amd64-cygwin\jdk8u92\6642\hotspot\src\share\vm\prims\j

Events (10 events):
Event: 1.018 loading class com/android/dx/rop/code/LocalItem
Event: 1.018 loading class com/android/dx/rop/code/LocalItem done
Event: 1.019 loading class java/util/HashMap$Values
Event: 1.019 loading class java/util/HashMap$Values done
Event: 1.022 loading class java/util/HashMap$ValueIterator
Event: 1.022 loading class java/util/HashMap$ValueIterator done
Event: 1.030 loading class com/android/dx/dex/file/FieldAnnotationStruct
Event: 1.030 loading class com/android/dx/dex/file/FieldAnnotationStruct done
Event: 1.035 loading class com/android/dx/rop/code/RegOps
Event: 1.035 loading class com/android/dx/rop/code/RegOps done


Dynamic libraries:
0x00007ff6e5d30000 - 0x00007ff6e5d67000 	C:\Program Files\Java\jdk1.8.0_92\bin\java.exe
0x00007ffd25520000 - 0x00007ffd256e1000 	C:\WINDOWS\SYSTEM32\ntdll.dll
0x00007ffd22920000 - 0x00007ffd229cd000 	C:\WINDOWS\system32\KERNEL32.DLL
0x00007ffd21ed0000 - 0x00007ffd220b8000 	C:\WINDOWS\system32\KERNELBASE.dll
0x00007ffd20330000 - 0x00007ffd203a9000 	C:\WINDOWS\system32\apphelp.dll
0x00007ffd24e90000 - 0x00007ffd24f37000 	C:\WINDOWS\system32\ADVAPI32.dll
0x00007ffd247c0000 - 0x00007ffd2485d000 	C:\WINDOWS\system32\msvcrt.dll
0x00007ffd24e30000 - 0x00007ffd24e8b000 	C:\WINDOWS\system32\sechost.dll
0x00007ffd24d10000 - 0x00007ffd24e2c000 	C:\WINDOWS\system32\RPCRT4.dll
0x00007ffd24500000 - 0x00007ffd24656000 	C:\WINDOWS\system32\USER32.dll
0x00007ffd24240000 - 0x00007ffd243c6000 	C:\WINDOWS\system32\GDI32.dll
0x00007ffd125d0000 - 0x00007ffd12844000 	C:\WINDOWS\WinSxS\amd64_microsoft.windows.common-controls_6595b64144ccf1df_6.0.10586.0_none_8c15ae12515e1c22\COMCTL32.dll
0x00007ffd252a0000 - 0x00007ffd2551d000 	C:\WINDOWS\system32\combase.dll
0x00007ffd228b0000 - 0x00007ffd2291a000 	C:\WINDOWS\system32\bcryptPrimitives.dll
0x00007ffd25260000 - 0x00007ffd2529b000 	C:\WINDOWS\system32\IMM32.DLL
0x000000006c720000 - 0x000000006c7f2000 	C:\Program Files\Java\jdk1.8.0_92\jre\bin\msvcr100.dll
0x000000006cbb0000 - 0x000000006d446000 	C:\Program Files\Java\jdk1.8.0_92\jre\bin\server\jvm.dll
0x00007ffd229d0000 - 0x00007ffd229d8000 	C:\WINDOWS\system32\PSAPI.DLL
0x00007ffd16d10000 - 0x00007ffd16d19000 	C:\WINDOWS\SYSTEM32\WSOCK32.dll
0x00007ffd24860000 - 0x00007ffd248cb000 	C:\WINDOWS\system32\WS2_32.dll
0x00007ffd1fd70000 - 0x00007ffd1fd93000 	C:\WINDOWS\SYSTEM32\WINMM.dll
0x00007ffd13f70000 - 0x00007ffd13f7a000 	C:\WINDOWS\SYSTEM32\VERSION.dll
0x00007ffd1fbb0000 - 0x00007ffd1fbdc000 	C:\WINDOWS\SYSTEM32\WINMMBASE.dll
0x00007ffd22150000 - 0x00007ffd22193000 	C:\WINDOWS\system32\cfgmgr32.dll
0x000000006de60000 - 0x000000006de6f000 	C:\Program Files\Java\jdk1.8.0_92\jre\bin\verify.dll
0x000000006de30000 - 0x000000006de59000 	C:\Program Files\Java\jdk1.8.0_92\jre\bin\java.dll
0x000000006de10000 - 0x000000006de26000 	C:\Program Files\Java\jdk1.8.0_92\jre\bin\zip.dll
0x00007ffd22a90000 - 0x00007ffd23fec000 	C:\WINDOWS\system32\SHELL32.dll
0x00007ffd221a0000 - 0x00007ffd227e4000 	C:\WINDOWS\system32\windows.storage.dll
0x00007ffd243d0000 - 0x00007ffd24422000 	C:\WINDOWS\system32\shlwapi.dll
0x00007ffd21b40000 - 0x00007ffd21b4f000 	C:\WINDOWS\system32\kernel.appcore.dll
0x00007ffd227f0000 - 0x00007ffd228a5000 	C:\WINDOWS\system32\shcore.dll
0x00007ffd21b50000 - 0x00007ffd21b9b000 	C:\WINDOWS\system32\powrprof.dll
0x00007ffd21bb0000 - 0x00007ffd21bc4000 	C:\WINDOWS\system32\profapi.dll

VM Arguments:
jvm_args: -Djava.awt.headless=true -Xmx1024M -Dfile.encoding=GBK -Duser.country=CN -Duser.language=zh -Duser.variant 
java_command: com.android.dx.command.Main --dex --force-jumbo --num-threads=4 --output C:\Users\Wicker\Documents\GitHub_Clone\shopping\Shopping2\Shopping\app\build\intermediates\pre-dexed\debug\com.google.android.gms-play-services-panorama-8.4.0_39d491a4213ed0a9bb69230bebbc5e4c34a22e6a.jar C:\Users\Wicker\Documents\GitHub_Clone\shopping\Shopping2\Shopping\app\build\intermediates\exploded-aar\com.google.android.gms\play-services-panorama\8.4.0\jars\classes.jar
java_class_path (initial): D:\Android\Sdk\build-tools\23.0.3\lib\dx.jar
Launcher Type: SUN_STANDARD

Environment Variables:
JAVA_HOME=C:\Program Files\Java\jdk1.8.0_92
CLASSPATH=.C:\Program Files\Java\jdk1.8.0_92\lib;C:\Program Files\Java\jdk1.8.0_92\lib\tools.jar;
PATH=C:\ProgramData\Oracle\Java\javapath;C:\Program Files (x86)\Common Files\Intel\Shared Libraries\redist\intel64\compiler;C:\WINDOWS\system32;C:\WINDOWS;C:\WINDOWS\System32\Wbem;C:\WINDOWS\System32\WindowsPowerShell\v1.0\;C:\Program Files (x86)\QuickTime\QTSystem\;C:\Program Files\Java\jdk1.7.0_80\bin;C:\Users\Wicker\.dnx\bin;C:\Program Files\Microsoft DNX\Dnvm\;C:\Program Files (x86)\Windows Kits\8.1\Windows Performance Toolkit\;C:\Program Files (x86)\NVIDIA Corporation\PhysX\Common;D:\opencv\build\x86\mingw\bin;D:\opencv\build\x86\vc10\bin;D:\opencv\build\x64\mingw\bin;D:\opencv\build\x64\vc10\bin;D:\gradle-2.10-all\gradle-2.10\bin
USERNAME=Wicker
OS=Windows_NT
PROCESSOR_IDENTIFIER=Intel64 Family 6 Model 60 Stepping 3, GenuineIntel



---------------  S Y S T E M  ---------------

OS: Windows 10.0 , 64 bit Build 10586 (10.0.10586.0)

CPU:total 8 (4 cores per cpu, 2 threads per core) family 6 model 60 stepping 3, cmov, cx8, fxsr, mmx, sse, sse2, sse3, ssse3, sse4.1, sse4.2, popcnt, avx, avx2, aes, clmul, erms, lzcnt, ht, tsc, tscinvbit, bmi1, bmi2

Memory: 4k page, physical 12500872k(2342152k free), swap 13287304k(4124k free)

vm_info: Java HotSpot(TM) 64-Bit Server VM (25.92-b14) for windows-amd64 JRE (1.8.0_92-b14), built on Mar 31 2016 21:03:04 by "java_re" with MS VC++ 10.0 (VS2010)

time: Tue Jun 14 22:29:03 2016
elapsed time: 1 seconds (0d 0h 0m 1s)

