#
# There is insufficient memory for the Java Runtime Environment to continue.
# Native memory allocation (malloc) failed to allocate 764016 bytes for Chunk::new
# Possible reasons:
#   The system is out of physical RAM or swap space
#   In 32 bit mode, the process size limit was hit
# Possible solutions:
#   Reduce memory load on the system
#   Increase physical memory or swap space
#   Check if swap backing store is full
#   Use 64 bit Java on a 64 bit OS
#   Decrease Java heap size (-Xmx/-Xms)
#   Decrease number of Java threads
#   Decrease Java thread stack sizes (-Xss)
#   Set larger code cache with -XX:ReservedCodeCacheSize=
# This output file may be truncated or incomplete.
#
#  Out of Memory Error (allocation.cpp:390), pid=234692, tid=0x000000000003712c
#
# JRE version: Java(TM) SE Runtime Environment (8.0_92-b14) (build 1.8.0_92-b14)
# Java VM: Java HotSpot(TM) 64-Bit Server VM (25.92-b14 mixed mode windows-amd64 compressed oops)
# Failed to write core dump. Minidumps are not enabled by default on client versions of Windows
#

---------------  T H R E A D  ---------------

Current thread (0x0000000017292000):  JavaThread "C2 CompilerThread2" daemon [_thread_in_native, id=225580, stack(0x0000000017b00000,0x0000000017c00000)]

Stack: [0x0000000017b00000,0x0000000017c00000]
[error occurred during error reporting (printing stack bounds), id 0xc0000005]

Native frames: (J=compiled Java code, j=interpreted, Vv=VM code, C=native code)


Current CompileTask:
C2:    880 1106   !   4       com.android.dx.cf.code.BytecodeArray::parseInstruction (2764 bytes)


---------------  P R O C E S S  ---------------

Java Threads: ( => current thread )
  0x000000001758c000 JavaThread "pool-1-thread-4" [_thread_blocked, id=226796, stack(0x0000000018b00000,0x0000000018c00000)]
  0x0000000017f58000 JavaThread "pool-1-thread-3" [_thread_in_vm, id=227348, stack(0x0000000018a00000,0x0000000018b00000)]
  0x00000000175a2000 JavaThread "pool-1-thread-2" [_thread_blocked, id=231236, stack(0x0000000018900000,0x0000000018a00000)]
  0x000000001754a000 JavaThread "pool-2-thread-1" [_thread_blocked, id=227160, stack(0x0000000018800000,0x0000000018900000)]
  0x000000001752c800 JavaThread "pool-1-thread-1" [_thread_in_Java, id=225540, stack(0x0000000018700000,0x0000000018800000)]
  0x000000001732e000 JavaThread "Service Thread" daemon [_thread_blocked, id=222088, stack(0x0000000017d00000,0x0000000017e00000)]
  0x0000000017297000 JavaThread "C1 CompilerThread3" daemon [_thread_blocked, id=224044, stack(0x0000000017c00000,0x0000000017d00000)]
=>0x0000000017292000 JavaThread "C2 CompilerThread2" daemon [_thread_in_native, id=225580, stack(0x0000000017b00000,0x0000000017c00000)]
  0x000000001728d000 JavaThread "C2 CompilerThread1" daemon [_thread_blocked, id=222808, stack(0x0000000017a00000,0x0000000017b00000)]
  0x000000001728a800 JavaThread "C2 CompilerThread0" daemon [_thread_blocked, id=227484, stack(0x0000000017900000,0x0000000017a00000)]
  0x0000000017239000 JavaThread "Attach Listener" daemon [_thread_blocked, id=225248, stack(0x0000000017800000,0x0000000017900000)]
  0x0000000017238000 JavaThread "Signal Dispatcher" daemon [_thread_blocked, id=224656, stack(0x0000000017700000,0x0000000017800000)]
  0x0000000017220800 JavaThread "Finalizer" daemon [_thread_blocked, id=226568, stack(0x0000000017600000,0x0000000017700000)]
  0x0000000002808000 JavaThread "Reference Handler" daemon [_thread_blocked, id=229124, stack(0x0000000017100000,0x0000000017200000)]
  0x000000000237e000 JavaThread "main" [_thread_blocked, id=224628, stack(0x00000000021d0000,0x00000000022d0000)]

Other Threads:
  0x0000000015329000 VMThread [stack: 0x0000000017000000,0x0000000017100000] [id=227968]
  0x00000000173c0000 WatcherThread [stack: 0x0000000017e00000,0x0000000017f00000] [id=223416]

VM state:not at safepoint (normal execution)

VM Mutex/Monitor currently owned by a thread: None

Heap:
 PSYoungGen      total 57344K, used 10366K [0x00000000eab00000, 0x00000000eeb00000, 0x0000000100000000)
  eden space 49152K, 4% used [0x00000000eab00000,0x00000000ead25320,0x00000000edb00000)
  from space 8192K, 99% used [0x00000000edb00000,0x00000000ee2fa7c0,0x00000000ee300000)
  to   space 8192K, 0% used [0x00000000ee300000,0x00000000ee300000,0x00000000eeb00000)
 ParOldGen       total 131072K, used 595K [0x00000000c0000000, 0x00000000c8000000, 0x00000000eab00000)
  object space 131072K, 0% used [0x00000000c0000000,0x00000000c0094e88,0x00000000c8000000)
 Metaspace       used 6047K, capacity 6902K, committed 7040K, reserved 1056768K
  class space    used 603K, capacity 622K, committed 640K, reserved 1048576K

Card table byte_map: [0x0000000011bd0000,0x0000000011de0000] byte_map_base: 0x00000000115d0000

Marking Bits: (ParMarkBitMap*) 0x00000000589964f0
 Begin Bits: [0x0000000012740000, 0x0000000013740000)
 End Bits:   [0x0000000013740000, 0x0000000014740000)

Polling page: 0x0000000000550000

CodeCache: size=245760Kb used=4631Kb max_used=4631Kb free=241128Kb
 bounds [0x0000000002810000, 0x0000000002ca0000, 0x0000000011810000]
 total_blobs=1457 nmethods=1186 adapters=184
 compilation: enabled

Compilation events (10 events):
Event: 0.807 Thread 0x0000000017297000 nmethod 1192 0x0000000002c90810 code [0x0000000002c90ba0, 0x0000000002c93018]
Event: 0.807 Thread 0x0000000017297000 1195       3       com.android.dx.ssa.SsaConverter::edgeSplitMoveExceptionsAndResults (157 bytes)
Event: 0.809 Thread 0x0000000017297000 nmethod 1195 0x0000000002c94250 code [0x0000000002c945e0, 0x0000000002c963a8]
Event: 0.809 Thread 0x0000000017297000 1202       3       com.android.dx.rop.code.RegisterSpecSet::intersect (117 bytes)
Event: 0.810 Thread 0x0000000017297000 nmethod 1202 0x0000000002c978d0 code [0x0000000002c97ac0, 0x0000000002c984b8]
Event: 0.810 Thread 0x0000000017297000 1200       3       com.android.dx.ssa.back.SsaToRop::removePhiFunctions (83 bytes)
Event: 0.811 Thread 0x0000000017297000 nmethod 1200 0x0000000002c98b10 code [0x0000000002c98de0, 0x0000000002c9a108]
Event: 0.811 Thread 0x0000000017297000 1196       3       com.android.dx.util.FixedSizeList::shrinkToFit (103 bytes)
Event: 0.811 Thread 0x0000000017297000 nmethod 1196 0x0000000002c9abd0 code [0x0000000002c9ad80, 0x0000000002c9b608]
Event: 0.811 Thread 0x0000000017297000 1215   !   3       com.android.dx.cf.direct.AttributeListParser::parse (323 bytes)

GC Heap History (2 events):
Event: 0.819 GC heap before
{Heap before GC invocations=1 (full 0):
 PSYoungGen      total 57344K, used 49152K [0x00000000eab00000, 0x00000000eeb00000, 0x0000000100000000)
  eden space 49152K, 100% used [0x00000000eab00000,0x00000000edb00000,0x00000000edb00000)
  from space 8192K, 0% used [0x00000000ee300000,0x00000000ee300000,0x00000000eeb00000)
  to   space 8192K, 0% used [0x00000000edb00000,0x00000000edb00000,0x00000000ee300000)
 ParOldGen       total 131072K, used 0K [0x00000000c0000000, 0x00000000c8000000, 0x00000000eab00000)
  object space 131072K, 0% used [0x00000000c0000000,0x00000000c0000000,0x00000000c8000000)
 Metaspace       used 6040K, capacity 6902K, committed 7040K, reserved 1056768K
  class space    used 603K, capacity 622K, committed 640K, reserved 1048576K
Event: 0.874 GC heap after
Heap after GC invocations=1 (full 0):
 PSYoungGen      total 57344K, used 8169K [0x00000000eab00000, 0x00000000eeb00000, 0x0000000100000000)
  eden space 49152K, 0% used [0x00000000eab00000,0x00000000eab00000,0x00000000edb00000)
  from space 8192K, 99% used [0x00000000edb00000,0x00000000ee2fa7c0,0x00000000ee300000)
  to   space 8192K, 0% used [0x00000000ee300000,0x00000000ee300000,0x00000000eeb00000)
 ParOldGen       total 131072K, used 595K [0x00000000c0000000, 0x00000000c8000000, 0x00000000eab00000)
  object space 131072K, 0% used [0x00000000c0000000,0x00000000c0094e88,0x00000000c8000000)
 Metaspace       used 6040K, capacity 6902K, committed 7040K, reserved 1056768K
  class space    used 603K, capacity 622K, committed 640K, reserved 1048576K
}

Deoptimization events (10 events):
Event: 0.490 Thread 0x00000000175a2000 Uncommon trap: reason=class_check action=maybe_recompile pc=0x0000000002a3c430 method=com.android.dx.ssa.NormalSsaInsn.accept(Lcom/android/dx/ssa/SsaInsn$Visitor;)V @ 9
Event: 0.490 Thread 0x00000000175a2000 Uncommon trap: reason=class_check action=maybe_recompile pc=0x0000000002a3c430 method=com.android.dx.ssa.NormalSsaInsn.accept(Lcom/android/dx/ssa/SsaInsn$Visitor;)V @ 9
Event: 0.513 Thread 0x00000000175a2000 Uncommon trap: reason=class_check action=maybe_recompile pc=0x0000000002ac2fdc method=com.android.dx.ssa.NormalSsaInsn.accept(Lcom/android/dx/ssa/SsaInsn$Visitor;)V @ 9
Event: 0.513 Thread 0x00000000175a2000 Uncommon trap: reason=class_check action=maybe_recompile pc=0x0000000002a3c430 method=com.android.dx.ssa.NormalSsaInsn.accept(Lcom/android/dx/ssa/SsaInsn$Visitor;)V @ 9
Event: 0.513 Thread 0x000000001758c000 Uncommon trap: reason=unstable_if action=reinterpret pc=0x0000000002a3bb6c method=java.util.HashMap.getNode(ILjava/lang/Object;)Ljava/util/HashMap$Node; @ 129
Event: 0.526 Thread 0x000000001758c000 Uncommon trap: reason=unstable_if action=reinterpret pc=0x0000000002ade7d8 method=java.util.HashMap.getNode(ILjava/lang/Object;)Ljava/util/HashMap$Node; @ 129
Event: 0.526 Thread 0x000000001758c000 Uncommon trap: reason=unstable_if action=reinterpret pc=0x0000000002a82588 method=java.util.HashMap.getNode(ILjava/lang/Object;)Ljava/util/HashMap$Node; @ 129
Event: 0.575 Thread 0x00000000175a2000 Uncommon trap: reason=unstable_if action=reinterpret pc=0x0000000002b35f78 method=com.android.dx.cf.code.Ropper.labelToResultIndex(I)I @ 34
Event: 0.604 Thread 0x00000000175a2000 Uncommon trap: reason=unstable_if action=reinterpret pc=0x0000000002bac95c method=com.android.dx.rop.code.RegisterSpecSet.put(Lcom/android/dx/rop/code/RegisterSpec;)V @ 77
Event: 0.684 Thread 0x000000000237e000 Uncommon trap: reason=unstable_if action=reinterpret pc=0x0000000002bd63fc method=com.android.dx.util.IntList.binarysearch(I)I @ 105

Internal exceptions (2 events):
Event: 0.029 Thread 0x000000000237e000 Exception <a 'java/lang/NoSuchMethodError': Method sun.misc.Unsafe.defineClass(Ljava/lang/String;[BII)Ljava/lang/Class; name or signature does not match> (0x00000000eab07cc0) thrown at [D:\re\workspace\8-2-build-windows-amd64-cygwin\jdk8u92\6642\hotspot\srF¯iK˘Áù?
Event: 0.029 Thread 0x000000000237e000 Exception <a 'java/lang/NoSuchMethodError': Method sun.misc.Unsafe.prefetchRead(Ljava/lang/Object;J)V name or signature does not match> (0x00000000eab07fa8) thrown at [D:\re\workspace\8-2-build-windows-amd64-cygwin\jdk8u92\6642\hotspot\src\share\vm\prims\j

Events (10 events):
Event: 0.677 Executing VM operation: ForceSafepoint done
Event: 0.684 Thread 0x000000000237e000 Uncommon trap: trap_request=0xffffff65 fr.pc=0x0000000002bd63fc
Event: 0.684 Thread 0x000000000237e000 DEOPT PACKING pc=0x0000000002bd63fc sp=0x00000000022cdfe0
Event: 0.684 Thread 0x000000000237e000 DEOPT UNPACKING pc=0x000000000285582a sp=0x00000000022cdf58 mode 2
Event: 0.741 Thread 0x000000000237e000 DEOPT PACKING pc=0x0000000002b7fdc2 sp=0x00000000022cdea0
Event: 0.741 Thread 0x000000000237e000 DEOPT UNPACKING pc=0x000000000285787f sp=0x00000000022cdc08 mode 0
Event: 0.766 Thread 0x000000001752c800 DEOPT PACKING pc=0x0000000002b66ffa sp=0x00000000187fe470
Event: 0.766 Thread 0x000000001752c800 DEOPT UNPACKING pc=0x000000000285787f sp=0x00000000187fe1d8 mode 0
Event: 0.813 Executing VM operation: ParallelGCFailedAllocation
Event: 0.875 Executing VM operation: ParallelGCFailedAllocation done


Dynamic libraries:
0x00007ff646d50000 - 0x00007ff646d87000 	C:\Program Files\Java\jdk1.8.0_92\bin\java.exe
0x00007ffa84da0000 - 0x00007ffa84f61000 	C:\WINDOWS\SYSTEM32\ntdll.dll
0x00007ffa82480000 - 0x00007ffa8252d000 	C:\WINDOWS\system32\KERNEL32.DLL
0x00007ffa81c50000 - 0x00007ffa81e38000 	C:\WINDOWS\system32\KERNELBASE.dll
0x00007ffa7faf0000 - 0x00007ffa7fb69000 	C:\WINDOWS\system32\apphelp.dll
0x00007ffa82960000 - 0x00007ffa82a07000 	C:\WINDOWS\system32\ADVAPI32.dll
0x00007ffa82f50000 - 0x00007ffa82fed000 	C:\WINDOWS\system32\msvcrt.dll
0x00007ffa82b70000 - 0x00007ffa82bcb000 	C:\WINDOWS\system32\sechost.dll
0x00007ffa834a0000 - 0x00007ffa835bc000 	C:\WINDOWS\system32\RPCRT4.dll
0x00007ffa82a10000 - 0x00007ffa82b66000 	C:\WINDOWS\system32\USER32.dll
0x00007ffa83140000 - 0x00007ffa832c6000 	C:\WINDOWS\system32\GDI32.dll
0x00007ffa76500000 - 0x00007ffa76774000 	C:\WINDOWS\WinSxS\amd64_microsoft.windows.common-controls_6595b64144ccf1df_6.0.10586.0_none_8c15ae12515e1c22\COMCTL32.dll
0x00007ffa835c0000 - 0x00007ffa8383d000 	C:\WINDOWS\system32\combase.dll
0x00007ffa81be0000 - 0x00007ffa81c4a000 	C:\WINDOWS\system32\bcryptPrimitives.dll
0x00007ffa823e0000 - 0x00007ffa8241b000 	C:\WINDOWS\system32\IMM32.DLL
0x00000000576b0000 - 0x0000000057782000 	C:\Program Files\Java\jdk1.8.0_92\jre\bin\msvcr100.dll
0x0000000058180000 - 0x0000000058a16000 	C:\Program Files\Java\jdk1.8.0_92\jre\bin\server\jvm.dll
0x00007ffa82bd0000 - 0x00007ffa82bd8000 	C:\WINDOWS\system32\PSAPI.DLL
0x00007ffa7fbc0000 - 0x00007ffa7fbc9000 	C:\WINDOWS\SYSTEM32\WSOCK32.dll
0x00007ffa76bc0000 - 0x00007ffa76bca000 	C:\WINDOWS\SYSTEM32\VERSION.dll
0x00007ffa7ef70000 - 0x00007ffa7ef93000 	C:\WINDOWS\SYSTEM32\WINMM.dll
0x00007ffa82d80000 - 0x00007ffa82deb000 	C:\WINDOWS\system32\WS2_32.dll
0x0000000000a00000 - 0x0000000000a2c000 	C:\WINDOWS\SYSTEM32\WINMMBASE.dll
0x00007ffa82070000 - 0x00007ffa820b3000 	C:\WINDOWS\system32\cfgmgr32.dll
0x0000000058170000 - 0x000000005817f000 	C:\Program Files\Java\jdk1.8.0_92\jre\bin\verify.dll
0x0000000058060000 - 0x0000000058089000 	C:\Program Files\Java\jdk1.8.0_92\jre\bin\java.dll
0x0000000058040000 - 0x0000000058056000 	C:\Program Files\Java\jdk1.8.0_92\jre\bin\zip.dll
0x00007ffa83840000 - 0x00007ffa84d9c000 	C:\WINDOWS\system32\SHELL32.dll
0x00007ffa81450000 - 0x00007ffa81a94000 	C:\WINDOWS\system32\windows.storage.dll
0x00007ffa82420000 - 0x00007ffa82472000 	C:\WINDOWS\system32\shlwapi.dll
0x00007ffa81430000 - 0x00007ffa8143f000 	C:\WINDOWS\system32\kernel.appcore.dll
0x00007ffa820c0000 - 0x00007ffa82175000 	C:\WINDOWS\system32\shcore.dll
0x00007ffa813c0000 - 0x00007ffa8140b000 	C:\WINDOWS\system32\powrprof.dll
0x00007ffa81410000 - 0x00007ffa81424000 	C:\WINDOWS\system32\profapi.dll

VM Arguments:
jvm_args: -Djava.awt.headless=true -Xmx1024M -Dfile.encoding=GBK -Duser.country=CN -Duser.language=zh -Duser.variant 
java_command: com.android.dx.command.Main --dex --force-jumbo --num-threads=4 --output C:\Users\Wicker\Documents\GitHub_Clone\shopping\Shopping2\Shopping\app\build\intermediates\pre-dexed\debug\com.google.android.gms-play-services-wearable-8.4.0_3448c1cf7e7030c697cccd3740b1f2cf3e695353.jar C:\Users\Wicker\Documents\GitHub_Clone\shopping\Shopping2\Shopping\app\build\intermediates\exploded-aar\com.google.android.gms\play-services-wearable\8.4.0\jars\classes.jar
java_class_path (initial): D:\Android\Sdk\build-tools\23.0.3\lib\dx.jar
Launcher Type: SUN_STANDARD

Environment Variables:
JAVA_HOME=C:\Program Files\Java\jdk1.8.0_92
CLASSPATH=.C:\Program Files\Java\jdk1.8.0_92\lib;C:\Program Files\Java\jdk1.8.0_92\lib\tools.jar;
PATH=C:\ProgramData\Oracle\Java\javapath;C:\Program Files (x86)\Common Files\Intel\Shared Libraries\redist\intel64\compiler;C:\WINDOWS\system32;C:\WINDOWS;C:\WINDOWS\System32\Wbem;C:\WINDOWS\System32\WindowsPowerShell\v1.0\;C:\Program Files (x86)\QuickTime\QTSystem\;C:\Program Files\Java\jdk1.7.0_80\bin;C:\Users\Wicker\.dnx\bin;C:\Program Files\Microsoft DNX\Dnvm\;C:\Program Files (x86)\Windows Kits\8.1\Windows Performance Toolkit\;C:\Program Files (x86)\NVIDIA Corporation\PhysX\Common;D:\opencv\build\x86\mingw\bin;D:\opencv\build\x86\vc10\bin;D:\opencv\build\x64\mingw\bin;D:\opencv\build\x64\vc10\bin;D:\gradle-2.10-all\gradle-2.10\bin
USERNAME=Wicker
OS=Windows_NT
PROCESSOR_IDENTIFIER=Intel64 Family 6 Model 60 Stepping 3, GenuineIntel



---------------  S Y S T E M  ---------------

OS: Windows 10.0 , 64 bit Build 10586 (10.0.10586.0)

CPU:total 8 (4 cores per cpu, 2 threads per core) family 6 model 60 stepping 3, cmov, cx8, fxsr, mmx, sse, sse2, sse3, ssse3, sse4.1, sse4.2, popcnt, avx, avx2, aes, clmul, erms, lzcnt, ht, tsc, tscinvbit, bmi1, bmi2

Memory: 4k page, physical 12500872k(3364648k free), swap 13287304k(5152k free)

vm_info: Java HotSpot(TM) 64-Bit Server VM (25.92-b14) for windows-amd64 JRE (1.8.0_92-b14), built on Mar 31 2016 21:03:04 by "java_re" with MS VC++ 10.0 (VS2010)

time: Sat Jun 18 01:35:31 2016
elapsed time: 0 seconds (0d 0h 0m 0s)

