#
# There is insufficient memory for the Java Runtime Environment to continue.
# Native memory allocation (malloc) failed to allocate 1073296 bytes for Chunk::new
# Possible reasons:
#   The system is out of physical RAM or swap space
#   In 32 bit mode, the process size limit was hit
# Possible solutions:
#   Reduce memory load on the system
#   Increase physical memory or swap space
#   Check if swap backing store is full
#   Use 64 bit Java on a 64 bit OS
#   Decrease Java heap size (-Xmx/-Xms)
#   Decrease number of Java threads
#   Decrease Java thread stack sizes (-Xss)
#   Set larger code cache with -XX:ReservedCodeCacheSize=
# This output file may be truncated or incomplete.
#
#  Out of Memory Error (allocation.cpp:390), pid=67580, tid=0x00000000000125c0
#
# JRE version: Java(TM) SE Runtime Environment (8.0_92-b14) (build 1.8.0_92-b14)
# Java VM: Java HotSpot(TM) 64-Bit Server VM (25.92-b14 mixed mode windows-amd64 compressed oops)
# Failed to write core dump. Minidumps are not enabled by default on client versions of Windows
#

---------------  T H R E A D  ---------------

Current thread (0x00000000170f4000):  JavaThread "C2 CompilerThread2" daemon [_thread_in_native, id=75200, stack(0x0000000017910000,0x0000000017a10000)]

Stack: [0x0000000017910000,0x0000000017a10000]
[error occurred during error reporting (printing stack bounds), id 0xc0000005]

Native frames: (J=compiled Java code, j=interpreted, Vv=VM code, C=native code)


Current CompileTask:
C2:   3047 1084   !   4       com.android.dx.cf.code.BytecodeArray::parseInstruction (2764 bytes)


---------------  P R O C E S S  ---------------

Java Threads: ( => current thread )
  0x0000000017fb9800 JavaThread "pool-2-thread-4" [_thread_blocked, id=50636, stack(0x0000000018910000,0x0000000018a10000)]
  0x0000000018198800 JavaThread "pool-2-thread-3" [_thread_blocked, id=83044, stack(0x0000000018810000,0x0000000018910000)]
  0x0000000018197800 JavaThread "pool-2-thread-2" [_thread_blocked, id=63392, stack(0x0000000018710000,0x0000000018810000)]
  0x00000000173bf800 JavaThread "pool-3-thread-1" [_thread_blocked, id=39016, stack(0x0000000018610000,0x0000000018710000)]
  0x0000000017d53000 JavaThread "pool-2-thread-1" [_thread_in_Java, id=82816, stack(0x0000000018510000,0x0000000018610000)]
  0x00000000170fb800 JavaThread "Service Thread" daemon [_thread_blocked, id=79868, stack(0x0000000017b10000,0x0000000017c10000)]
  0x00000000170f7000 JavaThread "C1 CompilerThread3" daemon [_thread_in_native, id=30172, stack(0x0000000017a10000,0x0000000017b10000)]
=>0x00000000170f4000 JavaThread "C2 CompilerThread2" daemon [_thread_in_native, id=75200, stack(0x0000000017910000,0x0000000017a10000)]
  0x00000000170f2000 JavaThread "C2 CompilerThread1" daemon [_thread_in_native, id=81624, stack(0x0000000017810000,0x0000000017910000)]
  0x0000000017094800 JavaThread "C2 CompilerThread0" daemon [_thread_in_vm, id=75656, stack(0x0000000017710000,0x0000000017810000)]
  0x0000000017091000 JavaThread "Attach Listener" daemon [_thread_blocked, id=81272, stack(0x0000000017610000,0x0000000017710000)]
  0x0000000017047000 JavaThread "Signal Dispatcher" daemon [_thread_blocked, id=80288, stack(0x0000000017510000,0x0000000017610000)]
  0x0000000002618800 JavaThread "Finalizer" daemon [_thread_blocked, id=82028, stack(0x0000000017410000,0x0000000017510000)]
  0x0000000002617000 JavaThread "Reference Handler" daemon [_thread_blocked, id=80528, stack(0x0000000016f10000,0x0000000017010000)]
  0x000000000251e000 JavaThread "main" [_thread_blocked, id=49268, stack(0x0000000002390000,0x0000000002490000)]

Other Threads:
  0x0000000015139000 VMThread [stack: 0x0000000016e10000,0x0000000016f10000] [id=46684]
  0x0000000017113800 WatcherThread [stack: 0x0000000017c10000,0x0000000017d10000] [id=82320]

VM state:not at safepoint (normal execution)

VM Mutex/Monitor currently owned by a thread: None

Heap:
 PSYoungGen      total 57344K, used 14837K [0x00000000eab00000, 0x00000000eeb00000, 0x0000000100000000)
  eden space 49152K, 16% used [0x00000000eab00000,0x00000000eb2ee2f8,0x00000000edb00000)
  from space 8192K, 81% used [0x00000000edb00000,0x00000000ee18f180,0x00000000ee300000)
  to   space 8192K, 0% used [0x00000000ee300000,0x00000000ee300000,0x00000000eeb00000)
 ParOldGen       total 131072K, used 16K [0x00000000c0000000, 0x00000000c8000000, 0x00000000eab00000)
  object space 131072K, 0% used [0x00000000c0000000,0x00000000c0004000,0x00000000c8000000)
 Metaspace       used 6069K, capacity 6904K, committed 7040K, reserved 1056768K
  class space    used 605K, capacity 624K, committed 640K, reserved 1048576K

Card table byte_map: [0x00000000119e0000,0x0000000011bf0000] byte_map_base: 0x00000000113e0000

Marking Bits: (ParMarkBitMap*) 0x000000006d3c64f0
 Begin Bits: [0x0000000012550000, 0x0000000013550000)
 End Bits:   [0x0000000013550000, 0x0000000014550000)

Polling page: 0x0000000000790000

CodeCache: size=245760Kb used=4878Kb max_used=4878Kb free=240881Kb
 bounds [0x0000000002620000, 0x0000000002af0000, 0x0000000011620000]
 total_blobs=1525 nmethods=1254 adapters=184
 compilation: enabled

Compilation events (10 events):
Event: 3.041 Thread 0x00000000170f7000 nmethod 1277 0x0000000002ade890 code [0x0000000002adebc0, 0x0000000002ae0428]
Event: 3.041 Thread 0x00000000170f7000 1284       3       com.android.dx.ssa.SsaMethod::getCountReachableBlocks (44 bytes)
Event: 3.042 Thread 0x00000000170f7000 nmethod 1284 0x0000000002ad8a10 code [0x0000000002ad8be0, 0x0000000002ad9478]
Event: 3.042 Thread 0x00000000170f7000 1282       3       com.android.dx.ssa.back.FirstFitLocalCombiningAllocator::handleNormalUnassociated (99 bytes)
Event: 3.044 Thread 0x00000000170f7000 nmethod 1282 0x0000000002ae1250 code [0x0000000002ae1500, 0x0000000002ae28b8]
Event: 3.044 Thread 0x00000000170f7000 1281       3       com.android.dx.ssa.back.FirstFitLocalCombiningAllocator::handleUnassociatedParameters (60 bytes)
Event: 3.044 Thread 0x00000000170f7000 nmethod 1281 0x0000000002ae3350 code [0x0000000002ae3500, 0x0000000002ae3b98]
Event: 3.044 Thread 0x00000000170f7000 1279       3       com.android.dx.ssa.back.InterferenceGraph::<init> (42 bytes)
Event: 3.045 Thread 0x00000000170f7000 nmethod 1279 0x0000000002ae3e10 code [0x0000000002ae4020, 0x0000000002ae4ae8]
Event: 3.045 Thread 0x00000000170f7000 1280       3       com.android.dx.ssa.back.LivenessAnalyzer::constructInterferenceGraph (47 bytes)

GC Heap History (2 events):
Event: 2.263 GC heap before
{Heap before GC invocations=1 (full 0):
 PSYoungGen      total 57344K, used 49152K [0x00000000eab00000, 0x00000000eeb00000, 0x0000000100000000)
  eden space 49152K, 100% used [0x00000000eab00000,0x00000000edb00000,0x00000000edb00000)
  from space 8192K, 0% used [0x00000000ee300000,0x00000000ee300000,0x00000000eeb00000)
  to   space 8192K, 0% used [0x00000000edb00000,0x00000000edb00000,0x00000000ee300000)
 ParOldGen       total 131072K, used 0K [0x00000000c0000000, 0x00000000c8000000, 0x00000000eab00000)
  object space 131072K, 0% used [0x00000000c0000000,0x00000000c0000000,0x00000000c8000000)
 Metaspace       used 5944K, capacity 6840K, committed 7040K, reserved 1056768K
  class space    used 604K, capacity 624K, committed 640K, reserved 1048576K
Event: 2.546 GC heap after
Heap after GC invocations=1 (full 0):
 PSYoungGen      total 57344K, used 6716K [0x00000000eab00000, 0x00000000eeb00000, 0x0000000100000000)
  eden space 49152K, 0% used [0x00000000eab00000,0x00000000eab00000,0x00000000edb00000)
  from space 8192K, 81% used [0x00000000edb00000,0x00000000ee18f180,0x00000000ee300000)
  to   space 8192K, 0% used [0x00000000ee300000,0x00000000ee300000,0x00000000eeb00000)
 ParOldGen       total 131072K, used 16K [0x00000000c0000000, 0x00000000c8000000, 0x00000000eab00000)
  object space 131072K, 0% used [0x00000000c0000000,0x00000000c0004000,0x00000000c8000000)
 Metaspace       used 5944K, capacity 6840K, committed 7040K, reserved 1056768K
  class space    used 604K, capacity 624K, committed 640K, reserved 1048576K
}

Deoptimization events (10 events):
Event: 1.977 Thread 0x000000000251e000 Uncommon trap: reason=unstable_if action=reinterpret pc=0x000000000283ce60 method=java.util.HashMap.getNode(ILjava/lang/Object;)Ljava/util/HashMap$Node; @ 129
Event: 1.980 Thread 0x000000000251e000 Uncommon trap: reason=null_check action=make_not_entrant pc=0x00000000028d7d28 method=com.android.dx.rop.type.Type.equals(Ljava/lang/Object;)Z @ 8
Event: 2.000 Thread 0x000000000251e000 Uncommon trap: reason=class_check action=maybe_recompile pc=0x00000000028bd7d4 method=com.android.dx.ssa.NormalSsaInsn.accept(Lcom/android/dx/ssa/SsaInsn$Visitor;)V @ 9
Event: 2.018 Thread 0x0000000017fb9800 Uncommon trap: reason=unstable_if action=reinterpret pc=0x00000000028d71dc method=com.android.dx.rop.cst.Constant.compareTo(Lcom/android/dx/rop/cst/Constant;)I @ 12
Event: 2.060 Thread 0x0000000017fb9800 Uncommon trap: reason=unstable_if action=reinterpret pc=0x000000000296d454 method=java.util.HashMap.getNode(ILjava/lang/Object;)Ljava/util/HashMap$Node; @ 129
Event: 2.060 Thread 0x0000000017fb9800 Uncommon trap: reason=unstable_if action=reinterpret pc=0x00000000028abb90 method=java.util.HashMap.getNode(ILjava/lang/Object;)Ljava/util/HashMap$Node; @ 129
Event: 2.094 Thread 0x000000000251e000 Uncommon trap: reason=class_check action=maybe_recompile pc=0x00000000028bd7d4 method=com.android.dx.ssa.NormalSsaInsn.accept(Lcom/android/dx/ssa/SsaInsn$Visitor;)V @ 9
Event: 2.094 Thread 0x000000000251e000 Uncommon trap: reason=class_check action=maybe_recompile pc=0x00000000028838b0 method=com.android.dx.ssa.NormalSsaInsn.accept(Lcom/android/dx/ssa/SsaInsn$Visitor;)V @ 9
Event: 2.094 Thread 0x000000000251e000 Uncommon trap: reason=class_check action=maybe_recompile pc=0x00000000028838b0 method=com.android.dx.ssa.NormalSsaInsn.accept(Lcom/android/dx/ssa/SsaInsn$Visitor;)V @ 9
Event: 2.105 Thread 0x000000000251e000 Uncommon trap: reason=class_check action=maybe_recompile pc=0x00000000028bd7d4 method=com.android.dx.ssa.NormalSsaInsn.accept(Lcom/android/dx/ssa/SsaInsn$Visitor;)V @ 9

Internal exceptions (3 events):
Event: 0.156 Thread 0x000000000251e000 Exception <a 'java/lang/NoSuchMethodError': Method sun.misc.Unsafe.defineClass(Ljava/lang/String;[BII)Ljava/lang/Class; name or signature does not match> (0x00000000eab07cc0) thrown at [D:\re\workspace\8-2-build-windows-amd64-cygwin\jdk8u92\6642\hotspot\sr,e¹‡PÄ?
Event: 0.156 Thread 0x000000000251e000 Exception <a 'java/lang/NoSuchMethodError': Method sun.misc.Unsafe.prefetchRead(Ljava/lang/Object;J)V name or signature does not match> (0x00000000eab07fa8) thrown at [D:\re\workspace\8-2-build-windows-amd64-cygwin\jdk8u92\6642\hotspot\src\share\vm\prims\jGÄÐVø®ÿ?
Event: 1.980 Thread 0x000000000251e000 Implicit null exception at 0x00000000028d7c22 to 0x00000000028d7d1a

Events (10 events):
Event: 2.124 Thread 0x0000000017d53000 DEOPT PACKING pc=0x00000000029a4bba sp=0x000000001860e9e0
Event: 2.124 Thread 0x0000000017d53000 DEOPT UNPACKING pc=0x000000000266787f sp=0x000000001860e750 mode 0
Event: 2.227 Executing VM operation: ParallelGCFailedAllocation
Event: 2.546 Executing VM operation: ParallelGCFailedAllocation done
Event: 2.729 loading class com/android/dx/cf/attrib/AttRuntimeInvisibleParameterAnnotations
Event: 2.729 loading class com/android/dx/cf/attrib/AttRuntimeInvisibleParameterAnnotations done
Event: 2.729 loading class com/android/dx/cf/attrib/BaseParameterAnnotations
Event: 2.729 loading class com/android/dx/cf/attrib/BaseParameterAnnotations done
Event: 2.782 Thread 0x0000000018198800 DEOPT PACKING pc=0x000000000297b3a5 sp=0x000000001890edd0
Event: 2.782 Thread 0x0000000018198800 DEOPT UNPACKING pc=0x000000000266787f sp=0x000000001890ebc0 mode 0


Dynamic libraries:
0x00007ff6e5d30000 - 0x00007ff6e5d67000 	C:\Program Files\Java\jdk1.8.0_92\bin\java.exe
0x00007ffd25520000 - 0x00007ffd256e1000 	C:\WINDOWS\SYSTEM32\ntdll.dll
0x00007ffd22920000 - 0x00007ffd229cd000 	C:\WINDOWS\system32\KERNEL32.DLL
0x00007ffd21ed0000 - 0x00007ffd220b8000 	C:\WINDOWS\system32\KERNELBASE.dll
0x00007ffd20330000 - 0x00007ffd203a9000 	C:\WINDOWS\system32\apphelp.dll
0x00007ffd24e90000 - 0x00007ffd24f37000 	C:\WINDOWS\system32\ADVAPI32.dll
0x00007ffd247c0000 - 0x00007ffd2485d000 	C:\WINDOWS\system32\msvcrt.dll
0x00007ffd24e30000 - 0x00007ffd24e8b000 	C:\WINDOWS\system32\sechost.dll
0x00007ffd24d10000 - 0x00007ffd24e2c000 	C:\WINDOWS\system32\RPCRT4.dll
0x00007ffd24500000 - 0x00007ffd24656000 	C:\WINDOWS\system32\USER32.dll
0x00007ffd24240000 - 0x00007ffd243c6000 	C:\WINDOWS\system32\GDI32.dll
0x00007ffd125d0000 - 0x00007ffd12844000 	C:\WINDOWS\WinSxS\amd64_microsoft.windows.common-controls_6595b64144ccf1df_6.0.10586.0_none_8c15ae12515e1c22\COMCTL32.dll
0x00007ffd252a0000 - 0x00007ffd2551d000 	C:\WINDOWS\system32\combase.dll
0x00007ffd228b0000 - 0x00007ffd2291a000 	C:\WINDOWS\system32\bcryptPrimitives.dll
0x00007ffd25260000 - 0x00007ffd2529b000 	C:\WINDOWS\system32\IMM32.DLL
0x000000006c720000 - 0x000000006c7f2000 	C:\Program Files\Java\jdk1.8.0_92\jre\bin\msvcr100.dll
0x000000006cbb0000 - 0x000000006d446000 	C:\Program Files\Java\jdk1.8.0_92\jre\bin\server\jvm.dll
0x00007ffd229d0000 - 0x00007ffd229d8000 	C:\WINDOWS\system32\PSAPI.DLL
0x00007ffd16d10000 - 0x00007ffd16d19000 	C:\WINDOWS\SYSTEM32\WSOCK32.dll
0x00007ffd24860000 - 0x00007ffd248cb000 	C:\WINDOWS\system32\WS2_32.dll
0x00007ffd1fd70000 - 0x00007ffd1fd93000 	C:\WINDOWS\SYSTEM32\WINMM.dll
0x00007ffd13f70000 - 0x00007ffd13f7a000 	C:\WINDOWS\SYSTEM32\VERSION.dll
0x00007ffd1fbb0000 - 0x00007ffd1fbdc000 	C:\WINDOWS\SYSTEM32\WINMMBASE.dll
0x00007ffd22150000 - 0x00007ffd22193000 	C:\WINDOWS\system32\cfgmgr32.dll
0x000000006de60000 - 0x000000006de6f000 	C:\Program Files\Java\jdk1.8.0_92\jre\bin\verify.dll
0x000000006de30000 - 0x000000006de59000 	C:\Program Files\Java\jdk1.8.0_92\jre\bin\java.dll
0x000000006de10000 - 0x000000006de26000 	C:\Program Files\Java\jdk1.8.0_92\jre\bin\zip.dll
0x00007ffd22a90000 - 0x00007ffd23fec000 	C:\WINDOWS\system32\SHELL32.dll
0x00007ffd221a0000 - 0x00007ffd227e4000 	C:\WINDOWS\system32\windows.storage.dll
0x00007ffd243d0000 - 0x00007ffd24422000 	C:\WINDOWS\system32\shlwapi.dll
0x00007ffd21b40000 - 0x00007ffd21b4f000 	C:\WINDOWS\system32\kernel.appcore.dll
0x00007ffd227f0000 - 0x00007ffd228a5000 	C:\WINDOWS\system32\shcore.dll
0x00007ffd21b50000 - 0x00007ffd21b9b000 	C:\WINDOWS\system32\powrprof.dll
0x00007ffd21bb0000 - 0x00007ffd21bc4000 	C:\WINDOWS\system32\profapi.dll

VM Arguments:
jvm_args: -Djava.awt.headless=true -Xmx1024M -Dfile.encoding=GBK -Duser.country=CN -Duser.language=zh -Duser.variant 
java_command: com.android.dx.command.Main --dex --force-jumbo --num-threads=4 --multi-dex --output C:\Users\Wicker\Documents\GitHub_Clone\shopping\Shopping2\Shopping\app\build\intermediates\transforms\dex\debug\folders\1000\10\com.google.android.gms-play-services-ads-8.4.0_447a1547f6989476700550b1779ab2ba79d881a7 C:\Users\Wicker\Documents\GitHub_Clone\shopping\Shopping2\Shopping\app\build\intermediates\exploded-aar\com.google.android.gms\play-services-ads\8.4.0\jars\classes.jar
java_class_path (initial): D:\Android\Sdk\build-tools\23.0.3\lib\dx.jar
Launcher Type: SUN_STANDARD

Environment Variables:
JAVA_HOME=C:\Program Files\Java\jdk1.8.0_92
CLASSPATH=.C:\Program Files\Java\jdk1.8.0_92\lib;C:\Program Files\Java\jdk1.8.0_92\lib\tools.jar;
PATH=C:\ProgramData\Oracle\Java\javapath;C:\Program Files (x86)\Common Files\Intel\Shared Libraries\redist\intel64\compiler;C:\WINDOWS\system32;C:\WINDOWS;C:\WINDOWS\System32\Wbem;C:\WINDOWS\System32\WindowsPowerShell\v1.0\;C:\Program Files (x86)\QuickTime\QTSystem\;C:\Program Files\Java\jdk1.7.0_80\bin;C:\Users\Wicker\.dnx\bin;C:\Program Files\Microsoft DNX\Dnvm\;C:\Program Files (x86)\Windows Kits\8.1\Windows Performance Toolkit\;C:\Program Files (x86)\NVIDIA Corporation\PhysX\Common;D:\opencv\build\x86\mingw\bin;D:\opencv\build\x86\vc10\bin;D:\opencv\build\x64\mingw\bin;D:\opencv\build\x64\vc10\bin;D:\gradle-2.10-all\gradle-2.10\bin
USERNAME=Wicker
OS=Windows_NT
PROCESSOR_IDENTIFIER=Intel64 Family 6 Model 60 Stepping 3, GenuineIntel



---------------  S Y S T E M  ---------------

OS: Windows 10.0 , 64 bit Build 10586 (10.0.10586.0)

CPU:total 8 (4 cores per cpu, 2 threads per core) family 6 model 60 stepping 3, cmov, cx8, fxsr, mmx, sse, sse2, sse3, ssse3, sse4.1, sse4.2, popcnt, avx, avx2, aes, clmul, erms, lzcnt, ht, tsc, tscinvbit, bmi1, bmi2

Memory: 4k page, physical 12500872k(2513048k free), swap 13287304k(5756k free)

vm_info: Java HotSpot(TM) 64-Bit Server VM (25.92-b14) for windows-amd64 JRE (1.8.0_92-b14), built on Mar 31 2016 21:03:04 by "java_re" with MS VC++ 10.0 (VS2010)

time: Tue Jun 14 15:40:04 2016
elapsed time: 3 seconds (0d 0h 0m 3s)

