#
# There is insufficient memory for the Java Runtime Environment to continue.
# Native memory allocation (malloc) failed to allocate 513296 bytes for Chunk::new
# Possible reasons:
#   The system is out of physical RAM or swap space
#   In 32 bit mode, the process size limit was hit
# Possible solutions:
#   Reduce memory load on the system
#   Increase physical memory or swap space
#   Check if swap backing store is full
#   Use 64 bit Java on a 64 bit OS
#   Decrease Java heap size (-Xmx/-Xms)
#   Decrease number of Java threads
#   Decrease Java thread stack sizes (-Xss)
#   Set larger code cache with -XX:ReservedCodeCacheSize=
# This output file may be truncated or incomplete.
#
#  Out of Memory Error (allocation.cpp:390), pid=70108, tid=0x0000000000010e60
#
# JRE version: Java(TM) SE Runtime Environment (8.0_92-b14) (build 1.8.0_92-b14)
# Java VM: Java HotSpot(TM) 64-Bit Server VM (25.92-b14 mixed mode windows-amd64 compressed oops)
# Failed to write core dump. Minidumps are not enabled by default on client versions of Windows
#

---------------  T H R E A D  ---------------

Current thread (0x000000001702a000):  JavaThread "C2 CompilerThread2" daemon [_thread_in_native, id=69216, stack(0x00000000178a0000,0x00000000179a0000)]

Stack: [0x00000000178a0000,0x00000000179a0000]
[error occurred during error reporting (printing stack bounds), id 0xc0000005]

Native frames: (J=compiled Java code, j=interpreted, Vv=VM code, C=native code)


Current CompileTask:
C2:   3464 1101       4       com.android.dx.ssa.SCCP::simulateStmt (481 bytes)


---------------  P R O C E S S  ---------------

Java Threads: ( => current thread )
  0x00000000172e4000 JavaThread "pool-2-thread-4" [_thread_in_vm, id=77216, stack(0x00000000181a0000,0x00000000182a0000)]
  0x00000000172e0800 JavaThread "pool-2-thread-3" [_thread_in_Java, id=76584, stack(0x00000000180a0000,0x00000000181a0000)]
  0x00000000172df800 JavaThread "pool-2-thread-2" [_thread_blocked, id=70940, stack(0x0000000017fa0000,0x00000000180a0000)]
  0x00000000172dc800 JavaThread "pool-3-thread-1" [_thread_blocked, id=71200, stack(0x0000000017ea0000,0x0000000017fa0000)]
  0x00000000172dc000 JavaThread "pool-2-thread-1" [_thread_blocked, id=70216, stack(0x0000000017da0000,0x0000000017ea0000)]
  0x00000000170d3000 JavaThread "Service Thread" daemon [_thread_blocked, id=70880, stack(0x0000000017aa0000,0x0000000017ba0000)]
  0x000000001703c800 JavaThread "C1 CompilerThread3" daemon [_thread_in_native, id=67280, stack(0x00000000179a0000,0x0000000017aa0000)]
=>0x000000001702a000 JavaThread "C2 CompilerThread2" daemon [_thread_in_native, id=69216, stack(0x00000000178a0000,0x00000000179a0000)]
  0x0000000017027000 JavaThread "C2 CompilerThread1" daemon [_thread_in_native, id=68748, stack(0x00000000177a0000,0x00000000178a0000)]
  0x0000000017024800 JavaThread "C2 CompilerThread0" daemon [_thread_in_native, id=69088, stack(0x00000000176a0000,0x00000000177a0000)]
  0x0000000016fd7000 JavaThread "Attach Listener" daemon [_thread_blocked, id=73348, stack(0x00000000175a0000,0x00000000176a0000)]
  0x0000000016fd5800 JavaThread "Signal Dispatcher" daemon [_thread_blocked, id=69052, stack(0x00000000174a0000,0x00000000175a0000)]
  0x0000000002588800 JavaThread "Finalizer" daemon [_thread_blocked, id=69968, stack(0x00000000173a0000,0x00000000174a0000)]
  0x0000000002587000 JavaThread "Reference Handler" daemon [_thread_blocked, id=71820, stack(0x0000000016ea0000,0x0000000016fa0000)]
  0x000000000084e000 JavaThread "main" [_thread_blocked, id=74836, stack(0x0000000002390000,0x0000000002490000)]

Other Threads:
  0x00000000150a9000 VMThread [stack: 0x0000000016da0000,0x0000000016ea0000] [id=72808]
  0x00000000170e3800 WatcherThread [stack: 0x0000000017ba0000,0x0000000017ca0000] [id=67824]

VM state:not at safepoint (normal execution)

VM Mutex/Monitor currently owned by a thread: None

Heap:
 PSYoungGen      total 57344K, used 32474K [0x00000000eab00000, 0x00000000eeb00000, 0x0000000100000000)
  eden space 49152K, 66% used [0x00000000eab00000,0x00000000ecab69b0,0x00000000edb00000)
  from space 8192K, 0% used [0x00000000ee300000,0x00000000ee300000,0x00000000eeb00000)
  to   space 8192K, 0% used [0x00000000edb00000,0x00000000edb00000,0x00000000ee300000)
 ParOldGen       total 131072K, used 0K [0x00000000c0000000, 0x00000000c8000000, 0x00000000eab00000)
  object space 131072K, 0% used [0x00000000c0000000,0x00000000c0000000,0x00000000c8000000)
 Metaspace       used 5966K, capacity 6838K, committed 7040K, reserved 1056768K
  class space    used 602K, capacity 622K, committed 640K, reserved 1048576K

Card table byte_map: [0x0000000011950000,0x0000000011b60000] byte_map_base: 0x0000000011350000

Marking Bits: (ParMarkBitMap*) 0x00000000589964f0
 Begin Bits: [0x00000000124c0000, 0x00000000134c0000)
 End Bits:   [0x00000000134c0000, 0x00000000144c0000)

Polling page: 0x0000000000590000

CodeCache: size=245760Kb used=4619Kb max_used=4623Kb free=241140Kb
 bounds [0x0000000002590000, 0x0000000002a20000, 0x0000000011590000]
 total_blobs=1433 nmethods=1162 adapters=184
 compilation: enabled

Compilation events (10 events):
Event: 3.458 Thread 0x0000000017027000 1145       4       com.android.dx.ssa.SsaBasicBlock::forEachPhiInsn (54 bytes)
Event: 3.459 Thread 0x000000001703c800 1160       3       com.android.dx.rop.cst.CstKnownNull::getType (4 bytes)
Event: 3.459 Thread 0x000000001703c800 nmethod 1160 0x0000000002a0dfd0 code [0x0000000002a0e120, 0x0000000002a0e270]
Event: 3.459 Thread 0x000000001703c800 1161       3       com.android.dx.rop.code.RegisterSpecSet::intersect (117 bytes)
Event: 3.460 Thread 0x000000001703c800 nmethod 1161 0x0000000002a0cd90 code [0x0000000002a0cf80, 0x0000000002a0d978]
Event: 3.460 Thread 0x000000001703c800 1162       3       com.android.dx.cf.code.OneLocalsArray::merge (22 bytes)
Event: 3.460 Thread 0x000000001703c800 nmethod 1162 0x0000000002a0c250 code [0x0000000002a0c420, 0x0000000002a0cb58]
Event: 3.460 Thread 0x000000001703c800 1163       3       com.android.dx.ssa.SsaMethod::forEachBlockDepthFirstDom (128 bytes)
Event: 3.462 Thread 0x000000001703c800 nmethod 1163 0x0000000002a0f550 code [0x0000000002a0f8a0, 0x0000000002a119f8]
Event: 3.462 Thread 0x000000001703c800 1169       3       com.android.dx.ssa.back.FirstFitLocalCombiningAllocator::handleNormalUnassociated (99 bytes)

GC Heap History (0 events):
No events

Deoptimization events (8 events):
Event: 2.949 Thread 0x00000000172df800 Uncommon trap: reason=unstable_if action=reinterpret pc=0x0000000002791120 method=java.util.HashMap.getNode(ILjava/lang/Object;)Ljava/util/HashMap$Node; @ 129
Event: 2.955 Thread 0x00000000172df800 Uncommon trap: reason=unstable_if action=reinterpret pc=0x00000000027ae7f4 method=java.util.BitSet.ensureCapacity(I)V @ 6
Event: 3.242 Thread 0x00000000172dc000 Uncommon trap: reason=unstable_if action=reinterpret pc=0x00000000027a9630 method=java.util.HashMap.getNode(ILjava/lang/Object;)Ljava/util/HashMap$Node; @ 129
Event: 3.301 Thread 0x00000000172df800 Uncommon trap: reason=class_check action=maybe_recompile pc=0x000000000287f4a0 method=com.android.dx.ssa.NormalSsaInsn.accept(Lcom/android/dx/ssa/SsaInsn$Visitor;)V @ 9
Event: 3.302 Thread 0x00000000172df800 Uncommon trap: reason=class_check action=maybe_recompile pc=0x00000000027c6370 method=com.android.dx.ssa.NormalSsaInsn.accept(Lcom/android/dx/ssa/SsaInsn$Visitor;)V @ 9
Event: 3.302 Thread 0x00000000172df800 Uncommon trap: reason=class_check action=maybe_recompile pc=0x00000000027c6370 method=com.android.dx.ssa.NormalSsaInsn.accept(Lcom/android/dx/ssa/SsaInsn$Visitor;)V @ 9
Event: 3.302 Thread 0x00000000172df800 Uncommon trap: reason=class_check action=maybe_recompile pc=0x00000000027c6370 method=com.android.dx.ssa.NormalSsaInsn.accept(Lcom/android/dx/ssa/SsaInsn$Visitor;)V @ 9
Event: 3.303 Thread 0x00000000172df800 Uncommon trap: reason=class_check action=maybe_recompile pc=0x000000000287f4a0 method=com.android.dx.ssa.NormalSsaInsn.accept(Lcom/android/dx/ssa/SsaInsn$Visitor;)V @ 9

Internal exceptions (2 events):
Event: 0.052 Thread 0x000000000084e000 Exception <a 'java/lang/NoSuchMethodError': Method sun.misc.Unsafe.defineClass(Ljava/lang/String;[BII)Ljava/lang/Class; name or signature does not match> (0x00000000eab07cc0) thrown at [D:\re\workspace\8-2-build-windows-amd64-cygwin\jdk8u92\6642\hotspot\srº‰ûerª?
Event: 0.052 Thread 0x000000000084e000 Exception <a 'java/lang/NoSuchMethodError': Method sun.misc.Unsafe.prefetchRead(Ljava/lang/Object;J)V name or signature does not match> (0x00000000eab07fa8) thrown at [D:\re\workspace\8-2-build-windows-amd64-cygwin\jdk8u92\6642\hotspot\src\share\vm\prims\j

Events (10 events):
Event: 3.302 Thread 0x00000000172df800 DEOPT PACKING pc=0x00000000027c6370 sp=0x000000001809ea40
Event: 3.302 Thread 0x00000000172df800 DEOPT UNPACKING pc=0x00000000025d582a sp=0x000000001809e9e0 mode 2
Event: 3.302 Thread 0x00000000172df800 Uncommon trap: trap_request=0xffffffde fr.pc=0x00000000027c6370
Event: 3.302 Thread 0x00000000172df800 DEOPT PACKING pc=0x00000000027c6370 sp=0x000000001809ea40
Event: 3.302 Thread 0x00000000172df800 DEOPT UNPACKING pc=0x00000000025d582a sp=0x000000001809e9e0 mode 2
Event: 3.303 Thread 0x00000000172df800 Uncommon trap: trap_request=0xffffffde fr.pc=0x000000000287f4a0
Event: 3.303 Thread 0x00000000172df800 DEOPT PACKING pc=0x000000000287f4a0 sp=0x000000001809ea00
Event: 3.303 Thread 0x00000000172df800 DEOPT UNPACKING pc=0x00000000025d582a sp=0x000000001809e9f0 mode 2
Event: 3.444 Executing VM operation: ForceSafepoint
Event: 3.445 Executing VM operation: ForceSafepoint done


Dynamic libraries:
0x00007ff646d50000 - 0x00007ff646d87000 	C:\Program Files\Java\jdk1.8.0_92\bin\java.exe
0x00007ffa84da0000 - 0x00007ffa84f61000 	C:\WINDOWS\SYSTEM32\ntdll.dll
0x00007ffa82480000 - 0x00007ffa8252d000 	C:\WINDOWS\system32\KERNEL32.DLL
0x00007ffa81c50000 - 0x00007ffa81e38000 	C:\WINDOWS\system32\KERNELBASE.dll
0x00007ffa7faf0000 - 0x00007ffa7fb69000 	C:\WINDOWS\system32\apphelp.dll
0x00007ffa82960000 - 0x00007ffa82a07000 	C:\WINDOWS\system32\ADVAPI32.dll
0x00007ffa82f50000 - 0x00007ffa82fed000 	C:\WINDOWS\system32\msvcrt.dll
0x00007ffa82b70000 - 0x00007ffa82bcb000 	C:\WINDOWS\system32\sechost.dll
0x00007ffa834a0000 - 0x00007ffa835bc000 	C:\WINDOWS\system32\RPCRT4.dll
0x00007ffa82a10000 - 0x00007ffa82b66000 	C:\WINDOWS\system32\USER32.dll
0x00007ffa83140000 - 0x00007ffa832c6000 	C:\WINDOWS\system32\GDI32.dll
0x00007ffa76500000 - 0x00007ffa76774000 	C:\WINDOWS\WinSxS\amd64_microsoft.windows.common-controls_6595b64144ccf1df_6.0.10586.0_none_8c15ae12515e1c22\COMCTL32.dll
0x00007ffa835c0000 - 0x00007ffa8383d000 	C:\WINDOWS\system32\combase.dll
0x00007ffa81be0000 - 0x00007ffa81c4a000 	C:\WINDOWS\system32\bcryptPrimitives.dll
0x00007ffa823e0000 - 0x00007ffa8241b000 	C:\WINDOWS\system32\IMM32.DLL
0x00000000576b0000 - 0x0000000057782000 	C:\Program Files\Java\jdk1.8.0_92\jre\bin\msvcr100.dll
0x0000000058180000 - 0x0000000058a16000 	C:\Program Files\Java\jdk1.8.0_92\jre\bin\server\jvm.dll
0x00007ffa82bd0000 - 0x00007ffa82bd8000 	C:\WINDOWS\system32\PSAPI.DLL
0x00007ffa7fbc0000 - 0x00007ffa7fbc9000 	C:\WINDOWS\SYSTEM32\WSOCK32.dll
0x00007ffa82d80000 - 0x00007ffa82deb000 	C:\WINDOWS\system32\WS2_32.dll
0x00007ffa7ef70000 - 0x00007ffa7ef93000 	C:\WINDOWS\SYSTEM32\WINMM.dll
0x00007ffa76bc0000 - 0x00007ffa76bca000 	C:\WINDOWS\SYSTEM32\VERSION.dll
0x00007ffa7ef40000 - 0x00007ffa7ef6c000 	C:\WINDOWS\SYSTEM32\WINMMBASE.dll
0x00007ffa82070000 - 0x00007ffa820b3000 	C:\WINDOWS\system32\cfgmgr32.dll
0x0000000058170000 - 0x000000005817f000 	C:\Program Files\Java\jdk1.8.0_92\jre\bin\verify.dll
0x0000000058060000 - 0x0000000058089000 	C:\Program Files\Java\jdk1.8.0_92\jre\bin\java.dll
0x0000000058040000 - 0x0000000058056000 	C:\Program Files\Java\jdk1.8.0_92\jre\bin\zip.dll
0x00007ffa83840000 - 0x00007ffa84d9c000 	C:\WINDOWS\system32\SHELL32.dll
0x00007ffa81450000 - 0x00007ffa81a94000 	C:\WINDOWS\system32\windows.storage.dll
0x00007ffa82420000 - 0x00007ffa82472000 	C:\WINDOWS\system32\shlwapi.dll
0x00007ffa81430000 - 0x00007ffa8143f000 	C:\WINDOWS\system32\kernel.appcore.dll
0x00007ffa820c0000 - 0x00007ffa82175000 	C:\WINDOWS\system32\shcore.dll
0x00007ffa813c0000 - 0x00007ffa8140b000 	C:\WINDOWS\system32\powrprof.dll
0x00007ffa81410000 - 0x00007ffa81424000 	C:\WINDOWS\system32\profapi.dll

VM Arguments:
jvm_args: -Djava.awt.headless=true -Xmx1024M -Dfile.encoding=GBK -Duser.country=CN -Duser.language=zh -Duser.variant 
java_command: com.android.dx.command.Main --dex --force-jumbo --num-threads=4 --multi-dex --output C:\Users\Wicker\Documents\GitHub_Clone\shopping\Shopping2\Shopping\app\build\intermediates\transforms\dex\debug\folders\1000\10\com.google.android.gms-play-services-gcm-8.4.0_0d23f7231b9711a8d109456335083fe21d80a570 C:\Users\Wicker\Documents\GitHub_Clone\shopping\Shopping2\Shopping\app\build\intermediates\exploded-aar\com.google.android.gms\play-services-gcm\8.4.0\jars\classes.jar
java_class_path (initial): D:\Android\Sdk\build-tools\23.0.3\lib\dx.jar
Launcher Type: SUN_STANDARD

Environment Variables:
JAVA_HOME=C:\Program Files\Java\jdk1.8.0_92
CLASSPATH=.C:\Program Files\Java\jdk1.8.0_92\lib;C:\Program Files\Java\jdk1.8.0_92\lib\tools.jar;
PATH=C:\ProgramData\Oracle\Java\javapath;C:\Program Files (x86)\Common Files\Intel\Shared Libraries\redist\intel64\compiler;C:\WINDOWS\system32;C:\WINDOWS;C:\WINDOWS\System32\Wbem;C:\WINDOWS\System32\WindowsPowerShell\v1.0\;C:\Program Files (x86)\QuickTime\QTSystem\;C:\Program Files\Java\jdk1.7.0_80\bin;C:\Users\Wicker\.dnx\bin;C:\Program Files\Microsoft DNX\Dnvm\;C:\Program Files (x86)\Windows Kits\8.1\Windows Performance Toolkit\;C:\Program Files (x86)\NVIDIA Corporation\PhysX\Common;D:\opencv\build\x86\mingw\bin;D:\opencv\build\x86\vc10\bin;D:\opencv\build\x64\mingw\bin;D:\opencv\build\x64\vc10\bin;D:\gradle-2.10-all\gradle-2.10\bin
USERNAME=Wicker
OS=Windows_NT
PROCESSOR_IDENTIFIER=Intel64 Family 6 Model 60 Stepping 3, GenuineIntel



---------------  S Y S T E M  ---------------

OS: Windows 10.0 , 64 bit Build 10586 (10.0.10586.0)

CPU:total 8 (4 cores per cpu, 2 threads per core) family 6 model 60 stepping 3, cmov, cx8, fxsr, mmx, sse, sse2, sse3, ssse3, sse4.1, sse4.2, popcnt, avx, avx2, aes, clmul, erms, lzcnt, ht, tsc, tscinvbit, bmi1, bmi2

Memory: 4k page, physical 12500872k(2833988k free), swap 13287304k(5104k free)

vm_info: Java HotSpot(TM) 64-Bit Server VM (25.92-b14) for windows-amd64 JRE (1.8.0_92-b14), built on Mar 31 2016 21:03:04 by "java_re" with MS VC++ 10.0 (VS2010)

time: Thu Jun 16 23:35:35 2016
elapsed time: 3 seconds (0d 0h 0m 3s)

