#
# There is insufficient memory for the Java Runtime Environment to continue.
# Native memory allocation (malloc) failed to allocate 81936 bytes for Chunk::new
# Possible reasons:
#   The system is out of physical RAM or swap space
#   In 32 bit mode, the process size limit was hit
# Possible solutions:
#   Reduce memory load on the system
#   Increase physical memory or swap space
#   Check if swap backing store is full
#   Use 64 bit Java on a 64 bit OS
#   Decrease Java heap size (-Xmx/-Xms)
#   Decrease number of Java threads
#   Decrease Java thread stack sizes (-Xss)
#   Set larger code cache with -XX:ReservedCodeCacheSize=
# This output file may be truncated or incomplete.
#
#  Out of Memory Error (allocation.cpp:390), pid=230752, tid=0x0000000000038bb0
#
# JRE version: Java(TM) SE Runtime Environment (8.0_92-b14) (build 1.8.0_92-b14)
# Java VM: Java HotSpot(TM) 64-Bit Server VM (25.92-b14 mixed mode windows-amd64 compressed oops)
# Failed to write core dump. Minidumps are not enabled by default on client versions of Windows
#

---------------  T H R E A D  ---------------

Current thread (0x0000000017100000):  JavaThread "C1 CompilerThread3" daemon [_thread_in_native, id=232368, stack(0x0000000017a20000,0x0000000017b20000)]

Stack: [0x0000000017a20000,0x0000000017b20000]
[error occurred during error reporting (printing stack bounds), id 0xc0000005]

Native frames: (J=compiled Java code, j=interpreted, Vv=VM code, C=native code)


Current CompileTask:
C1:   4049  785   !   3       com.android.dx.cf.code.RopperMachine::run (1550 bytes)


---------------  P R O C E S S  ---------------

Java Threads: ( => current thread )
  0x00000000172df000 JavaThread "pool-1-thread-4" [_thread_blocked, id=233132, stack(0x0000000018120000,0x0000000018220000)]
  0x00000000172d8800 JavaThread "pool-1-thread-3" [_thread_in_vm, id=232716, stack(0x0000000018020000,0x0000000018120000)]
  0x00000000172d7800 JavaThread "pool-1-thread-2" [_thread_in_vm, id=235528, stack(0x0000000017f20000,0x0000000018020000)]
  0x0000000017290800 JavaThread "pool-2-thread-1" [_thread_blocked, id=237468, stack(0x0000000017e20000,0x0000000017f20000)]
  0x0000000017290000 JavaThread "pool-1-thread-1" [_thread_blocked, id=235180, stack(0x0000000017d20000,0x0000000017e20000)]
  0x0000000017140000 JavaThread "Service Thread" daemon [_thread_blocked, id=231640, stack(0x0000000017b20000,0x0000000017c20000)]
=>0x0000000017100000 JavaThread "C1 CompilerThread3" daemon [_thread_in_native, id=232368, stack(0x0000000017a20000,0x0000000017b20000)]
  0x00000000170fa000 JavaThread "C2 CompilerThread2" daemon [_thread_in_native, id=235160, stack(0x0000000017920000,0x0000000017a20000)]
  0x000000001515e000 JavaThread "C2 CompilerThread1" daemon [_thread_in_native, id=232868, stack(0x0000000017820000,0x0000000017920000)]
  0x000000001515b800 JavaThread "C2 CompilerThread0" daemon [_thread_in_native, id=225300, stack(0x0000000017720000,0x0000000017820000)]
  0x000000001705d000 JavaThread "Attach Listener" daemon [_thread_blocked, id=213244, stack(0x0000000017620000,0x0000000017720000)]
  0x00000000170a8000 JavaThread "Signal Dispatcher" daemon [_thread_blocked, id=231808, stack(0x0000000017520000,0x0000000017620000)]
  0x000000000262e000 JavaThread "Finalizer" daemon [_thread_blocked, id=233080, stack(0x0000000017420000,0x0000000017520000)]
  0x0000000002627000 JavaThread "Reference Handler" daemon [_thread_blocked, id=238712, stack(0x0000000016f20000,0x0000000017020000)]
  0x0000000001eee000 JavaThread "main" [_thread_in_Java, id=242200, stack(0x0000000002330000,0x0000000002430000)]

Other Threads:
  0x0000000015149000 VMThread [stack: 0x0000000016e20000,0x0000000016f20000] [id=241100]
  0x0000000017137000 WatcherThread [stack: 0x0000000017c20000,0x0000000017d20000] [id=232516]

VM state:not at safepoint (normal execution)

VM Mutex/Monitor currently owned by a thread: None

Heap:
 PSYoungGen      total 57344K, used 20942K [0x00000000eab00000, 0x00000000eeb00000, 0x0000000100000000)
  eden space 49152K, 42% used [0x00000000eab00000,0x00000000ebf73b28,0x00000000edb00000)
  from space 8192K, 0% used [0x00000000ee300000,0x00000000ee300000,0x00000000eeb00000)
  to   space 8192K, 0% used [0x00000000edb00000,0x00000000edb00000,0x00000000ee300000)
 ParOldGen       total 131072K, used 0K [0x00000000c0000000, 0x00000000c8000000, 0x00000000eab00000)
  object space 131072K, 0% used [0x00000000c0000000,0x00000000c0000000,0x00000000c8000000)
 Metaspace       used 5873K, capacity 6774K, committed 7040K, reserved 1056768K
  class space    used 606K, capacity 622K, committed 640K, reserved 1048576K

Card table byte_map: [0x00000000119f0000,0x0000000011c00000] byte_map_base: 0x00000000113f0000

Marking Bits: (ParMarkBitMap*) 0x00000000589964f0
 Begin Bits: [0x0000000012560000, 0x0000000013560000)
 End Bits:   [0x0000000013560000, 0x0000000014560000)

Polling page: 0x0000000000750000

CodeCache: size=245760Kb used=3099Kb max_used=3106Kb free=242660Kb
 bounds [0x0000000002630000, 0x0000000002940000, 0x0000000011630000]
 total_blobs=1094 nmethods=822 adapters=184
 compilation: enabled

Compilation events (10 events):
Event: 4.032 Thread 0x000000001515b800 nmethod 853 0x0000000002936110 code [0x0000000002936260, 0x0000000002936438]
Event: 4.033 Thread 0x000000001515b800  855       4       com.android.dx.rop.code.BasicBlockList::labelToBlock (46 bytes)
Event: 4.035 Thread 0x000000001515b800 nmethod 855 0x0000000002935bd0 code [0x0000000002935d20, 0x0000000002935e78]
Event: 4.035 Thread 0x000000001515b800  856       4       com.android.dx.rop.code.RegisterSpecSet::mutableCopy (57 bytes)
Event: 4.039 Thread 0x000000001515e000 nmethod 851 0x0000000002936550 code [0x00000000029366e0, 0x0000000002937178]
Event: 4.039 Thread 0x000000001515e000  858   !   4       com.android.dx.rop.cst.StdConstantPool::getOrNull (13 bytes)
Event: 4.040 Thread 0x000000001515e000 nmethod 858 0x00000000029341d0 code [0x0000000002934300, 0x0000000002934398]
Event: 4.040 Thread 0x000000001515e000  860       4       java.util.HashMap::getNode (148 bytes)
Event: 4.042 Thread 0x000000001515b800 nmethod 856 0x0000000002934f10 code [0x00000000029350a0, 0x0000000002935618]
Event: 4.042 Thread 0x000000001515b800  861       4       com.android.dx.ssa.SsaRenamer$BlockRenamer::addMapping (143 bytes)

GC Heap History (0 events):
No events

Deoptimization events (4 events):
Event: 3.950 Thread 0x00000000172d7800 Uncommon trap: reason=class_check action=maybe_recompile pc=0x000000000283b2b0 method=com.android.dx.rop.type.Type.equals(Ljava/lang/Object;)Z @ 8
Event: 3.950 Thread 0x00000000172d7800 Uncommon trap: reason=class_check action=maybe_recompile pc=0x000000000283b2b0 method=com.android.dx.rop.type.Type.equals(Ljava/lang/Object;)Z @ 8
Event: 3.950 Thread 0x00000000172d7800 Uncommon trap: reason=class_check action=maybe_recompile pc=0x000000000283b2b0 method=com.android.dx.rop.type.Type.equals(Ljava/lang/Object;)Z @ 8
Event: 4.038 Thread 0x0000000001eee000 Uncommon trap: reason=class_check action=maybe_recompile pc=0x000000000283b2b0 method=com.android.dx.rop.type.Type.equals(Ljava/lang/Object;)Z @ 8

Internal exceptions (2 events):
Event: 0.233 Thread 0x0000000001eee000 Exception <a 'java/lang/NoSuchMethodError': Method sun.misc.Unsafe.defineClass(Ljava/lang/String;[BII)Ljava/lang/Class; name or signature does not match> (0x00000000eab07cc0) thrown at [D:\re\workspace\8-2-build-windows-amd64-cygwin\jdk8u92\6642\hotspot\srΩR’≤Õ»Õ?
Event: 0.233 Thread 0x0000000001eee000 Exception <a 'java/lang/NoSuchMethodError': Method sun.misc.Unsafe.prefetchRead(Ljava/lang/Object;J)V name or signature does not match> (0x00000000eab07fa8) thrown at [D:\re\workspace\8-2-build-windows-amd64-cygwin\jdk8u92\6642\hotspot\src\share\vm\prims\j

Events (10 events):
Event: 3.950 Thread 0x00000000172d7800 DEOPT PACKING pc=0x000000000283b2b0 sp=0x000000001801e2f0
Event: 3.950 Thread 0x00000000172d7800 DEOPT UNPACKING pc=0x000000000267582a sp=0x000000001801e0d0 mode 2
Event: 3.950 Thread 0x00000000172d7800 Uncommon trap: trap_request=0xffffffde fr.pc=0x000000000283b2b0
Event: 3.950 Thread 0x00000000172d7800 DEOPT PACKING pc=0x000000000283b2b0 sp=0x000000001801e190
Event: 3.950 Thread 0x00000000172d7800 DEOPT UNPACKING pc=0x000000000267582a sp=0x000000001801df70 mode 2
Event: 3.976 loading class java/util/DualPivotQuicksort
Event: 3.976 loading class java/util/DualPivotQuicksort done
Event: 4.038 Thread 0x0000000001eee000 Uncommon trap: trap_request=0xffffffde fr.pc=0x000000000283b2b0
Event: 4.038 Thread 0x0000000001eee000 DEOPT PACKING pc=0x000000000283b2b0 sp=0x000000000242d950
Event: 4.038 Thread 0x0000000001eee000 DEOPT UNPACKING pc=0x000000000267582a sp=0x000000000242d730 mode 2


Dynamic libraries:
0x00007ff646d50000 - 0x00007ff646d87000 	C:\Program Files\Java\jdk1.8.0_92\bin\java.exe
0x00007ffa84da0000 - 0x00007ffa84f61000 	C:\WINDOWS\SYSTEM32\ntdll.dll
0x00007ffa82480000 - 0x00007ffa8252d000 	C:\WINDOWS\system32\KERNEL32.DLL
0x00007ffa81c50000 - 0x00007ffa81e38000 	C:\WINDOWS\system32\KERNELBASE.dll
0x00007ffa7faf0000 - 0x00007ffa7fb69000 	C:\WINDOWS\system32\apphelp.dll
0x00007ffa82960000 - 0x00007ffa82a07000 	C:\WINDOWS\system32\ADVAPI32.dll
0x00007ffa82f50000 - 0x00007ffa82fed000 	C:\WINDOWS\system32\msvcrt.dll
0x00007ffa82b70000 - 0x00007ffa82bcb000 	C:\WINDOWS\system32\sechost.dll
0x00007ffa834a0000 - 0x00007ffa835bc000 	C:\WINDOWS\system32\RPCRT4.dll
0x00007ffa82a10000 - 0x00007ffa82b66000 	C:\WINDOWS\system32\USER32.dll
0x00007ffa83140000 - 0x00007ffa832c6000 	C:\WINDOWS\system32\GDI32.dll
0x00007ffa76500000 - 0x00007ffa76774000 	C:\WINDOWS\WinSxS\amd64_microsoft.windows.common-controls_6595b64144ccf1df_6.0.10586.0_none_8c15ae12515e1c22\COMCTL32.dll
0x00007ffa835c0000 - 0x00007ffa8383d000 	C:\WINDOWS\system32\combase.dll
0x00007ffa81be0000 - 0x00007ffa81c4a000 	C:\WINDOWS\system32\bcryptPrimitives.dll
0x00007ffa823e0000 - 0x00007ffa8241b000 	C:\WINDOWS\system32\IMM32.DLL
0x00000000576b0000 - 0x0000000057782000 	C:\Program Files\Java\jdk1.8.0_92\jre\bin\msvcr100.dll
0x0000000058180000 - 0x0000000058a16000 	C:\Program Files\Java\jdk1.8.0_92\jre\bin\server\jvm.dll
0x00007ffa82bd0000 - 0x00007ffa82bd8000 	C:\WINDOWS\system32\PSAPI.DLL
0x00007ffa7fbc0000 - 0x00007ffa7fbc9000 	C:\WINDOWS\SYSTEM32\WSOCK32.dll
0x00007ffa82d80000 - 0x00007ffa82deb000 	C:\WINDOWS\system32\WS2_32.dll
0x00007ffa7ef70000 - 0x00007ffa7ef93000 	C:\WINDOWS\SYSTEM32\WINMM.dll
0x00007ffa76bc0000 - 0x00007ffa76bca000 	C:\WINDOWS\SYSTEM32\VERSION.dll
0x00007ffa7ef40000 - 0x00007ffa7ef6c000 	C:\WINDOWS\SYSTEM32\WINMMBASE.dll
0x00007ffa82070000 - 0x00007ffa820b3000 	C:\WINDOWS\system32\cfgmgr32.dll
0x0000000058170000 - 0x000000005817f000 	C:\Program Files\Java\jdk1.8.0_92\jre\bin\verify.dll
0x0000000058060000 - 0x0000000058089000 	C:\Program Files\Java\jdk1.8.0_92\jre\bin\java.dll
0x0000000058040000 - 0x0000000058056000 	C:\Program Files\Java\jdk1.8.0_92\jre\bin\zip.dll
0x00007ffa83840000 - 0x00007ffa84d9c000 	C:\WINDOWS\system32\SHELL32.dll
0x00007ffa81450000 - 0x00007ffa81a94000 	C:\WINDOWS\system32\windows.storage.dll
0x00007ffa82420000 - 0x00007ffa82472000 	C:\WINDOWS\system32\shlwapi.dll
0x00007ffa81430000 - 0x00007ffa8143f000 	C:\WINDOWS\system32\kernel.appcore.dll
0x00007ffa820c0000 - 0x00007ffa82175000 	C:\WINDOWS\system32\shcore.dll
0x00007ffa813c0000 - 0x00007ffa8140b000 	C:\WINDOWS\system32\powrprof.dll
0x00007ffa81410000 - 0x00007ffa81424000 	C:\WINDOWS\system32\profapi.dll

VM Arguments:
jvm_args: -Djava.awt.headless=true -Xmx1024M -Dfile.encoding=GBK -Duser.country=CN -Duser.language=zh -Duser.variant 
java_command: com.android.dx.command.Main --dex --force-jumbo --num-threads=4 --output C:\Users\Wicker\Documents\GitHub_Clone\shopping\Shopping2\Shopping\app\build\intermediates\pre-dexed\debug\com.google.android.gms-play-services-base-8.4.0_80e590bd8dd014305b699afbc0e61492a3d95693.jar C:\Users\Wicker\Documents\GitHub_Clone\shopping\Shopping2\Shopping\app\build\intermediates\exploded-aar\com.google.android.gms\play-services-base\8.4.0\jars\classes.jar
java_class_path (initial): D:\Android\Sdk\build-tools\23.0.3\lib\dx.jar
Launcher Type: SUN_STANDARD

Environment Variables:
JAVA_HOME=C:\Program Files\Java\jdk1.8.0_92
CLASSPATH=.C:\Program Files\Java\jdk1.8.0_92\lib;C:\Program Files\Java\jdk1.8.0_92\lib\tools.jar;
PATH=C:\ProgramData\Oracle\Java\javapath;C:\Program Files (x86)\Common Files\Intel\Shared Libraries\redist\intel64\compiler;C:\WINDOWS\system32;C:\WINDOWS;C:\WINDOWS\System32\Wbem;C:\WINDOWS\System32\WindowsPowerShell\v1.0\;C:\Program Files (x86)\QuickTime\QTSystem\;C:\Program Files\Java\jdk1.7.0_80\bin;C:\Users\Wicker\.dnx\bin;C:\Program Files\Microsoft DNX\Dnvm\;C:\Program Files (x86)\Windows Kits\8.1\Windows Performance Toolkit\;C:\Program Files (x86)\NVIDIA Corporation\PhysX\Common;D:\opencv\build\x86\mingw\bin;D:\opencv\build\x86\vc10\bin;D:\opencv\build\x64\mingw\bin;D:\opencv\build\x64\vc10\bin;D:\gradle-2.10-all\gradle-2.10\bin
USERNAME=Wicker
OS=Windows_NT
PROCESSOR_IDENTIFIER=Intel64 Family 6 Model 60 Stepping 3, GenuineIntel



---------------  S Y S T E M  ---------------

OS: Windows 10.0 , 64 bit Build 10586 (10.0.10586.0)

CPU:total 8 (4 cores per cpu, 2 threads per core) family 6 model 60 stepping 3, cmov, cx8, fxsr, mmx, sse, sse2, sse3, ssse3, sse4.1, sse4.2, popcnt, avx, avx2, aes, clmul, erms, lzcnt, ht, tsc, tscinvbit, bmi1, bmi2

Memory: 4k page, physical 12500872k(3864568k free), swap 13287304k(5180k free)

vm_info: Java HotSpot(TM) 64-Bit Server VM (25.92-b14) for windows-amd64 JRE (1.8.0_92-b14), built on Mar 31 2016 21:03:04 by "java_re" with MS VC++ 10.0 (VS2010)

time: Sat Jun 18 01:39:16 2016
elapsed time: 4 seconds (0d 0h 0m 4s)

