#
# There is insufficient memory for the Java Runtime Environment to continue.
# Native memory allocation (malloc) failed to allocate 280816 bytes for Chunk::new
# Possible reasons:
#   The system is out of physical RAM or swap space
#   In 32 bit mode, the process size limit was hit
# Possible solutions:
#   Reduce memory load on the system
#   Increase physical memory or swap space
#   Check if swap backing store is full
#   Use 64 bit Java on a 64 bit OS
#   Decrease Java heap size (-Xmx/-Xms)
#   Decrease number of Java threads
#   Decrease Java thread stack sizes (-Xss)
#   Set larger code cache with -XX:ReservedCodeCacheSize=
# This output file may be truncated or incomplete.
#
#  Out of Memory Error (allocation.cpp:390), pid=14316, tid=0x0000000000000100
#
# JRE version: Java(TM) SE Runtime Environment (8.0_92-b14) (build 1.8.0_92-b14)
# Java VM: Java HotSpot(TM) 64-Bit Server VM (25.92-b14 mixed mode windows-amd64 compressed oops)
# Failed to write core dump. Minidumps are not enabled by default on client versions of Windows
#

---------------  T H R E A D  ---------------

Current thread (0x00000000171d4800):  JavaThread "C2 CompilerThread2" daemon [_thread_in_native, id=256, stack(0x0000000017a40000,0x0000000017b40000)]

Stack: [0x0000000017a40000,0x0000000017b40000]
[error occurred during error reporting (printing stack bounds), id 0xc0000005]

Native frames: (J=compiled Java code, j=interpreted, Vv=VM code, C=native code)


Current CompileTask:
C2:  11387 2862 %     4       sun.security.provider.SHA::implCompress @ 12 (491 bytes)


---------------  P R O C E S S  ---------------

Java Threads: ( => current thread )
  0x0000000017236800 JavaThread "Service Thread" daemon [_thread_blocked, id=36244, stack(0x0000000017c40000,0x0000000017d40000)]
  0x00000000171d1000 JavaThread "C1 CompilerThread3" daemon [_thread_blocked, id=6548, stack(0x0000000017b40000,0x0000000017c40000)]
=>0x00000000171d4800 JavaThread "C2 CompilerThread2" daemon [_thread_in_native, id=256, stack(0x0000000017a40000,0x0000000017b40000)]
  0x00000000171c9000 JavaThread "C2 CompilerThread1" daemon [_thread_blocked, id=77064, stack(0x0000000017940000,0x0000000017a40000)]
  0x000000001528c000 JavaThread "C2 CompilerThread0" daemon [_thread_blocked, id=884, stack(0x0000000017840000,0x0000000017940000)]
  0x0000000015289000 JavaThread "Attach Listener" daemon [_thread_blocked, id=14264, stack(0x0000000017740000,0x0000000017840000)]
  0x000000001717d800 JavaThread "Signal Dispatcher" daemon [_thread_blocked, id=43080, stack(0x0000000017640000,0x0000000017740000)]
  0x000000000275e000 JavaThread "Finalizer" daemon [_thread_blocked, id=79476, stack(0x0000000017540000,0x0000000017640000)]
  0x0000000002757000 JavaThread "Reference Handler" daemon [_thread_blocked, id=13500, stack(0x0000000017040000,0x0000000017140000)]
  0x000000000255e000 JavaThread "main" [_thread_in_native, id=37144, stack(0x0000000002560000,0x0000000002660000)]

Other Threads:
  0x0000000015279000 VMThread [stack: 0x0000000016f40000,0x0000000017040000] [id=82920]
  0x000000001723b000 WatcherThread [stack: 0x0000000017d40000,0x0000000017e40000] [id=12784]

VM state:not at safepoint (normal execution)

VM Mutex/Monitor currently owned by a thread: None

Heap:
 PSYoungGen      total 106496K, used 59724K [0x00000000eab00000, 0x00000000f1b00000, 0x0000000100000000)
  eden space 98304K, 52% used [0x00000000eab00000,0x00000000edd53f30,0x00000000f0b00000)
  from space 8192K, 99% used [0x00000000f1300000,0x00000000f1aff268,0x00000000f1b00000)
  to   space 8192K, 0% used [0x00000000f0b00000,0x00000000f0b00000,0x00000000f1300000)
 ParOldGen       total 131072K, used 42995K [0x00000000c0000000, 0x00000000c8000000, 0x00000000eab00000)
  object space 131072K, 32% used [0x00000000c0000000,0x00000000c29fcc70,0x00000000c8000000)
 Metaspace       used 7223K, capacity 7704K, committed 7936K, reserved 1056768K
  class space    used 662K, capacity 720K, committed 768K, reserved 1048576K

Card table byte_map: [0x0000000011b20000,0x0000000011d30000] byte_map_base: 0x0000000011520000

Marking Bits: (ParMarkBitMap*) 0x000000006d3c64f0
 Begin Bits: [0x0000000012690000, 0x0000000013690000)
 End Bits:   [0x0000000013690000, 0x0000000014690000)

Polling page: 0x0000000000450000

CodeCache: size=245760Kb used=13080Kb max_used=13091Kb free=232679Kb
 bounds [0x0000000002760000, 0x0000000003440000, 0x0000000011760000]
 total_blobs=3110 nmethods=2831 adapters=191
 compilation: enabled

Compilation events (10 events):
Event: 11.369 Thread 0x00000000171d1000 nmethod 2859 0x0000000003407890 code [0x0000000003407a80, 0x0000000003408368]
Event: 11.369 Thread 0x00000000171d1000 2860       3       sun.security.provider.ByteArrayAccess::b2iBig64 (614 bytes)
Event: 11.370 Thread 0x00000000171d4800 nmethod 2843 0x0000000003400310 code [0x00000000034004c0, 0x0000000003400d18]
Event: 11.370 Thread 0x000000001528c000 2861 %     4       sun.security.provider.SHA::implCompress @ 364 (491 bytes)
Event: 11.371 Thread 0x00000000171c9000 nmethod 2850 0x00000000034244d0 code [0x0000000003424680, 0x0000000003424ef8]
Event: 11.371 Thread 0x00000000171d1000 nmethod 2860 0x0000000003422e90 code [0x00000000034230a0, 0x0000000003423e68]
Event: 11.375 Thread 0x000000001528c000 nmethod 2861% 0x0000000003407150 code [0x00000000034072a0, 0x0000000003407678]
Event: 11.375 Thread 0x00000000171d4800 2862 %     4       sun.security.provider.SHA::implCompress @ 12 (491 bytes)
Event: 11.378 Thread 0x00000000171c9000 2863       4       sun.security.provider.ByteArrayAccess::b2iBig64 (614 bytes)
Event: 11.380 Thread 0x00000000171c9000 nmethod 2863 0x0000000003425750 code [0x00000000034258a0, 0x0000000003425af8]

GC Heap History (8 events):
Event: 1.635 GC heap before
{Heap before GC invocations=1 (full 0):
 PSYoungGen      total 57344K, used 49152K [0x00000000eab00000, 0x00000000eeb00000, 0x0000000100000000)
  eden space 49152K, 100% used [0x00000000eab00000,0x00000000edb00000,0x00000000edb00000)
  from space 8192K, 0% used [0x00000000ee300000,0x00000000ee300000,0x00000000eeb00000)
  to   space 8192K, 0% used [0x00000000edb00000,0x00000000edb00000,0x00000000ee300000)
 ParOldGen       total 131072K, used 0K [0x00000000c0000000, 0x00000000c8000000, 0x00000000eab00000)
  object space 131072K, 0% used [0x00000000c0000000,0x00000000c0000000,0x00000000c8000000)
 Metaspace       used 6070K, capacity 6964K, committed 7040K, reserved 1056768K
  class space    used 601K, capacity 620K, committed 640K, reserved 1048576K
Event: 1.926 GC heap after
Heap after GC invocations=1 (full 0):
 PSYoungGen      total 57344K, used 7240K [0x00000000eab00000, 0x00000000f1b00000, 0x0000000100000000)
  eden space 49152K, 0% used [0x00000000eab00000,0x00000000eab00000,0x00000000edb00000)
  from space 8192K, 88% used [0x00000000edb00000,0x00000000ee212340,0x00000000ee300000)
  to   space 8192K, 0% used [0x00000000f1300000,0x00000000f1300000,0x00000000f1b00000)
 ParOldGen       total 131072K, used 16K [0x00000000c0000000, 0x00000000c8000000, 0x00000000eab00000)
  object space 131072K, 0% used [0x00000000c0000000,0x00000000c0004000,0x00000000c8000000)
 Metaspace       used 6070K, capacity 6964K, committed 7040K, reserved 1056768K
  class space    used 601K, capacity 620K, committed 640K, reserved 1048576K
}
Event: 2.916 GC heap before
{Heap before GC invocations=2 (full 0):
 PSYoungGen      total 57344K, used 56392K [0x00000000eab00000, 0x00000000f1b00000, 0x0000000100000000)
  eden space 49152K, 100% used [0x00000000eab00000,0x00000000edb00000,0x00000000edb00000)
  from space 8192K, 88% used [0x00000000edb00000,0x00000000ee212340,0x00000000ee300000)
  to   space 8192K, 0% used [0x00000000f1300000,0x00000000f1300000,0x00000000f1b00000)
 ParOldGen       total 131072K, used 16K [0x00000000c0000000, 0x00000000c8000000, 0x00000000eab00000)
  object space 131072K, 0% used [0x00000000c0000000,0x00000000c0004000,0x00000000c8000000)
 Metaspace       used 6273K, capacity 7094K, committed 7296K, reserved 1056768K
  class space    used 606K, capacity 622K, committed 640K, reserved 1048576K
Event: 3.304 GC heap after
Heap after GC invocations=2 (full 0):
 PSYoungGen      total 106496K, used 8189K [0x00000000eab00000, 0x00000000f1b00000, 0x0000000100000000)
  eden space 98304K, 0% used [0x00000000eab00000,0x00000000eab00000,0x00000000f0b00000)
  from space 8192K, 99% used [0x00000000f1300000,0x00000000f1aff700,0x00000000f1b00000)
  to   space 8192K, 0% used [0x00000000f0b00000,0x00000000f0b00000,0x00000000f1300000)
 ParOldGen       total 131072K, used 4295K [0x00000000c0000000, 0x00000000c8000000, 0x00000000eab00000)
  object space 131072K, 3% used [0x00000000c0000000,0x00000000c0431f20,0x00000000c8000000)
 Metaspace       used 6273K, capacity 7094K, committed 7296K, reserved 1056768K
  class space    used 606K, capacity 622K, committed 640K, reserved 1048576K
}
Event: 8.177 GC heap before
{Heap before GC invocations=3 (full 0):
 PSYoungGen      total 106496K, used 106493K [0x00000000eab00000, 0x00000000f1b00000, 0x0000000100000000)
  eden space 98304K, 100% used [0x00000000eab00000,0x00000000f0b00000,0x00000000f0b00000)
  from space 8192K, 99% used [0x00000000f1300000,0x00000000f1aff700,0x00000000f1b00000)
  to   space 8192K, 0% used [0x00000000f0b00000,0x00000000f0b00000,0x00000000f1300000)
 ParOldGen       total 131072K, used 4295K [0x00000000c0000000, 0x00000000c8000000, 0x00000000eab00000)
  object space 131072K, 3% used [0x00000000c0000000,0x00000000c0431f20,0x00000000c8000000)
 Metaspace       used 6419K, capacity 7158K, committed 7296K, reserved 1056768K
  class space    used 608K, capacity 622K, committed 640K, reserved 1048576K
Event: 8.314 GC heap after
Heap after GC invocations=3 (full 0):
 PSYoungGen      total 106496K, used 8187K [0x00000000eab00000, 0x00000000f1b00000, 0x0000000100000000)
  eden space 98304K, 0% used [0x00000000eab00000,0x00000000eab00000,0x00000000f0b00000)
  from space 8192K, 99% used [0x00000000f0b00000,0x00000000f12fec50,0x00000000f1300000)
  to   space 8192K, 0% used [0x00000000f1300000,0x00000000f1300000,0x00000000f1b00000)
 ParOldGen       total 131072K, used 24144K [0x00000000c0000000, 0x00000000c8000000, 0x00000000eab00000)
  object space 131072K, 18% used [0x00000000c0000000,0x00000000c17940d0,0x00000000c8000000)
 Metaspace       used 6419K, capacity 7158K, committed 7296K, reserved 1056768K
  class space    used 608K, capacity 622K, committed 640K, reserved 1048576K
}
Event: 9.015 GC heap before
{Heap before GC invocations=4 (full 0):
 PSYoungGen      total 106496K, used 106491K [0x00000000eab00000, 0x00000000f1b00000, 0x0000000100000000)
  eden space 98304K, 100% used [0x00000000eab00000,0x00000000f0b00000,0x00000000f0b00000)
  from space 8192K, 99% used [0x00000000f0b00000,0x00000000f12fec50,0x00000000f1300000)
  to   space 8192K, 0% used [0x00000000f1300000,0x00000000f1300000,0x00000000f1b00000)
 ParOldGen       total 131072K, used 24144K [0x00000000c0000000, 0x00000000c8000000, 0x00000000eab00000)
  object space 131072K, 18% used [0x00000000c0000000,0x00000000c17940d0,0x00000000c8000000)
 Metaspace       used 6485K, capacity 7222K, committed 7296K, reserved 1056768K
  class space    used 609K, capacity 622K, committed 640K, reserved 1048576K
Event: 9.141 GC heap after
Heap after GC invocations=4 (full 0):
 PSYoungGen      total 106496K, used 8188K [0x00000000eab00000, 0x00000000f1b00000, 0x0000000100000000)
  eden space 98304K, 0% used [0x00000000eab00000,0x00000000eab00000,0x00000000f0b00000)
  from space 8192K, 99% used [0x00000000f1300000,0x00000000f1aff268,0x00000000f1b00000)
  to   space 8192K, 0% used [0x00000000f0b00000,0x00000000f0b00000,0x00000000f1300000)
 ParOldGen       total 131072K, used 42995K [0x00000000c0000000, 0x00000000c8000000, 0x00000000eab00000)
  object space 131072K, 32% used [0x00000000c0000000,0x00000000c29fcc70,0x00000000c8000000)
 Metaspace       used 6485K, capacity 7222K, committed 7296K, reserved 1056768K
  class space    used 609K, capacity 622K, committed 640K, reserved 1048576K
}

Deoptimization events (10 events):
Event: 11.358 Thread 0x000000000255e000 Uncommon trap: reason=unstable_if action=reinterpret pc=0x000000000329330c method=java.lang.String.indexOf([CII[CIII)I @ 3
Event: 11.359 Thread 0x000000000255e000 Uncommon trap: reason=unstable_if action=reinterpret pc=0x0000000002a467ec method=java.util.Arrays.copyOf([Ljava/lang/Object;ILjava/lang/Class;)[Ljava/lang/Object; @ 3
Event: 11.360 Thread 0x000000000255e000 Uncommon trap: reason=speculate_class_check action=maybe_recompile pc=0x0000000002d3e914 method=java.util.HashMap.putVal(ILjava/lang/Object;Ljava/lang/Object;ZZ)Ljava/lang/Object; @ 56
Event: 11.360 Thread 0x000000000255e000 Uncommon trap: reason=speculate_class_check action=maybe_recompile pc=0x0000000002d3e980 method=java.util.HashMap.putVal(ILjava/lang/Object;Ljava/lang/Object;ZZ)Ljava/lang/Object; @ 152
Event: 11.360 Thread 0x000000000255e000 Uncommon trap: reason=speculate_class_check action=maybe_recompile pc=0x0000000002d3e914 method=java.util.HashMap.putVal(ILjava/lang/Object;Ljava/lang/Object;ZZ)Ljava/lang/Object; @ 56
Event: 11.360 Thread 0x000000000255e000 Uncommon trap: reason=speculate_class_check action=maybe_recompile pc=0x0000000002d3e914 method=java.util.HashMap.putVal(ILjava/lang/Object;Ljava/lang/Object;ZZ)Ljava/lang/Object; @ 56
Event: 11.360 Thread 0x000000000255e000 Uncommon trap: reason=class_check action=maybe_recompile pc=0x0000000002d2a12c method=java.util.HashMap.putVal(ILjava/lang/Object;Ljava/lang/Object;ZZ)Ljava/lang/Object; @ 56
Event: 11.360 Thread 0x000000000255e000 Uncommon trap: reason=class_check action=maybe_recompile pc=0x0000000002d2a12c method=java.util.HashMap.putVal(ILjava/lang/Object;Ljava/lang/Object;ZZ)Ljava/lang/Object; @ 56
Event: 11.360 Thread 0x000000000255e000 Uncommon trap: reason=class_check action=maybe_recompile pc=0x0000000002d2a12c method=java.util.HashMap.putVal(ILjava/lang/Object;Ljava/lang/Object;ZZ)Ljava/lang/Object; @ 56
Event: 11.360 Thread 0x000000000255e000 Uncommon trap: reason=class_check action=maybe_recompile pc=0x0000000002d2a12c method=java.util.HashMap.putVal(ILjava/lang/Object;Ljava/lang/Object;ZZ)Ljava/lang/Object; @ 56

Internal exceptions (5 events):
Event: 0.033 Thread 0x000000000255e000 Exception <a 'java/lang/NoSuchMethodError': Method sun.misc.Unsafe.defineClass(Ljava/lang/String;[BII)Ljava/lang/Class; name or signature does not match> (0x00000000eab07cc0) thrown at [D:\re\workspace\8-2-build-windows-amd64-cygwin\jdk8u92\6642\hotspot\srë‚Å˛—”†?
Event: 0.033 Thread 0x000000000255e000 Exception <a 'java/lang/NoSuchMethodError': Method sun.misc.Unsafe.prefetchRead(Ljava/lang/Object;J)V name or signature does not match> (0x00000000eab07fa8) thrown at [D:\re\workspace\8-2-build-windows-amd64-cygwin\jdk8u92\6642\hotspot\src\share\vm\prims\jT∂»¬„≤˘?
Event: 1.606 Thread 0x0000000017535000 Implicit null exception at 0x000000000298ac22 to 0x000000000298ad1a
Event: 7.784 Thread 0x000000000255e000 Implicit null exception at 0x0000000002a1fa7b to 0x0000000002a21611
Event: 10.052 Thread 0x000000000255e000 Implicit null exception at 0x00000000032d67a5 to 0x00000000032d71b1

Events (10 events):
Event: 11.379 Thread 0x000000000255e000 DEOPT PACKING pc=0x0000000003408231 sp=0x000000000265eea0
Event: 11.379 Thread 0x000000000255e000 DEOPT UNPACKING pc=0x00000000027a787f sp=0x000000000265ebb8 mode 0
Event: 11.379 Thread 0x000000000255e000 DEOPT PACKING pc=0x0000000003408231 sp=0x000000000265eea0
Event: 11.379 Thread 0x000000000255e000 DEOPT UNPACKING pc=0x00000000027a787f sp=0x000000000265ebb8 mode 0
Event: 11.380 Thread 0x000000000255e000 DEOPT PACKING pc=0x0000000003408231 sp=0x000000000265eea0
Event: 11.380 Thread 0x000000000255e000 DEOPT UNPACKING pc=0x00000000027a787f sp=0x000000000265ebb8 mode 0
Event: 11.380 Thread 0x000000000255e000 DEOPT PACKING pc=0x0000000003408231 sp=0x000000000265eea0
Event: 11.380 Thread 0x000000000255e000 DEOPT UNPACKING pc=0x00000000027a787f sp=0x000000000265ebb8 mode 0
Event: 11.381 Thread 0x000000000255e000 DEOPT PACKING pc=0x0000000003408231 sp=0x000000000265eea0
Event: 11.381 Thread 0x000000000255e000 DEOPT UNPACKING pc=0x00000000027a787f sp=0x000000000265ebb8 mode 0


Dynamic libraries:
0x00007ff6e5d30000 - 0x00007ff6e5d67000 	C:\Program Files\Java\jdk1.8.0_92\bin\java.exe
0x00007ffd25520000 - 0x00007ffd256e1000 	C:\WINDOWS\SYSTEM32\ntdll.dll
0x00007ffd22920000 - 0x00007ffd229cd000 	C:\WINDOWS\system32\KERNEL32.DLL
0x00007ffd21ed0000 - 0x00007ffd220b8000 	C:\WINDOWS\system32\KERNELBASE.dll
0x00007ffd20330000 - 0x00007ffd203a9000 	C:\WINDOWS\system32\apphelp.dll
0x00007ffd24e90000 - 0x00007ffd24f37000 	C:\WINDOWS\system32\ADVAPI32.dll
0x00007ffd247c0000 - 0x00007ffd2485d000 	C:\WINDOWS\system32\msvcrt.dll
0x00007ffd24e30000 - 0x00007ffd24e8b000 	C:\WINDOWS\system32\sechost.dll
0x00007ffd24d10000 - 0x00007ffd24e2c000 	C:\WINDOWS\system32\RPCRT4.dll
0x00007ffd24500000 - 0x00007ffd24656000 	C:\WINDOWS\system32\USER32.dll
0x00007ffd24240000 - 0x00007ffd243c6000 	C:\WINDOWS\system32\GDI32.dll
0x00007ffd125d0000 - 0x00007ffd12844000 	C:\WINDOWS\WinSxS\amd64_microsoft.windows.common-controls_6595b64144ccf1df_6.0.10586.0_none_8c15ae12515e1c22\COMCTL32.dll
0x00007ffd252a0000 - 0x00007ffd2551d000 	C:\WINDOWS\system32\combase.dll
0x00007ffd228b0000 - 0x00007ffd2291a000 	C:\WINDOWS\system32\bcryptPrimitives.dll
0x00007ffd25260000 - 0x00007ffd2529b000 	C:\WINDOWS\system32\IMM32.DLL
0x000000006c720000 - 0x000000006c7f2000 	C:\Program Files\Java\jdk1.8.0_92\jre\bin\msvcr100.dll
0x000000006cbb0000 - 0x000000006d446000 	C:\Program Files\Java\jdk1.8.0_92\jre\bin\server\jvm.dll
0x00007ffd229d0000 - 0x00007ffd229d8000 	C:\WINDOWS\system32\PSAPI.DLL
0x00007ffd13f70000 - 0x00007ffd13f7a000 	C:\WINDOWS\SYSTEM32\VERSION.dll
0x00007ffd16d10000 - 0x00007ffd16d19000 	C:\WINDOWS\SYSTEM32\WSOCK32.dll
0x00007ffd1fd70000 - 0x00007ffd1fd93000 	C:\WINDOWS\SYSTEM32\WINMM.dll
0x00007ffd24860000 - 0x00007ffd248cb000 	C:\WINDOWS\system32\WS2_32.dll
0x00007ffd1fbb0000 - 0x00007ffd1fbdc000 	C:\WINDOWS\SYSTEM32\WINMMBASE.dll
0x00007ffd22150000 - 0x00007ffd22193000 	C:\WINDOWS\system32\cfgmgr32.dll
0x000000006de60000 - 0x000000006de6f000 	C:\Program Files\Java\jdk1.8.0_92\jre\bin\verify.dll
0x000000006de30000 - 0x000000006de59000 	C:\Program Files\Java\jdk1.8.0_92\jre\bin\java.dll
0x000000006de10000 - 0x000000006de26000 	C:\Program Files\Java\jdk1.8.0_92\jre\bin\zip.dll
0x00007ffd22a90000 - 0x00007ffd23fec000 	C:\WINDOWS\system32\SHELL32.dll
0x00007ffd221a0000 - 0x00007ffd227e4000 	C:\WINDOWS\system32\windows.storage.dll
0x00007ffd243d0000 - 0x00007ffd24422000 	C:\WINDOWS\system32\shlwapi.dll
0x00007ffd21b40000 - 0x00007ffd21b4f000 	C:\WINDOWS\system32\kernel.appcore.dll
0x00007ffd227f0000 - 0x00007ffd228a5000 	C:\WINDOWS\system32\shcore.dll
0x00007ffd21b50000 - 0x00007ffd21b9b000 	C:\WINDOWS\system32\powrprof.dll
0x00007ffd21bb0000 - 0x00007ffd21bc4000 	C:\WINDOWS\system32\profapi.dll

VM Arguments:
jvm_args: -Djava.awt.headless=true -Xmx1024M -Dfile.encoding=GBK -Duser.country=CN -Duser.language=zh -Duser.variant 
java_command: com.android.dx.command.Main --dex --force-jumbo --num-threads=4 --output C:\Users\Wicker\Documents\GitHub_Clone\shopping\Shopping2\Shopping\app\build\intermediates\pre-dexed\debug\com.google.android.gms-play-services-games-8.4.0_f94fabf7c0d37e060af81de321082c451b77e675.jar C:\Users\Wicker\Documents\GitHub_Clone\shopping\Shopping2\Shopping\app\build\intermediates\exploded-aar\com.google.android.gms\play-services-games\8.4.0\jars\classes.jar
java_class_path (initial): D:\Android\Sdk\build-tools\23.0.3\lib\dx.jar
Launcher Type: SUN_STANDARD

Environment Variables:
JAVA_HOME=C:\Program Files\Java\jdk1.8.0_92
CLASSPATH=.C:\Program Files\Java\jdk1.8.0_92\lib;C:\Program Files\Java\jdk1.8.0_92\lib\tools.jar;
PATH=C:\ProgramData\Oracle\Java\javapath;C:\Program Files (x86)\Common Files\Intel\Shared Libraries\redist\intel64\compiler;C:\WINDOWS\system32;C:\WINDOWS;C:\WINDOWS\System32\Wbem;C:\WINDOWS\System32\WindowsPowerShell\v1.0\;C:\Program Files (x86)\QuickTime\QTSystem\;C:\Program Files\Java\jdk1.7.0_80\bin;C:\Users\Wicker\.dnx\bin;C:\Program Files\Microsoft DNX\Dnvm\;C:\Program Files (x86)\Windows Kits\8.1\Windows Performance Toolkit\;C:\Program Files (x86)\NVIDIA Corporation\PhysX\Common;D:\opencv\build\x86\mingw\bin;D:\opencv\build\x86\vc10\bin;D:\opencv\build\x64\mingw\bin;D:\opencv\build\x64\vc10\bin;D:\gradle-2.10-all\gradle-2.10\bin
USERNAME=Wicker
OS=Windows_NT
PROCESSOR_IDENTIFIER=Intel64 Family 6 Model 60 Stepping 3, GenuineIntel



---------------  S Y S T E M  ---------------

OS: Windows 10.0 , 64 bit Build 10586 (10.0.10586.0)

CPU:total 8 (4 cores per cpu, 2 threads per core) family 6 model 60 stepping 3, cmov, cx8, fxsr, mmx, sse, sse2, sse3, ssse3, sse4.1, sse4.2, popcnt, avx, avx2, aes, clmul, erms, lzcnt, ht, tsc, tscinvbit, bmi1, bmi2

Memory: 4k page, physical 12500872k(2716084k free), swap 13287304k(5152k free)

vm_info: Java HotSpot(TM) 64-Bit Server VM (25.92-b14) for windows-amd64 JRE (1.8.0_92-b14), built on Mar 31 2016 21:03:04 by "java_re" with MS VC++ 10.0 (VS2010)

time: Tue Jun 14 22:31:35 2016
elapsed time: 11 seconds (0d 0h 0m 11s)

