#
# There is insufficient memory for the Java Runtime Environment to continue.
# Native memory allocation (malloc) failed to allocate 216736 bytes for Chunk::new
# Possible reasons:
#   The system is out of physical RAM or swap space
#   In 32 bit mode, the process size limit was hit
# Possible solutions:
#   Reduce memory load on the system
#   Increase physical memory or swap space
#   Check if swap backing store is full
#   Use 64 bit Java on a 64 bit OS
#   Decrease Java heap size (-Xmx/-Xms)
#   Decrease number of Java threads
#   Decrease Java thread stack sizes (-Xss)
#   Set larger code cache with -XX:ReservedCodeCacheSize=
# This output file may be truncated or incomplete.
#
#  Out of Memory Error (allocation.cpp:390), pid=4584, tid=0x0000000000005958
#
# JRE version: Java(TM) SE Runtime Environment (8.0_92-b14) (build 1.8.0_92-b14)
# Java VM: Java HotSpot(TM) 64-Bit Server VM (25.92-b14 mixed mode windows-amd64 compressed oops)
# Failed to write core dump. Minidumps are not enabled by default on client versions of Windows
#

---------------  T H R E A D  ---------------

Current thread (0x0000000017149000):  JavaThread "C2 CompilerThread1" daemon [_thread_in_native, id=22872, stack(0x00000000178d0000,0x00000000179d0000)]

Stack: [0x00000000178d0000,0x00000000179d0000]
[error occurred during error reporting (printing stack bounds), id 0xc0000005]

Native frames: (J=compiled Java code, j=interpreted, Vv=VM code, C=native code)


Current CompileTask:
C2:    888 1297 %     4       com.android.dx.rop.code.RopMethod::calcPredecessors @ 91 (227 bytes)


---------------  P R O C E S S  ---------------

Java Threads: ( => current thread )
  0x00000000180ea800 JavaThread "pool-1-thread-4" [_thread_in_Java, id=23200, stack(0x00000000199a0000,0x0000000019aa0000)]
  0x0000000018725800 JavaThread "pool-1-thread-3" [_thread_blocked, id=20548, stack(0x00000000198a0000,0x00000000199a0000)]
  0x0000000018226800 JavaThread "pool-1-thread-2" [_thread_in_Java, id=7448, stack(0x00000000197a0000,0x00000000198a0000)]
  0x0000000017e3e800 JavaThread "pool-2-thread-1" [_thread_blocked, id=7592, stack(0x00000000196a0000,0x00000000197a0000)]
  0x0000000018225800 JavaThread "pool-1-thread-1" [_thread_blocked, id=5268, stack(0x00000000195a0000,0x00000000196a0000)]
  0x00000000171f9000 JavaThread "Service Thread" daemon [_thread_blocked, id=2336, stack(0x0000000017bd0000,0x0000000017cd0000)]
  0x0000000017164800 JavaThread "C1 CompilerThread3" daemon [_thread_in_native, id=22768, stack(0x0000000017ad0000,0x0000000017bd0000)]
  0x0000000017157800 JavaThread "C2 CompilerThread2" daemon [_thread_in_native, id=9608, stack(0x00000000179d0000,0x0000000017ad0000)]
=>0x0000000017149000 JavaThread "C2 CompilerThread1" daemon [_thread_in_native, id=22872, stack(0x00000000178d0000,0x00000000179d0000)]
  0x0000000017146000 JavaThread "C2 CompilerThread0" daemon [_thread_in_native, id=22968, stack(0x00000000177d0000,0x00000000178d0000)]
  0x00000000170f9800 JavaThread "Attach Listener" daemon [_thread_blocked, id=9900, stack(0x00000000176d0000,0x00000000177d0000)]
  0x00000000170f8000 JavaThread "Signal Dispatcher" daemon [_thread_blocked, id=22940, stack(0x00000000175d0000,0x00000000176d0000)]
  0x00000000170e0800 JavaThread "Finalizer" daemon [_thread_blocked, id=3596, stack(0x00000000174c0000,0x00000000175c0000)]
  0x00000000026c9000 JavaThread "Reference Handler" daemon [_thread_blocked, id=23488, stack(0x0000000016fc0000,0x00000000170c0000)]
  0x00000000025ce000 JavaThread "main" [_thread_blocked, id=13836, stack(0x00000000024c0000,0x00000000025c0000)]

Other Threads:
  0x00000000151e9000 VMThread [stack: 0x0000000016ec0000,0x0000000016fc0000] [id=18436]
  0x0000000017256000 WatcherThread [stack: 0x0000000017cd0000,0x0000000017dd0000] [id=7668]

VM state:not at safepoint (normal execution)

VM Mutex/Monitor currently owned by a thread: None

Heap:
 PSYoungGen      total 57344K, used 27137K [0x00000000eab00000, 0x00000000f1b00000, 0x0000000100000000)
  eden space 49152K, 41% used [0x00000000eab00000,0x00000000ebf12d00,0x00000000edb00000)
  from space 8192K, 80% used [0x00000000edb00000,0x00000000ee16d9a0,0x00000000ee300000)
  to   space 8192K, 0% used [0x00000000f1300000,0x00000000f1300000,0x00000000f1b00000)
 ParOldGen       total 131072K, used 10K [0x00000000c0000000, 0x00000000c8000000, 0x00000000eab00000)
  object space 131072K, 0% used [0x00000000c0000000,0x00000000c0002940,0x00000000c8000000)
 Metaspace       used 6104K, capacity 6966K, committed 7040K, reserved 1056768K
  class space    used 607K, capacity 622K, committed 640K, reserved 1048576K

Card table byte_map: [0x0000000011a90000,0x0000000011ca0000] byte_map_base: 0x0000000011490000

Marking Bits: (ParMarkBitMap*) 0x00000000589964f0
 Begin Bits: [0x0000000012600000, 0x0000000013600000)
 End Bits:   [0x0000000013600000, 0x0000000014600000)

Polling page: 0x0000000000990000

CodeCache: size=245760Kb used=5025Kb max_used=5025Kb free=240734Kb
 bounds [0x00000000026d0000, 0x0000000002bc0000, 0x00000000116d0000]
 total_blobs=1575 nmethods=1304 adapters=184
 compilation: enabled

Compilation events (10 events):
Event: 0.879 Thread 0x0000000017164800 nmethod 1318 0x0000000002ba8a10 code [0x0000000002ba8b80, 0x0000000002ba8e48]
Event: 0.879 Thread 0x0000000017164800 1315       3       com.android.dx.rop.type.Type::internClassName (56 bytes)
Event: 0.880 Thread 0x0000000017164800 nmethod 1315 0x0000000002bad890 code [0x0000000002badae0, 0x0000000002bae9d8]
Event: 0.880 Thread 0x0000000017164800 1325       3       com.android.dx.rop.type.Prototype::makeParameterArray (131 bytes)
Event: 0.881 Thread 0x0000000017164800 nmethod 1325 0x0000000002baf0d0 code [0x0000000002baf300, 0x0000000002bafed8]
Event: 0.881 Thread 0x0000000017164800 1327       3       com.android.dx.ssa.ConstCollector::updateConstUses (248 bytes)
Event: 0.882 Thread 0x0000000017164800 nmethod 1327 0x0000000002bb0450 code [0x0000000002bb07c0, 0x0000000002bb2878]
Event: 0.882 Thread 0x0000000017164800 1331       3       com.android.dx.ssa.SsaConverter::edgeSplitPredecessors (44 bytes)
Event: 0.883 Thread 0x0000000017164800 nmethod 1331 0x0000000002bb3c10 code [0x0000000002bb3e00, 0x0000000002bb47a8]
Event: 0.883 Thread 0x0000000017164800 1330       3       com.android.dx.ssa.ConstCollector::getConstsSortedByCountUse (386 bytes)

GC Heap History (2 events):
Event: 0.655 GC heap before
{Heap before GC invocations=1 (full 0):
 PSYoungGen      total 57344K, used 49152K [0x00000000eab00000, 0x00000000eeb00000, 0x0000000100000000)
  eden space 49152K, 100% used [0x00000000eab00000,0x00000000edb00000,0x00000000edb00000)
  from space 8192K, 0% used [0x00000000ee300000,0x00000000ee300000,0x00000000eeb00000)
  to   space 8192K, 0% used [0x00000000edb00000,0x00000000edb00000,0x00000000ee300000)
 ParOldGen       total 131072K, used 2K [0x00000000c0000000, 0x00000000c8000000, 0x00000000eab00000)
  object space 131072K, 0% used [0x00000000c0000000,0x00000000c0000940,0x00000000c8000000)
 Metaspace       used 5923K, capacity 6774K, committed 7040K, reserved 1056768K
  class space    used 603K, capacity 622K, committed 640K, reserved 1048576K
Event: 0.703 GC heap after
Heap after GC invocations=1 (full 0):
 PSYoungGen      total 57344K, used 6582K [0x00000000eab00000, 0x00000000f1b00000, 0x0000000100000000)
  eden space 49152K, 0% used [0x00000000eab00000,0x00000000eab00000,0x00000000edb00000)
  from space 8192K, 80% used [0x00000000edb00000,0x00000000ee16d9a0,0x00000000ee300000)
  to   space 8192K, 0% used [0x00000000f1300000,0x00000000f1300000,0x00000000f1b00000)
 ParOldGen       total 131072K, used 10K [0x00000000c0000000, 0x00000000c8000000, 0x00000000eab00000)
  object space 131072K, 0% used [0x00000000c0000000,0x00000000c0002940,0x00000000c8000000)
 Metaspace       used 5923K, capacity 6774K, committed 7040K, reserved 1056768K
  class space    used 603K, capacity 622K, committed 640K, reserved 1048576K
}

Deoptimization events (10 events):
Event: 0.425 Thread 0x0000000018226800 Uncommon trap: reason=unstable_if action=reinterpret pc=0x00000000028ed6f0 method=java.util.BitSet.nextSetBit(I)I @ 87
Event: 0.454 Thread 0x00000000180ea800 Uncommon trap: reason=unstable_if action=reinterpret pc=0x000000000299d71c method=com.android.dx.rop.cst.Constant.compareTo(Lcom/android/dx/rop/cst/Constant;)I @ 12
Event: 0.602 Thread 0x0000000018225800 Uncommon trap: reason=null_check action=make_not_entrant pc=0x000000000294d328 method=com.android.dx.rop.type.Type.equals(Ljava/lang/Object;)Z @ 8
Event: 0.615 Thread 0x0000000018725800 Uncommon trap: reason=class_check action=maybe_recompile pc=0x0000000002919b54 method=com.android.dx.ssa.NormalSsaInsn.accept(Lcom/android/dx/ssa/SsaInsn$Visitor;)V @ 9
Event: 0.616 Thread 0x0000000018725800 Uncommon trap: reason=class_check action=maybe_recompile pc=0x0000000002907630 method=com.android.dx.ssa.NormalSsaInsn.accept(Lcom/android/dx/ssa/SsaInsn$Visitor;)V @ 9
Event: 0.616 Thread 0x0000000018725800 Uncommon trap: reason=class_check action=maybe_recompile pc=0x0000000002907630 method=com.android.dx.ssa.NormalSsaInsn.accept(Lcom/android/dx/ssa/SsaInsn$Visitor;)V @ 9
Event: 0.622 Thread 0x0000000018225800 Uncommon trap: reason=class_check action=maybe_recompile pc=0x0000000002919b54 method=com.android.dx.ssa.NormalSsaInsn.accept(Lcom/android/dx/ssa/SsaInsn$Visitor;)V @ 9
Event: 0.780 Thread 0x0000000018725800 Uncommon trap: reason=class_check action=maybe_recompile pc=0x0000000002adb18c method=com.android.dx.ssa.NormalSsaInsn.accept(Lcom/android/dx/ssa/SsaInsn$Visitor;)V @ 9
Event: 0.780 Thread 0x0000000018725800 Uncommon trap: reason=class_check action=maybe_recompile pc=0x0000000002907630 method=com.android.dx.ssa.NormalSsaInsn.accept(Lcom/android/dx/ssa/SsaInsn$Visitor;)V @ 9
Event: 0.801 Thread 0x0000000018725800 Uncommon trap: reason=unstable_if action=reinterpret pc=0x0000000002a3db44 method=com.android.dx.rop.code.RegisterSpecSet.<init>(I)V @ 2

Internal exceptions (3 events):
Event: 0.030 Thread 0x00000000025ce000 Exception <a 'java/lang/NoSuchMethodError': Method sun.misc.Unsafe.defineClass(Ljava/lang/String;[BII)Ljava/lang/Class; name or signature does not match> (0x00000000eab07cc0) thrown at [D:\re\workspace\8-2-build-windows-amd64-cygwin\jdk8u92\6642\hotspot\srïÔNw»û?
Event: 0.030 Thread 0x00000000025ce000 Exception <a 'java/lang/NoSuchMethodError': Method sun.misc.Unsafe.prefetchRead(Ljava/lang/Object;J)V name or signature does not match> (0x00000000eab07fa8) thrown at [D:\re\workspace\8-2-build-windows-amd64-cygwin\jdk8u92\6642\hotspot\src\share\vm\prims\jé∫ E„?
Event: 0.602 Thread 0x0000000018225800 Implicit null exception at 0x000000000294d222 to 0x000000000294d31a

Events (10 events):
Event: 0.767 loading class com/android/dx/dex/file/AnnotationSetRefItem done
Event: 0.780 Thread 0x0000000018725800 Uncommon trap: trap_request=0xffffffde fr.pc=0x0000000002adb18c
Event: 0.780 Thread 0x0000000018725800 DEOPT PACKING pc=0x0000000002adb18c sp=0x000000001999e6d0
Event: 0.780 Thread 0x0000000018725800 DEOPT UNPACKING pc=0x000000000271582a sp=0x000000001999e5e0 mode 2
Event: 0.780 Thread 0x0000000018725800 Uncommon trap: trap_request=0xffffffde fr.pc=0x0000000002907630
Event: 0.780 Thread 0x0000000018725800 DEOPT PACKING pc=0x0000000002907630 sp=0x000000001999e630
Event: 0.780 Thread 0x0000000018725800 DEOPT UNPACKING pc=0x000000000271582a sp=0x000000001999e5d0 mode 2
Event: 0.801 Thread 0x0000000018725800 Uncommon trap: trap_request=0xffffff65 fr.pc=0x0000000002a3db44
Event: 0.801 Thread 0x0000000018725800 DEOPT PACKING pc=0x0000000002a3db44 sp=0x000000001999e890
Event: 0.801 Thread 0x0000000018725800 DEOPT UNPACKING pc=0x000000000271582a sp=0x000000001999e7c0 mode 2


Dynamic libraries:
0x00007ff6c32c0000 - 0x00007ff6c32f7000 	C:\Program Files\Java\jdk1.8.0_92\bin\java.exe
0x00007ffa84da0000 - 0x00007ffa84f61000 	C:\WINDOWS\SYSTEM32\ntdll.dll
0x00007ffa82480000 - 0x00007ffa8252d000 	C:\WINDOWS\system32\KERNEL32.DLL
0x00007ffa81c50000 - 0x00007ffa81e38000 	C:\WINDOWS\system32\KERNELBASE.dll
0x00007ffa7faf0000 - 0x00007ffa7fb69000 	C:\WINDOWS\system32\apphelp.dll
0x00007ffa82960000 - 0x00007ffa82a07000 	C:\WINDOWS\system32\ADVAPI32.dll
0x00007ffa82f50000 - 0x00007ffa82fed000 	C:\WINDOWS\system32\msvcrt.dll
0x00007ffa82b70000 - 0x00007ffa82bcb000 	C:\WINDOWS\system32\sechost.dll
0x00007ffa834a0000 - 0x00007ffa835bc000 	C:\WINDOWS\system32\RPCRT4.dll
0x00007ffa82a10000 - 0x00007ffa82b66000 	C:\WINDOWS\system32\USER32.dll
0x00007ffa83140000 - 0x00007ffa832c6000 	C:\WINDOWS\system32\GDI32.dll
0x00007ffa76500000 - 0x00007ffa76774000 	C:\WINDOWS\WinSxS\amd64_microsoft.windows.common-controls_6595b64144ccf1df_6.0.10586.0_none_8c15ae12515e1c22\COMCTL32.dll
0x00007ffa835c0000 - 0x00007ffa8383d000 	C:\WINDOWS\system32\combase.dll
0x00007ffa81be0000 - 0x00007ffa81c4a000 	C:\WINDOWS\system32\bcryptPrimitives.dll
0x00007ffa823e0000 - 0x00007ffa8241b000 	C:\WINDOWS\system32\IMM32.DLL
0x00000000576b0000 - 0x0000000057782000 	C:\Program Files\Java\jdk1.8.0_92\jre\bin\msvcr100.dll
0x0000000058180000 - 0x0000000058a16000 	C:\Program Files\Java\jdk1.8.0_92\jre\bin\server\jvm.dll
0x00007ffa82bd0000 - 0x00007ffa82bd8000 	C:\WINDOWS\system32\PSAPI.DLL
0x00007ffa7ef70000 - 0x00007ffa7ef93000 	C:\WINDOWS\SYSTEM32\WINMM.dll
0x00007ffa76bc0000 - 0x00007ffa76bca000 	C:\WINDOWS\SYSTEM32\VERSION.dll
0x00007ffa7fbc0000 - 0x00007ffa7fbc9000 	C:\WINDOWS\SYSTEM32\WSOCK32.dll
0x00007ffa82d80000 - 0x00007ffa82deb000 	C:\WINDOWS\system32\WS2_32.dll
0x00007ffa7ef40000 - 0x00007ffa7ef6c000 	C:\WINDOWS\SYSTEM32\WINMMBASE.dll
0x00007ffa82070000 - 0x00007ffa820b3000 	C:\WINDOWS\system32\cfgmgr32.dll
0x0000000058170000 - 0x000000005817f000 	C:\Program Files\Java\jdk1.8.0_92\jre\bin\verify.dll
0x0000000058060000 - 0x0000000058089000 	C:\Program Files\Java\jdk1.8.0_92\jre\bin\java.dll
0x0000000058040000 - 0x0000000058056000 	C:\Program Files\Java\jdk1.8.0_92\jre\bin\zip.dll
0x00007ffa83840000 - 0x00007ffa84d9c000 	C:\WINDOWS\system32\SHELL32.dll
0x00007ffa81450000 - 0x00007ffa81a94000 	C:\WINDOWS\system32\windows.storage.dll
0x00007ffa82420000 - 0x00007ffa82472000 	C:\WINDOWS\system32\shlwapi.dll
0x00007ffa81430000 - 0x00007ffa8143f000 	C:\WINDOWS\system32\kernel.appcore.dll
0x00007ffa820c0000 - 0x00007ffa82175000 	C:\WINDOWS\system32\shcore.dll
0x00007ffa813c0000 - 0x00007ffa8140b000 	C:\WINDOWS\system32\powrprof.dll
0x00007ffa81410000 - 0x00007ffa81424000 	C:\WINDOWS\system32\profapi.dll

VM Arguments:
jvm_args: -Djava.awt.headless=true -Xmx1024M -Dfile.encoding=GBK -Duser.country=CN -Duser.language=zh -Duser.variant 
java_command: com.android.dx.command.Main --dex --force-jumbo --num-threads=4 --output C:\Users\Wicker\Documents\GitHub_Clone\shopping\Shopping2\Shopping\app\build\intermediates\pre-dexed\debug\com.google.android.gms-play-services-ads-8.4.0_447a1547f6989476700550b1779ab2ba79d881a7.jar C:\Users\Wicker\Documents\GitHub_Clone\shopping\Shopping2\Shopping\app\build\intermediates\exploded-aar\com.google.android.gms\play-services-ads\8.4.0\jars\classes.jar
java_class_path (initial): D:\Android\Sdk\build-tools\23.0.3\lib\dx.jar
Launcher Type: SUN_STANDARD

Environment Variables:
JAVA_HOME=C:\Program Files\Java\jdk1.8.0_92
CLASSPATH=.C:\Program Files\Java\jdk1.8.0_92\lib;C:\Program Files\Java\jdk1.8.0_92\lib\tools.jar;
PATH=C:\ProgramData\Oracle\Java\javapath;C:\Program Files (x86)\Common Files\Intel\Shared Libraries\redist\intel64\compiler;C:\WINDOWS\system32;C:\WINDOWS;C:\WINDOWS\System32\Wbem;C:\WINDOWS\System32\WindowsPowerShell\v1.0\;C:\Program Files (x86)\QuickTime\QTSystem\;C:\Program Files\Java\jdk1.7.0_80\bin;C:\Users\Wicker\.dnx\bin;C:\Program Files\Microsoft DNX\Dnvm\;C:\Program Files (x86)\Windows Kits\8.1\Windows Performance Toolkit\;C:\Program Files (x86)\NVIDIA Corporation\PhysX\Common;D:\opencv\build\x86\mingw\bin;D:\opencv\build\x86\vc10\bin;D:\opencv\build\x64\mingw\bin;D:\opencv\build\x64\vc10\bin;D:\gradle-2.10-all\gradle-2.10\bin
USERNAME=Wicker
OS=Windows_NT
PROCESSOR_IDENTIFIER=Intel64 Family 6 Model 60 Stepping 3, GenuineIntel



---------------  S Y S T E M  ---------------

OS: Windows 10.0 , 64 bit Build 10586 (10.0.10586.0)

CPU:total 8 (4 cores per cpu, 2 threads per core) family 6 model 60 stepping 3, cmov, cx8, fxsr, mmx, sse, sse2, sse3, ssse3, sse4.1, sse4.2, popcnt, avx, avx2, aes, clmul, erms, lzcnt, ht, tsc, tscinvbit, bmi1, bmi2

Memory: 4k page, physical 12500872k(2573072k free), swap 13287304k(4556k free)

vm_info: Java HotSpot(TM) 64-Bit Server VM (25.92-b14) for windows-amd64 JRE (1.8.0_92-b14), built on Mar 31 2016 21:03:04 by "java_re" with MS VC++ 10.0 (VS2010)

time: Wed Jun 15 23:24:46 2016
elapsed time: 0 seconds (0d 0h 0m 0s)

