#
# There is insufficient memory for the Java Runtime Environment to continue.
# Native memory allocation (malloc) failed to allocate 774976 bytes for Chunk::new
# Possible reasons:
#   The system is out of physical RAM or swap space
#   In 32 bit mode, the process size limit was hit
# Possible solutions:
#   Reduce memory load on the system
#   Increase physical memory or swap space
#   Check if swap backing store is full
#   Use 64 bit Java on a 64 bit OS
#   Decrease Java heap size (-Xmx/-Xms)
#   Decrease number of Java threads
#   Decrease Java thread stack sizes (-Xss)
#   Set larger code cache with -XX:ReservedCodeCacheSize=
# This output file may be truncated or incomplete.
#
#  Out of Memory Error (allocation.cpp:390), pid=227584, tid=0x000000000002d060
#
# JRE version: Java(TM) SE Runtime Environment (8.0_92-b14) (build 1.8.0_92-b14)
# Java VM: Java HotSpot(TM) 64-Bit Server VM (25.92-b14 mixed mode windows-amd64 compressed oops)
# Failed to write core dump. Minidumps are not enabled by default on client versions of Windows
#

---------------  T H R E A D  ---------------

Current thread (0x000000001718a000):  JavaThread "C2 CompilerThread1" daemon [_thread_in_native, id=184416, stack(0x0000000017960000,0x0000000017a60000)]

Stack: [0x0000000017960000,0x0000000017a60000]
[error occurred during error reporting (printing stack bounds), id 0xc0000005]

Native frames: (J=compiled Java code, j=interpreted, Vv=VM code, C=native code)


Current CompileTask:
C2:    924 1259   !   4       com.android.dx.cf.code.BytecodeArray::parseInstruction (2764 bytes)


---------------  P R O C E S S  ---------------

Java Threads: ( => current thread )
  0x000000001744e000 JavaThread "pool-1-thread-4" [_thread_in_Java, id=224308, stack(0x0000000018260000,0x0000000018360000)]
  0x000000001743e800 JavaThread "pool-1-thread-3" [_thread_blocked, id=227360, stack(0x0000000018160000,0x0000000018260000)]
  0x0000000017446800 JavaThread "pool-1-thread-2" [_thread_blocked, id=226992, stack(0x0000000018060000,0x0000000018160000)]
  0x000000001743b000 JavaThread "pool-2-thread-1" [_thread_blocked, id=222996, stack(0x0000000017f60000,0x0000000018060000)]
  0x00000000173c9800 JavaThread "pool-1-thread-1" [_thread_in_Java, id=244784, stack(0x0000000017e60000,0x0000000017f60000)]
  0x000000001722d800 JavaThread "Service Thread" daemon [_thread_blocked, id=216096, stack(0x0000000017c60000,0x0000000017d60000)]
  0x0000000017197000 JavaThread "C1 CompilerThread3" daemon [_thread_in_native, id=225840, stack(0x0000000017b60000,0x0000000017c60000)]
  0x0000000017190000 JavaThread "C2 CompilerThread2" daemon [_thread_in_native, id=231180, stack(0x0000000017a60000,0x0000000017b60000)]
=>0x000000001718a000 JavaThread "C2 CompilerThread1" daemon [_thread_in_native, id=184416, stack(0x0000000017960000,0x0000000017a60000)]
  0x000000001522d000 JavaThread "C2 CompilerThread0" daemon [_thread_in_native, id=226904, stack(0x0000000017860000,0x0000000017960000)]
  0x0000000015229000 JavaThread "Attach Listener" daemon [_thread_blocked, id=226096, stack(0x0000000017760000,0x0000000017860000)]
  0x000000001713c800 JavaThread "Signal Dispatcher" daemon [_thread_blocked, id=228328, stack(0x0000000017660000,0x0000000017760000)]
  0x00000000026fe000 JavaThread "Finalizer" daemon [_thread_blocked, id=225264, stack(0x0000000017500000,0x0000000017600000)]
  0x00000000026f7000 JavaThread "Reference Handler" daemon [_thread_blocked, id=225416, stack(0x0000000017000000,0x0000000017100000)]
  0x000000000215e000 JavaThread "main" [_thread_in_Java, id=227468, stack(0x0000000002500000,0x0000000002600000)]

Other Threads:
  0x0000000015219000 VMThread [stack: 0x0000000016f00000,0x0000000017000000] [id=228908]
  0x000000001729d800 WatcherThread [stack: 0x0000000017d60000,0x0000000017e60000] [id=230796]

VM state:not at safepoint (normal execution)

VM Mutex/Monitor currently owned by a thread: None

Heap:
 PSYoungGen      total 57344K, used 25988K [0x00000000eab00000, 0x00000000f1b00000, 0x0000000100000000)
  eden space 49152K, 36% used [0x00000000eab00000,0x00000000ebc65950,0x00000000edb00000)
  from space 8192K, 99% used [0x00000000edb00000,0x00000000ee2fba70,0x00000000ee300000)
  to   space 8192K, 0% used [0x00000000f1300000,0x00000000f1300000,0x00000000f1b00000)
 ParOldGen       total 131072K, used 710K [0x00000000c0000000, 0x00000000c8000000, 0x00000000eab00000)
  object space 131072K, 0% used [0x00000000c0000000,0x00000000c00b1af8,0x00000000c8000000)
 Metaspace       used 6134K, capacity 7030K, committed 7296K, reserved 1056768K
  class space    used 604K, capacity 622K, committed 640K, reserved 1048576K

Card table byte_map: [0x0000000011ac0000,0x0000000011cd0000] byte_map_base: 0x00000000114c0000

Marking Bits: (ParMarkBitMap*) 0x00000000589964f0
 Begin Bits: [0x0000000012630000, 0x0000000013630000)
 End Bits:   [0x0000000013630000, 0x0000000014630000)

Polling page: 0x0000000000890000

CodeCache: size=245760Kb used=5683Kb max_used=5683Kb free=240076Kb
 bounds [0x0000000002700000, 0x0000000002ca0000, 0x0000000011700000]
 total_blobs=1683 nmethods=1412 adapters=184
 compilation: enabled

Compilation events (10 events):
Event: 0.917 Thread 0x0000000017197000 nmethod 1425 0x0000000002c8b050 code [0x0000000002c8b1a0, 0x0000000002c8b290]
Event: 0.918 Thread 0x0000000017197000 1428       3       com.android.dx.rop.cst.CstLiteral64::hashCode (15 bytes)
Event: 0.918 Thread 0x0000000017197000 nmethod 1428 0x0000000002c8b310 code [0x0000000002c8b460, 0x0000000002c8b5d0]
Event: 0.919 Thread 0x0000000017197000 1429       3       com.android.dx.util.Bits::anyInRange (21 bytes)
Event: 0.919 Thread 0x0000000017197000 nmethod 1429 0x0000000002c8b650 code [0x0000000002c8b7c0, 0x0000000002c8b9c8]
Event: 0.919 Thread 0x0000000017197000 1430       3       com.android.dx.ssa.PhiInsn::mapSourceRegisters (78 bytes)
Event: 0.920 Thread 0x0000000017197000 nmethod 1430 0x0000000002c8ba90 code [0x0000000002c8bc80, 0x0000000002c8c628]
Event: 0.920 Thread 0x0000000017197000 1431       3       com.android.dx.dex.file.AnnotationUtils::makeSignature (251 bytes)
Event: 0.922 Thread 0x0000000017197000 nmethod 1431 0x0000000002c8ca50 code [0x0000000002c8cea0, 0x0000000002c8f928]
Event: 0.923 Thread 0x0000000017197000 1437       2       com.android.dx.ssa.SsaRenamer::<init> (100 bytes)

GC Heap History (2 events):
Event: 0.851 GC heap before
{Heap before GC invocations=1 (full 0):
 PSYoungGen      total 57344K, used 49152K [0x00000000eab00000, 0x00000000eeb00000, 0x0000000100000000)
  eden space 49152K, 100% used [0x00000000eab00000,0x00000000edb00000,0x00000000edb00000)
  from space 8192K, 0% used [0x00000000ee300000,0x00000000ee300000,0x00000000eeb00000)
  to   space 8192K, 0% used [0x00000000edb00000,0x00000000edb00000,0x00000000ee300000)
 ParOldGen       total 131072K, used 0K [0x00000000c0000000, 0x00000000c8000000, 0x00000000eab00000)
  object space 131072K, 0% used [0x00000000c0000000,0x00000000c0000000,0x00000000c8000000)
 Metaspace       used 6072K, capacity 6966K, committed 7040K, reserved 1056768K
  class space    used 604K, capacity 622K, committed 640K, reserved 1048576K
Event: 0.868 GC heap after
Heap after GC invocations=1 (full 0):
 PSYoungGen      total 57344K, used 8174K [0x00000000eab00000, 0x00000000f1b00000, 0x0000000100000000)
  eden space 49152K, 0% used [0x00000000eab00000,0x00000000eab00000,0x00000000edb00000)
  from space 8192K, 99% used [0x00000000edb00000,0x00000000ee2fba70,0x00000000ee300000)
  to   space 8192K, 0% used [0x00000000f1300000,0x00000000f1300000,0x00000000f1b00000)
 ParOldGen       total 131072K, used 710K [0x00000000c0000000, 0x00000000c8000000, 0x00000000eab00000)
  object space 131072K, 0% used [0x00000000c0000000,0x00000000c00b1af8,0x00000000c8000000)
 Metaspace       used 6072K, capacity 6966K, committed 7040K, reserved 1056768K
  class space    used 604K, capacity 622K, committed 640K, reserved 1048576K
}

Deoptimization events (10 events):
Event: 0.717 Thread 0x00000000173c9800 Uncommon trap: reason=unstable_if action=reinterpret pc=0x0000000002a5e57c method=com.android.dx.util.IntList.binarysearch(I)I @ 105
Event: 0.725 Thread 0x000000001744e000 Uncommon trap: reason=unstable_if action=reinterpret pc=0x0000000002a16d28 method=com.android.dx.ssa.SsaRenamer$BlockRenamer.addMapping(ILcom/android/dx/rop/code/RegisterSpec;)V @ 120
Event: 0.730 Thread 0x000000001743e800 Uncommon trap: reason=unstable_if action=reinterpret pc=0x0000000002b40a4c method=com.android.dx.ssa.MoveParamCombiner$1.visitNonMoveInsn(Lcom/android/dx/ssa/NormalSsaInsn;)V @ 27
Event: 0.751 Thread 0x000000000215e000 Uncommon trap: reason=bimorphic action=maybe_recompile pc=0x0000000002ba2254 method=com.android.dx.cf.code.BytecodeArray.parseInstruction(ILcom/android/dx/cf/code/BytecodeArray$Visitor;)I @ 1161
Event: 0.752 Thread 0x000000000215e000 Uncommon trap: reason=bimorphic action=maybe_recompile pc=0x0000000002ba2254 method=com.android.dx.cf.code.BytecodeArray.parseInstruction(ILcom/android/dx/cf/code/BytecodeArray$Visitor;)I @ 1161
Event: 0.767 Thread 0x000000001744e000 Uncommon trap: reason=class_check action=maybe_recompile pc=0x0000000002ba21bc method=com.android.dx.cf.code.BytecodeArray.parseInstruction(ILcom/android/dx/cf/code/BytecodeArray$Visitor;)I @ 1130
Event: 0.767 Thread 0x000000001744e000 Uncommon trap: reason=class_check action=maybe_recompile pc=0x0000000002ba21bc method=com.android.dx.cf.code.BytecodeArray.parseInstruction(ILcom/android/dx/cf/code/BytecodeArray$Visitor;)I @ 1130
Event: 0.767 Thread 0x000000001744e000 Uncommon trap: reason=class_check action=maybe_recompile pc=0x0000000002ba21bc method=com.android.dx.cf.code.BytecodeArray.parseInstruction(ILcom/android/dx/cf/code/BytecodeArray$Visitor;)I @ 1130
Event: 0.767 Thread 0x000000001744e000 Uncommon trap: reason=class_check action=maybe_recompile pc=0x0000000002ba21bc method=com.android.dx.cf.code.BytecodeArray.parseInstruction(ILcom/android/dx/cf/code/BytecodeArray$Visitor;)I @ 1130
Event: 0.882 Thread 0x000000001744e000 Uncommon trap: reason=unstable_if action=reinterpret pc=0x0000000002af5970 method=com.android.dx.ssa.SCCP.simulateStmt(Lcom/android/dx/ssa/SsaInsn;)V @ 59

Internal exceptions (3 events):
Event: 0.027 Thread 0x000000000215e000 Exception <a 'java/lang/NoSuchMethodError': Method sun.misc.Unsafe.defineClass(Ljava/lang/String;[BII)Ljava/lang/Class; name or signature does not match> (0x00000000eab07cc0) thrown at [D:\re\workspace\8-2-build-windows-amd64-cygwin\jdk8u92\6642\hotspot\srﬂ∆`1õ?
Event: 0.027 Thread 0x000000000215e000 Exception <a 'java/lang/NoSuchMethodError': Method sun.misc.Unsafe.prefetchRead(Ljava/lang/Object;J)V name or signature does not match> (0x00000000eab07fa8) thrown at [D:\re\workspace\8-2-build-windows-amd64-cygwin\jdk8u92\6642\hotspot\src\share\vm\prims\jHßêÜ¬˘ﬁ?
Event: 0.484 Thread 0x0000000017446800 Implicit null exception at 0x00000000029f132e to 0x00000000029f2985

Events (10 events):
Event: 0.767 Thread 0x000000001744e000 DEOPT PACKING pc=0x0000000002ba21bc sp=0x000000001835ea10
Event: 0.767 Thread 0x000000001744e000 DEOPT UNPACKING pc=0x000000000274582a sp=0x000000001835e998 mode 2
Event: 0.767 Thread 0x000000001744e000 Uncommon trap: trap_request=0xffffffde fr.pc=0x0000000002ba21bc
Event: 0.767 Thread 0x000000001744e000 DEOPT PACKING pc=0x0000000002ba21bc sp=0x000000001835e8c0
Event: 0.767 Thread 0x000000001744e000 DEOPT UNPACKING pc=0x000000000274582a sp=0x000000001835e848 mode 2
Event: 0.820 Executing VM operation: ParallelGCFailedAllocation
Event: 0.868 Executing VM operation: ParallelGCFailedAllocation done
Event: 0.882 Thread 0x000000001744e000 Uncommon trap: trap_request=0xffffff65 fr.pc=0x0000000002af5970
Event: 0.882 Thread 0x000000001744e000 DEOPT PACKING pc=0x0000000002af5970 sp=0x000000001835e910
Event: 0.882 Thread 0x000000001744e000 DEOPT UNPACKING pc=0x000000000274582a sp=0x000000001835e8d8 mode 2


Dynamic libraries:
0x00007ff646d50000 - 0x00007ff646d87000 	C:\Program Files\Java\jdk1.8.0_92\bin\java.exe
0x00007ffa84da0000 - 0x00007ffa84f61000 	C:\WINDOWS\SYSTEM32\ntdll.dll
0x00007ffa82480000 - 0x00007ffa8252d000 	C:\WINDOWS\system32\KERNEL32.DLL
0x00007ffa81c50000 - 0x00007ffa81e38000 	C:\WINDOWS\system32\KERNELBASE.dll
0x00007ffa7faf0000 - 0x00007ffa7fb69000 	C:\WINDOWS\system32\apphelp.dll
0x00007ffa82960000 - 0x00007ffa82a07000 	C:\WINDOWS\system32\ADVAPI32.dll
0x00007ffa82f50000 - 0x00007ffa82fed000 	C:\WINDOWS\system32\msvcrt.dll
0x00007ffa82b70000 - 0x00007ffa82bcb000 	C:\WINDOWS\system32\sechost.dll
0x00007ffa834a0000 - 0x00007ffa835bc000 	C:\WINDOWS\system32\RPCRT4.dll
0x00007ffa82a10000 - 0x00007ffa82b66000 	C:\WINDOWS\system32\USER32.dll
0x00007ffa83140000 - 0x00007ffa832c6000 	C:\WINDOWS\system32\GDI32.dll
0x00007ffa76500000 - 0x00007ffa76774000 	C:\WINDOWS\WinSxS\amd64_microsoft.windows.common-controls_6595b64144ccf1df_6.0.10586.0_none_8c15ae12515e1c22\COMCTL32.dll
0x00007ffa835c0000 - 0x00007ffa8383d000 	C:\WINDOWS\system32\combase.dll
0x00007ffa81be0000 - 0x00007ffa81c4a000 	C:\WINDOWS\system32\bcryptPrimitives.dll
0x00007ffa823e0000 - 0x00007ffa8241b000 	C:\WINDOWS\system32\IMM32.DLL
0x00000000576b0000 - 0x0000000057782000 	C:\Program Files\Java\jdk1.8.0_92\jre\bin\msvcr100.dll
0x0000000058180000 - 0x0000000058a16000 	C:\Program Files\Java\jdk1.8.0_92\jre\bin\server\jvm.dll
0x00007ffa82bd0000 - 0x00007ffa82bd8000 	C:\WINDOWS\system32\PSAPI.DLL
0x00007ffa7fbc0000 - 0x00007ffa7fbc9000 	C:\WINDOWS\SYSTEM32\WSOCK32.dll
0x00007ffa7ef70000 - 0x00007ffa7ef93000 	C:\WINDOWS\SYSTEM32\WINMM.dll
0x00007ffa76bc0000 - 0x00007ffa76bca000 	C:\WINDOWS\SYSTEM32\VERSION.dll
0x00007ffa82d80000 - 0x00007ffa82deb000 	C:\WINDOWS\system32\WS2_32.dll
0x0000000002160000 - 0x000000000218c000 	C:\WINDOWS\SYSTEM32\WINMMBASE.dll
0x00007ffa82070000 - 0x00007ffa820b3000 	C:\WINDOWS\system32\cfgmgr32.dll
0x0000000058170000 - 0x000000005817f000 	C:\Program Files\Java\jdk1.8.0_92\jre\bin\verify.dll
0x0000000058060000 - 0x0000000058089000 	C:\Program Files\Java\jdk1.8.0_92\jre\bin\java.dll
0x0000000058040000 - 0x0000000058056000 	C:\Program Files\Java\jdk1.8.0_92\jre\bin\zip.dll
0x00007ffa83840000 - 0x00007ffa84d9c000 	C:\WINDOWS\system32\SHELL32.dll
0x00007ffa81450000 - 0x00007ffa81a94000 	C:\WINDOWS\system32\windows.storage.dll
0x00007ffa82420000 - 0x00007ffa82472000 	C:\WINDOWS\system32\shlwapi.dll
0x00007ffa81430000 - 0x00007ffa8143f000 	C:\WINDOWS\system32\kernel.appcore.dll
0x00007ffa820c0000 - 0x00007ffa82175000 	C:\WINDOWS\system32\shcore.dll
0x00007ffa813c0000 - 0x00007ffa8140b000 	C:\WINDOWS\system32\powrprof.dll
0x00007ffa81410000 - 0x00007ffa81424000 	C:\WINDOWS\system32\profapi.dll

VM Arguments:
jvm_args: -Djava.awt.headless=true -Xmx1024M -Dfile.encoding=GBK -Duser.country=CN -Duser.language=zh -Duser.variant 
java_command: com.android.dx.command.Main --dex --force-jumbo --num-threads=4 --output C:\Users\Wicker\Documents\GitHub_Clone\shopping\Shopping2\Shopping\app\build\intermediates\pre-dexed\debug\afinal_0.5.1_bin_2651e353e07a7e0faa9ecc1d1d8d40fa06d075ba.jar C:\Users\Wicker\Documents\GitHub_Clone\shopping\Shopping2\Shopping\app\libs\afinal_0.5.1_bin.jar
java_class_path (initial): D:\Android\Sdk\build-tools\23.0.3\lib\dx.jar
Launcher Type: SUN_STANDARD

Environment Variables:
JAVA_HOME=C:\Program Files\Java\jdk1.8.0_92
CLASSPATH=.C:\Program Files\Java\jdk1.8.0_92\lib;C:\Program Files\Java\jdk1.8.0_92\lib\tools.jar;
PATH=C:\ProgramData\Oracle\Java\javapath;C:\Program Files (x86)\Common Files\Intel\Shared Libraries\redist\intel64\compiler;C:\WINDOWS\system32;C:\WINDOWS;C:\WINDOWS\System32\Wbem;C:\WINDOWS\System32\WindowsPowerShell\v1.0\;C:\Program Files (x86)\QuickTime\QTSystem\;C:\Program Files\Java\jdk1.7.0_80\bin;C:\Users\Wicker\.dnx\bin;C:\Program Files\Microsoft DNX\Dnvm\;C:\Program Files (x86)\Windows Kits\8.1\Windows Performance Toolkit\;C:\Program Files (x86)\NVIDIA Corporation\PhysX\Common;D:\opencv\build\x86\mingw\bin;D:\opencv\build\x86\vc10\bin;D:\opencv\build\x64\mingw\bin;D:\opencv\build\x64\vc10\bin;D:\gradle-2.10-all\gradle-2.10\bin
USERNAME=Wicker
OS=Windows_NT
PROCESSOR_IDENTIFIER=Intel64 Family 6 Model 60 Stepping 3, GenuineIntel



---------------  S Y S T E M  ---------------

OS: Windows 10.0 , 64 bit Build 10586 (10.0.10586.0)

CPU:total 8 (4 cores per cpu, 2 threads per core) family 6 model 60 stepping 3, cmov, cx8, fxsr, mmx, sse, sse2, sse3, ssse3, sse4.1, sse4.2, popcnt, avx, avx2, aes, clmul, erms, lzcnt, ht, tsc, tscinvbit, bmi1, bmi2

Memory: 4k page, physical 12500872k(3365592k free), swap 13287304k(5152k free)

vm_info: Java HotSpot(TM) 64-Bit Server VM (25.92-b14) for windows-amd64 JRE (1.8.0_92-b14), built on Mar 31 2016 21:03:04 by "java_re" with MS VC++ 10.0 (VS2010)

time: Sat Jun 18 01:35:31 2016
elapsed time: 0 seconds (0d 0h 0m 0s)

