#
# There is insufficient memory for the Java Runtime Environment to continue.
# Native memory allocation (malloc) failed to allocate 603696 bytes for Chunk::new
# Possible reasons:
#   The system is out of physical RAM or swap space
#   In 32 bit mode, the process size limit was hit
# Possible solutions:
#   Reduce memory load on the system
#   Increase physical memory or swap space
#   Check if swap backing store is full
#   Use 64 bit Java on a 64 bit OS
#   Decrease Java heap size (-Xmx/-Xms)
#   Decrease number of Java threads
#   Decrease Java thread stack sizes (-Xss)
#   Set larger code cache with -XX:ReservedCodeCacheSize=
# This output file may be truncated or incomplete.
#
#  Out of Memory Error (allocation.cpp:390), pid=54460, tid=0x0000000000010594
#
# JRE version: Java(TM) SE Runtime Environment (8.0_92-b14) (build 1.8.0_92-b14)
# Java VM: Java HotSpot(TM) 64-Bit Server VM (25.92-b14 mixed mode windows-amd64 compressed oops)
# Failed to write core dump. Minidumps are not enabled by default on client versions of Windows
#

---------------  T H R E A D  ---------------

Current thread (0x0000000017058000):  JavaThread "C2 CompilerThread1" daemon [_thread_in_native, id=66964, stack(0x0000000017830000,0x0000000017930000)]

Stack: [0x0000000017830000,0x0000000017930000]
[error occurred during error reporting (printing stack bounds), id 0xc0000005]

Native frames: (J=compiled Java code, j=interpreted, Vv=VM code, C=native code)


Current CompileTask:
C2:   1912 1610   !   4       com.android.dx.cf.code.RopperMachine::run (1550 bytes)


---------------  P R O C E S S  ---------------

Java Threads: ( => current thread )
  0x000000001737d000 JavaThread "pool-2-thread-4" [_thread_blocked, id=79972, stack(0x0000000018930000,0x0000000018a30000)]
  0x0000000017378000 JavaThread "pool-2-thread-3" [_thread_blocked, id=41512, stack(0x0000000018830000,0x0000000018930000)]
  0x0000000017373000 JavaThread "pool-2-thread-2" [_thread_blocked, id=79296, stack(0x0000000018730000,0x0000000018830000)]
  0x0000000017370000 JavaThread "pool-3-thread-1" [_thread_blocked, id=61772, stack(0x0000000018630000,0x0000000018730000)]
  0x0000000017d32800 JavaThread "pool-2-thread-1" [_thread_blocked, id=69528, stack(0x0000000018530000,0x0000000018630000)]
  0x00000000170d5000 JavaThread "Service Thread" daemon [_thread_blocked, id=6196, stack(0x0000000017b30000,0x0000000017c30000)]
  0x0000000017060000 JavaThread "C1 CompilerThread3" daemon [_thread_blocked, id=52656, stack(0x0000000017a30000,0x0000000017b30000)]
  0x000000001705a800 JavaThread "C2 CompilerThread2" daemon [_thread_in_native, id=83704, stack(0x0000000017930000,0x0000000017a30000)]
=>0x0000000017058000 JavaThread "C2 CompilerThread1" daemon [_thread_in_native, id=66964, stack(0x0000000017830000,0x0000000017930000)]
  0x0000000017055800 JavaThread "C2 CompilerThread0" daemon [_thread_in_native, id=67612, stack(0x0000000017730000,0x0000000017830000)]
  0x0000000017052000 JavaThread "Attach Listener" daemon [_thread_blocked, id=55600, stack(0x0000000017630000,0x0000000017730000)]
  0x00000000025ae800 JavaThread "Signal Dispatcher" daemon [_thread_blocked, id=56160, stack(0x0000000017530000,0x0000000017630000)]
  0x00000000025a8800 JavaThread "Finalizer" daemon [_thread_blocked, id=52212, stack(0x00000000173d0000,0x00000000174d0000)]
  0x00000000025a7000 JavaThread "Reference Handler" daemon [_thread_blocked, id=49728, stack(0x0000000016ed0000,0x0000000016fd0000)]
  0x00000000008ae000 JavaThread "main" [_thread_in_Java, id=60772, stack(0x00000000023b0000,0x00000000024b0000)]

Other Threads:
  0x00000000150c9000 VMThread [stack: 0x0000000016dd0000,0x0000000016ed0000] [id=56420]
  0x0000000017137800 WatcherThread [stack: 0x0000000017c30000,0x0000000017d30000] [id=2956]

VM state:not at safepoint (normal execution)

VM Mutex/Monitor currently owned by a thread: None

Heap:
 PSYoungGen      total 106496K, used 15452K [0x00000000eab00000, 0x00000000f1b00000, 0x0000000100000000)
  eden space 98304K, 7% used [0x00000000eab00000,0x00000000eb218088,0x00000000f0b00000)
  from space 8192K, 99% used [0x00000000f1300000,0x00000000f1aff000,0x00000000f1b00000)
  to   space 8192K, 0% used [0x00000000f0b00000,0x00000000f0b00000,0x00000000f1300000)
 ParOldGen       total 131072K, used 6907K [0x00000000c0000000, 0x00000000c8000000, 0x00000000eab00000)
  object space 131072K, 5% used [0x00000000c0000000,0x00000000c06bece8,0x00000000c8000000)
 Metaspace       used 6370K, capacity 7128K, committed 7424K, reserved 1056768K
  class space    used 627K, capacity 656K, committed 768K, reserved 1048576K

Card table byte_map: [0x0000000011970000,0x0000000011b80000] byte_map_base: 0x0000000011370000

Marking Bits: (ParMarkBitMap*) 0x000000006d3c64f0
 Begin Bits: [0x00000000124e0000, 0x00000000134e0000)
 End Bits:   [0x00000000134e0000, 0x00000000144e0000)

Polling page: 0x0000000000890000

CodeCache: size=245760Kb used=6199Kb max_used=6206Kb free=239560Kb
 bounds [0x00000000025b0000, 0x0000000002bd0000, 0x00000000115b0000]
 total_blobs=1896 nmethods=1625 adapters=184
 compilation: enabled

Compilation events (10 events):
Event: 1.906 Thread 0x000000001705a800 nmethod 1648 0x0000000002bc5710 code [0x0000000002bc5960, 0x0000000002bc6a30]
Event: 1.906 Thread 0x000000001705a800 1585       4       com.android.dx.rop.code.ThrowingCstInsn::accept (8 bytes)
Event: 1.906 Thread 0x000000001705a800 nmethod 1585 0x0000000002a47a90 code [0x0000000002a47bc0, 0x0000000002a47c38]
Event: 1.906 Thread 0x000000001705a800 1170       4       com.android.dx.rop.code.BasicBlock::getLastInsn (8 bytes)
Event: 1.907 Thread 0x0000000017060000 1650   !   2       com.android.dx.rop.code.RegisterSpec::intern (70 bytes)
Event: 1.907 Thread 0x000000001705a800 nmethod 1170 0x0000000002baae50 code [0x0000000002baafa0, 0x0000000002bab098]
Event: 1.907 Thread 0x000000001705a800 1652       4       com.android.dx.util.IntList::mutableCopy (39 bytes)
Event: 1.907 Thread 0x0000000017060000 nmethod 1650 0x0000000002babbd0 code [0x0000000002babd80, 0x0000000002bac2e8]
Event: 1.908 Thread 0x0000000017060000 1651       2       java.util.HashMap::putVal (300 bytes)
Event: 1.908 Thread 0x0000000017060000 nmethod 1651 0x0000000002bbdad0 code [0x0000000002bbdce0, 0x0000000002bbe3f8]

GC Heap History (4 events):
Event: 1.126 GC heap before
{Heap before GC invocations=1 (full 0):
 PSYoungGen      total 57344K, used 49152K [0x00000000eab00000, 0x00000000eeb00000, 0x0000000100000000)
  eden space 49152K, 100% used [0x00000000eab00000,0x00000000edb00000,0x00000000edb00000)
  from space 8192K, 0% used [0x00000000ee300000,0x00000000ee300000,0x00000000eeb00000)
  to   space 8192K, 0% used [0x00000000edb00000,0x00000000edb00000,0x00000000ee300000)
 ParOldGen       total 131072K, used 0K [0x00000000c0000000, 0x00000000c8000000, 0x00000000eab00000)
  object space 131072K, 0% used [0x00000000c0000000,0x00000000c0000000,0x00000000c8000000)
 Metaspace       used 6078K, capacity 6966K, committed 7040K, reserved 1056768K
  class space    used 604K, capacity 622K, committed 640K, reserved 1048576K
Event: 1.227 GC heap after
Heap after GC invocations=1 (full 0):
 PSYoungGen      total 57344K, used 8162K [0x00000000eab00000, 0x00000000f1b00000, 0x0000000100000000)
  eden space 49152K, 0% used [0x00000000eab00000,0x00000000eab00000,0x00000000edb00000)
  from space 8192K, 99% used [0x00000000edb00000,0x00000000ee2f88b8,0x00000000ee300000)
  to   space 8192K, 0% used [0x00000000f1300000,0x00000000f1300000,0x00000000f1b00000)
 ParOldGen       total 131072K, used 1322K [0x00000000c0000000, 0x00000000c8000000, 0x00000000eab00000)
  object space 131072K, 1% used [0x00000000c0000000,0x00000000c014a938,0x00000000c8000000)
 Metaspace       used 6078K, capacity 6966K, committed 7040K, reserved 1056768K
  class space    used 604K, capacity 622K, committed 640K, reserved 1048576K
}
Event: 1.741 GC heap before
{Heap before GC invocations=2 (full 0):
 PSYoungGen      total 57344K, used 57314K [0x00000000eab00000, 0x00000000f1b00000, 0x0000000100000000)
  eden space 49152K, 100% used [0x00000000eab00000,0x00000000edb00000,0x00000000edb00000)
  from space 8192K, 99% used [0x00000000edb00000,0x00000000ee2f88b8,0x00000000ee300000)
  to   space 8192K, 0% used [0x00000000f1300000,0x00000000f1300000,0x00000000f1b00000)
 ParOldGen       total 131072K, used 1322K [0x00000000c0000000, 0x00000000c8000000, 0x00000000eab00000)
  object space 131072K, 1% used [0x00000000c0000000,0x00000000c014a938,0x00000000c8000000)
 Metaspace       used 6279K, capacity 7094K, committed 7296K, reserved 1056768K
  class space    used 608K, capacity 622K, committed 640K, reserved 1048576K
Event: 1.782 GC heap after
Heap after GC invocations=2 (full 0):
 PSYoungGen      total 106496K, used 8188K [0x00000000eab00000, 0x00000000f1b00000, 0x0000000100000000)
  eden space 98304K, 0% used [0x00000000eab00000,0x00000000eab00000,0x00000000f0b00000)
  from space 8192K, 99% used [0x00000000f1300000,0x00000000f1aff000,0x00000000f1b00000)
  to   space 8192K, 0% used [0x00000000f0b00000,0x00000000f0b00000,0x00000000f1300000)
 ParOldGen       total 131072K, used 6907K [0x00000000c0000000, 0x00000000c8000000, 0x00000000eab00000)
  object space 131072K, 5% used [0x00000000c0000000,0x00000000c06bece8,0x00000000c8000000)
 Metaspace       used 6279K, capacity 7094K, committed 7296K, reserved 1056768K
  class space    used 608K, capacity 622K, committed 640K, reserved 1048576K
}

Deoptimization events (10 events):
Event: 1.062 Thread 0x00000000008ae000 Uncommon trap: reason=bimorphic action=maybe_recompile pc=0x00000000028ca540 method=java.util.HashMap.getNode(ILjava/lang/Object;)Ljava/util/HashMap$Node; @ 126
Event: 1.110 Thread 0x0000000017d32800 Uncommon trap: reason=unstable_if action=reinterpret pc=0x00000000028cb5dc method=com.android.dx.ssa.SsaMethod.updateOneDefinition(Lcom/android/dx/ssa/SsaInsn;Lcom/android/dx/rop/code/RegisterSpec;)V @ 4
Event: 1.438 Thread 0x0000000017373000 Uncommon trap: reason=bimorphic action=maybe_recompile pc=0x00000000028ca540 method=java.util.HashMap.getNode(ILjava/lang/Object;)Ljava/util/HashMap$Node; @ 126
Event: 1.469 Thread 0x0000000017378000 Uncommon trap: reason=bimorphic action=maybe_recompile pc=0x00000000028ca540 method=java.util.HashMap.getNode(ILjava/lang/Object;)Ljava/util/HashMap$Node; @ 126
Event: 1.845 Thread 0x00000000008ae000 Uncommon trap: reason=bimorphic action=maybe_recompile pc=0x00000000028c72f4 method=java.util.HashMap.getNode(ILjava/lang/Object;)Ljava/util/HashMap$Node; @ 126
Event: 1.845 Thread 0x00000000008ae000 Uncommon trap: reason=bimorphic action=maybe_recompile pc=0x0000000002994480 method=java.util.HashMap.putVal(ILjava/lang/Object;Ljava/lang/Object;ZZ)Ljava/lang/Object; @ 203
Event: 1.851 Thread 0x00000000008ae000 Uncommon trap: reason=bimorphic action=maybe_recompile pc=0x0000000002994480 method=java.util.HashMap.putVal(ILjava/lang/Object;Ljava/lang/Object;ZZ)Ljava/lang/Object; @ 203
Event: 1.851 Thread 0x00000000008ae000 Uncommon trap: reason=bimorphic action=maybe_recompile pc=0x0000000002994480 method=java.util.HashMap.putVal(ILjava/lang/Object;Ljava/lang/Object;ZZ)Ljava/lang/Object; @ 203
Event: 1.851 Thread 0x00000000008ae000 Uncommon trap: reason=bimorphic action=maybe_recompile pc=0x0000000002994480 method=java.util.HashMap.putVal(ILjava/lang/Object;Ljava/lang/Object;ZZ)Ljava/lang/Object; @ 203
Event: 1.869 Thread 0x00000000008ae000 Uncommon trap: reason=unstable_if action=reinterpret pc=0x000000000287f244 method=java.util.HashMap.putVal(ILjava/lang/Object;Ljava/lang/Object;ZZ)Ljava/lang/Object; @ 162

Internal exceptions (5 events):
Event: 0.393 Thread 0x00000000008ae000 Exception <a 'java/lang/NoSuchMethodError': Method sun.misc.Unsafe.defineClass(Ljava/lang/String;[BII)Ljava/lang/Class; name or signature does not match> (0x00000000eab07cc0) thrown at [D:\re\workspace\8-2-build-windows-amd64-cygwin\jdk8u92\6642\hotspot\sršÊqL¹"Ù?
Event: 0.393 Thread 0x00000000008ae000 Exception <a 'java/lang/NoSuchMethodError': Method sun.misc.Unsafe.prefetchRead(Ljava/lang/Object;J)V name or signature does not match> (0x00000000eab07fa8) thrown at [D:\re\workspace\8-2-build-windows-amd64-cygwin\jdk8u92\6642\hotspot\src\share\vm\prims\jš{ÓOfñý?
Event: 1.871 Thread 0x00000000008ae000 Exception <a 'java/lang/ArrayIndexOutOfBoundsException': 18> (0x00000000eb13d850) thrown at [D:\re\workspace\8-2-build-windows-amd64-cygwin\jdk8u92\6642\hotspot\src\share\vm\interpreter\interpreterRuntime.cpp, line 366]
Event: 1.872 Thread 0x00000000008ae000 Exception <a 'java/lang/ArrayIndexOutOfBoundsException': 145> (0x00000000eb13f3d0) thrown at [D:\re\workspace\8-2-build-windows-amd64-cygwin\jdk8u92\6642\hotspot\src\share\vm\interpreter\interpreterRuntime.cpp, line 366]
Event: 1.906 Thread 0x00000000008ae000 Exception <a 'java/lang/ArrayIndexOutOfBoundsException'> (0x00000000eb1406b8) thrown at [D:\re\workspace\8-2-build-windows-amd64-cygwin\jdk8u92\6642\hotspot\src\share\vm\runtime\sharedRuntime.cpp, line 605]

Events (10 events):
Event: 1.905 loading class sun/reflect/generics/reflectiveObjects/ParameterizedTypeImpl
Event: 1.905 loading class java/lang/reflect/ParameterizedType
Event: 1.905 loading class java/lang/reflect/ParameterizedType done
Event: 1.905 loading class sun/reflect/generics/reflectiveObjects/ParameterizedTypeImpl done
Event: 1.906 loading class java/lang/reflect/TypeVariable
Event: 1.906 loading class java/lang/reflect/TypeVariable done
Event: 1.906 loading class sun/reflect/generics/reflectiveObjects/TypeVariableImpl
Event: 1.906 loading class sun/reflect/generics/reflectiveObjects/LazyReflectiveObjectGenerator
Event: 1.906 loading class sun/reflect/generics/reflectiveObjects/LazyReflectiveObjectGenerator done
Event: 1.906 loading class sun/reflect/generics/reflectiveObjects/TypeVariableImpl done


Dynamic libraries:
0x00007ff6e5d30000 - 0x00007ff6e5d67000 	C:\Program Files\Java\jdk1.8.0_92\bin\java.exe
0x00007ffd25520000 - 0x00007ffd256e1000 	C:\WINDOWS\SYSTEM32\ntdll.dll
0x00007ffd22920000 - 0x00007ffd229cd000 	C:\WINDOWS\system32\KERNEL32.DLL
0x00007ffd21ed0000 - 0x00007ffd220b8000 	C:\WINDOWS\system32\KERNELBASE.dll
0x00007ffd20330000 - 0x00007ffd203a9000 	C:\WINDOWS\system32\apphelp.dll
0x00007ffd24e90000 - 0x00007ffd24f37000 	C:\WINDOWS\system32\ADVAPI32.dll
0x00007ffd247c0000 - 0x00007ffd2485d000 	C:\WINDOWS\system32\msvcrt.dll
0x00007ffd24e30000 - 0x00007ffd24e8b000 	C:\WINDOWS\system32\sechost.dll
0x00007ffd24d10000 - 0x00007ffd24e2c000 	C:\WINDOWS\system32\RPCRT4.dll
0x00007ffd24500000 - 0x00007ffd24656000 	C:\WINDOWS\system32\USER32.dll
0x00007ffd24240000 - 0x00007ffd243c6000 	C:\WINDOWS\system32\GDI32.dll
0x00007ffd125d0000 - 0x00007ffd12844000 	C:\WINDOWS\WinSxS\amd64_microsoft.windows.common-controls_6595b64144ccf1df_6.0.10586.0_none_8c15ae12515e1c22\COMCTL32.dll
0x00007ffd252a0000 - 0x00007ffd2551d000 	C:\WINDOWS\system32\combase.dll
0x00007ffd228b0000 - 0x00007ffd2291a000 	C:\WINDOWS\system32\bcryptPrimitives.dll
0x00007ffd25260000 - 0x00007ffd2529b000 	C:\WINDOWS\system32\IMM32.DLL
0x000000006c760000 - 0x000000006c832000 	C:\Program Files\Java\jdk1.8.0_92\jre\bin\msvcr100.dll
0x000000006cbb0000 - 0x000000006d446000 	C:\Program Files\Java\jdk1.8.0_92\jre\bin\server\jvm.dll
0x00007ffd229d0000 - 0x00007ffd229d8000 	C:\WINDOWS\system32\PSAPI.DLL
0x00007ffd16d10000 - 0x00007ffd16d19000 	C:\WINDOWS\SYSTEM32\WSOCK32.dll
0x00007ffd24860000 - 0x00007ffd248cb000 	C:\WINDOWS\system32\WS2_32.dll
0x00007ffd1fd70000 - 0x00007ffd1fd93000 	C:\WINDOWS\SYSTEM32\WINMM.dll
0x00007ffd13f70000 - 0x00007ffd13f7a000 	C:\WINDOWS\SYSTEM32\VERSION.dll
0x00007ffd1fbb0000 - 0x00007ffd1fbdc000 	C:\WINDOWS\SYSTEM32\WINMMBASE.dll
0x00007ffd22150000 - 0x00007ffd22193000 	C:\WINDOWS\system32\cfgmgr32.dll
0x000000006de60000 - 0x000000006de6f000 	C:\Program Files\Java\jdk1.8.0_92\jre\bin\verify.dll
0x000000006de30000 - 0x000000006de59000 	C:\Program Files\Java\jdk1.8.0_92\jre\bin\java.dll
0x000000006de10000 - 0x000000006de26000 	C:\Program Files\Java\jdk1.8.0_92\jre\bin\zip.dll
0x00007ffd22a90000 - 0x00007ffd23fec000 	C:\WINDOWS\system32\SHELL32.dll
0x00007ffd221a0000 - 0x00007ffd227e4000 	C:\WINDOWS\system32\windows.storage.dll
0x00007ffd243d0000 - 0x00007ffd24422000 	C:\WINDOWS\system32\shlwapi.dll
0x00007ffd21b40000 - 0x00007ffd21b4f000 	C:\WINDOWS\system32\kernel.appcore.dll
0x00007ffd227f0000 - 0x00007ffd228a5000 	C:\WINDOWS\system32\shcore.dll
0x00007ffd21b50000 - 0x00007ffd21b9b000 	C:\WINDOWS\system32\powrprof.dll
0x00007ffd21bb0000 - 0x00007ffd21bc4000 	C:\WINDOWS\system32\profapi.dll

VM Arguments:
jvm_args: -Djava.awt.headless=true -Xmx1024M -Dfile.encoding=GBK -Duser.country=CN -Duser.language=zh -Duser.variant 
java_command: com.android.dx.command.Main --dex --force-jumbo --num-threads=4 --multi-dex --output C:\Users\Wicker\Documents\GitHub_Clone\shopping\Shopping2\Shopping\app\build\intermediates\transforms\dex\debug\folders\1000\10\com.google.android.gms-play-services-cast-8.4.0_4fd2ff8b978750faeb5e2bc58837feca762e8130 C:\Users\Wicker\Documents\GitHub_Clone\shopping\Shopping2\Shopping\app\build\intermediates\exploded-aar\com.google.android.gms\play-services-cast\8.4.0\jars\classes.jar
java_class_path (initial): D:\Android\Sdk\build-tools\23.0.3\lib\dx.jar
Launcher Type: SUN_STANDARD

Environment Variables:
JAVA_HOME=C:\Program Files\Java\jdk1.8.0_92
CLASSPATH=.C:\Program Files\Java\jdk1.8.0_92\lib;C:\Program Files\Java\jdk1.8.0_92\lib\tools.jar;
PATH=C:\ProgramData\Oracle\Java\javapath;C:\Program Files (x86)\Common Files\Intel\Shared Libraries\redist\intel64\compiler;C:\WINDOWS\system32;C:\WINDOWS;C:\WINDOWS\System32\Wbem;C:\WINDOWS\System32\WindowsPowerShell\v1.0\;C:\Program Files (x86)\QuickTime\QTSystem\;C:\Program Files\Java\jdk1.7.0_80\bin;C:\Users\Wicker\.dnx\bin;C:\Program Files\Microsoft DNX\Dnvm\;C:\Program Files (x86)\Windows Kits\8.1\Windows Performance Toolkit\;C:\Program Files (x86)\NVIDIA Corporation\PhysX\Common;D:\opencv\build\x86\mingw\bin;D:\opencv\build\x86\vc10\bin;D:\opencv\build\x64\mingw\bin;D:\opencv\build\x64\vc10\bin;D:\gradle-2.10-all\gradle-2.10\bin
USERNAME=Wicker
OS=Windows_NT
PROCESSOR_IDENTIFIER=Intel64 Family 6 Model 60 Stepping 3, GenuineIntel



---------------  S Y S T E M  ---------------

OS: Windows 10.0 , 64 bit Build 10586 (10.0.10586.0)

CPU:total 8 (4 cores per cpu, 2 threads per core) family 6 model 60 stepping 3, cmov, cx8, fxsr, mmx, sse, sse2, sse3, ssse3, sse4.1, sse4.2, popcnt, avx, avx2, aes, clmul, erms, lzcnt, ht, tsc, tscinvbit, bmi1, bmi2

Memory: 4k page, physical 12500872k(2142572k free), swap 13287304k(5300k free)

vm_info: Java HotSpot(TM) 64-Bit Server VM (25.92-b14) for windows-amd64 JRE (1.8.0_92-b14), built on Mar 31 2016 21:03:04 by "java_re" with MS VC++ 10.0 (VS2010)

time: Tue Jun 14 15:19:23 2016
elapsed time: 1 seconds (0d 0h 0m 1s)

