#
# There is insufficient memory for the Java Runtime Environment to continue.
# Native memory allocation (malloc) failed to allocate 32744 bytes for ChunkPool::allocate
# Possible reasons:
#   The system is out of physical RAM or swap space
#   In 32 bit mode, the process size limit was hit
# Possible solutions:
#   Reduce memory load on the system
#   Increase physical memory or swap space
#   Check if swap backing store is full
#   Use 64 bit Java on a 64 bit OS
#   Decrease Java heap size (-Xmx/-Xms)
#   Decrease number of Java threads
#   Decrease Java thread stack sizes (-Xss)
#   Set larger code cache with -XX:ReservedCodeCacheSize=
# This output file may be truncated or incomplete.
#
#  Out of Memory Error (allocation.cpp:273), pid=74508, tid=0x00000000000119e0
#
# JRE version: Java(TM) SE Runtime Environment (8.0_92-b14) (build 1.8.0_92-b14)
# Java VM: Java HotSpot(TM) 64-Bit Server VM (25.92-b14 mixed mode windows-amd64 compressed oops)
# Failed to write core dump. Minidumps are not enabled by default on client versions of Windows
#

---------------  T H R E A D  ---------------

Current thread (0x0000000017092800):  JavaThread "C1 CompilerThread3" daemon [_thread_in_native, id=72160, stack(0x0000000017a10000,0x0000000017b10000)]

Stack: [0x0000000017a10000,0x0000000017b10000]
[error occurred during error reporting (printing stack bounds), id 0xc0000005]

Native frames: (J=compiled Java code, j=interpreted, Vv=VM code, C=native code)


Current CompileTask:
C1:    383   20       3       java.util.jar.Attributes$Name::isValid (32 bytes)


---------------  P R O C E S S  ---------------

Java Threads: ( => current thread )
  0x0000000017097000 JavaThread "Service Thread" daemon [_thread_blocked, id=74504, stack(0x0000000017b10000,0x0000000017c10000)]
=>0x0000000017092800 JavaThread "C1 CompilerThread3" daemon [_thread_in_native, id=72160, stack(0x0000000017a10000,0x0000000017b10000)]
  0x000000001708f800 JavaThread "C2 CompilerThread2" daemon [_thread_blocked, id=67316, stack(0x0000000017910000,0x0000000017a10000)]
  0x000000001708d800 JavaThread "C2 CompilerThread1" daemon [_thread_blocked, id=74644, stack(0x0000000017810000,0x0000000017910000)]
  0x0000000017035800 JavaThread "C2 CompilerThread0" daemon [_thread_blocked, id=73172, stack(0x0000000017710000,0x0000000017810000)]
  0x0000000017032800 JavaThread "Attach Listener" daemon [_thread_blocked, id=74464, stack(0x0000000017610000,0x0000000017710000)]
  0x0000000016fe8000 JavaThread "Signal Dispatcher" daemon [_thread_blocked, id=60340, stack(0x0000000017510000,0x0000000017610000)]
  0x0000000016fd0800 JavaThread "Finalizer" daemon [_thread_blocked, id=74732, stack(0x00000000173b0000,0x00000000174b0000)]
  0x0000000002599000 JavaThread "Reference Handler" daemon [_thread_blocked, id=72064, stack(0x0000000016eb0000,0x0000000016fb0000)]
  0x000000000239e000 JavaThread "main" [_thread_blocked, id=74616, stack(0x00000000023a0000,0x00000000024a0000)]

Other Threads:
  0x00000000150b9000 VMThread [stack: 0x0000000016db0000,0x0000000016eb0000] [id=74252]
  0x00000000170ba800 WatcherThread [stack: 0x0000000017c10000,0x0000000017d10000] [id=74240]

VM state:at safepoint (normal execution)

VM Mutex/Monitor currently owned by a thread:  ([mutex/lock_event])
[0x000000000239c8a0] Threads_lock - owner thread: 0x00000000150b9000
[0x000000000239d420] Heap_lock - owner thread: 0x000000000239e000

Heap:
 PSYoungGen      total 57344K, used 983K [0x00000000eab00000, 0x00000000eeb00000, 0x0000000100000000)
  eden space 49152K, 2% used [0x00000000eab00000,0x00000000eabf5c38,0x00000000edb00000)
  from space 8192K, 0% used [0x00000000ee300000,0x00000000ee300000,0x00000000eeb00000)
  to   space 8192K, 6% used [0x00000000edb00000,0x00000000edb8e030,0x00000000ee300000)
 ParOldGen       total 131072K, used 0K [0x00000000c0000000, 0x00000000c8000000, 0x00000000eab00000)
  object space 131072K, 0% used [0x00000000c0000000,0x00000000c0000000,0x00000000c8000000)
 Metaspace       used 2835K, capacity 4480K, committed 4480K, reserved 1062912K
  class space    used 306K, capacity 384K, committed 384K, reserved 1048576K

Card table byte_map: [0x0000000011960000,0x0000000011b70000] byte_map_base: 0x0000000011360000

Marking Bits: (ParMarkBitMap*) 0x000000006d3c64f0
 Begin Bits: [0x00000000124d0000, 0x00000000134d0000)
 End Bits:   [0x00000000134d0000, 0x00000000144d0000)

Polling page: 0x0000000000750000

CodeCache: size=245760Kb used=1090Kb max_used=1101Kb free=244669Kb
 bounds [0x00000000025a0000, 0x0000000002810000, 0x00000000115a0000]
 total_blobs=258 nmethods=21 adapters=151
 compilation: enabled

Compilation events (10 events):
Event: 0.326 Thread 0x0000000017092800 nmethod 17 0x00000000026ae190 code [0x00000000026ae2e0, 0x00000000026ae4d0]
Event: 0.326 Thread 0x0000000017092800   16       3       java.lang.StringBuilder::append (8 bytes)
Event: 0.326 Thread 0x0000000017092800 nmethod 16 0x00000000026ae550 code [0x00000000026ae6c0, 0x00000000026aea28]
Event: 0.326 Thread 0x0000000017092800   18  s    3       java.lang.StringBuffer::append (13 bytes)
Event: 0.326 Thread 0x0000000017092800 nmethod 18 0x00000000026aec10 code [0x00000000026aeda0, 0x00000000026af288]
Event: 0.344 Thread 0x0000000017092800   19       3       java.lang.StringBuilder::append (8 bytes)
Event: 0.345 Thread 0x0000000017092800 nmethod 19 0x00000000026afcd0 code [0x00000000026afe40, 0x00000000026affc8]
Event: 0.371 Thread 0x000000001708d800   22       4       sun.misc.ASCIICaseInsensitiveComparator::toLower (16 bytes)
Event: 0.371 Thread 0x000000001708f800   23       4       sun.misc.ASCIICaseInsensitiveComparator::isUpper (18 bytes)
Event: 0.371 Thread 0x0000000017092800   20       3       java.util.jar.Attributes$Name::isValid (32 bytes)

GC Heap History (0 events):
No events

Deoptimization events (0 events):
No events

Internal exceptions (2 events):
Event: 0.081 Thread 0x000000000239e000 Exception <a 'java/lang/NoSuchMethodError': Method sun.misc.Unsafe.defineClass(Ljava/lang/String;[BII)Ljava/lang/Class; name or signature does not match> (0x00000000eab07cc0) thrown at [D:\re\workspace\8-2-build-windows-amd64-cygwin\jdk8u92\6642\hotspot\srÏM7W¡¥?
Event: 0.081 Thread 0x000000000239e000 Exception <a 'java/lang/NoSuchMethodError': Method sun.misc.Unsafe.prefetchRead(Ljava/lang/Object;J)V name or signature does not match> (0x00000000eab07fa8) thrown at [D:\re\workspace\8-2-build-windows-amd64-cygwin\jdk8u92\6642\hotspot\src\share\vm\prims\j

Events (10 events):
Event: 0.370 loading class sun/misc/URLClassPath$JarLoader$2 done
Event: 0.370 loading class java/util/jar/Attributes
Event: 0.370 loading class java/util/jar/Attributes done
Event: 0.370 loading class java/util/jar/Manifest$FastInputStream
Event: 0.370 loading class java/util/jar/Manifest$FastInputStream done
Event: 0.370 loading class java/util/jar/Attributes$Name
Event: 0.370 loading class java/util/jar/Attributes$Name done
Event: 0.371 loading class java/util/jar/JarVerifier
Event: 0.371 loading class java/util/jar/JarVerifier done
Event: 0.371 loading class java/security/CodeSigner


Dynamic libraries:
0x00007ff6e5d30000 - 0x00007ff6e5d67000 	C:\Program Files\Java\jdk1.8.0_92\bin\java.exe
0x00007ffd25520000 - 0x00007ffd256e1000 	C:\WINDOWS\SYSTEM32\ntdll.dll
0x00007ffd22920000 - 0x00007ffd229cd000 	C:\WINDOWS\system32\KERNEL32.DLL
0x00007ffd21ed0000 - 0x00007ffd220b8000 	C:\WINDOWS\system32\KERNELBASE.dll
0x00007ffd20330000 - 0x00007ffd203a9000 	C:\WINDOWS\system32\apphelp.dll
0x00007ffd24e90000 - 0x00007ffd24f37000 	C:\WINDOWS\system32\ADVAPI32.dll
0x00007ffd247c0000 - 0x00007ffd2485d000 	C:\WINDOWS\system32\msvcrt.dll
0x00007ffd24e30000 - 0x00007ffd24e8b000 	C:\WINDOWS\system32\sechost.dll
0x00007ffd24d10000 - 0x00007ffd24e2c000 	C:\WINDOWS\system32\RPCRT4.dll
0x00007ffd24500000 - 0x00007ffd24656000 	C:\WINDOWS\system32\USER32.dll
0x00007ffd24240000 - 0x00007ffd243c6000 	C:\WINDOWS\system32\GDI32.dll
0x00007ffd125d0000 - 0x00007ffd12844000 	C:\WINDOWS\WinSxS\amd64_microsoft.windows.common-controls_6595b64144ccf1df_6.0.10586.0_none_8c15ae12515e1c22\COMCTL32.dll
0x00007ffd252a0000 - 0x00007ffd2551d000 	C:\WINDOWS\system32\combase.dll
0x00007ffd228b0000 - 0x00007ffd2291a000 	C:\WINDOWS\system32\bcryptPrimitives.dll
0x00007ffd25260000 - 0x00007ffd2529b000 	C:\WINDOWS\system32\IMM32.DLL
0x000000006c760000 - 0x000000006c832000 	C:\Program Files\Java\jdk1.8.0_92\jre\bin\msvcr100.dll
0x000000006cbb0000 - 0x000000006d446000 	C:\Program Files\Java\jdk1.8.0_92\jre\bin\server\jvm.dll
0x00007ffd229d0000 - 0x00007ffd229d8000 	C:\WINDOWS\system32\PSAPI.DLL
0x00007ffd1fd70000 - 0x00007ffd1fd93000 	C:\WINDOWS\SYSTEM32\WINMM.dll
0x00007ffd16d10000 - 0x00007ffd16d19000 	C:\WINDOWS\SYSTEM32\WSOCK32.dll
0x00007ffd24860000 - 0x00007ffd248cb000 	C:\WINDOWS\system32\WS2_32.dll
0x00007ffd13f70000 - 0x00007ffd13f7a000 	C:\WINDOWS\SYSTEM32\VERSION.dll
0x00007ffd1fbb0000 - 0x00007ffd1fbdc000 	C:\WINDOWS\SYSTEM32\WINMMBASE.dll
0x00007ffd22150000 - 0x00007ffd22193000 	C:\WINDOWS\system32\cfgmgr32.dll
0x000000006de60000 - 0x000000006de6f000 	C:\Program Files\Java\jdk1.8.0_92\jre\bin\verify.dll
0x000000006de30000 - 0x000000006de59000 	C:\Program Files\Java\jdk1.8.0_92\jre\bin\java.dll
0x000000006de10000 - 0x000000006de26000 	C:\Program Files\Java\jdk1.8.0_92\jre\bin\zip.dll
0x00007ffd22a90000 - 0x00007ffd23fec000 	C:\WINDOWS\system32\SHELL32.dll
0x00007ffd221a0000 - 0x00007ffd227e4000 	C:\WINDOWS\system32\windows.storage.dll
0x00007ffd243d0000 - 0x00007ffd24422000 	C:\WINDOWS\system32\shlwapi.dll
0x00007ffd21b40000 - 0x00007ffd21b4f000 	C:\WINDOWS\system32\kernel.appcore.dll
0x00007ffd227f0000 - 0x00007ffd228a5000 	C:\WINDOWS\system32\shcore.dll
0x00007ffd21b50000 - 0x00007ffd21b9b000 	C:\WINDOWS\system32\powrprof.dll
0x00007ffd21bb0000 - 0x00007ffd21bc4000 	C:\WINDOWS\system32\profapi.dll

VM Arguments:
jvm_args: -Djava.awt.headless=true -Xmx1024M -Dfile.encoding=GBK -Duser.country=CN -Duser.language=zh -Duser.variant 
java_command: com.android.dx.command.Main --dex --force-jumbo --num-threads=4 --multi-dex --output C:\Users\Wicker\Documents\GitHub_Clone\shopping\Shopping2\Shopping\app\build\intermediates\transforms\dex\debug\folders\1000\5\slice_5 C:\Users\Wicker\Documents\GitHub_Clone\shopping\Shopping2\Shopping\app\build\intermediates\transforms\instantRunSlicer\debug\folders\1\5\slice_5
java_class_path (initial): D:\Android\Sdk\build-tools\23.0.3\lib\dx.jar
Launcher Type: SUN_STANDARD

Environment Variables:
JAVA_HOME=C:\Program Files\Java\jdk1.8.0_92
CLASSPATH=.C:\Program Files\Java\jdk1.8.0_92\lib;C:\Program Files\Java\jdk1.8.0_92\lib\tools.jar;
PATH=C:\ProgramData\Oracle\Java\javapath;C:\Program Files (x86)\Common Files\Intel\Shared Libraries\redist\intel64\compiler;C:\WINDOWS\system32;C:\WINDOWS;C:\WINDOWS\System32\Wbem;C:\WINDOWS\System32\WindowsPowerShell\v1.0\;C:\Program Files (x86)\QuickTime\QTSystem\;C:\Program Files\Java\jdk1.7.0_80\bin;C:\Users\Wicker\.dnx\bin;C:\Program Files\Microsoft DNX\Dnvm\;C:\Program Files (x86)\Windows Kits\8.1\Windows Performance Toolkit\;C:\Program Files (x86)\NVIDIA Corporation\PhysX\Common;D:\opencv\build\x86\mingw\bin;D:\opencv\build\x86\vc10\bin;D:\opencv\build\x64\mingw\bin;D:\opencv\build\x64\vc10\bin;D:\gradle-2.10-all\gradle-2.10\bin
USERNAME=Wicker
OS=Windows_NT
PROCESSOR_IDENTIFIER=Intel64 Family 6 Model 60 Stepping 3, GenuineIntel



---------------  S Y S T E M  ---------------

OS: Windows 10.0 , 64 bit Build 10586 (10.0.10586.0)

CPU:total 8 (4 cores per cpu, 2 threads per core) family 6 model 60 stepping 3, cmov, cx8, fxsr, mmx, sse, sse2, sse3, ssse3, sse4.1, sse4.2, popcnt, avx, avx2, aes, clmul, erms, lzcnt, ht, tsc, tscinvbit, bmi1, bmi2

Memory: 4k page, physical 12500872k(4129020k free), swap 13287304k(4096k free)

vm_info: Java HotSpot(TM) 64-Bit Server VM (25.92-b14) for windows-amd64 JRE (1.8.0_92-b14), built on Mar 31 2016 21:03:04 by "java_re" with MS VC++ 10.0 (VS2010)

time: Mon Jun 13 20:17:37 2016
elapsed time: 0 seconds (0d 0h 0m 0s)

